<<<<<<< HEAD
44
63
71
74
=======
>>>>>>> 319e6a0dd838f4c011751a594e43cbefd1787a6a
51
19
46
16
32
55
<<<<<<< HEAD
4
17
27
65
67
1
11
2
72
58
22
3
15
64
79
77
57
12
40
66
6
49
60
30
48
29
81
62
50
31
=======
71
27
72
58
75
77
66
63
2
57
6
23
49
22
76
48
81
62
1
74
79
60
82
37
29
>>>>>>> 319e6a0dd838f4c011751a594e43cbefd1787a6a
5
3
8
<<<<<<< HEAD
78
38
75
=======
24
38
9
56
>>>>>>> 319e6a0dd838f4c011751a594e43cbefd1787a6a
18
56
13
7
<<<<<<< HEAD
26
76
23
33
45
34
=======
52
34
42
53
43
21
10
20
26
>>>>>>> 319e6a0dd838f4c011751a594e43cbefd1787a6a
