<<<<<<< HEAD
28
5
10
22
26
49
23
44
33
58
35
73
75
84
68
77
69
15
63
19
18
6
46
82
70
=======
44
23
33
22
75
68
35
10
84
63
6
19
>>>>>>> 319e6a0dd838f4c011751a594e43cbefd1787a6a
9
53
73
70
77
21
46
86
<<<<<<< HEAD
20
36
61
50
39
29
41
38
8
55
62
48
66
64
59
83
21
27
1
37
25
34
53
3
71
=======
61
55
62
18
3
7
60
66
20
56
50
64
14
15
27
83
79
8
32
39
71
54
74
34
51
67
78
>>>>>>> 319e6a0dd838f4c011751a594e43cbefd1787a6a
16
80
7
24
72
<<<<<<< HEAD
87
=======
57
76
40
85
12
38
59
>>>>>>> 319e6a0dd838f4c011751a594e43cbefd1787a6a
