<<<<<<< HEAD
79
56
2
20
47
33
7
34
14
27
87
70
=======
7
87
>>>>>>> 319e6a0dd838f4c011751a594e43cbefd1787a6a
42
83
41
62
<<<<<<< HEAD
51
44
45
10
63
25
67
31
43
=======
20
63
72
45
>>>>>>> 319e6a0dd838f4c011751a594e43cbefd1787a6a
78
51
43
52
<<<<<<< HEAD
17
21
72
38
11
60
64
24
74
13
84
68
36
8
75
29
12
77
48
39
81
28
9
58
82
=======
44
64
13
6
28
57
37
60
9
38
66
15
31
35
12
80
8
56
2
77
33
46
17
11
24
48
58
50
68
29
30
86
55
88
61
85
54
59
32
26
>>>>>>> 319e6a0dd838f4c011751a594e43cbefd1787a6a
