<<<<<<< HEAD
30
=======
>>>>>>> 319e6a0dd838f4c011751a594e43cbefd1787a6a
5
25
15
88
46
<<<<<<< HEAD
83
52
45
92
70
80
57
31
28
11
61
72
=======
30
45
92
28
11
70
31
57
52
61
>>>>>>> 319e6a0dd838f4c011751a594e43cbefd1787a6a
79
84
80
71
<<<<<<< HEAD
9
17
42
50
87
74
81
34
75
85
62
58
2
18
14
91
38
54
10
36
63
16
64
32
7
3
8
1
22
27
86
56
77
6
55
47
69
78
37
39
12
=======
17
58
85
87
62
18
75
9
16
22
86
91
54
77
47
69
32
14
81
6
34
2
7
37
39
67
12
66
78
3
82
51
41
89
43
63
38
60
26
56
95
65
4
96
>>>>>>> 319e6a0dd838f4c011751a594e43cbefd1787a6a
