1
<<<<<<< HEAD
2
4
3
=======
3
2
4
>>>>>>> 319e6a0dd838f4c011751a594e43cbefd1787a6a
5
7
6
8
<<<<<<< HEAD
=======
10
>>>>>>> 319e6a0dd838f4c011751a594e43cbefd1787a6a
9
12
14
16
11
10
13
15
<<<<<<< HEAD
12
14
16
18
17
19
21
23
25
20
22
27
24
29
31
26
28
30
32
34
=======
17
18
20
19
22
21
23
25
24
26
28
27
30
29
31
>>>>>>> 319e6a0dd838f4c011751a594e43cbefd1787a6a
33
35
37
36
39
<<<<<<< HEAD
42
=======
>>>>>>> 319e6a0dd838f4c011751a594e43cbefd1787a6a
41
43
42
45
46
47
<<<<<<< HEAD
49
36
38
55
57
59
40
64
51
69
71
73
53
44
82
46
61
63
48
50
97
99
65
=======
50
51
56
58
59
61
63
68
72
73
75
80
84
85
89
93
98
99
71
>>>>>>> 319e6a0dd838f4c011751a594e43cbefd1787a6a
