<<<<<<< HEAD
63
7
34
76
45
6
78
11
54
31
8
28
27
41
=======
29
41
11
>>>>>>> 319e6a0dd838f4c011751a594e43cbefd1787a6a
48
24
29
62
65
79
55
46
<<<<<<< HEAD
93
90
68
81
17
26
2
73
19
84
57
16
64
53
4
86
60
40
97
36
10
69
32
98
=======
7
93
17
76
27
86
2
26
64
84
6
57
89
28
53
62
8
4
36
78
60
55
10
20
40
52
21
73
51
12
88
34
19
>>>>>>> 319e6a0dd838f4c011751a594e43cbefd1787a6a
15
21
56
<<<<<<< HEAD
51
44
58
9
43
50
18
70
77
23
83
66
5
74
89
75
=======
69
13
9
42
59
58
96
33
83
85
47
16
95
1
38
99
72
91
35
25
97
65
>>>>>>> 319e6a0dd838f4c011751a594e43cbefd1787a6a
