71
<<<<<<< HEAD
24
31
17
55
38
50
26
93
100
49
51
52
94
60
53
29
4
48
=======
93
100
94
60
>>>>>>> 319e6a0dd838f4c011751a594e43cbefd1787a6a
56
57
91
77
<<<<<<< HEAD
23
90
63
69
59
54
8
33
11
58
61
64
20
99
=======
69
64
63
>>>>>>> 319e6a0dd838f4c011751a594e43cbefd1787a6a
84
3
70
<<<<<<< HEAD
62
65
67
9
66
68
72
96
73
74
75
76
5
27
44
88
22
36
42
78
32
87
80
79
45
46
7
92
21
81
37
82
86
43
85
83
97
41
14
89
95
39
40
25
2
98
16
47
6
1
28
18
10
15
13
34
19
35
30
12
=======
67
62
88
50
58
87
92
73
59
65
86
89
61
85
66
49
75
80
52
96
24
97
68
95
90
83
74
78
79
81
53
55
82
31
76
54
38
51
16
99
98
47
26
72
43
17
22
13
25
27
29
36
3
4
18
35
40
34
42
33
7
44
30
6
21
37
15
14
12
39
2
19
28
1
10
46
41
45
32
9
20
11
5
23
48
8
>>>>>>> 319e6a0dd838f4c011751a594e43cbefd1787a6a
