2
<<<<<<< HEAD
55
15
65
23
21
81
72
27
58
31
82
=======
65
81
15
27
>>>>>>> 319e6a0dd838f4c011751a594e43cbefd1787a6a
1
97
29
<<<<<<< HEAD
64
32
=======
14
>>>>>>> 319e6a0dd838f4c011751a594e43cbefd1787a6a
16
87
14
3
<<<<<<< HEAD
38
91
93
36
76
28
35
92
54
56
85
80
10
6
53
69
84
70
57
12
4
95
41
63
78
44
30
=======
93
36
55
53
56
91
87
6
92
57
69
72
28
38
97
31
44
64
88
41
61
79
83
23
30
39
21
63
76
4
32
59
95
74
>>>>>>> 319e6a0dd838f4c011751a594e43cbefd1787a6a
90
74
17
<<<<<<< HEAD
60
52
51
37
67
100
11
86
=======
47
78
52
98
5
67
45
86
37
12
13
48
96
7
43
>>>>>>> 319e6a0dd838f4c011751a594e43cbefd1787a6a
