<<<<<<< HEAD
77
16
69
7
86
18
2
52
75
72
=======
7
2
>>>>>>> 319e6a0dd838f4c011751a594e43cbefd1787a6a
9
66
13
45
<<<<<<< HEAD
57
62
31
28
5
39
68
48
17
36
54
20
61
4
87
19
53
59
82
12
70
89
56
80
35
83
44
58
38
78
74
37
10
=======
66
72
39
17
20
53
62
51
28
71
19
89
59
57
12
63
35
48
83
88
86
58
85
44
4
78
61
46
74
76
50
>>>>>>> 319e6a0dd838f4c011751a594e43cbefd1787a6a
23
36
6
<<<<<<< HEAD
79
=======
15
82
38
27
8
49
>>>>>>> 319e6a0dd838f4c011751a594e43cbefd1787a6a
65
8
51
64
21
3
49
26
<<<<<<< HEAD
85
=======
37
14
70
73
29
22
30
40
43
55
24
>>>>>>> 319e6a0dd838f4c011751a594e43cbefd1787a6a
