<<<<<<< HEAD
79
9
7
56
28
48
60
80
18
50
74
24
42
77
100
52
69
15
86
95
2
25
76
20
23
3
83
1
30
68
54
81
70
43
82
16
96
59
71
57
98
75
51
17
55
6
73
33
47
63
11
62
46
61
58
34
21
92
=======
80
9
60
24
52
77
74
100
95
83
68
70
71
2
57
10
20
62
96
84
75
50
51
43
47
17
5
54
55
66
90
69
25
16
38
97
65
44
45
53
82
85
35
6
86
15
3
11
31
73
92
63
46
61
58
>>>>>>> 319e6a0dd838f4c011751a594e43cbefd1787a6a
64
78
84
37
40
29
<<<<<<< HEAD
=======
26
72
19
99
87
27
93
8
32
>>>>>>> 319e6a0dd838f4c011751a594e43cbefd1787a6a
