<<<<<<< HEAD
48
49
1
3
2
4
5
50
6
51
8
52
7
10
11
53
54
55
56
=======
1
2
3
4
5
6
7
8
9
10
11
>>>>>>> 319e6a0dd838f4c011751a594e43cbefd1787a6a
12
57
13
<<<<<<< HEAD
9
58
15
59
60
61
14
16
62
=======
14
15
16
>>>>>>> 319e6a0dd838f4c011751a594e43cbefd1787a6a
17
18
20
21
22
<<<<<<< HEAD
63
24
64
19
65
23
27
25
29
66
30
31
26
28
34
35
67
68
36
37
38
69
70
32
71
40
33
72
42
73
74
43
75
44
45
39
41
76
46
77
=======
23
24
25
26
27
28
29
30
31
32
33
34
35
36
37
38
39
40
41
42
43
44
45
46
47
>>>>>>> 319e6a0dd838f4c011751a594e43cbefd1787a6a
