63
76
2
25
95
92
95
6
<<<<<<< HEAD
8
82
69
10
46
38
26
28
3
36
93
43
97
48
17
33
42
59
65
67
22
96
56
83
80
51
58
100
85
32
45
7
13
52
23
39
90
62
64
47
61
37
18
75
57
1
91
4
68
30
12
16
72
40
44
81
9
60
71
94
84
41
66
88
=======
82
46
28
3
25
69
38
36
93
59
65
56
51
97
10
17
58
52
32
90
62
47
45
23
61
13
96
37
22
72
4
9
75
68
64
71
83
1
81
40
42
91
80
39
94
84
16
>>>>>>> 319e6a0dd838f4c011751a594e43cbefd1787a6a
20
79
70
98
14
<<<<<<< HEAD
19
99
54
89
15
55
24
53
74
87
11
50
27
77
5
29
78
31
35
21
73
49
86
=======
66
67
88
41
54
99
79
89
15
26
24
48
33
19
87
57
53
43
70
30
11
50
44
77
12
5
35
74
85
21
8
73
100
18
49
31
7
27
>>>>>>> 319e6a0dd838f4c011751a594e43cbefd1787a6a
34
86
78
60
55
29
