34
<<<<<<< HEAD
6
8
64
19
60
63
7
65
86
39
51
31
100
53
48
=======
51
65
86
60
31
>>>>>>> 319e6a0dd838f4c011751a594e43cbefd1787a6a
18
52
4
<<<<<<< HEAD
95
71
22
=======
63
88
>>>>>>> 319e6a0dd838f4c011751a594e43cbefd1787a6a
57
17
15
24
<<<<<<< HEAD
66
16
62
92
84
33
56
42
73
55
88
=======
92
84
62
>>>>>>> 319e6a0dd838f4c011751a594e43cbefd1787a6a
70
2
75
41
<<<<<<< HEAD
59
47
83
90
37
54
78
50
91
94
93
29
=======
61
55
17
7
29
25
26
68
59
30
23
5
3
47
83
37
90
64
44
46
22
20
52
19
33
32
78
1
93
69
>>>>>>> 319e6a0dd838f4c011751a594e43cbefd1787a6a
85
96
27
58
77
81
80
79
8
95
