<<<<<<< HEAD
41
47
38
45
25
82
83
3
74
70
7
29
10
66
57
16
69
68
17
48
34
72
65
14
40
81
36
22
19
12
21
=======
25
41
65
81
12
29
57
3
22
21
85
19
17
75
40
2
4
36
16
31
50
69
>>>>>>> 319e6a0dd838f4c011751a594e43cbefd1787a6a
18
2
75
4
50
37
63
62
<<<<<<< HEAD
33
30
35
64
84
58
20
61
79
=======
30
66
38
39
60
48
43
55
10
86
54
84
80
61
64
33
56
>>>>>>> 319e6a0dd838f4c011751a594e43cbefd1787a6a
11
1
76
<<<<<<< HEAD
80
8
77
55
5
=======
77
23
53
32
79
44
59
73
78
67
51
28
20
>>>>>>> 319e6a0dd838f4c011751a594e43cbefd1787a6a
