15
44
85
26
<<<<<<< HEAD
21
39
9
71
22
47
81
52
65
56
57
=======
47
71
81
65
52
22
69
39
>>>>>>> 319e6a0dd838f4c011751a594e43cbefd1787a6a
83
9
56
29
79
10
70
28
<<<<<<< HEAD
75
33
58
30
79
20
70
7
40
=======
19
55
60
>>>>>>> 319e6a0dd838f4c011751a594e43cbefd1787a6a
13
48
55
42
54
31
<<<<<<< HEAD
25
86
67
36
45
69
61
8
29
14
16
51
60
59
66
46
12
=======
36
25
5
1
8
14
27
7
75
33
16
20
58
51
45
86
18
67
59
40
66
>>>>>>> 319e6a0dd838f4c011751a594e43cbefd1787a6a
34
77
3
24
<<<<<<< HEAD
6
62
72
53
=======
62
6
82
35
87
78
37
63
>>>>>>> 319e6a0dd838f4c011751a594e43cbefd1787a6a
