<<<<<<< HEAD
93
11
=======
74
>>>>>>> 319e6a0dd838f4c011751a594e43cbefd1787a6a
15
28
91
74
21
<<<<<<< HEAD
64
31
83
60
3
35
=======
11
64
83
>>>>>>> 319e6a0dd838f4c011751a594e43cbefd1787a6a
37
38
39
56
61
<<<<<<< HEAD
8
71
77
10
67
7
62
73
25
48
18
65
32
50
47
22
82
59
20
6
2
44
76
42
90
96
34
4
36
72
30
24
52
79
41
1
95
17
5
43
97
49
75
26
46
=======
95
39
8
35
77
67
7
62
25
32
82
28
46
44
10
59
92
93
66
6
73
47
2
42
34
36
54
48
30
65
84
4
90
24
14
52
1
89
55
43
97
33
16
26
29
94
9
78
19
60
38
71
>>>>>>> 319e6a0dd838f4c011751a594e43cbefd1787a6a
