47
7
<<<<<<< HEAD
38
51
=======
>>>>>>> 319e6a0dd838f4c011751a594e43cbefd1787a6a
65
38
83
<<<<<<< HEAD
68
33
84
14
36
=======
84
>>>>>>> 319e6a0dd838f4c011751a594e43cbefd1787a6a
23
60
67
63
<<<<<<< HEAD
15
44
94
48
79
92
59
40
53
69
5
4
28
21
76
16
55
3
88
13
98
2
81
95
24
90
18
42
52
75
49
45
12
20
11
34
6
39
91
50
46
43
89
61
37
93
10
=======
79
92
53
81
14
59
48
76
15
3
13
16
43
69
2
1
71
18
29
39
28
49
46
52
19
68
20
55
40
56
31
85
34
89
50
54
4
66
8
75
93
27
91
12
6
58
80
57
17
78
82
30
>>>>>>> 319e6a0dd838f4c011751a594e43cbefd1787a6a
