45
1
12
11
2
57
30
21
<<<<<<< HEAD
60
3
6
4
=======
15
60
42
>>>>>>> 319e6a0dd838f4c011751a594e43cbefd1787a6a
46
50
73
66
69
5
36
33
62
9
38
<<<<<<< HEAD
7
8
43
18
10
59
17
13
74
14
44
79
15
42
=======
18
3
17
5
74
44
14
79
>>>>>>> 319e6a0dd838f4c011751a594e43cbefd1787a6a
68
28
35
2
61
<<<<<<< HEAD
29
=======
>>>>>>> 319e6a0dd838f4c011751a594e43cbefd1787a6a
76
64
32
22
37
65
27
16
58
53
26
70
40
10
41
<<<<<<< HEAD
72
39
54
47
19
20
=======
8
54
47
19
>>>>>>> 319e6a0dd838f4c011751a594e43cbefd1787a6a
31
24
80
55
<<<<<<< HEAD
51
25
23
34
71
=======
25
63
34
20
>>>>>>> 319e6a0dd838f4c011751a594e43cbefd1787a6a
48
35
78
56
<<<<<<< HEAD
37
63
67
77
75
65
49
52
=======
4
77
75
52
49
67
71
16
7
13
51
29
72
39
23
59
33
45
6
1
43
57
>>>>>>> 319e6a0dd838f4c011751a594e43cbefd1787a6a
