<<<<<<< HEAD
33
75
=======
>>>>>>> 319e6a0dd838f4c011751a594e43cbefd1787a6a
11
17
81
<<<<<<< HEAD
88
65
32
63
12
5
89
77
79
8
39
19
62
82
7
71
80
26
10
15
27
22
41
40
4
70
16
48
49
67
90
87
29
=======
33
75
79
63
12
39
89
7
62
82
80
71
41
26
5
77
49
9
10
15
86
90
27
22
70
21
16
>>>>>>> 319e6a0dd838f4c011751a594e43cbefd1787a6a
72
35
43
1
48
57
<<<<<<< HEAD
6
68
73
66
38
46
42
36
53
=======
43
53
58
66
6
68
42
83
>>>>>>> 319e6a0dd838f4c011751a594e43cbefd1787a6a
3
24
51
85
<<<<<<< HEAD
45
61
55
25
=======
20
2
87
64
47
84
30
18
8
19
>>>>>>> 319e6a0dd838f4c011751a594e43cbefd1787a6a
