8
65
<<<<<<< HEAD
17
85
84
49
20
34
66
78
22
55
32
61
33
83
3
27
23
60
90
28
77
37
39
79
35
56
63
88
38
14
72
40
81
87
4
36
58
44
6
89
41
71
50
1
74
5
=======
49
20
85
61
32
83
27
33
66
23
90
37
55
75
17
54
74
56
9
36
41
4
1
14
79
82
15
60
77
34
80
50
58
88
>>>>>>> 319e6a0dd838f4c011751a594e43cbefd1787a6a
43
25
87
28
86
57
<<<<<<< HEAD
=======
44
5
>>>>>>> 319e6a0dd838f4c011751a594e43cbefd1787a6a
47
7
18
<<<<<<< HEAD
12
53
11
82
7
15
=======
53
11
45
38
2
63
3
67
29
59
81
78
>>>>>>> 319e6a0dd838f4c011751a594e43cbefd1787a6a
