23
74
42
<<<<<<< HEAD
7
=======
46
>>>>>>> 319e6a0dd838f4c011751a594e43cbefd1787a6a
54
20
46
12
62
26
12
52
11
61
33
29
71
<<<<<<< HEAD
27
1
76
37
60
35
31
28
70
58
63
67
=======
29
76
1
60
31
45
70
>>>>>>> 319e6a0dd838f4c011751a594e43cbefd1787a6a
75
25
64
73
30
<<<<<<< HEAD
45
40
68
78
3
48
13
38
32
36
4
41
24
50
19
39
=======
68
67
66
40
24
36
33
64
28
79
22
78
63
19
>>>>>>> 319e6a0dd838f4c011751a594e43cbefd1787a6a
9
48
34
6
<<<<<<< HEAD
2
65
66
21
57
53
59
17
10
69
22
=======
18
47
2
21
10
65
59
53
8
3
39
16
44
80
43
13
5
69
38
7
>>>>>>> 319e6a0dd838f4c011751a594e43cbefd1787a6a
