<<<<<<< HEAD
2
1
4
3
6
7
12
11
9
14
8
19
13
17
18
48
22
23
27
32
37
=======
4
9
14
19
24
29
34
39
42
47
49
55
60
65
70
73
78
83
88
93
98
1
6
11
48
>>>>>>> 319e6a0dd838f4c011751a594e43cbefd1787a6a
5
28
10
15
20
33
25
38
30
<<<<<<< HEAD
45
53
41
35
46
58
40
43
54
=======
35
40
43
>>>>>>> 319e6a0dd838f4c011751a594e43cbefd1787a6a
50
51
59
56
<<<<<<< HEAD
63
61
68
64
66
69
76
71
81
74
=======
61
66
71
74
79
84
89
94
99
16
21
26
31
36
44
52
57
62
67
75
80
85
90
95
2
7
12
17
22
27
32
37
45
53
58
63
>>>>>>> 319e6a0dd838f4c011751a594e43cbefd1787a6a
