3
11
<<<<<<< HEAD
1
2
=======
>>>>>>> 319e6a0dd838f4c011751a594e43cbefd1787a6a
14
15
16
17
19
4
26
27
<<<<<<< HEAD
43
35
45
29
5
30
44
6
=======
29
30
35
44
>>>>>>> 319e6a0dd838f4c011751a594e43cbefd1787a6a
46
7
49
12
13
50
<<<<<<< HEAD
18
20
21
22
51
57
61
8
32
69
88
=======
51
57
61
69
>>>>>>> 319e6a0dd838f4c011751a594e43cbefd1787a6a
70
55
95
24
100
33
71
9
78
79
34
94
81
86
91
93
<<<<<<< HEAD
47
23
52
=======
99
1
2
4
5
6
7
10
12
13
18
20
21
22
25
28
32
33
34
38
47
48
52
53
54
>>>>>>> 319e6a0dd838f4c011751a594e43cbefd1787a6a
56
99
64
65
73
<<<<<<< HEAD
98
10
36
82
83
25
76
84
28
31
58
37
85
74
54
=======
74
76
82
83
84
85
67
97
80
96
60
40
66
41
77
72
37
68
62
>>>>>>> 319e6a0dd838f4c011751a594e43cbefd1787a6a
