77
<<<<<<< HEAD
=======
99
>>>>>>> 319e6a0dd838f4c011751a594e43cbefd1787a6a
25
55
<<<<<<< HEAD
29
99
33
88
1
92
2
3
=======
>>>>>>> 319e6a0dd838f4c011751a594e43cbefd1787a6a
57
7
87
68
<<<<<<< HEAD
4
94
76
28
27
5
91
37
40
6
14
23
63
13
36
8
9
48
22
10
44
11
=======
88
76
92
91
27
87
40
44
37
36
14
28
13
33
23
>>>>>>> 319e6a0dd838f4c011751a594e43cbefd1787a6a
16
78
32
<<<<<<< HEAD
12
56
81
46
15
95
61
17
59
74
75
89
45
47
18
79
73
19
20
70
90
69
49
=======
6
56
94
10
46
59
22
95
45
79
89
69
49
81
73
70
8
42
48
93
3
41
58
53
74
43
63
90
64
62
15
1
31
4
61
12
60
2
78
83
>>>>>>> 319e6a0dd838f4c011751a594e43cbefd1787a6a
