<<<<<<< HEAD
91
1
30
49
=======
30
79
>>>>>>> 319e6a0dd838f4c011751a594e43cbefd1787a6a
59
79
76
72
<<<<<<< HEAD
62
98
52
54
57
16
78
92
20
23
99
22
61
71
89
60
73
34
56
93
41
48
28
82
39
14
15
36
37
67
86
32
84
80
95
8
5
19
40
38
31
63
24
47
9
12
74
69
42
4
97
100
85
27
33
58
81
44
=======
98
99
89
78
71
67
56
61
41
8
86
40
24
33
20
16
44
48
37
47
95
19
34
84
63
1
93
12
91
15
43
21
22
85
88
38
28
74
69
17
42
18
27
9
97
75
58
96
64
29
25
4
83
26
13
54
32
92
49
>>>>>>> 319e6a0dd838f4c011751a594e43cbefd1787a6a
