51
<<<<<<< HEAD
1
53
2
=======
52
53
54
>>>>>>> 319e6a0dd838f4c011751a594e43cbefd1787a6a
55
56
57
58
59
<<<<<<< HEAD
3
52
4
5
64
54
66
67
68
6
=======
60
61
62
63
64
65
66
67
68
69
>>>>>>> 319e6a0dd838f4c011751a594e43cbefd1787a6a
70
7
72
<<<<<<< HEAD
8
9
=======
73
74
>>>>>>> 319e6a0dd838f4c011751a594e43cbefd1787a6a
75
76
77
78
79
80
<<<<<<< HEAD
60
82
11
12
=======
81
82
83
84
>>>>>>> 319e6a0dd838f4c011751a594e43cbefd1787a6a
85
86
87
88
89
90
91
92
<<<<<<< HEAD
13
94
95
61
=======
93
94
95
96
>>>>>>> 319e6a0dd838f4c011751a594e43cbefd1787a6a
97
98
99
50
49
