37
19
<<<<<<< HEAD
17
6
75
=======
>>>>>>> 319e6a0dd838f4c011751a594e43cbefd1787a6a
51
67
16
<<<<<<< HEAD
73
31
26
59
68
35
52
79
63
=======
17
73
31
52
6
59
>>>>>>> 319e6a0dd838f4c011751a594e43cbefd1787a6a
64
22
29
<<<<<<< HEAD
39
22
2
74
27
42
41
66
56
69
32
10
25
4
45
18
23
33
70
9
48
7
12
46
8
55
50
40
53
49
3
61
65
44
28
38
=======
26
27
68
48
42
32
41
4
45
74
11
70
13
46
79
18
8
57
75
3
44
76
15
40
50
30
20
47
24
56
58
72
71
1
80
62
54
33
23
21
36
53
>>>>>>> 319e6a0dd838f4c011751a594e43cbefd1787a6a
