<<<<<<< HEAD
10
17
37
65
55
3
47
69
58
8
32
20
4
84
15
6
14
64
11
2
77
42
92
48
34
70
16
62
36
33
39
13
82
79
18
=======
17
55
47
3
58
32
20
42
15
33
79
62
77
39
81
13
11
82
28
52
34
75
84
2
>>>>>>> 319e6a0dd838f4c011751a594e43cbefd1787a6a
46
66
76
<<<<<<< HEAD
90
5
23
35
44
12
59
25
68
81
31
57
27
89
=======
40
37
6
4
5
54
36
66
12
70
23
16
59
48
>>>>>>> 319e6a0dd838f4c011751a594e43cbefd1787a6a
61
57
94
35
69
41
<<<<<<< HEAD
21
=======
>>>>>>> 319e6a0dd838f4c011751a594e43cbefd1787a6a
72
89
43
<<<<<<< HEAD
52
9
95
86
=======
18
86
95
29
26
51
63
83
38
10
91
>>>>>>> 319e6a0dd838f4c011751a594e43cbefd1787a6a
