<<<<<<< HEAD
72
75
26
=======
>>>>>>> 319e6a0dd838f4c011751a594e43cbefd1787a6a
44
55
68
8
88
<<<<<<< HEAD
45
46
95
20
82
5
84
32
94
70
52
2
4
85
64
83
37
100
87
42
15
51
79
25
30
35
9
56
13
59
91
10
54
71
21
22
36
18
63
38
=======
46
64
95
70
52
13
2
85
15
63
75
79
37
45
84
69
80
28
89
82
67
94
34
40
26
42
86
21
30
57
93
50
10
87
96
51
59
31
5
9
56
14
7
53
18
71
>>>>>>> 319e6a0dd838f4c011751a594e43cbefd1787a6a
65
80
61
<<<<<<< HEAD
6
48
=======
27
99
54
>>>>>>> 319e6a0dd838f4c011751a594e43cbefd1787a6a
