<<<<<<< HEAD
89
48
10
82
47
97
71
12
=======
48
97
10
>>>>>>> 319e6a0dd838f4c011751a594e43cbefd1787a6a
37
89
28
<<<<<<< HEAD
18
34
42
80
40
62
=======
80
>>>>>>> 319e6a0dd838f4c011751a594e43cbefd1787a6a
92
54
6
79
<<<<<<< HEAD
15
70
53
38
90
52
76
99
16
27
45
44
96
19
33
68
46
78
91
93
56
9
5
24
60
59
17
23
87
39
1
95
81
66
86
69
22
61
57
49
29
98
=======
52
53
16
81
27
78
17
86
62
54
96
15
44
75
59
74
82
94
36
33
47
19
50
70
34
38
63
90
71
25
31
21
22
26
91
14
46
93
24
23
87
39
9
35
88
95
98
69
57
61
73
77
30
55
3
2
29
>>>>>>> 319e6a0dd838f4c011751a594e43cbefd1787a6a
