<<<<<<< HEAD
54
25
19
16
77
36
88
40
2
=======
88
40
19
>>>>>>> 319e6a0dd838f4c011751a594e43cbefd1787a6a
59
11
<<<<<<< HEAD
4
=======
>>>>>>> 319e6a0dd838f4c011751a594e43cbefd1787a6a
22
76
<<<<<<< HEAD
67
93
55
47
72
89
21
83
99
64
74
68
43
79
24
100
46
15
1
48
6
86
71
96
10
91
31
94
33
69
26
56
50
23
95
9
32
12
28
17
35
18
92
97
53
13
62
84
=======
45
83
74
79
72
96
89
93
100
48
99
94
32
16
15
23
33
71
47
13
56
28
51
55
67
4
34
6
95
41
46
86
87
91
10
57
92
63
62
7
17
42
61
81
58
52
84
27
78
97
8
29
14
30
31
24
>>>>>>> 319e6a0dd838f4c011751a594e43cbefd1787a6a
