<<<<<<< HEAD
45
46
76
41
83
68
42
39
7
44
59
75
35
56
89
54
52
6
20
32
72
18
31
16
36
38
78
13
90
66
94
67
100
95
71
29
23
73
12
47
98
86
=======
41
39
45
83
75
42
31
76
54
90
77
55
73
86
35
17
57
89
67
28
21
63
18
37
9
80
8
74
43
72
81
7
16
58
1
61
36
93
53
15
84
100
94
95
4
66
97
99
29
47
71
>>>>>>> 319e6a0dd838f4c011751a594e43cbefd1787a6a
3
91
12
23
48
<<<<<<< HEAD
8
61
97
58
77
25
55
99
4
34
21
84
28
15
17
57
53
43
93
70
=======
78
56
14
64
85
2
32
88
26
38
98
44
>>>>>>> 319e6a0dd838f4c011751a594e43cbefd1787a6a
