<<<<<<< HEAD
50
31
11
32
8
=======
>>>>>>> 319e6a0dd838f4c011751a594e43cbefd1787a6a
51
36
66
<<<<<<< HEAD
49
28
5
62
1
17
13
75
48
7
80
64
39
23
46
34
9
52
14
43
73
18
77
57
3
12
22
21
42
35
72
53
68
74
63
2
=======
28
32
11
62
43
17
13
48
35
57
7
23
34
2
63
49
14
73
33
1
46
68
38
21
>>>>>>> 319e6a0dd838f4c011751a594e43cbefd1787a6a
65
39
9
4
67
<<<<<<< HEAD
4
26
45
44
25
20
40
33
78
79
29
70
60
37
=======
26
64
45
59
22
75
6
77
80
79
53
29
15
60
44
25
20
70
78
56
58
54
41
61
27
10
3
>>>>>>> 319e6a0dd838f4c011751a594e43cbefd1787a6a
