<<<<<<< HEAD
10
3
68
70
4
14
33
66
85
21
49
=======
33
>>>>>>> 319e6a0dd838f4c011751a594e43cbefd1787a6a
97
90
93
35
<<<<<<< HEAD
30
23
64
58
43
92
15
5
51
78
41
55
54
=======
64
70
58
43
93
68
92
67
51
78
>>>>>>> 319e6a0dd838f4c011751a594e43cbefd1787a6a
80
52
22
<<<<<<< HEAD
100
77
7
20
84
40
47
25
89
16
88
72
67
13
48
56
32
91
19
17
69
79
53
37
=======
65
99
77
20
84
24
40
89
47
10
16
48
56
39
1
60
62
52
85
91
29
88
4
17
2
98
54
32
25
49
12
42
19
76
53
>>>>>>> 319e6a0dd838f4c011751a594e43cbefd1787a6a
71
96
79
27
44
<<<<<<< HEAD
99
=======
63
26
6
46
86
5
14
>>>>>>> 319e6a0dd838f4c011751a594e43cbefd1787a6a
