<<<<<<< HEAD
91
=======
>>>>>>> 319e6a0dd838f4c011751a594e43cbefd1787a6a
90
7
52
61
21
98
<<<<<<< HEAD
26
1
8
60
95
93
13
69
74
20
73
70
41
23
94
85
65
89
84
87
62
=======
1
60
74
69
73
65
>>>>>>> 319e6a0dd838f4c011751a594e43cbefd1787a6a
50
77
80
48
2
<<<<<<< HEAD
24
32
17
44
92
55
80
30
12
39
4
54
100
25
97
33
36
72
31
48
43
34
64
57
46
=======
9
24
30
54
75
87
15
49
67
44
89
94
14
53
36
72
37
88
64
28
38
18
43
33
23
19
32
96
34
25
46
81
62
68
78
71
21
35
40
45
55
84
>>>>>>> 319e6a0dd838f4c011751a594e43cbefd1787a6a
