<<<<<<< HEAD
29
75
60
51
78
81
68
36
28
37
90
43
40
5
16
53
32
20
27
48
66
86
74
88
11
99
64
46
79
15
73
70
10
4
35
71
30
100
55
14
89
82
24
23
62
59
57
25
94
93
8
47
=======
75
51
29
68
28
36
37
40
16
32
27
74
90
35
48
88
11
79
66
15
10
46
55
100
63
24
20
95
4
78
43
58
81
94
61
47
82
99
23
18
97
6
25
14
71
54
89
93
50
>>>>>>> 319e6a0dd838f4c011751a594e43cbefd1787a6a
72
34
64
98
<<<<<<< HEAD
31
58
63
95
65
19
2
3
80
85
41
=======
85
80
41
8
17
65
92
13
39
1
56
57
>>>>>>> 319e6a0dd838f4c011751a594e43cbefd1787a6a
