70
<<<<<<< HEAD
30
19
49
69
60
64
37
65
33
50
93
75
62
77
25
48
24
52
10
44
89
34
43
20
81
85
12
90
78
=======
49
60
64
85
52
33
19
89
93
24
75
27
95
77
34
>>>>>>> 319e6a0dd838f4c011751a594e43cbefd1787a6a
1
59
71
<<<<<<< HEAD
21
54
11
27
2
99
95
58
6
97
38
83
74
66
=======
43
11
29
38
94
21
58
66
32
10
>>>>>>> 319e6a0dd838f4c011751a594e43cbefd1787a6a
82
65
23
<<<<<<< HEAD
39
=======
54
9
20
87
83
42
12
90
78
50
63
81
7
59
41
8
>>>>>>> 319e6a0dd838f4c011751a594e43cbefd1787a6a
46
22
3
<<<<<<< HEAD
42
91
98
7
87
31
=======
28
47
31
4
16
40
18
45
>>>>>>> 319e6a0dd838f4c011751a594e43cbefd1787a6a
