<<<<<<< HEAD
21
69
48
78
47
76
2
17
12
31
1
60
73
99
6
85
71
74
26
37
40
13
35
53
24
80
38
20
22
32
92
67
=======
69
48
78
76
21
2
17
99
1
6
26
31
37
73
12
40
35
24
71
60
80
74
22
13
>>>>>>> 319e6a0dd838f4c011751a594e43cbefd1787a6a
19
36
34
<<<<<<< HEAD
56
54
3
=======
45
95
36
53
10
>>>>>>> 319e6a0dd838f4c011751a594e43cbefd1787a6a
59
58
61
<<<<<<< HEAD
55
30
94
58
7
64
90
9
86
100
42
23
50
68
16
43
39
96
83
41
5
62
45
=======
57
28
64
25
9
39
16
50
29
43
96
55
41
75
5
27
18
68
42
72
66
15
82
11
32
90
>>>>>>> 319e6a0dd838f4c011751a594e43cbefd1787a6a
