<<<<<<< HEAD
79
26
=======
>>>>>>> 319e6a0dd838f4c011751a594e43cbefd1787a6a
87
79
8
47
<<<<<<< HEAD
14
94
73
63
60
7
91
89
13
10
84
100
45
=======
94
73
60
7
>>>>>>> 319e6a0dd838f4c011751a594e43cbefd1787a6a
2
82
100
12
<<<<<<< HEAD
37
53
96
41
54
66
16
19
59
31
29
52
35
85
76
46
38
56
51
88
75
21
25
62
42
97
92
58
6
90
57
95
=======
81
19
86
35
85
66
96
65
77
45
17
46
41
58
97
14
18
51
88
75
59
91
5
44
84
32
16
25
56
92
30
6
62
42
57
90
67
64
49
11
43
3
78
89
93
>>>>>>> 319e6a0dd838f4c011751a594e43cbefd1787a6a
