<<<<<<< HEAD
26
46
14
74
88
18
=======
88
14
95
>>>>>>> 319e6a0dd838f4c011751a594e43cbefd1787a6a
45
95
44
82
17
64
15
<<<<<<< HEAD
70
30
10
43
57
32
97
39
54
7
17
68
3
98
20
47
25
90
31
21
86
28
11
89
84
29
51
85
13
76
67
66
69
78
9
87
99
22
37
2
60
=======
10
57
97
39
7
20
25
31
47
90
84
51
83
68
91
49
2
87
89
99
11
85
12
18
70
21
43
69
98
3
>>>>>>> 319e6a0dd838f4c011751a594e43cbefd1787a6a
38
23
80
<<<<<<< HEAD
49
83
94
71
61
1
91
48
=======
76
28
71
5
56
93
8
13
1
24
48
92
81
35
73
4
77
>>>>>>> 319e6a0dd838f4c011751a594e43cbefd1787a6a
