<<<<<<< HEAD
2
40
77
92
50
78
52
14
39
75
28
=======
78
50
90
>>>>>>> 319e6a0dd838f4c011751a594e43cbefd1787a6a
58
14
36
<<<<<<< HEAD
23
=======
>>>>>>> 319e6a0dd838f4c011751a594e43cbefd1787a6a
69
77
6
34
<<<<<<< HEAD
90
89
=======
>>>>>>> 319e6a0dd838f4c011751a594e43cbefd1787a6a
19
79
60
87
43
<<<<<<< HEAD
33
76
61
4
72
21
67
7
8
24
35
96
32
41
44
45
49
53
17
74
64
88
18
16
31
37
46
59
12
55
86
38
13
98
=======
67
82
4
40
37
24
41
60
75
2
48
44
23
49
59
100
52
53
54
64
66
79
68
63
87
18
62
35
88
96
8
72
74
16
31
46
38
10
85
12
55
99
80
3
94
98
61
>>>>>>> 319e6a0dd838f4c011751a594e43cbefd1787a6a
