<<<<<<< HEAD
39
26
97
19
18
9
72
41
27
8
74
=======
97
19
18
26
8
67
48
41
98
99
74
15
>>>>>>> 319e6a0dd838f4c011751a594e43cbefd1787a6a
94
76
24
92
<<<<<<< HEAD
71
45
20
67
95
38
98
48
29
32
66
31
93
10
33
70
73
49
34
30
40
60
25
100
96
42
35
15
55
59
13
44
=======
66
27
38
71
93
72
20
70
29
45
39
73
31
30
9
10
100
96
55
44
25
>>>>>>> 319e6a0dd838f4c011751a594e43cbefd1787a6a
23
56
6
7
14
75
<<<<<<< HEAD
21
64
3
16
99
63
50
17
37
91
5
46
69
82
80
78
90
47
36
86
57
=======
32
21
3
50
14
40
16
64
13
46
69
82
34
33
35
37
90
91
36
22
57
87
80
89
17
47
83
5
12
59
49
60
>>>>>>> 319e6a0dd838f4c011751a594e43cbefd1787a6a
