<<<<<<< HEAD
20
72
62
23
70
13
3
9
45
58
44
12
75
8
81
14
47
19
39
2
38
51
25
63
66
68
43
49
22
50
78
6
33
67
28
64
52
71
26
73
1
60
57
37
17
4
48
=======
62
70
20
72
3
45
44
12
13
47
19
39
14
2
58
75
38
51
63
25
49
43
81
6
52
23
68
78
67
50
64
17
69
77
1
16
48
57
35
7
56
30
>>>>>>> 319e6a0dd838f4c011751a594e43cbefd1787a6a
36
69
24
29
34
<<<<<<< HEAD
76
56
61
59
54
=======
61
59
60
4
65
21
>>>>>>> 319e6a0dd838f4c011751a594e43cbefd1787a6a
42
46
15
32
74
<<<<<<< HEAD
77
10
27
18
55
16
=======
18
27
41
11
79
40
53
10
5
80
8
>>>>>>> 319e6a0dd838f4c011751a594e43cbefd1787a6a
