11
<<<<<<< HEAD
3
2
33
64
4
5
7
90
6
8
12
98
51
68
83
89
96
91
34
20
52
22
9
53
78
10
45
13
26
14
=======
33
64
51
5
98
12
3
4
83
91
7
52
68
22
90
78
>>>>>>> 319e6a0dd838f4c011751a594e43cbefd1787a6a
76
38
59
57
<<<<<<< HEAD
17
85
15
16
88
44
18
63
82
99
35
24
46
49
19
40
41
84
21
39
42
70
23
50
71
25
97
37
75
=======
89
9
17
45
20
96
26
88
44
16
82
99
24
15
35
46
53
14
75
38
32
37
97
85
70
21
39
13
34
41
30
72
63
6
43
84
95
71
50
23
100
18
25
73
8
49
>>>>>>> 319e6a0dd838f4c011751a594e43cbefd1787a6a
