11
60
<<<<<<< HEAD
78
=======
>>>>>>> 319e6a0dd838f4c011751a594e43cbefd1787a6a
35
79
46
48
67
<<<<<<< HEAD
36
45
38
31
63
39
40
72
47
74
68
83
65
6
10
98
32
34
75
77
24
91
54
12
37
51
30
21
93
26
13
76
86
=======
39
72
83
63
65
31
45
6
98
32
27
38
75
24
91
95
54
12
30
21
57
52
40
76
36
19
34
23
74
88
13
>>>>>>> 319e6a0dd838f4c011751a594e43cbefd1787a6a
59
78
70
<<<<<<< HEAD
23
27
56
29
28
57
=======
10
2
68
56
28
29
66
94
>>>>>>> 319e6a0dd838f4c011751a594e43cbefd1787a6a
20
66
71
5
<<<<<<< HEAD
4
19
84
61
58
73
16
33
94
=======
84
16
73
33
7
86
92
25
4
>>>>>>> 319e6a0dd838f4c011751a594e43cbefd1787a6a
