60
65
50
69
90
<<<<<<< HEAD
13
73
11
27
48
81
37
76
36
23
86
26
83
40
88
30
54
8
58
72
78
45
21
96
71
41
24
87
38
42
=======
73
48
37
40
88
83
78
72
84
23
36
29
54
21
28
13
24
86
>>>>>>> 319e6a0dd838f4c011751a594e43cbefd1787a6a
59
84
80
22
15
<<<<<<< HEAD
43
66
4
98
74
55
89
=======
30
66
57
>>>>>>> 319e6a0dd838f4c011751a594e43cbefd1787a6a
61
3
26
63
51
<<<<<<< HEAD
62
79
34
33
57
75
46
56
63
29
100
=======
71
87
22
43
76
2
34
74
33
46
56
92
98
64
62
58
70
100
94
25
14
16
9
6
39
75
79
>>>>>>> 319e6a0dd838f4c011751a594e43cbefd1787a6a
