<<<<<<< HEAD
40
32
84
87
46
20
55
8
25
21
26
38
61
28
4
60
=======
20
84
38
8
26
61
28
9
19
>>>>>>> 319e6a0dd838f4c011751a594e43cbefd1787a6a
31
90
2
9
36
<<<<<<< HEAD
42
80
78
19
51
50
73
74
48
59
67
24
14
64
5
66
29
22
12
53
70
=======
25
56
73
51
48
59
14
42
80
67
63
5
64
>>>>>>> 319e6a0dd838f4c011751a594e43cbefd1787a6a
10
17
56
58
63
83
16
<<<<<<< HEAD
68
43
79
52
41
37
34
11
27
47
45
=======
27
21
41
62
72
32
70
7
65
49
74
58
43
81
88
85
75
52
37
47
11
23
68
3
76
54
44
69
18
40
>>>>>>> 319e6a0dd838f4c011751a594e43cbefd1787a6a
