<<<<<<< HEAD
33
43
57
69
61
4
=======
57
43
61
4
69
>>>>>>> 319e6a0dd838f4c011751a594e43cbefd1787a6a
89
38
83
52
72
<<<<<<< HEAD
74
20
8
3
86
24
40
60
94
39
91
2
11
53
44
17
13
70
46
76
51
77
22
100
80
55
68
59
10
6
18
66
54
84
97
65
90
81
92
79
58
14
15
21
1
7
12
64
16
99
26
47
85
48
82
88
9
93
=======
91
2
39
18
46
51
92
68
64
15
10
86
76
40
22
28
83
6
52
66
24
20
54
84
80
62
94
97
59
90
36
53
81
11
79
65
98
41
12
1
14
99
82
42
21
25
95
16
67
37
63
75
47
45
32
100
44
>>>>>>> 319e6a0dd838f4c011751a594e43cbefd1787a6a
