<<<<<<< HEAD
6
95
99
83
71
14
8
21
77
78
=======
99
83
71
21
8
78
77
>>>>>>> 319e6a0dd838f4c011751a594e43cbefd1787a6a
66
30
85
<<<<<<< HEAD
92
79
62
37
10
89
55
93
9
51
25
31
68
74
57
13
44
76
80
100
12
90
27
35
58
17
11
98
64
97
81
=======
37
30
89
79
93
51
31
68
62
44
90
22
95
32
81
97
36
23
64
49
80
35
38
>>>>>>> 319e6a0dd838f4c011751a594e43cbefd1787a6a
28
9
98
76
24
61
87
56
50
87
4
19
72
41
94
34
75
<<<<<<< HEAD
60
23
32
39
54
33
16
91
63
42
=======
54
39
42
16
40
82
53
5
67
92
>>>>>>> 319e6a0dd838f4c011751a594e43cbefd1787a6a
