<<<<<<< HEAD
89
99
94
43
=======
>>>>>>> 319e6a0dd838f4c011751a594e43cbefd1787a6a
87
59
43
96
<<<<<<< HEAD
5
42
53
64
71
=======
53
42
71
95
>>>>>>> 319e6a0dd838f4c011751a594e43cbefd1787a6a
92
16
28
45
95
97
<<<<<<< HEAD
29
24
69
83
86
10
88
27
8
61
80
60
41
85
36
52
44
68
22
93
65
6
62
98
34
78
21
9
14
70
72
=======
69
62
10
28
80
85
46
83
68
70
36
98
64
24
39
44
37
9
61
78
16
25
29
58
>>>>>>> 319e6a0dd838f4c011751a594e43cbefd1787a6a
23
40
74
41
20
22
77
<<<<<<< HEAD
50
3
100
47
82
4
91
2
35
74
18
13
37
46
56
=======
8
3
26
63
73
27
93
21
6
82
33
100
60
14
91
2
47
18
35
12
13
56
7
48
49
55
32
51
>>>>>>> 319e6a0dd838f4c011751a594e43cbefd1787a6a
