<<<<<<< HEAD
1
77
12
39
52
35
7
15
22
70
45
13
31
51
53
76
43
34
25
19
71
=======
52
13
77
76
1
12
31
>>>>>>> 319e6a0dd838f4c011751a594e43cbefd1787a6a
78
65
16
8
<<<<<<< HEAD
36
9
48
17
5
75
59
72
24
63
73
=======
70
35
9
53
19
34
7
59
43
30
63
48
27
>>>>>>> 319e6a0dd838f4c011751a594e43cbefd1787a6a
46
2
3
58
<<<<<<< HEAD
60
68
40
61
55
21
62
=======
17
75
72
14
40
3
25
74
28
67
68
61
42
62
5
56
>>>>>>> 319e6a0dd838f4c011751a594e43cbefd1787a6a
6
32
50
10
50
4
57
66
<<<<<<< HEAD
54
74
47
=======
47
18
23
26
64
29
36
33
2
>>>>>>> 319e6a0dd838f4c011751a594e43cbefd1787a6a
