<<<<<<< HEAD
29
39
43
45
86
23
97
35
25
54
60
52
=======
45
97
54
>>>>>>> 319e6a0dd838f4c011751a594e43cbefd1787a6a
4
8
71
17
<<<<<<< HEAD
78
36
77
27
2
93
49
19
87
42
38
14
33
82
59
24
37
3
72
16
20
48
46
34
95
40
1
92
13
=======
49
27
33
38
34
82
95
72
77
48
3
25
87
20
59
6
40
46
24
>>>>>>> 319e6a0dd838f4c011751a594e43cbefd1787a6a
11
61
75
<<<<<<< HEAD
6
55
70
91
=======
79
78
37
60
>>>>>>> 319e6a0dd838f4c011751a594e43cbefd1787a6a
44
91
68
<<<<<<< HEAD
100
7
41
58
53
=======
16
7
98
92
58
42
14
64
88
62
51
31
>>>>>>> 319e6a0dd838f4c011751a594e43cbefd1787a6a
18
30
10
28
<<<<<<< HEAD
62
64
96
57
=======
96
57
85
15
67
81
69
52
43
>>>>>>> 319e6a0dd838f4c011751a594e43cbefd1787a6a
