<<<<<<< HEAD
25
31
79
88
32
44
29
23
1
58
=======
79
44
>>>>>>> 319e6a0dd838f4c011751a594e43cbefd1787a6a
12
100
61
63
11
10
<<<<<<< HEAD
3
65
94
75
33
18
34
=======
94
75
>>>>>>> 319e6a0dd838f4c011751a594e43cbefd1787a6a
60
62
19
<<<<<<< HEAD
39
95
11
37
43
50
91
35
46
87
38
99
17
64
67
26
70
13
71
77
20
41
51
22
80
52
98
30
28
59
53
85
89
73
45
92
49
=======
53
39
87
71
85
43
46
13
37
41
81
22
23
91
51
62
98
52
99
76
29
77
67
58
69
95
16
80
28
31
32
33
34
20
27
57
30
73
49
14
92
40
68
47
84
64
50
>>>>>>> 319e6a0dd838f4c011751a594e43cbefd1787a6a
