<<<<<<< HEAD
21
=======
>>>>>>> 319e6a0dd838f4c011751a594e43cbefd1787a6a
70
6
24
95
<<<<<<< HEAD
27
22
84
100
66
28
=======
28
66
>>>>>>> 319e6a0dd838f4c011751a594e43cbefd1787a6a
1
41
35
86
59
<<<<<<< HEAD
36
48
46
31
52
81
16
97
72
19
75
43
63
85
34
82
74
80
77
96
13
49
62
94
99
45
92
14
26
71
29
32
55
67
83
87
90
2
4
53
91
68
17
76
61
10
=======
22
90
43
63
6
83
46
16
85
34
81
89
36
82
10
58
64
74
80
9
76
61
52
8
27
96
39
35
77
33
94
40
72
49
45
71
13
57
55
60
4
88
29
2
47
3
69
30
73
25
79
99
87
54
>>>>>>> 319e6a0dd838f4c011751a594e43cbefd1787a6a
