<<<<<<< HEAD
9
78
84
97
74
=======
94
70
>>>>>>> 319e6a0dd838f4c011751a594e43cbefd1787a6a
64
10
94
70
11
<<<<<<< HEAD
18
93
46
47
91
17
19
66
3
58
42
15
14
33
27
59
32
67
25
28
71
=======
66
3
58
74
59
46
19
91
33
10
67
1
>>>>>>> 319e6a0dd838f4c011751a594e43cbefd1787a6a
85
78
100
86
<<<<<<< HEAD
44
6
5
29
50
23
39
99
80
16
2
51
100
52
87
79
=======
18
72
5
29
24
23
36
71
51
90
30
87
82
32
49
77
31
93
42
8
99
81
44
>>>>>>> 319e6a0dd838f4c011751a594e43cbefd1787a6a
92
56
24
83
34
76
<<<<<<< HEAD
88
45
48
75
90
1
=======
2
88
52
56
48
20
45
40
57
89
13
79
15
>>>>>>> 319e6a0dd838f4c011751a594e43cbefd1787a6a
