<<<<<<< HEAD
24
=======
>>>>>>> 319e6a0dd838f4c011751a594e43cbefd1787a6a
50
1
72
82
8
17
37
<<<<<<< HEAD
87
43
22
45
4
21
86
19
14
85
71
62
64
9
44
78
34
66
31
59
27
76
80
88
7
13
33
70
47
2
89
61
55
3
49
20
57
35
84
=======
45
85
34
2
62
24
3
66
31
59
88
76
84
80
7
78
82
>>>>>>> 319e6a0dd838f4c011751a594e43cbefd1787a6a
60
75
<<<<<<< HEAD
58
46
29
36
81
69
11
83
39
73
28
68
6
10
=======
48
4
36
73
44
43
1
46
42
71
81
22
23
57
89
87
53
20
65
39
79
77
16
18
12
67
26
13
55
90
56
51
15
47
86
>>>>>>> 319e6a0dd838f4c011751a594e43cbefd1787a6a
