47
52
<<<<<<< HEAD
30
68
80
88
=======
80
>>>>>>> 319e6a0dd838f4c011751a594e43cbefd1787a6a
79
17
20
32
<<<<<<< HEAD
38
72
4
89
60
87
95
69
9
57
22
40
76
48
24
23
54
31
46
59
33
43
29
77
21
44
49
8
39
11
82
41
64
84
3
92
36
18
67
42
2
10
45
58
=======
89
23
68
69
60
87
22
40
48
29
77
18
49
57
3
>>>>>>> 319e6a0dd838f4c011751a594e43cbefd1787a6a
71
33
59
30
19
41
61
8
84
58
93
1
13
53
86
<<<<<<< HEAD
85
55
62
14
=======
50
27
4
31
45
44
85
73
83
35
74
55
94
75
36
34
6
5
81
46
95
>>>>>>> 319e6a0dd838f4c011751a594e43cbefd1787a6a
