<<<<<<< HEAD
57
15
13
75
7
82
45
33
80
30
64
22
98
49
32
12
=======
15
75
45
33
89
80
22
>>>>>>> 319e6a0dd838f4c011751a594e43cbefd1787a6a
38
72
90
89
58
34
31
<<<<<<< HEAD
51
3
5
37
79
53
68
20
95
60
17
42
100
63
84
92
69
6
77
66
44
67
9
4
46
=======
6
3
53
17
84
30
100
25
96
72
5
67
98
32
66
28
63
60
11
77
2
76
57
71
13
69
95
4
51
70
21
16
9
46
54
>>>>>>> 319e6a0dd838f4c011751a594e43cbefd1787a6a
50
97
41
<<<<<<< HEAD
56
52
55
48
87
2
96
26
71
=======
86
56
52
48
55
88
39
74
12
7
>>>>>>> 319e6a0dd838f4c011751a594e43cbefd1787a6a
