<<<<<<< HEAD
38
=======
>>>>>>> 319e6a0dd838f4c011751a594e43cbefd1787a6a
31
90
40
<<<<<<< HEAD
33
51
18
71
13
53
85
98
70
34
=======
85
>>>>>>> 319e6a0dd838f4c011751a594e43cbefd1787a6a
69
35
44
47
22
10
<<<<<<< HEAD
58
39
32
6
83
61
94
89
36
37
9
99
3
2
48
1
60
11
76
80
42
12
45
26
93
7
77
81
63
66
96
100
56
20
25
88
82
52
68
65
8
59
19
84
87
95
86
21
67
41
91
62
14
73
92
57
43
97
74
49
17
=======
18
61
89
34
99
94
77
2
51
70
38
81
60
11
6
100
96
63
52
22
56
14
32
83
82
43
8
21
46
17
12
78
80
86
15
30
3
55
50
25
45
67
24
65
92
57
64
49
95
62
53
41
97
59
19
35
88
42
13
16
75
29
23
5
79
72
7
54
28
27
84
4
44
74
>>>>>>> 319e6a0dd838f4c011751a594e43cbefd1787a6a
