<<<<<<< HEAD
43
=======
>>>>>>> 319e6a0dd838f4c011751a594e43cbefd1787a6a
39
27
65
31
45
40
<<<<<<< HEAD
53
75
6
41
17
96
55
42
33
79
12
89
68
54
51
92
86
74
70
81
83
94
20
22
87
2
38
69
16
37
4
73
48
5
10
23
95
98
90
82
=======
17
68
13
53
92
75
86
20
69
42
33
81
5
79
22
7
32
2
38
16
94
97
4
91
73
26
48
15
95
90
98
82
66
>>>>>>> 319e6a0dd838f4c011751a594e43cbefd1787a6a
34
59
100
50
72
29
60
<<<<<<< HEAD
85
9
3
88
15
36
=======
88
24
28
67
71
47
35
55
>>>>>>> 319e6a0dd838f4c011751a594e43cbefd1787a6a
