19
10
15
<<<<<<< HEAD
100
67
30
48
3
47
77
85
2
72
55
81
5
58
79
87
14
62
13
26
86
8
92
6
38
83
50
70
61
44
24
82
9
66
18
53
42
22
45
=======
48
47
77
72
2
58
85
79
8
14
70
5
86
26
90
49
81
92
19
3
38
67
12
41
33
61
53
28
13
22
100
44
>>>>>>> 319e6a0dd838f4c011751a594e43cbefd1787a6a
98
18
55
83
74
76
34
36
<<<<<<< HEAD
28
16
84
=======
16
24
>>>>>>> 319e6a0dd838f4c011751a594e43cbefd1787a6a
93
51
21
20
<<<<<<< HEAD
90
17
57
=======
32
78
75
17
46
68
27
94
>>>>>>> 319e6a0dd838f4c011751a594e43cbefd1787a6a
