<<<<<<< HEAD
1
93
3
4
2
91
5
6
7
8
92
13
9
94
14
95
15
16
96
10
97
98
11
17
12
83
99
100
81
18
19
20
82
21
23
24
84
22
85
25
26
27
28
86
87
29
33
88
73
30
74
89
90
31
34
75
32
35
71
36
37
38
43
44
72
39
76
77
78
40
79
63
64
41
42
45
80
46
47
48
49
50
65
66
67
=======
93
94
95
96
97
98
83
84
85
86
87
88
73
74
75
76
77
78
63
64
65
66
67
68
>>>>>>> 319e6a0dd838f4c011751a594e43cbefd1787a6a
53
54
55
56
57
<<<<<<< HEAD
68
51
52
58
69
59
70
62
61
60
=======
58
43
44
45
46
47
48
99
100
33
34
35
36
37
38
89
90
79
80
23
24
25
26
27
28
69
70
59
60
49
50
39
40
92
82
72
62
52
42
91
81
71
61
51
41
32
31
29
30
22
13
14
15
16
17
18
21
19
20
12
3
4
5
6
7
8
11
9
10
2
1
>>>>>>> 319e6a0dd838f4c011751a594e43cbefd1787a6a
