27
<<<<<<< HEAD
91
84
81
63
=======
>>>>>>> 319e6a0dd838f4c011751a594e43cbefd1787a6a
61
60
75
<<<<<<< HEAD
31
13
36
2
28
66
=======
36
>>>>>>> 319e6a0dd838f4c011751a594e43cbefd1787a6a
39
21
87
23
<<<<<<< HEAD
20
85
33
79
47
68
10
53
100
76
82
92
16
72
89
45
86
64
77
67
22
90
18
25
38
49
17
35
99
3
26
70
73
15
19
71
78
88
34
96
50
95
48
24
58
=======
47
10
72
68
86
21
64
63
16
77
84
35
18
3
53
22
49
81
60
31
13
19
71
90
26
2
38
34
88
85
99
50
48
40
5
80
94
67
43
52
97
69
82
25
87
>>>>>>> 319e6a0dd838f4c011751a594e43cbefd1787a6a
