<<<<<<< HEAD
34
35
14
69
81
36
41
28
75
99
79
84
77
97
46
30
85
72
76
90
67
96
2
31
63
82
50
71
59
60
61
86
19
66
62
=======
21
75
99
79
69
1
72
94
81
4
90
88
96
36
24
63
59
97
60
86
35
66
61
46
74
62
41
84
34
77
76
89
64
85
>>>>>>> 319e6a0dd838f4c011751a594e43cbefd1787a6a
40
21
91
49
<<<<<<< HEAD
42
95
68
44
64
45
93
29
10
52
11
73
12
1
58
65
55
94
70
57
8
54
38
13
4
56
24
47
15
53
37
98
43
89
51
25
83
17
27
100
39
48
87
92
74
88
32
6
23
=======
82
71
42
67
52
55
54
38
65
57
53
91
95
68
47
93
56
44
70
58
98
43
39
37
51
83
87
92
45
50
12
73
27
17
80
29
100
32
48
13
23
6
11
8
14
16
3
15
5
33
10
26
18
78
25
>>>>>>> 319e6a0dd838f4c011751a594e43cbefd1787a6a
