19
79
<<<<<<< HEAD
40
50
80
73
8
47
6
9
78
91
70
2
87
49
61
88
25
=======
50
73
47
6
78
61
80
9
91
88
37
40
2
87
>>>>>>> 319e6a0dd838f4c011751a594e43cbefd1787a6a
51
55
68
67
<<<<<<< HEAD
69
83
63
56
20
18
26
29
=======
83
31
69
>>>>>>> 319e6a0dd838f4c011751a594e43cbefd1787a6a
52
63
81
45
<<<<<<< HEAD
53
16
84
4
22
82
92
43
77
34
17
36
54
27
1
65
64
21
95
46
23
93
48
11
39
10
=======
16
34
53
22
36
1
92
5
77
17
27
3
13
60
64
21
48
95
30
58
10
24
25
7
90
42
12
44
26
70
>>>>>>> 319e6a0dd838f4c011751a594e43cbefd1787a6a
