85
28
98
26
<<<<<<< HEAD
35
81
56
16
20
46
94
37
58
31
39
15
67
92
71
54
18
83
41
6
77
23
29
43
80
14
45
4
70
42
30
100
48
87
75
59
33
=======
94
39
81
15
92
20
71
87
54
6
43
29
35
69
59
67
45
4
57
8
42
100
16
51
23
40
58
55
47
33
10
30
14
75
3
>>>>>>> 319e6a0dd838f4c011751a594e43cbefd1787a6a
99
3
73
13
<<<<<<< HEAD
38
27
=======
49
76
9
24
27
38
>>>>>>> 319e6a0dd838f4c011751a594e43cbefd1787a6a
50
79
86
84
49
57
64
<<<<<<< HEAD
97
=======
32
62
2
1
21
>>>>>>> 319e6a0dd838f4c011751a594e43cbefd1787a6a
