43
<<<<<<< HEAD
62
56
42
12
74
=======
>>>>>>> 319e6a0dd838f4c011751a594e43cbefd1787a6a
79
54
65
34
18
69
25
39
92
95
85
6
73
82
1
<<<<<<< HEAD
3
11
45
15
31
57
76
84
71
24
99
97
88
26
46
86
37
38
29
51
44
94
10
=======
57
45
38
24
92
99
82
37
29
89
6
93
75
95
94
26
81
97
66
11
53
44
>>>>>>> 319e6a0dd838f4c011751a594e43cbefd1787a6a
64
83
74
88
76
32
22
<<<<<<< HEAD
13
36
96
75
87
81
27
68
8
30
28
63
16
=======
96
84
63
8
30
17
59
18
34
87
48
86
91
46
41
40
23
9
61
27
58
28
78
67
>>>>>>> 319e6a0dd838f4c011751a594e43cbefd1787a6a
