<<<<<<< HEAD
2
53
68
76
28
45
9
61
74
94
82
62
89
79
67
12
69
15
84
81
85
27
75
93
43
86
36
96
49
64
88
33
63
=======
68
86
94
76
53
82
96
89
84
12
85
63
64
36
79
33
>>>>>>> 319e6a0dd838f4c011751a594e43cbefd1787a6a
66
42
41
<<<<<<< HEAD
71
7
34
11
52
30
26
29
99
87
19
48
95
3
18
98
40
14
91
78
60
=======
7
15
43
42
73
26
40
88
61
29
74
18
27
91
57
78
20
11
62
>>>>>>> 319e6a0dd838f4c011751a594e43cbefd1787a6a
54
17
10
80
<<<<<<< HEAD
55
35
100
97
25
56
37
5
24
38
51
73
70
90
21
44
32
57
65
31
20
72
8
4
=======
3
47
37
17
71
4
100
65
31
39
9
56
98
25
30
5
55
35
87
44
51
6
70
50
22
23
13
97
8
77
1
46
58
92
16
59
72
32
21
52
48
81
>>>>>>> 319e6a0dd838f4c011751a594e43cbefd1787a6a
