1
<<<<<<< HEAD
2
11
21
3
12
13
4
5
14
15
6
70
71
7
8
9
72
10
20
37
16
19
18
17
38
22
27
42
73
74
28
29
48
23
24
25
30
31
59
26
75
76
36
32
33
34
58
35
39
66
68
40
41
69
67
43
44
51
65
62
52
53
64
=======
11
12
10
13
14
15
16
37
38
42
43
44
48
17
45
46
49
50
59
70
71
72
73
74
75
76
58
62
61
65
66
60
64
68
67
63
69
51
52
>>>>>>> 319e6a0dd838f4c011751a594e43cbefd1787a6a
54
45
55
61
63
60
77
49
56
<<<<<<< HEAD
50
57
47
=======
53
57
77
47
35
34
33
32
31
41
30
40
29
39
28
27
21
18
26
19
22
36
3
4
5
9
2
23
20
24
25
8
7
>>>>>>> 319e6a0dd838f4c011751a594e43cbefd1787a6a
