<<<<<<< HEAD
52
73
63
58
33
21
=======
33
21
28
>>>>>>> 319e6a0dd838f4c011751a594e43cbefd1787a6a
38
39
28
84
76
11
88
65
95
<<<<<<< HEAD
47
86
22
30
40
51
53
32
62
56
97
70
43
6
31
13
93
10
34
61
2
45
66
12
57
16
71
82
23
=======
86
22
30
32
23
73
57
97
52
92
76
6
58
18
93
40
39
47
31
34
56
16
71
45
63
82
>>>>>>> 319e6a0dd838f4c011751a594e43cbefd1787a6a
15
1
20
62
43
50
60
17
<<<<<<< HEAD
74
48
35
25
18
46
89
7
=======
29
53
55
48
91
90
25
99
14
10
85
81
89
84
>>>>>>> 319e6a0dd838f4c011751a594e43cbefd1787a6a
