<<<<<<< HEAD
10
69
24
64
42
20
=======
42
8
49
>>>>>>> 319e6a0dd838f4c011751a594e43cbefd1787a6a
12
32
17
<<<<<<< HEAD
13
94
30
60
15
87
99
65
59
8
79
75
22
21
33
3
49
14
26
90
52
32
88
2
78
67
100
25
1
43
40
70
51
86
93
34
53
74
73
55
48
85
80
56
31
=======
30
15
22
33
78
1
26
90
3
36
70
67
20
40
88
79
60
52
51
93
76
21
13
65
34
69
73
72
7
85
94
48
92
97
80
58
29
56
55
>>>>>>> 319e6a0dd838f4c011751a594e43cbefd1787a6a
37
11
82
62
98
38
28
<<<<<<< HEAD
36
=======
19
50
41
74
53
>>>>>>> 319e6a0dd838f4c011751a594e43cbefd1787a6a
