19
48
44
<<<<<<< HEAD
3
16
=======
58
>>>>>>> 319e6a0dd838f4c011751a594e43cbefd1787a6a
23
57
55
25
<<<<<<< HEAD
11
58
86
74
1
13
76
87
73
37
92
29
56
91
33
2
39
71
27
85
8
63
10
81
51
42
5
=======
13
76
2
1
10
>>>>>>> 319e6a0dd838f4c011751a594e43cbefd1787a6a
7
71
92
3
39
80
73
69
<<<<<<< HEAD
41
72
35
6
65
47
60
12
=======
8
50
17
48
33
85
72
90
29
6
37
56
21
59
51
60
5
82
63
88
20
87
81
42
47
14
>>>>>>> 319e6a0dd838f4c011751a594e43cbefd1787a6a
22
26
67
<<<<<<< HEAD
84
53
88
49
78
=======
75
36
61
84
4
64
46
68
12
>>>>>>> 319e6a0dd838f4c011751a594e43cbefd1787a6a
