43
<<<<<<< HEAD
66
97
31
80
57
=======
97
96
80
>>>>>>> 319e6a0dd838f4c011751a594e43cbefd1787a6a
25
39
96
7
32
22
5
<<<<<<< HEAD
90
40
11
=======
33
90
57
>>>>>>> 319e6a0dd838f4c011751a594e43cbefd1787a6a
23
46
16
11
46
73
58
<<<<<<< HEAD
45
74
91
33
=======
91
31
>>>>>>> 319e6a0dd838f4c011751a594e43cbefd1787a6a
2
24
18
70
84
88
70
12
<<<<<<< HEAD
79
88
49
44
76
28
86
37
98
8
50
20
29
100
9
62
30
34
89
87
13
47
3
82
41
1
27
17
48
63
4
19
38
92
55
6
54
=======
49
83
76
99
36
86
98
8
89
79
87
20
32
95
93
3
100
17
30
62
41
82
69
55
53
10
65
77
64
27
54
68
35
14
67
4
60
75
85
48
26
40
>>>>>>> 319e6a0dd838f4c011751a594e43cbefd1787a6a
