<<<<<<< HEAD
54
44
16
38
15
57
59
79
56
9
12
64
14
98
60
36
87
51
20
1
41
40
6
74
4
35
70
50
52
=======
44
54
79
57
87
16
9
50
12
59
38
56
1
41
66
31
72
6
15
20
70
81
>>>>>>> 319e6a0dd838f4c011751a594e43cbefd1787a6a
48
55
7
<<<<<<< HEAD
67
55
31
65
39
62
100
23
32
83
88
69
24
94
82
78
2
34
37
8
13
45
81
85
43
=======
39
62
65
100
32
23
88
69
94
99
83
89
2
27
82
37
8
10
92
86
>>>>>>> 319e6a0dd838f4c011751a594e43cbefd1787a6a
18
58
53
<<<<<<< HEAD
42
73
=======
49
71
68
30
90
3
52
67
>>>>>>> 319e6a0dd838f4c011751a594e43cbefd1787a6a
