<<<<<<< HEAD
29
66
13
9
5
86
82
73
6
63
87
52
65
54
74
69
88
84
25
56
35
22
42
53
61
46
8
19
10
92
34
97
4
94
30
75
78
95
45
85
=======
66
13
86
87
52
65
74
84
42
19
29
37
56
22
88
25
10
97
78
95
20
61
21
8
53
40
62
9
58
15
45
69
34
>>>>>>> 319e6a0dd838f4c011751a594e43cbefd1787a6a
41
85
54
47
<<<<<<< HEAD
11
67
=======
32
92
11
38
>>>>>>> 319e6a0dd838f4c011751a594e43cbefd1787a6a
81
27
72
7
<<<<<<< HEAD
37
40
3
59
60
39
51
12
=======
57
67
3
51
39
12
26
60
28
49
>>>>>>> 319e6a0dd838f4c011751a594e43cbefd1787a6a
