<<<<<<< HEAD
1
3
28
29
43
67
33
66
30
31
32
35
34
8
36
=======
67
33
31
35
8
30
29
>>>>>>> 319e6a0dd838f4c011751a594e43cbefd1787a6a
37
61
53
10
28
66
11
<<<<<<< HEAD
46
77
64
78
65
=======
53
77
78
>>>>>>> 319e6a0dd838f4c011751a594e43cbefd1787a6a
79
71
84
85
<<<<<<< HEAD
9
21
55
22
45
12
=======
36
64
65
21
22
>>>>>>> 319e6a0dd838f4c011751a594e43cbefd1787a6a
23
70
75
24
25
<<<<<<< HEAD
2
41
26
27
69
92
96
4
93
94
95
97
5
98
6
99
=======
26
27
32
5
43
55
46
9
96
97
45
12
71
>>>>>>> 319e6a0dd838f4c011751a594e43cbefd1787a6a
63
7
81
<<<<<<< HEAD
13
76
20
56
60
58
59
14
62
57
=======
41
60
70
58
56
92
69
75
>>>>>>> 319e6a0dd838f4c011751a594e43cbefd1787a6a
38
39
40
42
<<<<<<< HEAD
15
83
44
89
88
87
16
17
18
91
47
19
52
100
80
=======
47
52
80
88
76
95
98
48
74
86
87
82
89
68
83
94
90
99
93
91
59
100
62
57
73
72
54
51
50
49
44
20
15
16
34
>>>>>>> 319e6a0dd838f4c011751a594e43cbefd1787a6a
