<<<<<<< HEAD
85
78
47
=======
>>>>>>> 319e6a0dd838f4c011751a594e43cbefd1787a6a
46
25
82
<<<<<<< HEAD
2
=======
>>>>>>> 319e6a0dd838f4c011751a594e43cbefd1787a6a
71
56
53
67
<<<<<<< HEAD
13
80
57
24
48
54
73
75
81
=======
25
80
54
14
48
32
75
>>>>>>> 319e6a0dd838f4c011751a594e43cbefd1787a6a
49
21
43
<<<<<<< HEAD
68
41
88
22
89
61
14
29
36
19
10
18
=======
1
28
68
29
73
61
77
26
5
30
85
57
47
10
88
79
45
19
37
89
51
22
36
41
42
4
39
12
>>>>>>> 319e6a0dd838f4c011751a594e43cbefd1787a6a
34
18
23
<<<<<<< HEAD
35
77
39
12
86
52
72
20
32
6
62
74
37
38
65
28
33
9
5
=======
52
72
6
62
74
24
38
33
86
9
87
81
21
>>>>>>> 319e6a0dd838f4c011751a594e43cbefd1787a6a
