<<<<<<< HEAD
84
1
21
40
22
56
6
91
8
72
45
54
94
80
99
19
5
65
49
39
59
89
38
46
97
88
70
58
20
15
=======
21
22
80
6
1
65
38
97
54
49
58
>>>>>>> 319e6a0dd838f4c011751a594e43cbefd1787a6a
13
88
32
94
14
19
89
26
<<<<<<< HEAD
93
32
86
50
27
75
18
41
51
74
96
14
76
55
42
79
61
7
44
2
17
87
73
85
30
29
77
82
57
23
90
98
31
53
71
10
60
=======
70
93
72
86
5
8
98
60
31
74
96
10
20
55
42
53
75
18
27
87
46
7
57
73
44
29
34
9
45
99
30
51
17
12
11
33
23
36
62
71
69
82
52
100
92
>>>>>>> 319e6a0dd838f4c011751a594e43cbefd1787a6a
