<<<<<<< HEAD
42
41
26
4
20
23
9
40
58
47
16
18
8
32
22
71
=======
41
47
26
22
56
>>>>>>> 319e6a0dd838f4c011751a594e43cbefd1787a6a
21
23
9
58
40
4
25
55
<<<<<<< HEAD
=======
72
>>>>>>> 319e6a0dd838f4c011751a594e43cbefd1787a6a
38
65
74
56
30
<<<<<<< HEAD
45
75
59
12
43
63
6
=======
75
60
71
6
7
45
29
8
>>>>>>> 319e6a0dd838f4c011751a594e43cbefd1787a6a
10
43
59
68
<<<<<<< HEAD
7
37
35
54
34
78
62
76
28
53
51
17
15
61
67
24
19
44
2
77
13
3
70
69
46
39
60
=======
37
35
78
51
53
50
15
17
61
19
67
44
24
77
70
3
28
46
5
11
57
64
14
39
27
79
>>>>>>> 319e6a0dd838f4c011751a594e43cbefd1787a6a
