<<<<<<< HEAD
10
53
69
1
56
20
74
40
6
11
30
57
89
76
31
9
92
16
27
17
45
18
21
72
82
3
91
78
51
42
50
73
24
33
64
41
39
19
34
68
86
36
22
48
58
87
79
59
26
65
37
83
93
54
63
5
23
90
14
85
47
94
28
2
12
4
15
77
67
75
25
35
62
13
29
88
49
32
97
38
44
60
71
66
55
84
96
70
80
46
95
=======
56
74
76
51
45
63
68
34
20
40
57
50
21
64
73
41
39
19
87
89
17
59
3
65
33
83
1
37
23
14
11
79
26
85
24
18
47
29
94
90
5
36
32
77
60
54
31
86
67
96
95
69
25
13
44
6
55
66
80
84
>>>>>>> 319e6a0dd838f4c011751a594e43cbefd1787a6a
61
81
52
<<<<<<< HEAD
8
7
43
=======
15
38
22
48
8
4
7
16
46
49
88
43
70
72
81
2
35
9
62
75
71
97
92
91
28
27
53
78
30
10
82
42
58
93
12
>>>>>>> 319e6a0dd838f4c011751a594e43cbefd1787a6a
