<<<<<<< HEAD
78
14
50
1
21
29
15
24
56
16
=======
14
1
24
56
>>>>>>> 319e6a0dd838f4c011751a594e43cbefd1787a6a
17
10
61
91
<<<<<<< HEAD
73
27
52
30
43
77
9
4
93
80
39
26
6
=======
43
>>>>>>> 319e6a0dd838f4c011751a594e43cbefd1787a6a
41
10
64
69
<<<<<<< HEAD
64
66
5
3
47
19
45
81
22
28
60
57
62
31
46
92
68
37
20
84
40
89
72
86
70
58
11
=======
4
16
52
80
39
26
66
54
61
34
3
57
8
22
48
5
68
77
93
60
23
11
46
73
19
30
35
55
20
38
86
71
83
13
51
84
18
72
58
45
79
63
49
12
65
>>>>>>> 319e6a0dd838f4c011751a594e43cbefd1787a6a
