<<<<<<< HEAD
92
1
21
34
85
57
87
2
66
67
17
30
22
24
61
98
38
33
44
47
70
93
35
82
83
=======
87
66
17
1
30
21
2
22
24
67
85
61
98
16
33
70
93
82
60
99
83
58
47
43
>>>>>>> 319e6a0dd838f4c011751a594e43cbefd1787a6a
51
16
52
<<<<<<< HEAD
89
69
20
48
99
58
59
73
97
=======
46
89
72
7
20
73
59
49
29
>>>>>>> 319e6a0dd838f4c011751a594e43cbefd1787a6a
76
29
79
10
13
<<<<<<< HEAD
3
50
56
94
64
96
77
12
60
42
15
19
=======
11
64
74
50
77
56
94
81
15
12
32
19
78
>>>>>>> 319e6a0dd838f4c011751a594e43cbefd1787a6a
41
27
54
39
