58
67
8
<<<<<<< HEAD
19
52
69
35
15
43
68
2
36
81
39
75
76
62
13
45
40
17
24
20
57
51
77
60
80
34
42
=======
35
69
75
2
13
68
36
40
20
80
81
34
39
24
74
>>>>>>> 319e6a0dd838f4c011751a594e43cbefd1787a6a
48
5
44
<<<<<<< HEAD
65
28
47
59
10
22
27
23
9
82
12
1
31
38
73
53
=======
60
42
51
65
1
28
59
22
>>>>>>> 319e6a0dd838f4c011751a594e43cbefd1787a6a
3
5
79
64
<<<<<<< HEAD
54
21
72
70
14
26
63
66
25
7
=======
53
38
17
6
26
56
72
14
25
47
70
66
29
32
55
7
71
21
37
23
11
45
>>>>>>> 319e6a0dd838f4c011751a594e43cbefd1787a6a
