<<<<<<< HEAD
51
89
40
87
81
10
58
44
24
49
12
68
20
60
21
96
19
79
86
22
62
25
65
13
98
72
15
28
88
85
53
=======
89
81
24
10
12
68
19
51
22
62
40
25
63
17
58
98
28
72
84
49
85
>>>>>>> 319e6a0dd838f4c011751a594e43cbefd1787a6a
92
61
66
30
77
79
54
100
<<<<<<< HEAD
56
75
17
5
52
=======
14
88
15
71
18
38
41
37
65
4
>>>>>>> 319e6a0dd838f4c011751a594e43cbefd1787a6a
26
36
94
47
45
66
30
8
<<<<<<< HEAD
84
37
1
70
32
69
2
42
97
33
93
11
46
41
78
34
18
63
=======
32
1
69
11
93
42
33
97
53
46
43
3
90
6
7
9
74
5
>>>>>>> 319e6a0dd838f4c011751a594e43cbefd1787a6a
