<<<<<<< HEAD
95
49
19
9
91
56
97
7
57
94
39
54
72
99
=======
19
91
57
7
94
31
54
72
99
87
33
92
>>>>>>> 319e6a0dd838f4c011751a594e43cbefd1787a6a
24
71
41
30
31
33
44
<<<<<<< HEAD
67
13
37
21
79
82
84
14
61
22
48
28
87
76
20
47
86
40
85
55
100
34
29
92
75
23
=======
84
71
67
21
82
56
93
22
42
48
76
100
28
14
83
75
23
10
34
20
58
36
>>>>>>> 319e6a0dd838f4c011751a594e43cbefd1787a6a
2
46
55
69
47
45
<<<<<<< HEAD
63
43
78
93
42
5
26
59
4
=======
13
63
25
74
78
26
11
5
51
59
12
1
88
80
79
>>>>>>> 319e6a0dd838f4c011751a594e43cbefd1787a6a
