<<<<<<< HEAD
2
7
23
29
4
32
77
8
39
15
19
55
34
40
50
35
53
63
58
37
38
44
48
28
11
82
70
33
100
47
84
52
54
64
25
67
92
62
5
66
93
45
12
21
68
71
95
9
56
73
18
24
74
99
69
79
57
76
86
22
1
89
14
96
27
16
59
97
78
98
46
85
26
90
17
94
41
13
43
91
3
80
49
31
87
30
83
20
10
61
=======
77
4
63
58
53
44
28
82
70
64
11
12
47
55
69
5
56
100
22
33
84
29
38
25
21
50
1
9
24
74
14
95
79
27
85
46
26
41
32
57
31
94
99
45
13
40
67
90
3
30
17
49
76
91
39
20
10
61
43
93
59
80
75
72
36
83
42
7
16
88
65
60
81
51
6
78
92
8
66
>>>>>>> 319e6a0dd838f4c011751a594e43cbefd1787a6a
