<<<<<<< HEAD
6
98
69
99
100
39
67
61
97
86
66
32
46
17
40
19
22
93
10
4
27
20
70
48
79
31
36
49
15
53
95
50
62
41
64
87
59
63
54
44
80
71
3
72
25
73
29
23
90
9
74
52
7
=======
61
97
40
22
98
99
100
93
4
20
19
6
73
39
10
72
26
48
79
36
49
15
32
53
62
70
42
58
13
54
67
90
80
44
7
25
87
50
3
31
74
>>>>>>> 319e6a0dd838f4c011751a594e43cbefd1787a6a
30
41
29
45
52
11
47
81
82
<<<<<<< HEAD
47
2
26
78
42
34
14
56
85
83
37
92
51
18
45
43
=======
76
92
33
83
56
21
85
18
95
16
28
94
96
89
75
8
63
>>>>>>> 319e6a0dd838f4c011751a594e43cbefd1787a6a
