<<<<<<< HEAD
33
31
88
67
193
91
154
173
143
60
113
2
74
19
=======
67
154
91
143
60
113
74
87
31
>>>>>>> 319e6a0dd838f4c011751a594e43cbefd1787a6a
139
181
158
76
200
82
<<<<<<< HEAD
51
152
192
59
18
73
112
184
117
93
61
11
9
40
150
190
10
80
87
81
86
144
115
106
120
132
64
140
176
1
118
111
23
14
84
70
96
92
101
153
129
196
133
135
102
57
164
179
151
=======
73
184
153
86
81
93
130
115
106
1
51
120
174
176
11
165
145
140
70
112
175
109
146
114
64
117
132
118
23
2
198
108
49
45
16
101
33
10
196
135
128
126
36
158
144
181
84
14
56
141
191
183
129
133
107
43
54
102
164
125
194
151
96
>>>>>>> 319e6a0dd838f4c011751a594e43cbefd1787a6a
