<<<<<<< HEAD
94
96
55
85
72
=======
85
>>>>>>> 319e6a0dd838f4c011751a594e43cbefd1787a6a
172
155
141
41
<<<<<<< HEAD
69
150
117
131
118
180
110
57
129
91
8
61
139
102
125
93
120
161
119
126
84
164
44
56
174
75
128
123
68
169
80
83
101
142
88
54
158
98
64
181
4
163
3
132
37
154
49
196
179
62
153
178
78
144
29
137
194
6
5
9
81
50
195
103
200
32
=======
131
110
164
126
125
161
118
83
57
142
180
64
54
181
32
158
61
163
56
106
141
80
155
94
120
153
154
199
144
102
26
187
105
133
116
167
179
114
20
93
44
88
188
63
71
132
123
128
198
6
68
156
30
171
184
91
107
49
52
81
8
33
4
186
50
189
122
137
9
78
11
124
103
46
130
127
>>>>>>> 319e6a0dd838f4c011751a594e43cbefd1787a6a
