143
147
<<<<<<< HEAD
109
158
169
1
72
125
121
180
106
175
149
61
60
186
148
104
29
35
17
112
22
120
23
30
191
32
59
139
33
92
181
69
57
82
56
167
114
=======
72
180
125
121
1
61
186
104
149
29
120
30
129
20
131
139
33
92
>>>>>>> 319e6a0dd838f4c011751a594e43cbefd1787a6a
13
56
68
164
<<<<<<< HEAD
55
116
20
193
70
50
170
138
96
129
131
79
39
151
154
163
100
136
90
77
162
174
195
68
127
54
18
=======
195
82
192
193
49
39
194
60
2
81
142
136
146
114
32
70
69
83
127
51
76
197
175
109
18
11
158
199
43
90
62
105
187
96
89
163
183
10
50
47
148
7
36
174
45
111
57
160
118
80
171
42
71
165
31
41
>>>>>>> 319e6a0dd838f4c011751a594e43cbefd1787a6a
