138
11
179
154
73
44
116
<<<<<<< HEAD
61
158
48
2
133
153
144
64
4
127
118
134
95
3
107
49
170
59
115
97
180
172
132
40
161
173
13
148
160
70
103
17
53
175
55
10
152
45
5
77
87
9
34
165
130
91
65
90
86
119
20
105
29
96
129
166
30
157
108
137
57
159
143
75
26
=======
2
118
153
138
3
64
170
59
127
107
40
134
160
70
90
175
55
87
20
57
86
130
49
13
156
140
158
56
115
61
25
43
135
166
9
161
157
95
34
105
98
109
176
26
162
129
178
108
42
45
10
48
152
60
29
164
106
30
159
137
50
89
182
22
21
36
>>>>>>> 319e6a0dd838f4c011751a594e43cbefd1787a6a
