<<<<<<< HEAD
4
9
2
12
19
6
25
76
150
28
29
=======
12
76
150
4
>>>>>>> 319e6a0dd838f4c011751a594e43cbefd1787a6a
95
10
33
<<<<<<< HEAD
41
111
45
52
30
14
107
66
152
116
26
56
79
169
173
48
54
65
133
154
80
=======
111
107
116
>>>>>>> 319e6a0dd838f4c011751a594e43cbefd1787a6a
153
124
<<<<<<< HEAD
87
91
103
191
119
183
108
81
102
160
84
190
106
126
135
159
115
161
120
163
127
194
170
175
132
184
129
195
50
186
142
156
3
72
178
59
83
39
86
146
7
1
158
171
96
188
63
85
=======
14
65
191
28
6
127
119
183
160
103
163
194
108
10
126
195
19
171
50
69
87
186
72
97
132
59
9
7
136
189
149
182
104
152
169
>>>>>>> 319e6a0dd838f4c011751a594e43cbefd1787a6a
109
57
110
<<<<<<< HEAD
189
193
11
31
69
136
151
35
164
17
155
182
40
16
37
89
55
185
128
139
61
162
8
123
125
51
114
97
32
98
140
199
180
94
118
=======
90
30
66
181
154
128
1
147
74
142
31
3
133
141
8
24
151
122
190
129
35
179
17
84
43
53
164
73
47
88
25
23
155
162
165
16
196
168
89
57
61
55
123
99
115
39
54
134
173
166
118
11
21
63
125
67
51
34
32
94
98
15
60
93
58
92
71
176
145
64
68
157
130
158
48
26
120
159
91
>>>>>>> 319e6a0dd838f4c011751a594e43cbefd1787a6a
