<<<<<<< HEAD
19
169
102
198
118
173
91
21
83
33
134
114
178
146
2
44
189
6
107
132
154
31
192
184
16
=======
102
19
33
178
134
107
132
2
169
117
192
>>>>>>> 319e6a0dd838f4c011751a594e43cbefd1787a6a
52
185
135
197
36
<<<<<<< HEAD
12
=======
>>>>>>> 319e6a0dd838f4c011751a594e43cbefd1787a6a
103
97
90
121
<<<<<<< HEAD
59
46
151
65
119
14
86
93
117
23
9
104
148
1
69
174
18
113
143
110
77
75
141
128
7
40
35
152
187
15
20
50
172
92
=======
143
12
154
119
141
14
1
152
198
165
15
69
174
21
44
113
84
188
39
77
104
187
185
8
46
124
148
37
32
98
6
16
95
110
82
50
9
51
172
92
86
40
58
>>>>>>> 319e6a0dd838f4c011751a594e43cbefd1787a6a
13
68
20
128
25
61
<<<<<<< HEAD
125
8
=======
186
73
41
147
106
111
163
10
>>>>>>> 319e6a0dd838f4c011751a594e43cbefd1787a6a
