19
98
88
104
91
115
6
51
110
188
<<<<<<< HEAD
37
172
16
109
96
75
118
64
117
=======
172
16
17
>>>>>>> 319e6a0dd838f4c011751a594e43cbefd1787a6a
112
95
131
157
164
73
<<<<<<< HEAD
144
177
17
27
31
163
193
124
67
41
161
52
26
68
155
153
158
59
167
173
29
132
103
35
190
174
120
147
184
175
42
186
87
63
141
39
45
145
135
2
178
121
70
196
79
116
134
40
71
=======
31
163
144
52
6
153
95
120
177
175
155
64
145
162
87
91
150
26
29
68
27
132
147
96
42
104
171
32
41
92
4
45
133
121
184
199
152
74
109
11
169
70
193
135
186
46
79
111
167
136
8
101
57
116
161
102
44
178
160
183
40
128
47
56
82
131
>>>>>>> 319e6a0dd838f4c011751a594e43cbefd1787a6a
