36
124
<<<<<<< HEAD
85
104
150
47
38
4
184
130
3
79
42
64
=======
36
104
85
184
64
47
>>>>>>> 319e6a0dd838f4c011751a594e43cbefd1787a6a
133
72
112
145
152
<<<<<<< HEAD
17
153
33
173
31
57
132
61
43
50
146
181
111
97
30
27
139
123
160
80
114
177
66
41
21
120
129
76
116
54
53
179
154
106
119
11
75
78
1
121
102
128
25
67
96
2
12
34
70
83
155
127
49
20
137
=======
50
33
31
132
43
114
177
66
83
4
21
145
79
76
112
80
120
53
139
89
61
146
141
17
138
106
179
72
78
75
1
125
96
71
91
160
94
63
175
130
67
2
128
123
166
119
30
5
86
109
154
174
11
126
155
20
121
84
49
131
135
56
68
18
92
158
>>>>>>> 319e6a0dd838f4c011751a594e43cbefd1787a6a
