<<<<<<< HEAD
29
103
188
97
58
165
105
108
150
13
=======
150
105
112
108
58
182
144
>>>>>>> 319e6a0dd838f4c011751a594e43cbefd1787a6a
99
101
3
<<<<<<< HEAD
63
38
106
127
117
182
133
54
111
162
116
185
112
144
169
129
155
7
148
176
184
93
75
19
151
173
183
125
24
86
2
52
145
43
72
81
32
22
123
1
40
163
170
51
77
168
153
50
96
154
85
15
146
=======
183
148
63
127
40
155
1
95
168
151
117
86
123
145
178
81
11
75
187
44
101
170
124
19
140
125
133
172
48
56
146
188
77
96
68
93
153
20
32
177
129
72
26
24
116
110
157
139
85
50
61
167
136
15
143
154
6
94
114
166
106
176
169
>>>>>>> 319e6a0dd838f4c011751a594e43cbefd1787a6a
