170
33
115
28
<<<<<<< HEAD
107
140
9
39
85
165
31
101
49
92
24
136
71
43
20
130
138
86
6
123
142
29
88
160
145
157
105
116
159
41
2
89
97
122
55
95
109
14
164
66
4
169
141
37
22
7
94
77
58
133
91
99
98
40
68
19
171
1
63
10
16
=======
85
165
101
138
89
140
29
159
123
97
115
27
107
136
65
156
6
122
10
92
157
4
113
169
55
100
119
164
8
158
94
58
41
120
68
7
171
71
39
40
108
141
47
42
104
26
160
111
16
72
15
53
34
106
152
129
96
109
22
63
150
3
51
142
130
>>>>>>> 319e6a0dd838f4c011751a594e43cbefd1787a6a
