160
<<<<<<< HEAD
45
116
65
118
93
154
2
16
142
177
171
13
110
164
147
58
121
129
140
168
70
136
30
117
103
176
95
135
32
50
122
79
145
51
175
120
151
62
6
67
128
89
87
28
12
36
76
43
161
138
40
1
38
24
27
119
149
144
127
=======
116
65
110
164
121
140
117
28
62
84
176
104
154
135
138
50
27
36
122
13
119
144
53
142
51
163
168
120
67
76
82
180
129
131
63
151
169
115
108
1
40
58
86
30
177
137
145
59
32
24
118
150
79
179
149
11
127
74
2
12
89
103
72
>>>>>>> 319e6a0dd838f4c011751a594e43cbefd1787a6a
52
8
99
165
167
<<<<<<< HEAD
159
96
84
104
180
82
=======
96
31
69
20
>>>>>>> 319e6a0dd838f4c011751a594e43cbefd1787a6a
