94
<<<<<<< HEAD
14
48
115
187
83
99
133
5
152
2
166
70
11
150
57
65
109
120
169
161
121
52
122
135
134
90
53
144
41
136
96
191
40
22
130
80
127
13
81
71
113
33
82
16
68
148
78
19
75
100
89
171
174
37
185
85
146
51
38
143
56
=======
187
152
133
166
65
11
120
2
169
43
109
144
22
40
127
167
14
90
136
110
113
24
151
18
158
30
33
174
148
86
28
156
26
132
100
68
99
37
59
63
34
61
16
85
19
51
143
102
155
13
191
95
9
38
111
20
82
131
146
46
150
181
78
153
126
194
184
157
31
84
1
175
80
>>>>>>> 319e6a0dd838f4c011751a594e43cbefd1787a6a
