<<<<<<< HEAD
52
134
75
103
196
35
120
90
56
93
156
151
163
65
100
138
5
169
4
125
161
199
3
184
113
32
141
=======
196
90
156
35
169
199
165
184
113
100
161
>>>>>>> 319e6a0dd838f4c011751a594e43cbefd1787a6a
112
165
26
<<<<<<< HEAD
=======
163
190
4
61
32
>>>>>>> 319e6a0dd838f4c011751a594e43cbefd1787a6a
25
179
145
200
85
<<<<<<< HEAD
53
190
170
10
99
110
171
142
164
61
40
43
107
76
41
167
117
29
54
111
18
51
157
11
19
195
166
9
39
146
96
194
132
21
55
74
137
78
116
=======
10
132
117
110
93
116
154
134
125
40
57
145
105
176
29
78
191
164
120
65
198
133
181
150
111
64
6
19
43
22
66
48
104
119
103
99
194
76
124
45
5
51
18
84
54
79
53
140
96
55
49
137
126
15
44
24
39
>>>>>>> 319e6a0dd838f4c011751a594e43cbefd1787a6a
