167
<<<<<<< HEAD
29
186
195
99
25
21
73
42
86
60
136
5
108
155
71
137
49
119
107
100
11
50
114
47
39
93
94
172
43
30
83
17
112
4
82
123
125
23
145
31
95
187
45
193
16
54
56
72
97
168
130
153
52
51
139
59
14
176
34
53
63
109
134
48
141
89
154
157
6
15
26
88
191
163
66
200
120
135
32
69
81
150
173
181
185
179
3
156
12
33
35
40
113
57
80
199
79
169
13
75
143
90
183
7
67
162
=======
86
5
100
11
47
172
137
43
83
145
123
4
39
45
59
14
139
109
23
126
135
176
35
131
32
125
182
121
53
134
154
48
33
41
13
89
106
88
104
15
60
141
149
200
150
157
192
3
175
68
156
12
55
80
10
34
69
81
36
102
164
16
87
120
146
181
198
173
54
180
17
152
31
84
101
159
169
79
165
177
166
130
90
147
29
56
114
66
85
94
111
127
144
170
191
188
162
46
49
67
129
97
63
6
117
64
174
107
140
61
91
52
132
62
112
178
103
122
187
58
>>>>>>> 319e6a0dd838f4c011751a594e43cbefd1787a6a
