118
188
<<<<<<< HEAD
43
44
83
154
119
84
41
110
50
8
175
16
101
177
137
126
21
22
64
162
54
190
79
160
192
173
37
189
147
18
124
193
48
85
98
62
113
169
128
97
172
155
4
131
168
63
75
164
12
167
197
23
28
93
145
67
26
69
60
9
57
127
42
185
7
186
166
46
174
158
70
=======
110
101
43
44
177
126
41
54
23
83
190
160
173
192
37
189
62
131
168
63
156
117
162
195
21
124
125
167
24
196
18
9
12
22
132
85
174
4
20
147
119
142
47
164
181
53
135
42
60
185
79
57
179
45
105
150
128
113
116
171
14
145
183
166
111
19
69
158
139
91
186
149
86
134
70
176
159
38
7
163
28
>>>>>>> 319e6a0dd838f4c011751a594e43cbefd1787a6a
