<<<<<<< HEAD
126
81
130
6
18
60
41
110
108
69
181
121
=======
81
18
121
41
>>>>>>> 319e6a0dd838f4c011751a594e43cbefd1787a6a
79
126
49
97
<<<<<<< HEAD
68
153
175
83
93
52
87
135
139
190
44
12
115
1
132
106
166
120
165
15
149
164
75
39
109
74
28
50
103
123
142
167
10
157
82
133
36
94
119
23
159
111
48
137
154
168
100
20
185
27
124
21
64
65
148
=======
153
120
83
165
115
106
190
44
15
164
137
166
45
75
50
125
168
105
20
149
48
92
167
182
58
67
155
65
143
175
146
114
86
3
177
103
74
64
7
161
101
27
174
172
181
10
80
112
55
28
39
133
76
110
6
60
31
43
107
150
109
135
185
179
123
73
>>>>>>> 319e6a0dd838f4c011751a594e43cbefd1787a6a
98
78
186
<<<<<<< HEAD
105
112
24
=======
24
89
22
>>>>>>> 319e6a0dd838f4c011751a594e43cbefd1787a6a
