<<<<<<< HEAD
84
=======
>>>>>>> 319e6a0dd838f4c011751a594e43cbefd1787a6a
45
46
72
100
68
71
48
4
<<<<<<< HEAD
89
112
115
10
116
52
109
177
57
146
173
174
61
129
141
25
87
81
102
66
117
138
88
14
83
75
148
85
167
94
40
69
143
152
15
86
151
135
132
165
157
172
162
145
125
76
41
147
29
19
111
79
163
13
139
22
74
137
49
171
67
38
42
=======
52
109
61
141
14
25
66
138
102
89
88
148
85
94
40
143
170
152
41
15
155
135
51
165
42
151
129
71
162
7
23
76
167
36
117
115
10
87
9
145
125
142
107
149
63
147
140
50
174
173
108
19
1
79
163
160
13
38
49
168
90
139
171
67
113
111
119
130
81
>>>>>>> 319e6a0dd838f4c011751a594e43cbefd1787a6a
