97
161
<<<<<<< HEAD
167
68
195
145
132
55
112
15
85
26
141
191
60
99
11
96
130
113
158
61
51
104
42
173
134
100
86
77
192
154
175
16
3
105
75
59
53
63
140
82
190
74
128
41
33
93
133
52
8
114
64
37
80
81
45
71
6
126
23
146
78
125
32
7
9
181
=======
145
104
195
167
105
26
85
61
77
154
78
3
52
47
59
53
11
130
83
172
79
99
82
131
41
66
72
35
140
133
8
51
175
108
90
106
155
64
93
119
81
150
60
6
2
28
23
173
146
128
102
37
113
162
18
36
63
27
187
158
139
42
80
48
190
74
151
111
181
32
9
21
148
>>>>>>> 319e6a0dd838f4c011751a594e43cbefd1787a6a
