<<<<<<< HEAD
115
121
143
113
83
18
181
4
32
166
26
51
77
154
189
48
74
152
185
=======
121
115
113
48
189
26
18
168
166
10
188
71
>>>>>>> 319e6a0dd838f4c011751a594e43cbefd1787a6a
133
185
196
73
154
77
82
83
122
<<<<<<< HEAD
168
86
120
196
134
3
178
60
25
197
155
10
105
68
82
127
188
99
80
149
147
195
172
110
61
47
29
55
104
136
158
34
71
118
53
140
89
101
161
72
139
125
103
111
184
194
7
106
14
16
128
123
180
1
73
49
17
145
59
95
=======
178
105
161
74
86
197
3
25
60
127
147
51
110
55
104
139
125
32
194
180
155
72
1
47
61
17
195
34
136
145
106
43
118
103
24
5
16
123
129
190
158
140
183
4
27
179
149
182
191
63
59
102
119
171
181
11
99
12
79
49
101
75
78
95
68
>>>>>>> 319e6a0dd838f4c011751a594e43cbefd1787a6a
