98
<<<<<<< HEAD
19
107
=======
>>>>>>> 319e6a0dd838f4c011751a594e43cbefd1787a6a
136
53
172
180
96
19
40
<<<<<<< HEAD
58
149
200
75
197
120
182
46
43
99
193
118
51
139
130
64
131
34
68
140
7
48
87
10
110
81
52
91
190
187
112
114
199
1
170
116
45
129
104
185
92
101
142
69
14
17
123
177
37
79
65
71
13
162
33
=======
200
58
197
140
75
68
81
129
51
52
120
112
45
130
34
10
187
158
64
24
122
133
61
93
101
142
193
138
16
159
198
97
74
177
50
105
145
1
86
131
27
126
195
92
35
37
117
22
160
90
199
11
71
65
149
32
44
13
132
73
155
194
123
104
146
154
162
143
184
121
148
21
>>>>>>> 319e6a0dd838f4c011751a594e43cbefd1787a6a
