62
<<<<<<< HEAD
63
97
69
95
154
198
150
200
11
197
122
199
100
93
99
7
71
126
106
144
27
151
98
137
178
132
140
80
16
108
179
4
23
135
127
104
65
186
136
167
14
75
85
12
57
115
192
18
130
194
172
174
70
158
162
117
149
35
20
84
155
86
15
160
13
53
165
125
88
94
146
143
91
129
139
47
37
1
145
22
74
=======
69
95
154
63
150
11
7
71
97
178
132
179
135
100
186
140
84
85
12
167
166
75
122
172
88
14
151
99
155
162
98
67
149
160
102
57
53
80
93
103
86
81
96
165
127
108
158
34
125
73
143
4
139
56
30
47
129
194
118
37
185
153
26
20
21
1
145
156
22
133
74
32
29
199
198
>>>>>>> 319e6a0dd838f4c011751a594e43cbefd1787a6a
