<<<<<<< HEAD
59
82
69
54
40
6
55
153
120
51
129
10
45
15
30
73
49
118
131
38
113
75
81
143
83
29
99
158
142
31
160
20
102
67
2
34
170
154
70
57
149
91
167
60
110
111
132
5
150
151
164
130
3
35
14
25
144
148
4
155
71
77
168
87
32
61
115
18
39
98
139
121
96
165
=======
82
6
113
153
40
15
30
73
29
49
150
55
54
158
170
67
129
3
4
70
120
20
167
57
91
131
2
151
38
110
87
35
34
77
89
132
147
155
10
5
109
72
143
149
25
164
59
112
137
125
37
168
169
32
144
61
69
157
115
98
152
71
104
139
76
127
96
124
74
>>>>>>> 319e6a0dd838f4c011751a594e43cbefd1787a6a
