175
<<<<<<< HEAD
146
19
188
77
27
160
128
153
23
67
177
191
197
60
108
130
26
171
106
79
135
134
187
68
172
183
157
81
46
12
140
182
13
7
192
168
64
184
143
100
98
86
161
44
164
36
6
42
118
37
125
14
55
11
16
120
115
148
189
20
=======
19
81
27
160
191
108
23
26
134
187
128
13
68
55
157
118
127
171
67
12
41
83
192
48
76
135
177
66
188
161
42
172
122
37
95
195
103
65
43
29
14
98
106
100
182
163
173
71
179
147
54
184
158
11
34
164
16
174
101
189
59
148
155
44
132
>>>>>>> 319e6a0dd838f4c011751a594e43cbefd1787a6a
78
