63
145
<<<<<<< HEAD
70
103
149
65
31
53
43
69
55
22
92
150
79
102
117
44
120
151
15
35
140
7
4
86
157
127
5
111
56
78
95
76
75
18
82
72
42
28
26
=======
103
149
31
43
95
82
102
117
120
7
44
79
4
127
5
19
78
18
28
22
91
67
138
35
144
>>>>>>> 319e6a0dd838f4c011751a594e43cbefd1787a6a
14
49
136
50
38
<<<<<<< HEAD
67
88
94
109
84
118
77
155
114
128
36
19
147
133
13
91
112
156
134
6
73
=======
114
20
151
112
80
155
92
89
77
41
134
15
36
62
3
88
61
124
42
94
133
136
52
150
109
37
130
75
60
90
8
128
29
13
156
125
26
111
>>>>>>> 319e6a0dd838f4c011751a594e43cbefd1787a6a
