<<<<<<< HEAD
163
=======
>>>>>>> 319e6a0dd838f4c011751a594e43cbefd1787a6a
7
11
110
186
174
153
<<<<<<< HEAD
69
76
147
116
4
28
33
87
40
32
96
16
29
49
192
161
15
91
200
83
106
100
94
24
183
68
187
66
47
189
72
125
119
143
57
129
159
92
141
41
101
46
74
196
97
190
25
134
135
188
6
118
38
197
108
104
133
191
34
84
95
102
171
145
90
179
22
=======
76
96
33
29
94
72
90
91
147
47
187
119
106
163
148
57
125
141
183
189
40
123
41
8
25
135
97
87
17
172
74
1
188
18
92
10
112
169
38
198
108
28
118
32
39
192
121
56
136
98
59
75
199
190
60
180
104
179
193
37
116
88
84
22
107
68
58
34
159
138
5
71
26
150
143
145
49
>>>>>>> 319e6a0dd838f4c011751a594e43cbefd1787a6a
