<<<<<<< HEAD
62
155
54
71
166
179
165
162
12
87
46
110
141
104
27
51
164
59
23
115
185
64
146
131
102
95
136
175
35
167
18
190
7
111
177
193
191
75
58
30
19
150
73
137
16
42
15
50
113
101
52
98
144
5
32
57
44
79
140
138
153
8
129
3
178
139
31
69
10
45
=======
155
165
62
87
141
110
27
146
51
12
185
64
140
46
167
164
191
30
19
54
178
79
10
59
42
153
15
144
193
173
137
98
32
49
169
199
184
73
77
37
18
94
41
113
151
158
116
163
107
139
108
190
63
70
129
45
25
111
85
20
16
72
200
150
161
147
134
80
31
171
78
88
192
142
50
>>>>>>> 319e6a0dd838f4c011751a594e43cbefd1787a6a
