155
<<<<<<< HEAD
70
163
20
95
91
69
140
59
177
89
142
122
5
154
190
184
132
82
97
24
73
162
76
25
61
12
57
165
175
22
127
168
87
152
42
2
113
74
161
100
49
115
72
28
199
45
19
85
=======
163
69
140
122
154
70
61
5
190
12
132
2
115
57
100
168
81
85
165
17
197
>>>>>>> 319e6a0dd838f4c011751a594e43cbefd1787a6a
144
78
76
82
53
112
108
124
177
118
<<<<<<< HEAD
178
30
92
83
148
176
38
173
88
185
107
34
131
1
=======
179
22
110
199
83
45
40
92
11
43
44
19
176
24
38
180
25
7
52
185
28
89
107
123
121
103
95
94
34
183
87
105
137
30
167
31
27
1
10
131
135
189
146
49
>>>>>>> 319e6a0dd838f4c011751a594e43cbefd1787a6a
