<<<<<<< HEAD
86
21
135
10
5
79
142
42
52
165
68
155
6
126
179
38
53
20
80
108
83
56
106
114
78
32
65
9
12
69
145
50
92
134
72
30
182
138
109
33
157
71
121
120
123
172
178
94
44
77
3
101
176
118
1
144
175
153
63
74
36
13
66
103
24
173
=======
10
142
106
179
78
182
38
165
42
92
30
9
32
109
12
33
65
103
173
107
6
157
170
178
3
102
1
105
118
126
138
143
134
123
180
147
129
54
153
144
87
77
25
167
8
176
13
161
70
145
24
177
48
53
16
111
52
168
5
47
58
174
127
28
125
74
93
76
59
40
152
114
94
>>>>>>> 319e6a0dd838f4c011751a594e43cbefd1787a6a
