<<<<<<< HEAD
170
71
=======
>>>>>>> 319e6a0dd838f4c011751a594e43cbefd1787a6a
31
3
140
7
<<<<<<< HEAD
126
75
58
24
83
94
117
45
154
59
166
28
61
92
35
122
101
63
110
132
114
51
115
88
118
84
17
=======
83
126
94
117
154
45
132
166
39
122
63
21
101
87
114
84
144
17
35
>>>>>>> 319e6a0dd838f4c011751a594e43cbefd1787a6a
25
56
149
8
32
141
<<<<<<< HEAD
39
163
72
33
113
81
49
136
30
138
48
98
103
160
121
106
21
107
144
135
159
1
161
116
53
70
158
153
151
80
=======
113
163
30
160
66
142
72
61
77
138
38
57
48
95
44
118
131
173
115
100
110
90
157
152
146
88
82
135
125
119
136
75
158
28
98
151
103
106
18
51
129
159
168
161
10
15
74
79
>>>>>>> 319e6a0dd838f4c011751a594e43cbefd1787a6a
