<<<<<<< HEAD
107
71
127
120
69
73
26
82
108
136
17
50
158
93
38
1
=======
17
38
149
133
>>>>>>> 319e6a0dd838f4c011751a594e43cbefd1787a6a
114
34
134
<<<<<<< HEAD
133
125
12
110
97
149
145
9
138
14
91
144
79
56
126
3
112
111
92
124
169
117
27
8
150
21
47
53
153
140
135
22
10
170
30
102
11
146
130
40
=======
145
34
71
138
91
126
92
164
170
87
111
73
169
30
14
144
3
8
158
82
89
150
112
131
28
47
142
20
132
55
148
66
86
9
83
161
135
65
51
99
130
31
54
26
128
56
>>>>>>> 319e6a0dd838f4c011751a594e43cbefd1787a6a
167
27
100
53
12
124
117
171
35
24
<<<<<<< HEAD
13
143
=======
79
156
153
43
115
140
11
146
105
143
13
19
2
103
>>>>>>> 319e6a0dd838f4c011751a594e43cbefd1787a6a
