<<<<<<< HEAD
89
62
5
170
106
27
76
19
25
121
74
59
40
34
123
98
131
113
149
128
41
118
147
68
52
11
157
56
124
47
30
22
105
154
162
24
28
151
127
111
13
169
103
44
114
7
132
37
23
16
142
109
96
141
159
91
93
83
165
92
134
36
136
79
26
110
66
=======
76
27
59
113
40
98
131
149
118
157
151
34
47
30
114
136
112
154
111
45
24
28
72
124
169
44
7
127
74
132
153
95
148
37
16
109
91
46
121
168
56
93
171
22
70
105
11
107
2
96
88
54
23
106
83
165
162
142
134
79
26
160
102
39
138
71
87
122
135
68
>>>>>>> 319e6a0dd838f4c011751a594e43cbefd1787a6a
