<<<<<<< HEAD
110
23
108
63
134
91
13
31
68
191
127
135
124
162
5
179
167
43
83
49
75
172
44
77
113
118
174
143
120
58
100
112
=======
134
162
31
49
43
68
179
83
75
113
143
5
77
>>>>>>> 319e6a0dd838f4c011751a594e43cbefd1787a6a
109
29
124
120
175
87
<<<<<<< HEAD
154
11
123
200
64
24
190
175
148
48
60
46
106
164
36
104
76
86
103
131
140
165
149
136
155
92
122
193
56
96
170
22
138
189
=======
155
11
112
193
46
200
190
19
151
17
96
104
149
47
61
18
129
48
163
89
60
59
127
103
88
167
72
86
106
192
182
154
135
4
176
118
123
131
92
171
37
76
6
180
136
15
12
140
100
22
164
150
178
147
141
27
42
>>>>>>> 319e6a0dd838f4c011751a594e43cbefd1787a6a
