<<<<<<< HEAD
158
48
19
161
112
8
91
43
53
71
123
182
184
111
90
104
176
44
12
157
30
49
101
46
84
119
21
78
116
100
33
70
164
66
130
86
110
189
150
163
117
34
1
183
107
173
73
50
187
159
172
143
26
72
96
122
199
11
129
166
69
79
128
177
3
85
61
39
57
=======
71
90
112
182
184
104
84
119
123
46
12
91
189
116
150
43
30
173
26
157
78
60
114
72
18
53
3
166
130
167
50
77
37
171
135
161
63
156
6
11
83
94
158
160
54
93
99
68
79
129
42
102
40
47
154
82
122
86
52
4
146
164
172
113
88
80
176
67
197
69
19
36
128
177
61
2
152
85
62
194
>>>>>>> 319e6a0dd838f4c011751a594e43cbefd1787a6a
