110
48
<<<<<<< HEAD
133
49
76
142
144
143
40
20
28
16
72
172
121
112
86
19
92
190
182
3
87
145
=======
142
72
49
143
28
121
92
145
144
>>>>>>> 319e6a0dd838f4c011751a594e43cbefd1787a6a
193
107
194
167
50
<<<<<<< HEAD
101
130
141
45
129
183
5
56
78
17
119
84
66
127
82
147
64
157
38
69
159
79
32
81
122
90
88
158
12
91
27
85
128
169
2
131
166
116
53
163
102
31
42
10
54
22
195
=======
130
183
101
5
78
17
84
119
66
127
19
131
80
81
32
55
161
10
178
129
29
90
9
147
35
4
14
86
158
181
185
128
113
56
58
40
99
169
141
85
27
22
133
67
20
149
195
102
79
91
2
38
97
108
31
13
30
117
16
>>>>>>> 319e6a0dd838f4c011751a594e43cbefd1787a6a
