69
<<<<<<< HEAD
108
101
79
111
62
151
131
66
88
=======
131
122
>>>>>>> 319e6a0dd838f4c011751a594e43cbefd1787a6a
113
122
19
115
<<<<<<< HEAD
67
150
38
5
174
160
90
183
85
33
130
139
9
180
51
200
104
179
30
128
53
103
177
14
132
172
181
12
152
140
72
40
65
129
37
77
107
43
45
112
28
125
84
60
124
141
64
55
16
93
23
121
13
176
147
82
=======
38
5
160
174
79
33
85
14
181
95
179
43
19
183
55
30
132
12
105
53
140
129
139
42
193
90
77
128
70
32
112
67
200
9
134
28
156
65
188
78
88
101
71
119
96
56
37
60
130
124
63
141
17
68
64
84
125
137
148
23
136
195
45
72
152
10
127
147
146
11
82
102
99
31
>>>>>>> 319e6a0dd838f4c011751a594e43cbefd1787a6a
