<<<<<<< HEAD
49
159
156
132
2
147
151
52
95
94
166
148
7
161
23
70
51
82
1
188
45
167
72
9
41
102
165
107
54
138
76
28
21
121
56
=======
147
156
132
49
151
95
94
166
188
148
161
1
167
9
165
56
107
54
52
23
>>>>>>> 319e6a0dd838f4c011751a594e43cbefd1787a6a
5
123
152
154
<<<<<<< HEAD
40
124
43
=======
124
>>>>>>> 319e6a0dd838f4c011751a594e43cbefd1787a6a
122
185
138
87
<<<<<<< HEAD
64
180
185
27
47
74
89
53
142
61
57
126
106
169
125
176
172
145
111
115
117
104
140
160
163
86
181
118
123
=======
180
74
80
61
64
126
76
106
108
16
113
6
35
88
143
21
111
99
41
37
115
119
110
163
160
47
101
43
145
69
178
63
42
82
68
103
171
118
149
26
120
117
27
>>>>>>> 319e6a0dd838f4c011751a594e43cbefd1787a6a
