<<<<<<< HEAD
88
118
19
17
143
35
187
39
71
46
25
145
=======
118
19
143
187
39
17
>>>>>>> 319e6a0dd838f4c011751a594e43cbefd1787a6a
53
164
128
30
105
<<<<<<< HEAD
155
144
11
174
180
45
91
2
13
3
32
170
69
127
40
120
50
131
22
60
4
140
12
7
124
108
175
48
=======
180
127
45
46
140
25
120
131
50
60
12
27
141
48
13
32
11
>>>>>>> 319e6a0dd838f4c011751a594e43cbefd1787a6a
1
185
<<<<<<< HEAD
27
90
24
28
141
56
132
95
74
47
98
130
119
172
77
157
176
10
84
63
83
58
192
38
36
72
137
97
165
151
153
139
126
160
37
=======
182
90
132
95
130
4
26
65
126
169
192
33
98
119
157
147
78
176
61
138
183
47
188
164
108
124
123
84
63
56
156
58
38
136
172
20
170
145
161
69
112
72
137
97
36
28
153
139
184
8
115
>>>>>>> 319e6a0dd838f4c011751a594e43cbefd1787a6a
