134
140
156
<<<<<<< HEAD
25
26
99
189
122
11
105
46
188
104
117
193
119
6
98
152
10
159
145
100
147
57
64
160
166
49
169
87
78
20
180
59
88
102
63
8
58
91
177
54
161
135
92
133
5
37
120
86
125
178
85
33
183
18
90
163
95
157
14
60
=======
188
117
98
10
135
152
87
46
166
99
145
64
49
78
63
147
132
58
73
133
60
161
72
137
56
5
67
54
157
16
92
14
120
24
22
76
70
51
125
109
50
88
119
37
102
136
191
183
159
85
41
190
176
25
61
75
113
83
122
169
177
44
15
90
35
66
192
185
1
81
153
131
149
>>>>>>> 319e6a0dd838f4c011751a594e43cbefd1787a6a
