68
34
<<<<<<< HEAD
191
186
84
69
49
=======
186
>>>>>>> 319e6a0dd838f4c011751a594e43cbefd1787a6a
132
121
173
146
<<<<<<< HEAD
42
4
=======
84
>>>>>>> 319e6a0dd838f4c011751a594e43cbefd1787a6a
19
158
143
124
86
<<<<<<< HEAD
26
87
8
91
59
12
176
188
22
126
17
157
39
160
181
144
117
147
1
133
189
154
44
37
83
95
199
66
71
67
9
165
108
184
161
151
120
194
196
96
73
171
58
168
145
46
90
131
45
85
118
167
107
=======
91
12
126
4
17
39
181
144
133
171
26
37
76
157
154
96
82
189
62
23
95
36
142
7
176
43
179
78
108
173
42
120
28
57
194
67
119
58
145
75
46
45
111
138
11
164
151
147
72
139
85
99
185
131
44
149
143
10
100
66
199
183
137
5
105
106
187
80
>>>>>>> 319e6a0dd838f4c011751a594e43cbefd1787a6a
