<<<<<<< HEAD
50
78
137
74
112
140
167
28
94
125
98
99
171
54
124
4
107
122
83
108
148
153
2
62
9
65
19
93
170
130
193
37
58
147
80
59
154
168
172
7
32
10
111
134
190
101
180
126
182
47
11
144
34
116
85
86
77
95
183
195
92
81
39
100
146
87
113
57
150
76
29
90
156
=======
78
137
74
140
98
167
171
124
2
148
94
50
107
28
193
170
147
58
59
182
112
134
65
7
153
80
111
104
180
156
6
144
20
86
72
5
47
183
126
15
195
100
85
191
35
37
155
108
42
13
10
127
81
188
30
172
186
16
179
56
87
57
19
123
29
130
73
166
122
168
99
136
150
76
187
90
169
190
9
>>>>>>> 319e6a0dd838f4c011751a594e43cbefd1787a6a
