<<<<<<< HEAD
65
98
119
92
99
35
52
10
18
73
44
124
114
64
67
146
135
193
77
83
96
142
31
16
153
21
185
27
49
125
46
50
42
200
58
33
138
157
108
93
68
194
121
131
162
151
7
91
122
117
139
113
199
166
189
63
144
198
109
37
17
71
1
87
152
=======
98
119
99
65
35
64
67
114
193
96
83
44
16
77
146
31
124
21
46
33
138
157
93
117
153
199
49
189
112
122
200
131
17
113
175
41
144
132
197
27
101
1
133
108
115
143
78
139
129
121
186
88
162
105
140
37
109
94
4
118
>>>>>>> 319e6a0dd838f4c011751a594e43cbefd1787a6a
178
154
62
136
<<<<<<< HEAD
155
47
173
81
112
=======
19
155
173
102
58
18
>>>>>>> 319e6a0dd838f4c011751a594e43cbefd1787a6a
