33
<<<<<<< HEAD
68
163
31
169
135
131
138
2
50
157
40
189
194
102
119
164
114
145
9
144
55
=======
114
144
131
50
17
40
189
194
164
9
>>>>>>> 319e6a0dd838f4c011751a594e43cbefd1787a6a
57
31
94
<<<<<<< HEAD
58
132
17
42
186
120
143
41
182
22
142
65
36
5
74
69
37
83
112
12
75
88
136
76
160
59
129
155
117
81
30
179
38
141
113
70
77
134
78
116
166
153
46
105
124
180
=======
42
186
120
169
182
155
105
36
20
145
55
37
112
136
170
78
135
161
113
178
138
119
71
100
142
41
153
81
75
143
87
59
69
146
160
117
141
129
171
97
62
93
46
166
88
70
10
126
180
96
134
51
183
89
137
167
83
102
>>>>>>> 319e6a0dd838f4c011751a594e43cbefd1787a6a
