<<<<<<< HEAD
27
3
197
61
57
162
187
194
179
74
173
96
21
134
79
38
22
159
92
138
33
77
69
43
192
190
81
104
122
195
120
18
114
23
75
65
68
125
112
60
4
84
80
110
129
167
73
177
78
141
58
181
98
49
83
148
30
172
145
87
161
188
183
97
103
90
62
153
116
142
143
=======
197
27
57
179
74
96
69
81
129
79
38
138
92
18
187
77
23
146
87
114
112
97
60
194
190
134
165
4
104
22
141
123
85
159
75
51
83
122
119
49
198
33
126
154
45
65
192
98
181
68
174
59
132
84
25
8
67
188
58
103
183
172
62
164
185
145
168
90
153
10
142
140
115
>>>>>>> 319e6a0dd838f4c011751a594e43cbefd1787a6a
