<<<<<<< HEAD
108
63
177
105
25
123
=======
177
>>>>>>> 319e6a0dd838f4c011751a594e43cbefd1787a6a
46
190
168
9
89
75
107
125
66
79
47
13
68
83
20
73
<<<<<<< HEAD
191
156
133
192
158
144
77
151
113
57
42
110
4
43
185
153
104
186
183
30
45
135
52
121
181
200
15
126
157
100
129
142
148
182
160
146
22
189
111
114
=======
57
110
105
168
4
121
15
142
123
133
182
189
111
176
126
64
42
62
172
9
175
79
191
194
95
43
99
75
151
192
135
160
85
5
116
125
63
108
>>>>>>> 319e6a0dd838f4c011751a594e43cbefd1787a6a
