<<<<<<< HEAD
57
=======
>>>>>>> 319e6a0dd838f4c011751a594e43cbefd1787a6a
26
60
111
2
154
<<<<<<< HEAD
13
135
74
153
162
141
=======
135
153
>>>>>>> 319e6a0dd838f4c011751a594e43cbefd1787a6a
63
22
160
6
103
160
88
104
146
84
<<<<<<< HEAD
129
10
159
51
77
53
8
81
107
71
21
25
86
27
79
42
82
127
147
20
158
37
83
50
31
54
1
30
46
126
142
122
123
34
55
78
39
133
29
36
161
65
48
43
118
=======
46
159
51
53
8
83
127
129
139
21
27
147
82
118
58
81
40
143
14
20
37
90
117
54
136
1
11
98
16
126
142
39
125
86
100
132
56
123
122
55
6
64
17
162
101
45
119
155
78
120
48
68
36
161
65
33
152
164
112
80
>>>>>>> 319e6a0dd838f4c011751a594e43cbefd1787a6a
