84
92
133
5
73
30
35
<<<<<<< HEAD
14
5
94
25
111
9
46
149
31
30
22
54
7
40
105
116
154
148
120
125
81
93
86
143
33
6
26
59
107
85
129
37
112
145
139
57
98
18
113
156
109
4
13
=======
94
46
25
31
111
22
54
116
105
154
148
70
125
143
6
59
93
85
139
129
101
107
113
37
21
146
7
98
17
61
4
18
>>>>>>> 319e6a0dd838f4c011751a594e43cbefd1787a6a
55
128
17
121
137
158
<<<<<<< HEAD
21
52
16
146
110
157
151
=======
88
78
15
151
128
159
39
3
>>>>>>> 319e6a0dd838f4c011751a594e43cbefd1787a6a
23
159
24
43
<<<<<<< HEAD
61
88
44
62
135
153
=======
44
141
135
49
104
127
155
119
26
>>>>>>> 319e6a0dd838f4c011751a594e43cbefd1787a6a
