77
<<<<<<< HEAD
55
26
70
=======
183
60
>>>>>>> 319e6a0dd838f4c011751a594e43cbefd1787a6a
175
183
28
<<<<<<< HEAD
60
140
16
99
163
141
110
19
147
59
81
78
76
=======
163
147
59
70
47
>>>>>>> 319e6a0dd838f4c011751a594e43cbefd1787a6a
75
188
47
72
<<<<<<< HEAD
34
21
22
87
125
161
172
4
37
1
43
158
67
30
61
108
173
14
160
153
129
189
71
9
23
104
109
122
114
116
168
182
58
69
186
80
137
115
177
8
62
57
12
143
17
50
=======
141
22
173
129
161
37
26
55
146
179
14
23
71
169
109
90
188
166
122
82
88
19
148
67
114
140
99
154
168
116
117
182
177
186
167
62
184
78
17
9
160
130
136
12
128
76
143
85
125
43
96
10
137
156
31
142
150
95
131
>>>>>>> 319e6a0dd838f4c011751a594e43cbefd1787a6a
