<<<<<<< HEAD
5
96
112
35
20
109
167
117
48
200
57
169
31
187
139
174
127
97
56
3
189
149
126
166
135
70
43
66
82
173
58
16
78
41
63
155
44
190
137
102
158
17
141
113
72
59
28
6
=======
117
200
169
35
109
112
187
174
56
166
3
41
70
6
190
18
102
129
133
63
72
28
126
172
141
101
>>>>>>> 319e6a0dd838f4c011751a594e43cbefd1787a6a
104
157
66
94
97
21
<<<<<<< HEAD
76
140
61
9
99
180
129
114
133
170
33
19
45
110
14
176
25
18
=======
140
12
7
164
82
158
74
67
78
9
180
110
99
5
87
45
176
42
79
130
114
1
96
170
53
20
134
40
178
22
183
115
49
24
138
44
91
37
25
165
181
8
151
14
127
>>>>>>> 319e6a0dd838f4c011751a594e43cbefd1787a6a
