5
11
<<<<<<< HEAD
31
94
173
92
83
96
20
86
89
29
165
65
188
142
85
190
91
138
136
21
183
43
191
168
195
131
57
187
38
49
28
121
184
12
189
41
24
68
15
27
172
54
104
37
163
194
70
35
8
102
30
23
64
25
69
109
151
87
111
147
19
9
40
22
137
99
198
127
7
100
52
39
88
=======
83
31
92
89
29
165
41
65
188
91
138
86
43
191
151
57
121
173
136
21
96
104
40
37
68
64
101
182
8
137
45
30
198
87
51
3
142
27
163
56
32
112
111
34
108
145
36
25
120
26
144
14
116
61
171
189
140
100
97
185
98
148
123
127
161
174
42
76
>>>>>>> 319e6a0dd838f4c011751a594e43cbefd1787a6a
