9
172
10
<<<<<<< HEAD
1
120
2
36
128
93
189
116
88
71
76
3
4
164
112
98
110
14
124
5
15
158
6
7
8
33
43
21
11
97
127
53
105
12
13
137
42
199
125
109
114
163
139
178
161
162
152
51
28
103
192
85
75
169
148
22
66
67
18
151
24
19
126
69
37
135
102
92
186
118
132
41
55
190
=======
36
120
93
11
189
116
88
128
12
13
14
164
112
15
158
33
43
125
124
199
71
137
161
162
169
195
127
110
196
42
114
109
22
45
67
136
163
178
148
152
21
75
37
151
85
19
197
35
102
184
132
135
59
107
175
186
58
190
55
113
185
177
>>>>>>> 319e6a0dd838f4c011751a594e43cbefd1787a6a
