188
45
47
48
110
142
81
71
198
49
181
55
63
143
167
197
50
51
52
53
74
151
87
195
54
56
57
186
115
177
132
62
90
58
72
169
19
145
59
182
60
180
1
61
15
64
65
135
66
16
67
80
33
68
157
69
97
5
92
17
70
140
76
77
113
73
12
130
144
146
123
75
187
119
78
100
79
35
179
133
91
98
20
82
105
83
175
84
109
189
149
164
85
44
29
108
89
86
88
154
129
93
94
95
3
127
96
99
107
185
6
46
173
101
102
174
112
126
8
9
128
184
196
103
104
168
106
30
111
192
116
114
141
117
43
118
120
121
161
122
171
40
34
150
148
200
124
14
183
125
170
176
199
22
31
162
178
191
138
194
136
163
7
28
39
158
41
160
13
131
25
10
193
165
134
137
139
38
147
152
155
21
32
153
156
166
172
190
159
11
27
4
26
23
37
18
24
42
36
2
