<<<<<<< HEAD
133
70
99
60
24
61
91
33
134
114
145
136
127
165
22
44
198
65
187
174
97
69
172
26
173
183
181
190
101
121
46
168
142
178
132
176
74
196
=======
60
190
183
114
127
194
198
116
97
175
181
57
46
44
50
142
124
99
29
178
197
69
>>>>>>> 319e6a0dd838f4c011751a594e43cbefd1787a6a
32
71
111
131
<<<<<<< HEAD
109
82
7
180
16
188
30
38
152
72
166
157
10
175
37
40
19
87
119
9
150
194
89
189
197
106
112
147
48
148
34
57
17
98
21
116
=======
7
166
61
22
101
37
24
146
164
31
87
109
39
155
19
6
119
65
72
77
34
16
63
28
38
70
67
9
17
40
132
30
26
82
62
74
21
130
138
42
150
56
140
141
25
68
33
133
>>>>>>> 319e6a0dd838f4c011751a594e43cbefd1787a6a
