<<<<<<< HEAD
67
167
104
113
41
63
51
1
64
128
135
107
157
138
140
3
137
91
103
7
102
52
24
122
129
58
170
18
141
45
100
43
174
21
30
54
136
166
124
133
180
75
144
109
33
13
165
88
160
5
130
155
120
35
96
89
146
46
117
171
61
97
125
150
87
110
145
111
=======
104
67
122
3
100
128
138
35
129
58
141
146
45
63
157
120
46
72
54
75
144
111
180
154
102
8
39
13
159
91
38
165
153
176
123
174
89
87
31
24
6
30
125
77
61
52
41
179
116
119
98
84
23
178
33
155
90
88
115
118
136
2
21
130
27
36
97
150
86
110
148
55
131
82
151
1
>>>>>>> 319e6a0dd838f4c011751a594e43cbefd1787a6a
