123
135
124
<<<<<<< HEAD
78
134
51
118
=======
134
72
>>>>>>> 319e6a0dd838f4c011751a594e43cbefd1787a6a
70
47
115
<<<<<<< HEAD
109
126
130
148
113
128
72
19
31
83
47
76
131
79
137
136
6
101
37
84
46
65
102
104
149
36
92
140
30
111
25
106
112
17
152
7
95
44
88
43
151
54
145
74
60
45
143
1
80
157
86
5
=======
78
137
6
37
101
65
126
83
102
131
130
112
17
107
76
152
59
88
106
127
148
48
60
43
73
136
95
30
69
29
146
145
151
35
109
142
147
45
7
79
149
140
54
44
157
12
154
62
74
143
80
86
121
5
68
81
>>>>>>> 319e6a0dd838f4c011751a594e43cbefd1787a6a
