<<<<<<< HEAD
43
=======
>>>>>>> 319e6a0dd838f4c011751a594e43cbefd1787a6a
134
47
69
188
113
<<<<<<< HEAD
109
102
85
196
71
94
51
35
99
49
167
186
22
128
10
164
171
152
103
129
75
101
120
57
172
173
105
199
127
44
52
200
2
179
180
148
27
117
25
190
18
34
39
67
126
181
14
111
170
183
53
36
135
146
54
187
45
184
86
106
115
80
153
177
125
131
16
20
=======
102
99
109
49
128
71
152
196
120
180
67
126
25
27
172
157
77
85
101
181
149
75
183
147
117
122
20
112
35
2
177
135
187
89
8
155
10
52
200
108
59
19
170
146
130
184
86
64
167
80
119
165
39
106
140
3
34
6
131
121
36
76
153
28
174
179
12
166
137
198
98
21
143
58
>>>>>>> 319e6a0dd838f4c011751a594e43cbefd1787a6a
