<<<<<<< HEAD
122
12
17
161
86
26
95
111
25
=======
161
86
95
26
12
111
>>>>>>> 319e6a0dd838f4c011751a594e43cbefd1787a6a
42
91
118
<<<<<<< HEAD
89
5
181
35
15
110
165
191
27
82
57
9
188
117
137
67
48
184
7
21
107
33
6
149
39
83
59
200
105
98
173
129
10
192
52
28
103
171
65
55
177
147
58
30
132
36
167
116
169
22
72
2
166
144
75
87
97
108
24
146
=======
5
35
25
137
17
110
191
165
27
9
117
83
6
200
82
39
59
105
192
24
21
154
146
90
28
155
171
65
147
57
36
179
145
29
84
34
19
67
10
123
173
22
75
185
87
198
109
52
151
103
166
45
38
116
140
197
181
167
55
129
48
23
66
169
97
128
108
180
124
>>>>>>> 319e6a0dd838f4c011751a594e43cbefd1787a6a
