<<<<<<< HEAD
129
136
144
148
170
121
5
55
145
62
122
125
163
82
118
108
41
32
161
11
119
112
175
152
51
86
50
132
110
115
12
83
97
162
178
16
143
153
4
127
149
38
2
180
15
58
78
3
21
104
65
71
90
54
177
87
19
93
141
79
157
107
99
34
109
164
=======
5
145
108
152
41
121
11
62
110
123
112
50
155
12
83
54
178
115
55
16
122
103
153
82
136
58
88
21
38
52
170
35
3
84
104
90
177
19
23
86
2
78
109
166
6
79
51
163
125
45
175
17
47
151
32
93
71
34
97
87
165
164
157
91
107
99
134
89
36
15
127
>>>>>>> 319e6a0dd838f4c011751a594e43cbefd1787a6a
