<<<<<<< HEAD
94
=======
>>>>>>> 319e6a0dd838f4c011751a594e43cbefd1787a6a
32
153
<<<<<<< HEAD
171
26
31
89
162
121
143
174
27
4
52
158
127
149
91
33
46
101
96
114
19
35
194
75
69
130
85
184
21
23
191
=======
31
76
174
162
149
184
85
91
27
158
33
46
101
114
194
130
135
42
>>>>>>> 319e6a0dd838f4c011751a594e43cbefd1787a6a
86
105
148
42
195
<<<<<<< HEAD
146
155
34
16
104
179
200
167
29
192
82
198
49
150
58
24
110
113
117
161
45
60
122
138
55
98
135
88
181
44
=======
200
82
96
119
21
108
150
146
143
127
177
90
24
75
167
49
148
113
45
110
11
107
175
19
189
52
55
102
16
98
66
105
179
145
151
103
37
34
56
93
199
161
25
88
181
61
116
154
117
69
>>>>>>> 319e6a0dd838f4c011751a594e43cbefd1787a6a
