<<<<<<< HEAD
60
140
147
27
93
19
30
151
43
170
82
110
173
193
184
41
160
67
17
69
143
192
156
68
189
73
130
122
90
183
146
166
44
188
83
180
134
178
63
52
5
158
105
74
176
21
78
155
31
99
123
57
8
18
91
32
112
80
12
55
35
182
36
132
=======
147
151
193
17
30
184
156
99
166
183
44
19
82
180
52
134
130
83
105
108
170
8
138
135
112
200
3
141
51
133
27
143
190
95
73
15
80
23
93
55
33
41
5
173
34
123
21
31
139
98
121
12
182
60
1
155
18
79
85
39
58
118
149
40
89
11
42
145
57
62
35
119
74
92
106
159
>>>>>>> 319e6a0dd838f4c011751a594e43cbefd1787a6a
