<<<<<<< HEAD
44
121
49
11
17
113
161
48
148
66
60
58
127
144
158
137
=======
161
17
148
11
113
144
>>>>>>> 319e6a0dd838f4c011751a594e43cbefd1787a6a
76
120
78
169
<<<<<<< HEAD
57
178
171
=======
>>>>>>> 319e6a0dd838f4c011751a594e43cbefd1787a6a
71
118
<<<<<<< HEAD
172
180
18
=======
132
151
178
18
69
>>>>>>> 319e6a0dd838f4c011751a594e43cbefd1787a6a
141
109
132
69
31
<<<<<<< HEAD
114
34
53
86
3
95
153
103
152
38
111
88
32
163
9
46
175
177
145
125
70
101
6
131
168
112
62
73
133
2
116
61
=======
145
129
70
77
153
171
174
125
6
5
68
21
134
116
126
86
168
22
122
60
101
179
137
147
49
42
109
84
143
112
166
127
10
180
177
27
102
157
98
72
63
45
51
2
56
80
159
78
1
103
88
140
131
133
130
73
111
>>>>>>> 319e6a0dd838f4c011751a594e43cbefd1787a6a
