50
<<<<<<< HEAD
198
18
103
55
105
30
42
134
107
153
81
83
38
163
102
49
91
169
12
184
77
88
177
186
3
6
76
29
119
193
33
60
65
36
99
16
140
19
138
20
47
155
7
84
5
=======
30
77
134
186
18
16
99
119
76
169
33
163
182
65
102
138
103
156
96
155
126
5
161
188
93
135
7
52
47
131
>>>>>>> 319e6a0dd838f4c011751a594e43cbefd1787a6a
2
52
149
<<<<<<< HEAD
176
86
135
125
124
166
182
78
61
180
74
106
188
154
45
39
98
=======
124
94
56
172
117
64
84
166
19
125
86
175
159
115
6
144
17
46
142
143
62
184
180
29
60
150
39
4
185
31
87
154
165
140
83
26
106
45
183
32
112
141
160
41
107
>>>>>>> 319e6a0dd838f4c011751a594e43cbefd1787a6a
