78
120
172
114
<<<<<<< HEAD
129
11
37
39
169
62
149
5
70
69
86
105
6
144
164
156
141
55
113
4
18
13
103
30
53
98
38
87
110
139
131
21
52
16
84
60
54
116
75
137
59
142
165
19
32
111
41
168
50
119
42
67
146
48
95
14
26
34
81
108
152
12
9
122
=======
37
39
69
164
144
129
4
11
116
55
103
141
67
68
30
53
38
41
60
87
110
21
52
16
70
111
139
42
106
20
56
86
75
6
172
157
74
22
158
151
137
165
48
143
91
95
127
71
62
117
72
47
18
3
14
26
100
155
19
171
126
84
9
142
162
98
102
34
152
51
93
15
125
>>>>>>> 319e6a0dd838f4c011751a594e43cbefd1787a6a
