2
<<<<<<< HEAD
7
100
123
176
159
183
75
136
149
161
158
163
20
24
173
30
41
23
167
130
16
127
122
76
29
108
61
93
50
106
152
6
178
118
78
=======
159
7
149
136
75
163
30
161
76
106
130
173
112
10
152
50
6
178
>>>>>>> 319e6a0dd838f4c011751a594e43cbefd1787a6a
14
123
8
154
<<<<<<< HEAD
84
168
111
=======
21
84
>>>>>>> 319e6a0dd838f4c011751a594e43cbefd1787a6a
144
36
165
97
63
155
126
<<<<<<< HEAD
116
3
146
43
182
47
68
86
67
171
66
31
162
19
112
129
=======
39
158
170
127
155
37
117
69
54
128
146
118
150
63
174
3
86
53
157
45
47
169
67
102
29
115
110
93
185
61
182
43
97
88
27
74
19
5
129
164
180
59
109
177
73
25
111
>>>>>>> 319e6a0dd838f4c011751a594e43cbefd1787a6a
