<<<<<<< HEAD
19
24
2
98
40
3
73
97
49
95
125
26
7
14
119
128
149
104
131
62
1
111
93
129
65
158
79
127
46
35
83
57
63
66
56
81
90
155
38
=======
2
40
73
97
125
49
14
7
98
119
104
131
95
129
158
128
127
26
46
56
155
4
117
>>>>>>> 319e6a0dd838f4c011751a594e43cbefd1787a6a
48
18
91
116
50
39
57
142
<<<<<<< HEAD
135
52
8
145
106
30
41
37
25
69
146
45
92
132
153
159
4
21
43
99
82
109
110
150
67
13
117
=======
96
153
62
111
145
81
83
106
118
146
65
45
121
20
109
137
113
37
34
156
92
25
126
10
69
52
151
99
16
71
159
9
72
150
59
105
108
67
42
93
>>>>>>> 319e6a0dd838f4c011751a594e43cbefd1787a6a
