<<<<<<< HEAD
36
101
88
60
68
3
166
95
143
76
184
129
152
149
123
178
19
75
150
164
118
195
185
198
116
133
55
134
=======
101
88
68
36
3
123
75
149
164
198
55
160
80
107
>>>>>>> 319e6a0dd838f4c011751a594e43cbefd1787a6a
142
17
42
188
<<<<<<< HEAD
107
160
5
109
53
80
159
180
100
47
156
105
12
151
17
85
49
43
15
192
35
79
153
179
91
61
9
103
57
18
29
72
84
115
=======
125
159
5
47
63
139
171
43
76
15
192
69
157
77
48
103
49
146
89
178
183
35
23
4
84
124
53
105
191
180
65
102
1
163
167
98
73
9
57
153
147
7
181
99
12
177
51
116
60
>>>>>>> 319e6a0dd838f4c011751a594e43cbefd1787a6a
