<<<<<<< HEAD
24
=======
>>>>>>> 319e6a0dd838f4c011751a594e43cbefd1787a6a
39
197
44
113
<<<<<<< HEAD
150
85
132
108
146
184
178
21
105
87
19
120
10
70
175
57
104
154
111
200
118
182
177
136
137
1
121
93
3
31
50
54
157
176
147
51
181
22
189
92
91
65
106
199
27
77
58
88
129
102
193
170
123
174
139
8
86
126
158
34
74
47
196
190
67
71
16
25
29
=======
146
184
87
105
104
1
137
10
121
182
22
111
93
50
123
136
72
70
178
150
172
45
176
120
147
92
135
189
151
24
191
88
124
85
199
77
51
58
138
102
181
13
170
126
157
31
8
40
26
175
47
65
145
154
122
159
19
156
160
132
161
195
67
158
71
82
25
155
190
35
103
11
118
>>>>>>> 319e6a0dd838f4c011751a594e43cbefd1787a6a
