14
172
<<<<<<< HEAD
132
70
64
128
98
133
102
145
113
140
191
94
141
105
78
56
123
48
61
157
144
107
178
127
38
42
34
32
148
124
179
22
77
16
40
57
189
186
71
23
35
15
143
153
114
138
63
146
177
103
118
165
5
91
115
72
65
21
46
27
142
170
36
192
130
7
156
82
173
=======
70
133
102
132
144
48
140
107
189
40
178
127
38
100
32
124
179
77
36
16
177
186
123
61
145
143
71
138
63
191
118
165
46
84
162
198
148
64
150
33
86
85
35
99
21
196
52
68
57
10
91
95
163
151
192
154
56
131
139
136
142
65
106
109
58
82
30
111
134
173
28
62
54
141
114
>>>>>>> 319e6a0dd838f4c011751a594e43cbefd1787a6a
