<<<<<<< HEAD
86
24
95
66
94
100
115
6
125
175
121
2
32
137
167
188
104
134
3
61
93
12
16
=======
115
95
167
134
3
137
86
107
6
32
>>>>>>> 319e6a0dd838f4c011751a594e43cbefd1787a6a
108
123
28
112
146
166
5
81
55
49
<<<<<<< HEAD
29
68
91
107
119
127
141
172
102
54
160
182
71
=======
16
112
146
102
22
166
29
58
127
172
>>>>>>> 319e6a0dd838f4c011751a594e43cbefd1787a6a
122
57
68
111
180
<<<<<<< HEAD
7
25
37
139
85
35
105
75
70
31
101
22
58
111
63
161
88
19
173
155
183
98
42
17
60
18
27
57
144
177
=======
139
77
12
183
66
85
185
56
67
61
171
105
14
100
158
5
23
132
55
160
70
7
18
120
182
173
168
75
80
20
2
154
84
28
141
177
94
93
63
40
175
174
98
62
87
60
144
97
78
48
1
157
31
181
37
140
179
135
125
>>>>>>> 319e6a0dd838f4c011751a594e43cbefd1787a6a
