<<<<<<< HEAD
94
13
69
196
132
117
50
130
83
37
125
146
176
76
115
169
84
4
45
104
32
59
71
174
137
129
127
16
163
99
178
1
184
51
157
133
167
15
79
188
7
2
102
35
6
158
177
75
142
121
68
98
119
161
175
88
162
27
183
108
155
118
78
20
180
26
100
113
140
153
91
8
109
171
19
145
53
=======
13
69
196
125
176
146
130
76
115
169
4
71
174
137
167
59
158
131
102
133
192
142
177
119
160
79
57
87
155
132
20
78
75
26
122
118
110
77
46
126
109
175
159
98
171
96
199
107
141
195
105
27
39
5
17
93
45
23
80
19
47
18
8
30
145
182
21
66
113
143
189
168
148
152
173
103
>>>>>>> 319e6a0dd838f4c011751a594e43cbefd1787a6a
