<<<<<<< HEAD
10
118
19
45
112
69
100
103
71
72
191
166
22
=======
118
19
45
69
191
166
>>>>>>> 319e6a0dd838f4c011751a594e43cbefd1787a6a
190
114
144
1
135
<<<<<<< HEAD
31
91
17
189
145
78
108
120
117
89
7
39
186
16
56
87
35
2
198
27
136
102
142
113
99
171
63
187
169
128
152
134
123
154
192
93
3
157
50
158
194
97
29
174
185
116
111
179
36
46
151
=======
72
100
145
117
7
192
78
2
142
99
133
154
1
186
54
179
129
29
34
73
147
123
3
157
185
35
11
31
198
10
60
20
86
141
148
63
164
89
122
158
41
193
120
91
64
62
8
189
36
160
4
93
42
49
84
13
194
88
57
200
59
61
162
6
169
>>>>>>> 319e6a0dd838f4c011751a594e43cbefd1787a6a
