<<<<<<< HEAD
79
155
149
108
191
171
50
138
71
76
168
118
39
197
119
70
19
117
89
169
152
172
26
176
9
4
34
58
16
95
136
66
5
111
57
129
154
190
102
167
47
46
11
140
7
142
121
91
159
133
28
181
109
35
178
187
62
40
100
125
53
153
198
83
124
85
165
128
10
=======
191
168
171
118
197
50
138
111
66
79
176
26
129
149
136
154
178
57
34
28
157
39
101
100
167
11
113
133
164
87
108
9
115
165
109
63
25
124
106
49
128
46
134
117
187
12
170
126
190
30
198
142
67
83
147
20
152
144
146
17
7
91
85
145
62
23
41
125
122
21
182
169
>>>>>>> 319e6a0dd838f4c011751a594e43cbefd1787a6a
