<<<<<<< HEAD
63
124
71
9
75
=======
124
63
>>>>>>> 319e6a0dd838f4c011751a594e43cbefd1787a6a
184
147
79
117
19
<<<<<<< HEAD
37
127
15
78
67
99
194
46
189
32
40
54
170
73
89
191
152
160
192
161
155
23
80
100
64
65
135
27
14
34
185
=======
78
67
71
37
99
54
187
170
89
160
169
155
27
>>>>>>> 319e6a0dd838f4c011751a594e43cbefd1787a6a
134
167
186
<<<<<<< HEAD
187
167
132
193
146
13
43
49
61
112
82
115
26
126
111
129
25
87
86
105
148
=======
165
12
137
13
120
55
173
62
180
43
49
3
106
61
122
96
47
26
138
125
73
1
174
57
156
50
23
10
154
118
158
69
85
200
132
197
9
65
115
14
30
112
52
48
119
135
185
111
126
72
194
>>>>>>> 319e6a0dd838f4c011751a594e43cbefd1787a6a
