158
<<<<<<< HEAD
31
129
170
150
88
63
195
=======
150
88
>>>>>>> 319e6a0dd838f4c011751a594e43cbefd1787a6a
13
103
134
168
39
<<<<<<< HEAD
70
135
189
146
104
162
102
152
179
115
53
177
16
100
155
80
58
136
28
20
180
26
145
60
173
49
107
36
46
71
10
154
21
66
191
34
117
190
92
94
193
159
8
123
186
149
131
96
169
=======
129
31
70
100
155
80
53
20
180
107
95
22
185
10
34
177
79
58
25
117
199
17
55
8
77
26
14
186
33
170
162
74
46
16
131
27
188
102
194
193
90
152
86
122
64
174
123
30
145
159
93
96
>>>>>>> 319e6a0dd838f4c011751a594e43cbefd1787a6a
32
36
183
89
165
<<<<<<< HEAD
35
=======
23
92
121
110
91
35
5
54
>>>>>>> 319e6a0dd838f4c011751a594e43cbefd1787a6a
