<<<<<<< HEAD
42
117
130
87
66
150
152
126
=======
130
87
150
66
152
>>>>>>> 319e6a0dd838f4c011751a594e43cbefd1787a6a
142
81
43
105
<<<<<<< HEAD
99
60
88
44
12
93
51
4
35
64
139
21
78
=======
12
117
51
35
21
23
88
99
126
>>>>>>> 319e6a0dd838f4c011751a594e43cbefd1787a6a
77
155
34
151
131
<<<<<<< HEAD
118
25
157
165
17
18
11
23
13
137
46
8
147
62
89
68
69
7
167
116
113
73
86
160
29
15
59
22
14
67
159
38
82
32
158
106
140
108
149
53
56
10
37
=======
166
73
160
46
18
167
10
86
53
65
42
91
6
85
115
147
113
59
151
20
146
29
30
11
9
141
111
61
92
13
64
90
136
161
7
62
15
67
14
43
38
41
31
69
158
32
122
106
140
143
76
103
154
58
22
>>>>>>> 319e6a0dd838f4c011751a594e43cbefd1787a6a
