<<<<<<< HEAD
103
136
137
158
153
167
55
58
131
76
69
160
7
3
81
56
67
157
59
78
98
21
30
151
116
86
70
142
43
4
24
1
113
27
92
118
100
41
96
148
5
163
66
28
79
119
139
36
166
170
40
32
173
121
33
144
60
145
165
62
169
44
106
37
73
49
109
83
156
6
65
18
53
=======
158
137
153
167
136
55
131
160
7
58
81
67
157
59
98
30
166
56
116
70
43
41
83
24
73
148
151
28
163
66
86
79
94
40
36
172
156
33
69
115
165
29
93
76
44
84
145
173
144
106
109
119
146
6
78
134
5
142
60
62
114
82
121
65
88
96
2
48
38
87
4
>>>>>>> 319e6a0dd838f4c011751a594e43cbefd1787a6a
