<<<<<<< HEAD
37
168
51
18
67
115
179
101
84
194
130
93
118
200
122
31
17
178
98
1
49
150
44
106
128
136
15
123
97
166
177
192
114
155
23
147
117
65
127
163
88
10
13
149
22
162
19
89
76
4
43
63
143
191
99
133
12
197
36
104
39
75
55
198
82
=======
179
130
84
67
17
147
150
106
1
15
93
200
97
177
114
117
165
184
22
12
44
163
134
186
6
105
51
55
162
148
160
99
48
89
4
54
65
159
43
140
197
40
87
23
178
76
152
92
85
185
39
73
95
>>>>>>> 319e6a0dd838f4c011751a594e43cbefd1787a6a
196
28
50
149
75
56
52
168
113
<<<<<<< HEAD
189
3
124
154
176
=======
45
13
102
61
10
133
104
63
124
145
189
16
82
9
154
199
110
123
>>>>>>> 319e6a0dd838f4c011751a594e43cbefd1787a6a
