124
8
6
32
37
74
155
134
187
164
49
67
69
63
115
197
106
71
60
163
172
118
80
177
125
158
10
29
107
169
153
100
161
17
50
137
34
139
90
7
51
126
179
14
97
178
103
117
4
131
15
111
159
82
132
62
102
96
110
136
24
154
109
55
38
58
152
188
196
120
193
176
85
191
192
46
98
13
11
72
39
20
144
149
68
143
22
142
53
61
75
175
105
198
16
162
23
99
200
40
31
56
54
2
148
44
48
138
168
21
79
151
189
122
30
130
19
45
190
65
88
35
59
183
119
70
147
94
129
184
1
145
25
26
182
95
52
64
114
108
9
89
77
170
41
76
160
