<<<<<<< HEAD
147
60
1
95
189
97
182
=======
97
18
>>>>>>> 319e6a0dd838f4c011751a594e43cbefd1787a6a
101
193
8
18
82
153
194
52
178
<<<<<<< HEAD
106
160
162
184
114
123
71
149
187
99
200
3
197
45
177
112
109
122
141
92
158
22
91
59
110
89
130
173
159
107
117
33
81
6
86
124
87
165
154
58
24
155
44
26
=======
160
184
123
114
187
157
50
49
92
110
177
173
56
106
36
12
20
200
8
3
147
188
159
53
68
26
21
107
137
5
103
52
64
22
90
45
128
100
124
154
118
4
78
17
69
28
130
6
122
24
196
149
48
141
138
117
81
37
13
65
14
40
155
136
31
>>>>>>> 319e6a0dd838f4c011751a594e43cbefd1787a6a
