165
<<<<<<< HEAD
152
34
66
55
23
89
79
50
170
49
138
52
15
153
107
111
53
73
118
10
75
56
149
100
16
85
32
122
=======
79
34
52
50
49
138
107
111
100
122
114
>>>>>>> 319e6a0dd838f4c011751a594e43cbefd1787a6a
2
98
21
<<<<<<< HEAD
123
162
131
124
86
24
87
26
64
7
8
6
143
57
4
84
83
46
92
159
18
37
139
114
172
45
158
28
104
67
48
98
166
135
43
115
129
63
29
=======
74
124
32
30
16
24
8
139
53
56
132
92
46
15
64
91
172
4
131
86
158
29
109
27
12
112
173
26
45
36
25
104
87
44
163
143
155
73
67
137
83
61
152
28
121
135
43
115
71
62
145
167
157
72
84
140
171
>>>>>>> 319e6a0dd838f4c011751a594e43cbefd1787a6a
