<<<<<<< HEAD
41
30
91
23
124
129
133
29
79
13
43
115
194
107
84
17
19
31
18
143
53
61
10
69
149
177
154
94
100
157
74
196
73
128
48
81
136
192
42
155
27
165
14
55
182
51
59
89
186
118
137
21
25
50
28
9
153
122
114
148
174
46
120
26
=======
124
91
29
79
133
129
43
84
17
19
154
74
69
10
157
161
196
127
194
136
42
177
14
155
55
199
178
21
122
89
123
175
28
24
18
9
112
114
115
54
68
100
25
140
125
169
50
22
152
92
165
121
1
191
143
31
145
192
37
45
61
113
103
33
111
57
5
117
53
137
120
139
144
159
47
166
>>>>>>> 319e6a0dd838f4c011751a594e43cbefd1787a6a
