<<<<<<< HEAD
33
99
18
81
180
117
156
30
143
132
126
199
10
41
125
151
79
53
106
181
34
11
166
2
150
32
129
147
76
192
52
149
167
74
120
43
196
163
107
37
17
19
190
75
175
38
7
90
25
139
118
182
9
154
93
165
47
128
1
153
80
142
87
5
108
169
104
189
98
111
39
183
173
=======
99
33
156
41
10
125
151
143
79
53
199
74
150
181
11
139
169
18
108
149
178
167
128
52
192
196
163
135
82
36
84
190
75
38
7
119
109
177
31
90
25
184
145
166
182
130
76
106
24
165
2
153
142
63
80
43
200
100
197
5
32
20
104
87
47
70
189
48
69
8
98
4
56
21
111
105
191
168
81
>>>>>>> 319e6a0dd838f4c011751a594e43cbefd1787a6a
