172
155
<<<<<<< HEAD
62
32
168
34
160
53
94
179
178
41
184
18
19
134
38
187
84
72
112
154
192
74
157
29
170
198
147
176
93
64
58
129
75
37
20
44
6
136
110
104
164
120
24
69
197
124
26
90
177
115
79
196
78
27
153
183
86
40
135
106
175
149
169
83
195
190
33
30
=======
53
18
19
187
34
154
184
198
41
149
104
165
72
197
129
44
62
195
64
6
164
113
98
26
169
75
27
70
30
124
20
82
102
74
24
114
36
86
37
176
40
144
110
179
14
160
49
171
43
112
84
125
91
168
12
137
159
78
186
76
90
132
106
166
175
35
196
83
109
28
95
190
123
193
127
101
80
153
>>>>>>> 319e6a0dd838f4c011751a594e43cbefd1787a6a
