<<<<<<< HEAD
128
168
140
167
38
154
72
143
141
62
80
123
116
53
124
174
169
180
155
93
136
76
36
129
78
165
186
66
79
10
54
11
188
113
190
43
178
41
26
15
50
118
75
100
59
109
171
96
25
68
138
175
58
115
132
147
12
31
94
24
110
13
63
158
146
170
40
=======
154
143
38
141
123
124
72
80
36
174
186
66
78
79
165
167
54
129
188
26
75
31
113
115
118
102
178
59
84
15
109
68
119
69
64
168
194
117
13
155
94
62
151
158
14
192
41
97
146
86
16
179
190
147
96
2
177
10
175
170
90
82
116
44
100
12
161
28
63
17
40
88
189
91
125
126
>>>>>>> 319e6a0dd838f4c011751a594e43cbefd1787a6a
