40
<<<<<<< HEAD
50
149
94
105
91
5
112
28
75
74
52
89
93
=======
149
91
112
105
75
74
>>>>>>> 319e6a0dd838f4c011751a594e43cbefd1787a6a
143
14
139
<<<<<<< HEAD
21
84
145
126
97
26
122
142
67
13
70
44
37
24
32
48
=======
94
21
142
13
104
50
>>>>>>> 319e6a0dd838f4c011751a594e43cbefd1787a6a
53
19
96
15
138
<<<<<<< HEAD
134
141
104
100
130
125
79
38
77
11
90
147
7
59
114
35
64
78
27
92
121
66
124
135
131
150
83
58
107
137
111
=======
48
134
137
32
57
83
66
31
54
26
5
145
84
77
126
151
147
72
89
11
114
3
64
78
123
140
96
102
52
17
106
15
24
121
124
111
20
113
150
29
16
23
109
71
42
80
68
30
65
127
95
67
>>>>>>> 319e6a0dd838f4c011751a594e43cbefd1787a6a
