<<<<<<< HEAD
3
64
65
55
108
67
114
144
175
176
109
123
41
177
48
100
127
164
192
53
137
146
59
121
171
61
2
135
13
138
51
92
131
130
113
89
70
166
86
23
148
161
50
11
119
68
85
72
56
140
82
96
26
194
7
6
97
185
18
35
159
170
190
111
29
103
139
=======
108
64
65
114
175
123
41
176
164
137
61
68
13
138
121
92
177
113
59
89
80
23
72
119
44
171
147
26
70
24
126
190
6
95
183
144
11
22
102
66
189
197
47
120
77
110
16
3
78
161
82
51
19
76
194
17
185
140
179
73
5
97
>>>>>>> 319e6a0dd838f4c011751a594e43cbefd1787a6a
87
35
7
14
199
155
172
60
52
198
<<<<<<< HEAD
106
36
=======
139
111
15
74
106
91
181
85
>>>>>>> 319e6a0dd838f4c011751a594e43cbefd1787a6a
