<<<<<<< HEAD
48
144
69
151
66
127
97
3
98
186
173
129
57
145
37
189
84
16
190
87
18
195
115
121
199
192
119
41
131
38
120
75
79
93
132
150
177
100
163
14
43
96
184
110
193
118
47
95
81
140
45
76
158
91
33
114
99
29
12
133
178
50
35
36
170
56
30
172
200
5
19
32
107
194
94
=======
69
66
127
173
37
189
121
192
41
50
60
5
93
150
110
81
96
3
76
199
185
33
156
120
129
91
144
102
79
26
104
114
178
82
168
190
75
163
72
99
188
38
48
12
85
18
35
116
14
36
139
117
30
19
2
100
78
197
84
42
8
63
45
109
55
32
159
200
52
27
46
83
118
194
154
106
31
147
134
>>>>>>> 319e6a0dd838f4c011751a594e43cbefd1787a6a
