<<<<<<< HEAD
7
35
47
114
182
184
42
152
110
124
72
164
4
32
78
33
40
138
75
192
89
142
101
168
175
67
116
161
179
122
85
52
5
149
185
69
129
198
13
48
1
44
189
95
61
64
87
93
46
50
=======
114
7
182
152
164
35
138
72
67
13
78
64
101
122
129
47
184
89
73
1
150
141
>>>>>>> 319e6a0dd838f4c011751a594e43cbefd1787a6a
107
15
69
168
93
70
9
<<<<<<< HEAD
140
25
154
39
176
66
166
141
199
55
113
3
177
92
73
=======
165
175
23
46
66
192
82
18
153
154
198
113
92
160
16
185
79
>>>>>>> 319e6a0dd838f4c011751a594e43cbefd1787a6a
158
197
167
25
111
173
189
74
<<<<<<< HEAD
22
131
15
53
26
97
157
31
83
181
105
150
=======
183
57
48
177
41
53
123
52
87
85
137
116
33
166
190
31
61
110
22
90
83
26
100
181
59
36
20
71
19
21
199
149
>>>>>>> 319e6a0dd838f4c011751a594e43cbefd1787a6a
