<<<<<<< HEAD
77
1
111
2
24
60
89
91
119
132
166
63
67
30
139
114
169
66
41
163
78
174
145
27
116
123
79
9
162
149
32
170
181
54
95
28
6
7
72
99
90
8
46
86
117
101
106
157
173
129
100
97
172
50
151
176
165
22
36
84
4
161
138
52
=======
89
166
77
169
139
163
174
27
24
123
9
170
119
41
7
63
46
106
1
35
6
86
101
162
8
95
36
173
50
69
97
94
40
132
128
49
58
17
151
168
136
72
153
111
143
133
88
33
84
25
60
79
104
82
182
176
127
149
16
90
157
135
175
22
108
98
81
52
138
161
29
78
145
>>>>>>> 319e6a0dd838f4c011751a594e43cbefd1787a6a
