93
126
<<<<<<< HEAD
66
150
82
129
33
166
48
157
13
144
29
46
7
4
77
1
90
105
83
5
159
10
101
147
117
12
26
142
92
106
50
160
60
2
68
14
170
67
104
74
75
162
20
27
86
154
78
16
96
173
107
52
138
44
57
156
=======
82
129
166
13
157
29
46
33
1
48
105
2
156
77
147
106
6
170
74
101
14
20
27
5
86
118
107
22
149
83
16
162
44
175
17
19
110
84
>>>>>>> 319e6a0dd838f4c011751a594e43cbefd1787a6a
136
68
116
142
23
99
<<<<<<< HEAD
42
61
141
6
123
19
11
151
39
73
103
=======
47
138
38
42
51
49
172
53
75
57
67
39
73
104
127
4
141
31
61
52
81
168
132
45
123
9
24
>>>>>>> 319e6a0dd838f4c011751a594e43cbefd1787a6a
