158
<<<<<<< HEAD
147
178
60
45
116
42
69
85
4
21
47
88
27
17
122
167
127
30
1
77
90
108
140
157
97
82
61
6
189
57
151
98
84
138
107
55
133
78
188
18
56
175
67
26
3
176
152
144
119
51
123
180
135
110
24
103
161
44
169
58
93
22
=======
45
116
17
122
77
27
127
1
60
90
140
97
175
98
119
30
190
107
169
51
55
153
34
41
159
87
18
108
171
94
174
88
59
24
150
42
64
39
76
53
3
40
99
180
46
179
110
8
134
91
36
188
157
164
61
11
185
103
128
7
123
84
86
75
144
67
130
44
105
131
149
65
124
138
85
>>>>>>> 319e6a0dd838f4c011751a594e43cbefd1787a6a
