120
61
174
76
77
164
49
46
126
113
<<<<<<< HEAD
183
111
144
138
104
=======
>>>>>>> 319e6a0dd838f4c011751a594e43cbefd1787a6a
47
91
141
<<<<<<< HEAD
122
11
44
167
149
177
17
121
128
152
23
135
7
175
=======
149
138
167
121
73
7
17
128
44
152
57
11
>>>>>>> 319e6a0dd838f4c011751a594e43cbefd1787a6a
41
153
31
86
184
<<<<<<< HEAD
63
73
16
30
57
173
148
137
159
45
109
165
75
160
40
12
28
67
133
166
3
132
90
20
150
38
66
32
172
=======
3
16
135
173
183
49
165
18
92
120
75
80
160
157
67
20
19
39
31
104
111
35
153
174
103
78
181
131
115
90
36
122
93
119
54
166
61
58
12
38
40
66
172
169
168
10
146
56
170
13
175
>>>>>>> 319e6a0dd838f4c011751a594e43cbefd1787a6a
