79
199
157
149
80
56
152
93
5
161
30
<<<<<<< HEAD
171
47
29
184
43
57
50
74
94
180
158
124
185
197
134
73
196
3
10
173
84
119
129
125
143
97
193
88
179
128
151
21
45
=======
47
124
29
180
80
43
27
119
128
118
125
140
23
65
84
152
>>>>>>> 319e6a0dd838f4c011751a594e43cbefd1787a6a
166
176
178
108
169
72
<<<<<<< HEAD
138
118
188
115
106
164
186
14
6
76
117
27
77
160
194
78
8
71
156
187
16
154
40
23
=======
187
151
138
188
197
200
170
97
116
98
186
106
160
28
153
16
78
14
22
57
133
143
96
99
64
91
87
193
175
25
110
196
94
101
134
21
164
45
174
194
183
51
71
179
177
24
144
154
104
8
100
114
132
31
192
32
>>>>>>> 319e6a0dd838f4c011751a594e43cbefd1787a6a
