<<<<<<< HEAD
165
6
111
36
34
90
176
99
14
131
156
163
148
183
135
46
194
124
73
57
66
83
200
63
151
114
166
159
188
160
113
178
125
12
145
74
161
35
107
182
52
49
168
186
32
70
153
85
143
94
141
37
15
98
164
45
26
133
129
199
51
4
158
18
177
30
40
180
58
192
89
117
187
80
75
179
13
=======
99
183
34
135
6
200
194
151
159
178
188
83
145
32
160
186
133
168
113
74
107
12
52
90
117
192
61
100
49
70
25
85
141
180
13
15
48
37
98
4
76
157
51
150
156
62
158
33
190
97
197
177
114
18
71
189
122
39
130
27
153
81
163
132
171
56
35
53
128
144
118
96
65
139
57
46
196
129
80
179
174
108
54
40
>>>>>>> 319e6a0dd838f4c011751a594e43cbefd1787a6a
