<<<<<<< HEAD
70
60
135
33
97
99
142
57
24
147
61
22
65
44
46
29
106
69
149
158
58
26
148
157
32
71
166
77
82
117
16
74
7
114
119
193
34
30
38
122
145
37
87
98
=======
60
158
147
157
97
114
57
46
44
50
99
29
69
32
71
7
61
22
53
37
24
31
87
39
8
>>>>>>> 319e6a0dd838f4c011751a594e43cbefd1787a6a
19
6
65
72
<<<<<<< HEAD
73
28
188
107
124
91
40
9
134
171
102
139
153
=======
77
34
16
63
28
38
70
67
9
>>>>>>> 319e6a0dd838f4c011751a594e43cbefd1787a6a
17
40
30
26
20
82
83
73
62
74
21
<<<<<<< HEAD
170
56
42
115
179
161
121
=======
42
96
56
25
14
68
66
86
92
43
33
148
106
>>>>>>> 319e6a0dd838f4c011751a594e43cbefd1787a6a
