1
2
3
7
13
14
15
4
111
117
5
116
34
16
6
8
110
19
35
9
10
20
37
25
27
36
38
173
179
11
12
114
17
112
18
30
21
200
31
22
32
199
113
175
177
174
23
43
115
109
118
45
120
178
46
47
24
49
26
28
29
181
50
33
51
188
39
194
52
186
54
185
55
40
187
41
122
176
143
119
121
131
148
151
133
42
123
183
56
191
57
189
44
48
182
142
195
53
190
196
58
59
135
60
197
61
62
180
64
63
65
66
68
192
70
67
69
74
71
75
76
184
136
72
152
145
193
139
78
137
73
77
147
79
146
150
80
81
171
166
82
160
198
83
157
85
149
159
84
86
87
144
88
155
92
93
89
90
95
170
153
161
158
154
96
97
162
98
99
168
163
100
164
91
101
169
172
102
103
165
94
104
106
167
156
105
140
141
138
132
134
129
130
107
124
108
128
127
125
126
