56
38
2
146
90
180
186
161
<<<<<<< HEAD
84
74
158
47
7
166
165
139
71
99
170
103
6
189
44
110
122
136
173
49
178
188
97
164
117
3
81
54
137
77
64
70
42
182
172
=======
146
74
84
7
49
42
86
180
73
92
131
148
110
3
178
59
55
75
188
65
87
129
157
172
103
152
189
128
22
137
122
173
31
39
9
76
111
158
159
60
117
91
77
13
70
115
171
40
43
95
>>>>>>> 319e6a0dd838f4c011751a594e43cbefd1787a6a
57
144
<<<<<<< HEAD
22
82
127
89
106
95
92
163
73
40
85
43
133
113
75
15
126
=======
127
89
82
182
85
83
19
64
54
81
52
136
68
6
56
>>>>>>> 319e6a0dd838f4c011751a594e43cbefd1787a6a
