72
13
<<<<<<< HEAD
42
109
48
113
99
132
89
117
36
49
20
124
138
3
149
95
100
150
66
84
61
159
90
14
26
37
110
45
22
101
153
7
146
40
25
9
147
65
67
73
10
=======
109
113
89
124
117
2
61
26
101
131
107
153
14
64
97
132
141
73
81
>>>>>>> 319e6a0dd838f4c011751a594e43cbefd1787a6a
126
111
24
54
136
118
133
36
21
60
65
138
150
48
137
77
<<<<<<< HEAD
96
131
155
23
114
93
87
38
134
137
115
41
2
50
=======
122
23
93
160
100
146
87
110
84
3
66
40
104
9
67
139
51
10
96
45
41
115
155
18
121
44
82
151
143
68
75
53
144
7
17
32
>>>>>>> 319e6a0dd838f4c011751a594e43cbefd1787a6a
