28
<<<<<<< HEAD
119
186
50
40
155
116
135
20
194
152
54
112
55
200
130
74
105
81
68
173
30
117
114
22
147
47
126
15
9
77
39
34
46
179
97
38
169
125
153
184
3
180
127
118
129
197
162
56
170
101
93
193
86
103
182
2
111
89
51
167
44
137
1
84
143
8
11
154
4
75
195
58
6
133
191
=======
155
50
194
54
55
74
105
173
114
9
186
154
77
68
46
129
40
101
179
72
119
130
34
169
197
3
180
127
43
38
56
107
30
86
91
159
2
51
23
123
33
39
113
36
53
141
156
13
44
75
96
137
87
190
181
167
78
17
92
66
143
4
191
11
6
133
62
138
164
192
116
152
>>>>>>> 319e6a0dd838f4c011751a594e43cbefd1787a6a
