<<<<<<< HEAD
71
93
26
74
184
47
146
176
182
120
4
53
=======
93
182
4
>>>>>>> 319e6a0dd838f4c011751a594e43cbefd1787a6a
25
40
<<<<<<< HEAD
103
143
138
28
119
121
105
196
188
64
190
168
80
173
169
197
95
9
45
15
179
194
20
33
178
101
111
192
97
116
60
90
=======
146
26
120
119
196
190
168
33
28
31
105
97
9
37
143
20
52
111
185
127
178
82
>>>>>>> 319e6a0dd838f4c011751a594e43cbefd1787a6a
30
49
147
<<<<<<< HEAD
151
43
107
185
31
150
164
180
38
73
49
23
125
174
82
89
191
42
69
124
136
141
115
161
109
51
2
52
122
66
127
46
=======
15
150
180
23
102
103
116
76
184
18
174
89
191
12
95
69
141
42
17
27
90
179
107
134
98
152
162
153
133
135
70
66
91
100
13
88
67
188
197
64
186
44
158
115
2
73
130
51
78
55
172
104
198
122
38
>>>>>>> 319e6a0dd838f4c011751a594e43cbefd1787a6a
