<<<<<<< HEAD
113
34
38
49
177
80
135
31
23
171
125
98
46
59
150
83
96
84
169
74
168
123
88
126
81
85
148
101
99
47
100
138
111
132
195
12
124
115
6
5
130
28
156
131
76
108
112
127
146
166
118
57
180
92
186
157
173
65
13
30
192
196
27
24
147
52
159
120
62
93
16
=======
34
38
80
169
150
96
126
99
138
81
85
131
113
46
148
111
175
12
115
28
164
108
112
6
47
127
118
192
2
57
182
186
5
161
14
190
68
178
13
35
170
50
52
128
103
121
133
198
125
88
159
79
144
200
54
82
177
92
1
130
93
146
157
55
173
27
24
155
16
185
197
120
91
95
65
94
76
30
195
100
>>>>>>> 319e6a0dd838f4c011751a594e43cbefd1787a6a
