7
<<<<<<< HEAD
177
36
15
91
=======
91
200
131
>>>>>>> 319e6a0dd838f4c011751a594e43cbefd1787a6a
134
15
167
<<<<<<< HEAD
200
131
89
59
187
139
95
127
42
145
83
77
152
185
25
78
33
30
74
96
47
121
188
112
58
173
24
151
180
60
108
27
17
135
=======
59
145
185
42
78
151
6
70
17
147
60
126
23
74
>>>>>>> 319e6a0dd838f4c011751a594e43cbefd1787a6a
120
132
197
11
<<<<<<< HEAD
3
62
94
79
133
199
6
126
69
40
75
23
45
190
22
154
106
153
50
28
13
20
147
=======
94
152
57
191
136
165
84
137
46
96
169
123
52
108
33
77
76
69
24
153
180
32
8
89
129
10
140
13
186
21
103
56
199
80
166
175
45
190
121
178
22
163
50
28
117
>>>>>>> 319e6a0dd838f4c011751a594e43cbefd1787a6a
