<<<<<<< HEAD
1
=======
>>>>>>> 319e6a0dd838f4c011751a594e43cbefd1787a6a
47
126
23
2
41
<<<<<<< HEAD
3
4
=======
>>>>>>> 319e6a0dd838f4c011751a594e43cbefd1787a6a
119
120
28
<<<<<<< HEAD
10
11
6
49
7
8
22
107
9
98
180
12
16
13
181
34
63
182
183
101
184
29
54
185
51
186
177
46
68
91
32
14
37
104
131
187
188
189
190
191
72
173
192
193
129
76
194
195
17
80
100
141
136
196
197
152
149
71
36
198
199
200
94
86
85
50
61
170
116
121
18
124
15
97
174
58
42
162
122
33
=======
22
107
16
116
200
124
34
63
42
101
29
54
46
68
91
58
79
37
104
131
137
72
173
108
45
129
167
76
17
80
136
149
100
60
97
152
140
69
170
82
148
18
86
71
10
11
12
13
14
141
174
53
50
15
40
138
98
>>>>>>> 319e6a0dd838f4c011751a594e43cbefd1787a6a
