<<<<<<< HEAD
128
162
24
114
38
52
180
102
21
66
49
97
6
101
82
150
191
1
91
158
179
77
146
118
25
189
132
87
120
183
181
190
70
155
124
160
36
26
71
131
47
48
30
7
173
111
106
37
109
182
176
14
3
139
39
29
100
4
184
171
51
72
20
88
127
148
=======
24
114
38
49
21
101
118
66
82
190
155
183
25
109
131
39
48
124
70
160
191
127
182
37
104
88
14
4
1
148
136
51
9
75
47
3
94
43
32
77
58
81
169
129
60
119
180
139
121
69
20
193
132
36
173
146
181
166
198
19
74
153
>>>>>>> 319e6a0dd838f4c011751a594e43cbefd1787a6a
149
113
199
22
108
196
