<<<<<<< HEAD
108
94
117
147
128
39
28
51
183
100
15
176
107
141
75
169
24
67
179
60
73
149
144
13
20
130
91
158
3
154
47
27
53
61
174
181
129
56
65
6
84
76
109
184
111
124
43
97
85
55
35
172
146
44
14
26
171
112
142
96
177
5
=======
117
147
183
51
128
15
94
141
108
149
27
61
181
60
144
65
28
73
13
42
184
97
107
53
85
146
167
175
88
109
113
111
152
9
35
171
151
46
75
177
134
24
63
1
91
172
132
77
124
57
43
140
158
84
121
122
106
47
81
100
>>>>>>> 319e6a0dd838f4c011751a594e43cbefd1787a6a
163
127
129
12
142
103
<<<<<<< HEAD
165
159
49
135
18
=======
31
125
166
165
5
49
30
135
143
139
38
68
169
>>>>>>> 319e6a0dd838f4c011751a594e43cbefd1787a6a
