77
<<<<<<< HEAD
47
12
107
194
73
118
150
198
155
3
179
171
83
180
104
79
169
119
62
115
143
27
26
11
148
116
68
101
112
57
140
153
78
144
137
102
19
99
126
127
141
41
175
151
39
186
149
67
33
59
9
92
49
15
64
95
40
8
136
100
184
134
2
174
35
109
54
=======
118
83
104
79
143
127
148
101
153
57
26
140
39
171
149
126
141
67
59
49
130
198
50
186
64
25
78
19
41
95
33
40
157
155
68
196
47
107
135
86
69
8
56
150
9
113
163
20
154
191
114
116
102
73
200
184
16
2
174
136
93
35
166
151
134
159
172
54
122
75
147
144
>>>>>>> 319e6a0dd838f4c011751a594e43cbefd1787a6a
