118
196
<<<<<<< HEAD
49
192
164
15
11
33
112
124
86
60
108
55
51
22
12
47
59
28
121
162
149
133
135
61
132
66
77
70
199
113
45
127
180
138
81
54
170
8
87
52
148
130
181
106
39
105
46
134
1
26
30
58
115
143
126
160
190
103
16
73
146
29
4
27
85
14
182
140
=======
192
15
11
60
164
55
22
59
33
135
149
121
28
61
8
66
127
180
54
130
129
4
27
150
169
105
95
134
115
133
124
181
175
99
162
103
26
177
23
47
86
34
198
113
191
50
7
45
160
144
126
174
49
112
58
188
29
35
46
1
143
156
2
20
140
120
25
114
98
189
>>>>>>> 319e6a0dd838f4c011751a594e43cbefd1787a6a
