<<<<<<< HEAD
123
86
93
135
145
129
102
139
144
7
124
46
147
119
9
94
134
152
73
14
44
81
111
19
84
138
43
148
56
150
28
45
66
35
107
87
41
158
153
30
115
59
25
36
113
78
50
3
69
128
142
=======
102
144
9
94
152
14
45
55
84
150
87
93
130
81
41
134
153
124
59
115
83
67
113
122
43
3
69
26
88
20
44
6
138
89
120
27
34
24
57
13
148
30
142
28
>>>>>>> 319e6a0dd838f4c011751a594e43cbefd1787a6a
126
61
17
22
<<<<<<< HEAD
121
54
131
101
52
55
38
83
90
79
80
108
132
65
130
=======
25
156
119
1
46
121
114
2
54
36
131
52
38
112
108
65
79
48
76
91
159
16
98
82
47
99
154
64
111
>>>>>>> 319e6a0dd838f4c011751a594e43cbefd1787a6a
