134
40
<<<<<<< HEAD
112
71
73
54
11
80
157
61
146
32
110
118
91
151
16
75
35
17
3
28
50
13
99
109
12
79
27
29
147
117
142
92
23
122
33
153
72
5
20
49
95
98
45
70
4
136
101
47
22
57
56
=======
73
54
118
11
99
91
151
16
110
17
3
109
33
5
146
143
70
130
138
153
101
22
56
20
114
27
60
57
49
>>>>>>> 319e6a0dd838f4c011751a594e43cbefd1787a6a
132
35
25
90
19
47
61
152
23
125
55
4
108
21
53
31
42
80
95
24
105
142
6
115
74
<<<<<<< HEAD
90
149
60
102
150
87
133
=======
137
51
149
102
150
122
119
87
10
66
43
18
34
92
>>>>>>> 319e6a0dd838f4c011751a594e43cbefd1787a6a
