<<<<<<< HEAD
71
6
58
159
11
167
38
87
148
57
139
110
91
119
98
68
189
108
121
147
40
86
186
113
66
67
22
178
85
74
111
200
26
155
89
161
163
141
145
10
187
117
19
154
96
42
140
44
106
157
90
184
56
158
1
130
123
138
55
132
=======
58
119
110
189
11
111
121
200
89
132
90
40
101
5
19
138
161
104
10
42
3
80
30
26
17
169
85
86
113
63
36
117
154
48
55
14
68
155
54
146
147
99
43
178
148
159
170
92
163
184
141
130
140
145
115
27
72
197
18
193
182
79
162
25
176
167
57
>>>>>>> 319e6a0dd838f4c011751a594e43cbefd1787a6a
