113
<<<<<<< HEAD
49
145
37
41
107
95
88
93
147
110
133
148
35
139
79
57
76
31
26
33
68
2
150
15
131
152
155
167
73
4
104
27
52
169
161
54
89
67
127
=======
37
95
145
93
139
79
31
52
68
131
15
152
49
4
169
34
2
76
67
41
63
127
30
174
>>>>>>> 319e6a0dd838f4c011751a594e43cbefd1787a6a
45
142
20
<<<<<<< HEAD
62
159
40
121
172
157
34
94
144
30
92
106
82
137
132
158
128
60
124
53
55
90
66
85
72
8
=======
103
43
157
166
94
62
138
143
135
144
82
81
128
164
123
101
11
60
134
167
9
69
114
151
19
126
155
26
142
13
48
40
175
163
124
159
61
116
53
88
72
100
132
8
90
87
85
24
59
7
98
97
106
130
102
50
133
>>>>>>> 319e6a0dd838f4c011751a594e43cbefd1787a6a
