<<<<<<< HEAD
106
13
34
51
156
69
139
170
81
20
40
98
199
49
12
187
123
148
173
62
54
71
142
91
86
168
183
7
36
25
105
85
96
55
97
78
115
124
157
104
8
17
136
82
100
169
94
=======
156
69
34
40
20
199
49
170
12
51
97
54
188
171
121
187
45
144
94
8
99
136
83
134
118
>>>>>>> 319e6a0dd838f4c011751a594e43cbefd1787a6a
186
93
79
<<<<<<< HEAD
110
193
53
144
129
171
16
196
191
26
188
60
95
149
32
155
120
118
121
=======
36
4
11
37
115
48
82
105
193
196
38
73
90
179
16
59
109
191
103
2
177
41
14
70
26
46
142
61
53
150
166
102
124
60
139
65
91
148
33
169
110
140
155
197
32
160
72
128
17
178
7
>>>>>>> 319e6a0dd838f4c011751a594e43cbefd1787a6a
