<<<<<<< HEAD
16
50
14
85
151
115
76
47
37
65
29
68
132
44
94
39
116
114
=======
144
76
137
14
65
44
>>>>>>> 319e6a0dd838f4c011751a594e43cbefd1787a6a
19
35
160
118
18
145
86
72
5
<<<<<<< HEAD
144
135
82
137
98
122
66
129
140
101
55
61
1
21
69
110
154
30
105
77
103
112
111
131
15
32
121
23
147
133
149
100
45
126
36
152
24
80
=======
122
105
129
135
140
149
107
101
147
55
61
80
1
89
69
77
29
59
103
111
21
15
125
94
72
124
70
39
120
58
109
98
16
88
87
67
116
100
53
133
52
68
91
46
60
90
121
63
104
43
82
157
126
30
3
158
45
74
36
2
95
42
75
56
134
>>>>>>> 319e6a0dd838f4c011751a594e43cbefd1787a6a
