135
<<<<<<< HEAD
37
92
165
=======
>>>>>>> 319e6a0dd838f4c011751a594e43cbefd1787a6a
65
171
44
111
171
85
84
10
175
<<<<<<< HEAD
127
45
188
105
87
97
93
146
173
62
88
7
185
119
52
11
30
61
108
113
40
133
150
143
68
161
102
200
47
77
155
90
60
13
156
141
137
159
110
115
=======
93
105
7
150
88
161
61
30
90
143
94
13
85
152
77
173
162
8
163
98
165
11
110
164
>>>>>>> 319e6a0dd838f4c011751a594e43cbefd1787a6a
120
169
98
167
<<<<<<< HEAD
12
4
82
73
95
9
59
31
=======
34
191
14
25
132
155
168
12
4
71
189
104
182
153
149
49
92
86
96
144
174
181
172
84
1
200
73
113
157
23
68
70
142
190
82
159
40
95
116
183
169
59
47
64
129
9
103
31
197
199
87
>>>>>>> 319e6a0dd838f4c011751a594e43cbefd1787a6a
