157
<<<<<<< HEAD
15
55
113
107
109
146
144
179
16
161
52
84
4
=======
146
52
55
144
>>>>>>> 319e6a0dd838f4c011751a594e43cbefd1787a6a
153
81
147
58
45
128
120
<<<<<<< HEAD
131
133
98
6
68
41
78
30
115
151
187
184
159
76
99
28
182
100
82
69
174
117
32
77
25
61
31
34
126
27
18
155
23
79
171
19
20
200
112
9
145
89
148
74
93
193
2
75
114
91
108
57
39
=======
133
113
16
41
78
28
117
25
31
119
155
189
174
19
139
180
77
131
181
81
15
59
200
124
20
9
167
138
154
100
17
99
88
23
47
171
115
56
159
169
60
123
94
4
46
185
70
193
74
89
68
85
65
36
63
183
136
42
2
11
190
110
53
50
194
114
116
49
148
91
168
151
57
39
8
195
7
27
98
>>>>>>> 319e6a0dd838f4c011751a594e43cbefd1787a6a
