<<<<<<< HEAD
3
6
39
103
49
92
134
163
43
85
77
124
94
160
143
12
136
170
128
91
4
26
198
24
148
50
9
200
27
122
132
63
105
55
56
140
116
82
65
84
186
172
=======
103
39
163
49
124
92
143
12
136
160
9
4
24
148
200
132
122
65
186
116
63
105
82
27
191
172
84
>>>>>>> 319e6a0dd838f4c011751a594e43cbefd1787a6a
83
181
19
<<<<<<< HEAD
73
51
106
168
35
183
176
61
44
11
57
21
86
33
38
114
167
48
53
30
54
164
15
199
156
182
197
=======
51
168
35
11
176
61
44
146
21
67
170
86
102
33
57
158
53
167
30
48
133
139
196
155
156
6
54
15
2
199
164
99
182
162
165
194
>>>>>>> 319e6a0dd838f4c011751a594e43cbefd1787a6a
