78
<<<<<<< HEAD
120
139
141
45
193
145
108
146
91
156
54
157
16
9
178
104
122
59
148
98
188
121
96
61
65
129
166
136
158
97
95
172
41
55
181
147
67
169
64
173
75
73
118
180
189
=======
193
141
91
157
180
148
188
121
61
65
120
129
166
136
145
97
95
152
181
64
173
35
72
25
172
75
>>>>>>> 319e6a0dd838f4c011751a594e43cbefd1787a6a
60
77
174
29
<<<<<<< HEAD
92
49
=======
131
20
33
>>>>>>> 319e6a0dd838f4c011751a594e43cbefd1787a6a
116
189
114
101
196
62
168
142
92
99
67
50
55
46
9
124
43
134
<<<<<<< HEAD
22
110
72
3
80
23
179
163
44
152
184
2
103
8
=======
146
3
23
171
111
155
137
123
59
83
6
109
41
16
49
184
163
198
48
4
38
167
164
52
37
22
>>>>>>> 319e6a0dd838f4c011751a594e43cbefd1787a6a
