<<<<<<< HEAD
7
2
163
120
55
70
32
118
45
151
98
6
3
135
23
57
47
29
191
171
78
90
99
168
119
86
194
82
125
=======
163
32
120
57
118
98
6
3
99
2
23
125
171
82
>>>>>>> 319e6a0dd838f4c011751a594e43cbefd1787a6a
51
155
112
156
186
<<<<<<< HEAD
157
31
28
56
67
96
116
147
80
187
138
128
1
169
189
74
126
85
18
167
123
20
14
24
93
107
36
=======
81
187
194
86
94
46
80
29
169
14
75
31
73
72
178
191
105
108
13
74
175
61
4
129
126
181
85
188
193
92
18
78
123
89
90
141
40
67
54
189
34
195
119
103
183
52
35
93
147
24
146
107
68
41
58
36
180
97
84
>>>>>>> 319e6a0dd838f4c011751a594e43cbefd1787a6a
