114
85
122
103
72
59
33
81
46
98
87
<<<<<<< HEAD
73
107
133
38
18
60
105
155
162
75
64
123
15
=======
107
133
38
64
>>>>>>> 319e6a0dd838f4c011751a594e43cbefd1787a6a
117
138
<<<<<<< HEAD
35
129
12
56
140
39
153
121
154
68
124
40
159
25
135
74
19
5
144
78
6
141
134
34
139
8
136
83
91
7
54
65
80
152
53
116
23
67
148
=======
91
135
46
63
141
28
129
110
137
123
12
162
39
155
17
2
81
153
124
23
84
68
25
75
42
5
72
6
14
134
154
20
139
86
127
74
34
76
8
19
80
157
43
54
53
136
92
152
112
161
60
>>>>>>> 319e6a0dd838f4c011751a594e43cbefd1787a6a
