<<<<<<< HEAD
2
95
25
15
24
152
111
168
45
64
46
92
107
6
54
79
146
144
8
48
86
32
9
103
163
43
160
151
191
119
47
19
85
3
22
49
123
35
93
91
188
16
51
153
150
62
142
98
39
133
12
198
57
120
113
20
59
161
82
122
10
42
184
190
125
139
97
164
100
37
=======
168
2
48
3
86
152
9
163
8
43
194
79
107
191
186
32
47
85
93
103
69
64
6
46
95
22
153
150
188
57
98
20
120
62
16
19
122
113
106
142
27
59
147
190
198
121
81
161
52
77
100
141
184
116
145
200
88
70
36
132
193
92
144
24
119
>>>>>>> 319e6a0dd838f4c011751a594e43cbefd1787a6a
