<<<<<<< HEAD
107
27
154
22
59
39
139
175
198
199
137
188
115
40
200
48
164
16
66
96
126
125
91
43
132
4
10
55
183
79
94
189
90
181
157
171
72
26
184
93
110
15
17
160
123
141
89
13
78
112
194
197
105
133
116
9
63
31
92
117
159
81
142
119
64
23
98
138
=======
139
188
194
175
115
40
79
48
198
199
200
126
91
181
154
112
197
132
183
10
96
164
90
116
140
157
74
184
141
131
133
160
89
9
31
167
17
64
159
81
58
14
105
68
49
86
98
4
106
107
103
>>>>>>> 319e6a0dd838f4c011751a594e43cbefd1787a6a
118
171
45
119
165
<<<<<<< HEAD
32
148
99
74
58
=======
94
70
8
44
142
76
192
13
92
138
21
53
55
99
28
2
69
35
12
186
144
95
100
108
19
>>>>>>> 319e6a0dd838f4c011751a594e43cbefd1787a6a
