165
<<<<<<< HEAD
150
167
175
110
112
178
126
68
53
7
157
161
138
4
155
92
61
31
114
130
32
163
113
127
144
139
115
121
58
169
100
123
39
54
15
97
82
=======
167
178
110
126
53
130
161
157
4
121
61
82
31
100
163
127
169
111
139
80
151
95
39
87
69
97
>>>>>>> 319e6a0dd838f4c011751a594e43cbefd1787a6a
77
108
81
48
125
86
<<<<<<< HEAD
170
168
67
162
51
87
159
55
101
151
135
94
152
119
99
18
47
85
65
19
98
148
133
52
102
111
=======
156
113
162
67
114
88
108
51
125
160
106
81
170
55
13
24
149
119
135
26
98
155
146
1
93
91
138
34
18
168
15
29
75
147
99
166
46
63
171
20
132
57
118
94
32
>>>>>>> 319e6a0dd838f4c011751a594e43cbefd1787a6a
