121
<<<<<<< HEAD
25
152
41
97
79
185
128
172
75
141
143
194
63
12
198
6
2
85
160
49
45
31
5
38
188
11
109
192
52
20
7
177
122
111
106
167
36
9
105
191
39
175
166
91
64
83
15
89
113
65
17
195
94
124
24
1
140
153
161
168
157
187
56
142
68
93
136
162
117
=======
41
79
128
188
152
194
11
63
85
192
75
2
160
49
64
109
196
5
172
89
193
20
7
122
106
133
36
191
12
198
177
83
15
142
113
65
118
8
1
74
91
141
185
55
157
126
66
173
38
28
97
131
92
171
54
25
161
47
71
39
17
111
24
168
56
68
21
84
6
>>>>>>> 319e6a0dd838f4c011751a594e43cbefd1787a6a
