83
<<<<<<< HEAD
117
114
119
38
17
=======
53
17
112
>>>>>>> 319e6a0dd838f4c011751a594e43cbefd1787a6a
48
112
31
<<<<<<< HEAD
137
81
53
61
74
60
93
62
41
128
132
21
15
115
5
66
50
75
129
64
34
29
44
127
111
30
130
138
19
108
7
105
95
120
23
144
67
22
33
146
86
106
57
134
94
82
1
126
39
2
=======
114
41
74
146
64
60
93
128
66
5
44
19
130
134
111
86
27
28
82
108
14
1
101
92
105
36
68
72
95
85
7
11
150
65
23
144
61
70
33
115
62
12
152
16
99
120
117
13
138
57
15
63
106
54
94
126
2
20
24
45
77
59
>>>>>>> 319e6a0dd838f4c011751a594e43cbefd1787a6a
