105
155
190
183
141
<<<<<<< HEAD
29
170
188
115
60
125
111
45
9
81
131
122
146
194
28
72
196
88
38
119
133
157
134
66
=======
60
125
9
146
119
115
131
111
>>>>>>> 319e6a0dd838f4c011751a594e43cbefd1787a6a
84
87
150
<<<<<<< HEAD
31
107
34
159
95
32
=======
86
133
70
196
81
142
>>>>>>> 319e6a0dd838f4c011751a594e43cbefd1787a6a
143
58
86
136
<<<<<<< HEAD
3
145
98
1
153
70
152
67
27
73
178
89
94
14
48
192
148
20
21
85
16
=======
161
145
87
153
159
67
104
28
73
193
23
96
178
198
>>>>>>> 319e6a0dd838f4c011751a594e43cbefd1787a6a
130
100
46
200
3
129
137
117
12
21
94
19
177
41
157
185
59
85
134
14
95
75
103
54
128
122
195
147
<<<<<<< HEAD
26
=======
33
139
113
164
66
165
26
79
149
51
7
163
>>>>>>> 319e6a0dd838f4c011751a594e43cbefd1787a6a
