161
15
<<<<<<< HEAD
197
22
110
60
32
24
61
138
163
143
194
159
177
114
165
2
131
28
97
100
42
130
91
144
70
58
27
51
78
145
35
84
66
9
121
20
111
153
200
=======
169
197
22
110
28
32
163
131
130
91
80
70
58
27
74
177
144
51
171
194
35
121
119
168
106
43
190
55
167
157
87
>>>>>>> 319e6a0dd838f4c011751a594e43cbefd1787a6a
125
43
172
<<<<<<< HEAD
107
69
48
76
158
92
146
112
19
36
186
181
16
41
71
124
85
175
149
195
137
13
75
6
=======
113
158
92
10
137
19
200
146
36
26
56
78
128
61
187
186
16
104
164
86
63
41
69
124
117
193
107
85
71
195
82
76
13
42
149
6
49
175
75
1
122
150
153
48
>>>>>>> 319e6a0dd838f4c011751a594e43cbefd1787a6a
