<<<<<<< HEAD
98
119
4
85
21
132
104
143
171
114
67
53
173
59
177
27
189
153
39
128
77
117
146
90
28
188
38
172
111
156
154
147
118
62
80
151
126
83
198
121
182
7
54
137
125
179
169
71
55
=======
119
85
21
132
114
67
153
27
177
143
128
142
154
53
78
93
148
28
108
134
98
39
38
130
45
194
46
162
131
129
171
173
196
164
29
14
159
11
156
42
69
40
151
126
83
135
54
127
55
168
123
116
12
192
22
137
160
179
169
16
165
125
161
>>>>>>> 319e6a0dd838f4c011751a594e43cbefd1787a6a
81
161
144
<<<<<<< HEAD
190
124
93
37
87
148
2
78
185
142
30
165
16
160
178
164
157
22
12
11
=======
71
190
124
37
30
2
87
146
182
24
121
77
104
>>>>>>> 319e6a0dd838f4c011751a594e43cbefd1787a6a
