1
2
99
3
100
101
4
5
102
103
6
104
7
105
106
8
107
108
109
9
10
11
12
13
110
111
112
14
15
16
17
18
113
19
114
115
20
116
117
118
119
120
121
21
22
23
122
123
24
124
25
26
125
27
126
127
128
129
28
29
130
131
30
31
32
132
33
34
35
133
36
37
134
135
136
38
137
138
39
139
140
141
142
40
143
144
41
145
146
147
42
148
43
44
45
149
150
151
152
46
153
154
47
155
48
49
50
51
156
157
158
159
160
52
161
53
54
162
55
56
57
58
163
164
59
60
165
166
167
168
61
62
63
169
64
170
65
66
67
68
171
69
172
173
174
175
176
177
178
179
70
71
180
72
73
98
74
75
76
77
78
97
79
96
95
94
93
92
91
80
90
89
88
81
82
83
84
85
87
86
