<<<<<<< HEAD
149
46
152
98
193
136
131
37
116
166
9
63
2
132
20
129
191
106
12
10
162
195
29
3
172
89
102
58
13
122
68
35
97
64
36
125
42
80
21
135
18
76
156
44
60
187
123
7
87
181
69
48
198
134
138
91
99
200
96
188
117
137
182
85
161
179
103
111
164
127
53
=======
46
152
193
37
156
166
129
191
10
9
195
29
136
35
138
69
135
103
20
123
100
142
161
58
3
18
13
187
2
87
133
122
36
63
125
94
59
76
89
80
155
162
48
22
169
194
198
24
127
88
21
68
91
33
41
188
71
52
199
182
16
137
96
50
134
118
163
168
17
53
108
>>>>>>> 319e6a0dd838f4c011751a594e43cbefd1787a6a
114
112
184
84
77
