<<<<<<< HEAD
57
116
9
148
190
58
104
126
142
38
32
157
150
138
123
74
109
=======
148
150
104
9
144
74
>>>>>>> 319e6a0dd838f4c011751a594e43cbefd1787a6a
40
141
178
26
192
<<<<<<< HEAD
121
80
81
177
24
158
54
75
105
167
47
144
181
85
90
83
70
110
152
89
199
115
97
179
112
4
125
171
86
111
92
51
186
100
136
18
107
184
22
6
65
43
118
151
12
=======
80
24
92
81
75
47
181
110
126
152
196
121
45
137
33
187
97
89
37
170
166
71
176
168
167
194
4
49
107
46
100
179
54
118
51
106
69
120
138
53
169
21
132
115
155
96
87
102
173
77
17
151
85
146
65
11
39
43
2
157
141
195
22
172
90
12
93
10
130
145
140
91
41
128
>>>>>>> 319e6a0dd838f4c011751a594e43cbefd1787a6a
