175
<<<<<<< HEAD
3
61
89
42
148
176
191
164
132
181
7
28
143
106
194
23
96
6
77
9
30
94
85
166
141
84
105
40
108
110
115
122
93
8
63
184
18
43
157
126
10
87
59
50
66
99
70
103
188
190
116
138
186
192
68
16
=======
176
3
191
6
96
110
9
190
30
132
94
99
138
122
8
13
184
141
43
157
84
118
103
77
192
164
166
93
39
58
139
85
>>>>>>> 319e6a0dd838f4c011751a594e43cbefd1787a6a
101
111
41
116
140
<<<<<<< HEAD
72
185
48
13
160
37
133
27
118
=======
125
162
78
180
55
92
72
36
16
7
156
27
45
161
33
26
105
64
121
186
95
153
133
19
183
193
136
149
158
124
155
107
1
181
5
185
128
59
70
48
177
160
37
73
147
>>>>>>> 319e6a0dd838f4c011751a594e43cbefd1787a6a
