142
<<<<<<< HEAD
185
6
43
49
133
193
66
198
186
34
199
196
94
173
103
69
2
14
98
48
179
71
31
110
80
104
135
189
171
115
89
12
50
99
137
54
144
136
195
77
192
67
18
21
149
177
150
176
157
109
134
92
24
40
116
151
96
167
162
140
101
74
=======
133
6
43
193
94
103
49
69
98
12
99
66
136
144
189
40
192
67
149
18
90
9
84
101
129
104
58
106
89
150
110
176
24
159
131
33
25
62
17
160
116
143
48
163
115
86
167
146
171
147
177
139
140
70
126
165
42
87
77
19
155
38
23
157
188
134
105
51
162
154
175
50
31
>>>>>>> 319e6a0dd838f4c011751a594e43cbefd1787a6a
