177
21
<<<<<<< HEAD
152
28
63
173
115
73
172
146
33
46
=======
173
178
>>>>>>> 319e6a0dd838f4c011751a594e43cbefd1787a6a
188
22
36
<<<<<<< HEAD
51
74
171
91
57
40
150
66
17
194
183
165
92
160
18
58
4
112
136
29
9
133
157
95
182
189
93
108
35
120
126
99
78
159
42
128
90
45
145
12
98
175
41
=======
57
29
74
51
18
171
28
66
17
194
41
183
3
165
144
9
4
133
62
95
191
195
35
15
13
154
156
161
53
91
99
109
118
85
82
114
90
132
64
45
192
153
20
149
112
75
139
12
14
126
19
47
78
142
37
23
10
88
68
175
48
158
46
>>>>>>> 319e6a0dd838f4c011751a594e43cbefd1787a6a
