87
<<<<<<< HEAD
11
129
154
14
113
115
100
151
62
6
49
61
7
59
167
75
157
67
44
22
140
147
104
23
3
82
58
179
117
148
139
69
13
162
103
60
12
105
35
118
112
153
45
120
4
97
8
15
89
95
96
1
119
107
36
77
9
53
19
71
84
189
174
10
=======
129
154
113
100
62
162
167
67
49
44
22
45
23
58
95
103
128
60
104
105
98
112
4
10
140
165
141
97
28
70
151
12
84
17
89
139
14
157
120
59
184
69
77
173
42
19
182
107
116
115
179
123
38
5
90
57
96
53
61
153
68
2
71
124
78
>>>>>>> 319e6a0dd838f4c011751a594e43cbefd1787a6a
133
86
16
<<<<<<< HEAD
30
78
128
33
168
=======
20
185
26
>>>>>>> 319e6a0dd838f4c011751a594e43cbefd1787a6a
