<<<<<<< HEAD
153
11
56
163
45
133
128
86
44
64
96
132
57
141
66
114
28
180
8
83
143
3
121
135
125
120
37
38
85
140
104
139
191
178
145
33
68
197
53
80
9
172
134
182
79
32
14
103
=======
133
11
132
66
56
96
153
191
28
180
83
8
32
135
85
140
45
114
197
178
9
199
182
21
57
79
14
38
139
30
122
159
64
>>>>>>> 319e6a0dd838f4c011751a594e43cbefd1787a6a
183
168
172
5
<<<<<<< HEAD
93
35
60
144
91
22
150
159
170
108
116
72
110
77
199
21
=======
187
163
1
104
160
52
196
165
151
175
102
156
192
91
71
147
80
26
37
22
200
105
108
110
188
97
74
144
54
143
19
116
158
72
194
136
77
24
>>>>>>> 319e6a0dd838f4c011751a594e43cbefd1787a6a
