<<<<<<< HEAD
13
27
63
167
9
141
185
143
54
72
166
5
131
174
110
43
193
106
37
84
148
122
41
55
105
180
140
120
17
129
44
64
162
189
53
51
102
90
1
94
98
164
83
109
160
170
79
26
178
11
71
68
126
171
40
199
150
29
111
104
28
85
194
10
32
6
=======
27
9
54
131
120
1
64
194
189
94
53
6
156
91
122
98
5
178
68
74
129
110
83
170
3
161
29
40
10
33
111
164
183
148
60
11
191
104
119
168
73
38
17
36
138
7
108
57
176
180
69
143
28
44
100
80
162
116
136
130
140
199
126
155
79
32
12
139
20
35
85
56
14
99
124
25
4
154
31
>>>>>>> 319e6a0dd838f4c011751a594e43cbefd1787a6a
