<<<<<<< HEAD
146
182
118
51
56
132
200
72
32
174
142
102
127
123
104
82
112
64
13
109
87
176
28
186
98
84
36
117
99
131
35
158
83
199
60
175
45
191
97
94
188
189
42
65
76
4
100
89
149
86
96
129
38
16
120
39
151
165
194
178
121
163
147
29
14
=======
182
56
142
32
104
109
28
87
176
131
64
83
175
189
194
51
76
96
186
191
132
102
36
38
167
95
50
22
44
71
105
107
37
34
139
69
136
57
121
141
33
103
124
150
90
151
5
15
86
143
35
4
66
177
94
188
67
3
70
140
158
85
195
147
78
196
156
149
163
154
14
21
187
169
2
172
16
183
40
123
>>>>>>> 319e6a0dd838f4c011751a594e43cbefd1787a6a
