4
<<<<<<< HEAD
77
18
185
112
24
116
44
15
118
162
16
33
193
22
96
=======
24
77
193
144
>>>>>>> 319e6a0dd838f4c011751a594e43cbefd1787a6a
113
144
194
<<<<<<< HEAD
91
38
192
184
68
5
10
98
115
45
62
130
156
35
178
198
25
42
46
79
56
70
164
189
67
177
9
87
170
157
152
29
48
71
76
52
90
36
84
82
146
120
173
75
143
2
179
105
=======
118
98
44
62
162
184
79
156
71
45
178
130
198
171
160
138
42
11
56
96
155
94
63
139
164
15
177
9
87
31
59
109
170
36
104
84
192
83
40
29
53
166
18
183
75
115
173
108
103
112
146
188
110
61
132
67
91
52
179
5
69
119
70
85
157
200
150
89
105
137
196
168
>>>>>>> 319e6a0dd838f4c011751a594e43cbefd1787a6a
