<<<<<<< HEAD
1
2
191
11
=======
191
>>>>>>> 319e6a0dd838f4c011751a594e43cbefd1787a6a
181
171
161
151
<<<<<<< HEAD
3
21
4
31
5
6
41
7
141
8
51
61
9
71
131
81
91
121
111
101
192
10
12
13
22
182
14
32
172
42
15
=======
141
131
121
111
101
91
81
71
61
51
41
192
182
172
>>>>>>> 319e6a0dd838f4c011751a594e43cbefd1787a6a
162
52
152
<<<<<<< HEAD
62
16
17
=======
>>>>>>> 319e6a0dd838f4c011751a594e43cbefd1787a6a
142
132
72
122
<<<<<<< HEAD
18
112
102
82
19
20
92
23
24
193
183
33
43
25
26
=======
112
102
92
82
31
72
62
21
193
52
183
>>>>>>> 319e6a0dd838f4c011751a594e43cbefd1787a6a
173
163
153
143
<<<<<<< HEAD
53
27
28
133
63
73
123
113
=======
133
123
113
103
93
83
42
73
11
63
194
184
174
32
164
154
144
134
124
114
104
94
84
53
74
43
22
195
185
175
165
155
64
145
135
125
115
105
95
85
54
33
75
1
196
12
>>>>>>> 319e6a0dd838f4c011751a594e43cbefd1787a6a
