68
27
14
128
12
77
61
<<<<<<< HEAD
102
189
104
19
145
105
7
41
165
47
140
161
55
169
112
116
121
149
67
39
13
174
99
74
184
29
56
64
106
23
83
90
62
42
37
1
136
32
66
36
191
178
179
139
87
117
15
144
8
76
69
22
89
172
125
73
71
167
75
151
=======
189
104
145
13
184
74
83
178
87
165
149
102
78
181
101
62
112
105
42
16
47
98
37
191
160
169
185
179
164
139
144
55
121
111
8
130
141
113
159
163
194
75
151
70
115
137
154
155
35
199
15
22
17
152
90
188
136
146
167
161
173
172
3
48
190
117
56
66
76
81
125
71
73
34
38
114
>>>>>>> 319e6a0dd838f4c011751a594e43cbefd1787a6a
