<<<<<<< HEAD
164
199
136
11
6
76
=======
136
6
>>>>>>> 319e6a0dd838f4c011751a594e43cbefd1787a6a
19
70
166
22
<<<<<<< HEAD
175
37
113
159
5
73
149
66
61
168
182
68
63
47
122
185
189
127
90
7
103
96
117
75
15
45
200
40
94
78
108
160
173
43
88
195
93
84
112
27
197
86
141
101
158
190
24
80
191
133
55
31
77
10
56
71
124
92
180
148
60
120
=======
159
68
168
182
47
127
117
199
173
90
124
96
191
43
195
61
31
84
154
141
157
180
24
164
187
17
1
8
39
101
94
52
18
15
92
144
80
174
88
105
10
200
60
44
135
109
70
133
58
175
71
185
108
188
51
7
27
12
148
194
36
79
67
46
54
34
78
110
77
158
120
48
134
30
178
115
147
53
37
190
>>>>>>> 319e6a0dd838f4c011751a594e43cbefd1787a6a
