14
159
7
3
93
13
<<<<<<< HEAD
176
144
11
25
198
160
163
51
19
57
118
45
171
28
155
49
39
197
46
187
112
178
147
128
98
194
177
172
6
77
17
101
109
58
42
156
5
123
113
24
168
99
27
183
68
117
191
31
126
84
195
153
4
102
151
148
180
192
36
38
135
23
22
43
105
63
61
=======
11
3
163
118
176
171
28
198
155
51
25
178
128
194
177
101
156
77
113
49
99
116
10
187
126
123
195
145
36
172
94
4
117
109
84
22
151
57
112
41
40
160
138
197
81
18
148
35
125
111
139
153
180
135
74
76
150
183
189
120
115
71
166
144
106
192
61
98
193
191
90
12
199
47
161
143
>>>>>>> 319e6a0dd838f4c011751a594e43cbefd1787a6a
