<<<<<<< HEAD
45
57
46
146
152
145
155
50
30
148
128
58
74
157
13
143
114
76
134
44
7
151
112
28
140
4
38
65
136
84
147
53
47
15
32
126
129
=======
152
155
148
128
44
125
112
123
28
119
140
50
38
45
84
65
147
22
136
49
15
58
117
8
32
>>>>>>> 319e6a0dd838f4c011751a594e43cbefd1787a6a
135
117
116
<<<<<<< HEAD
130
101
52
39
123
81
125
131
73
119
70
77
54
60
85
31
51
91
80
=======
42
130
101
157
82
4
14
81
60
86
70
30
37
17
133
23
24
67
87
39
142
41
126
52
111
31
102
91
>>>>>>> 319e6a0dd838f4c011751a594e43cbefd1787a6a
88
107
94
98
93
64
96
<<<<<<< HEAD
149
61
=======
90
5
104
77
57
>>>>>>> 319e6a0dd838f4c011751a594e43cbefd1787a6a
