126
<<<<<<< HEAD
80
42
21
10
50
15
79
59
117
85
72
22
106
153
100
120
74
150
16
172
119
179
129
133
51
55
192
60
77
193
76
88
32
98
137
56
89
63
29
181
184
161
166
164
71
188
66
9
103
160
139
96
142
111
8
140
6
147
109
138
135
152
156
=======
42
21
50
72
106
55
117
77
60
59
76
137
150
40
7
88
116
179
51
164
122
6
1
56
32
45
73
15
75
178
136
114
185
4
124
3
181
133
139
176
28
111
127
69
135
192
110
2
170
193
161
53
151
152
157
89
37
143
196
27
153
91
29
188
138
166
66
123
96
156
48
180
128
>>>>>>> 319e6a0dd838f4c011751a594e43cbefd1787a6a
