34
<<<<<<< HEAD
171
6
132
8
60
143
=======
143
51
178
>>>>>>> 319e6a0dd838f4c011751a594e43cbefd1787a6a
65
125
171
132
86
<<<<<<< HEAD
166
64
51
177
194
178
106
133
31
113
147
19
122
195
52
125
63
39
163
118
152
53
48
18
175
71
156
95
154
101
116
66
22
134
4
57
17
62
114
15
24
121
192
109
137
92
111
84
139
=======
60
106
133
194
113
31
147
152
18
149
146
4
63
88
101
116
57
177
15
24
134
120
92
84
136
108
62
70
166
175
41
121
61
>>>>>>> 319e6a0dd838f4c011751a594e43cbefd1787a6a
55
145
172
17
109
176
25
26
68
59
<<<<<<< HEAD
189
146
69
42
93
27
157
=======
30
23
130
139
3
179
47
83
37
44
195
46
190
52
137
159
33
32
148
93
157
85
129
27
115
8
122
>>>>>>> 319e6a0dd838f4c011751a594e43cbefd1787a6a
