74
176
<<<<<<< HEAD
162
90
107
135
179
124
104
83
84
123
85
167
11
14
158
55
29
186
180
34
183
116
9
39
35
31
147
200
95
3
136
65
122
62
5
166
52
25
1
43
72
57
157
91
185
177
61
47
79
130
21
115
28
40
187
199
160
192
=======
107
135
104
84
123
186
29
34
162
173
35
19
31
180
122
147
52
199
43
25
62
157
4
90
80
9
23
58
185
61
120
79
85
137
65
130
142
47
48
63
141
16
101
99
10
18
21
44
28
53
127
14
40
197
128
55
177
105
86
115
>>>>>>> 319e6a0dd838f4c011751a594e43cbefd1787a6a
42
109
160
189
<<<<<<< HEAD
36
139
178
=======
92
192
22
121
78
114
91
166
11
183
>>>>>>> 319e6a0dd838f4c011751a594e43cbefd1787a6a
