15
188
53
158
<<<<<<< HEAD
146
53
101
127
171
106
118
7
109
110
126
75
9
117
140
28
12
180
135
192
67
198
1
46
94
196
37
49
149
55
32
33
23
38
114
122
190
50
61
138
14
162
59
179
125
193
19
54
185
103
74
108
56
91
13
183
60
36
82
83
111
150
20
70
132
169
100
187
=======
171
12
198
196
38
190
106
126
114
59
138
14
192
54
49
50
37
180
110
122
19
193
1
94
112
101
13
90
60
173
132
46
182
109
82
127
4
39
146
150
183
66
136
36
47
156
130
56
165
160
48
34
105
162
100
80
111
75
103
20
70
185
8
169
64
31
142
121
89
83
28
>>>>>>> 319e6a0dd838f4c011751a594e43cbefd1787a6a
