<<<<<<< HEAD
5
30
170
49
22
2
183
142
165
=======
22
183
>>>>>>> 319e6a0dd838f4c011751a594e43cbefd1787a6a
68
121
131
1
94
176
<<<<<<< HEAD
62
130
140
84
14
190
27
104
186
8
97
143
44
71
89
179
59
147
57
37
136
48
125
83
15
46
17
31
6
99
115
54
127
133
197
138
34
194
126
95
145
76
10
75
181
192
33
122
153
=======
130
115
48
84
83
46
33
133
31
104
17
10
54
147
125
71
4
192
198
89
186
178
177
55
197
27
107
126
95
62
99
18
199
72
158
161
127
168
163
57
59
153
109
155
154
194
15
143
134
25
23
112
128
29
42
>>>>>>> 319e6a0dd838f4c011751a594e43cbefd1787a6a
108
155
25
35
<<<<<<< HEAD
78
116
146
166
7
24
88
11
=======
79
120
93
116
138
12
166
63
88
146
67
24
144
105
82
190
>>>>>>> 319e6a0dd838f4c011751a594e43cbefd1787a6a
