138
<<<<<<< HEAD
157
165
66
190
26
77
44
=======
66
157
>>>>>>> 319e6a0dd838f4c011751a594e43cbefd1787a6a
51
129
92
37
76
166
200
140
20
<<<<<<< HEAD
48
188
49
150
97
122
169
53
23
147
106
89
170
90
93
63
107
105
4
137
198
67
35
113
178
176
43
151
81
18
173
148
60
38
191
98
115
156
39
91
1
124
152
55
62
=======
92
151
91
188
159
190
150
97
122
62
53
81
59
89
61
93
68
43
75
156
3
118
114
32
18
137
167
187
173
4
127
113
60
49
48
10
134
38
24
2
107
147
67
165
200
166
191
125
98
102
158
39
161
171
41
176
182
64
121
117
1
181
33
>>>>>>> 319e6a0dd838f4c011751a594e43cbefd1787a6a
