<<<<<<< HEAD
146
102
143
115
67
145
111
12
161
66
167
98
181
114
56
197
131
20
116
106
119
154
30
120
162
1
8
69
118
50
22
129
23
198
39
2
101
43
78
200
3
172
160
168
180
156
93
117
31
49
110
171
73
96
53
107
46
57
140
87
99
26
59
141
44
165
81
72
68
136
=======
143
145
181
119
162
22
23
198
172
111
180
3
168
93
120
12
154
116
193
89
57
26
39
171
167
96
109
61
33
196
107
1
44
87
71
62
70
144
101
77
99
43
124
190
140
114
73
55
59
35
15
56
179
88
189
160
148
174
81
38
51
113
53
72
86
14
95
7
60
136
4
25
68
67
>>>>>>> 319e6a0dd838f4c011751a594e43cbefd1787a6a
