<<<<<<< HEAD
4
140
42
153
29
109
47
132
94
99
126
51
157
72
45
85
123
27
144
73
18
21
80
87
86
96
52
143
165
116
135
9
58
134
14
163
16
141
61
154
162
6
20
93
1
131
117
120
112
147
146
=======
29
109
27
99
87
51
80
96
123
68
52
165
131
120
78
135
110
58
134
72
143
20
147
154
164
38
121
116
>>>>>>> 319e6a0dd838f4c011751a594e43cbefd1787a6a
168
97
169
35
<<<<<<< HEAD
78
159
155
139
128
57
60
31
70
91
81
46
56
68
=======
75
4
34
66
57
9
13
156
30
31
125
140
146
1
82
136
45
144
91
157
16
63
6
10
119
100
48
61
98
81
139
107
60
93
56
124
32
105
172
41
155
46
>>>>>>> 319e6a0dd838f4c011751a594e43cbefd1787a6a
