<<<<<<< HEAD
81
102
85
25
167
190
5
137
89
188
106
135
160
75
55
18
191
109
162
129
92
77
94
51
86
192
169
50
32
178
40
120
2
58
122
174
181
72
110
71
19
199
56
7
28
189
140
57
126
113
121
95
21
118
68
93
123
1
83
175
3
186
146
200
80
150
82
124
62
107
185
29
99
37
45
165
=======
102
167
5
89
75
135
18
19
109
160
51
3
94
192
2
200
72
122
162
110
189
126
40
52
178
124
139
30
71
74
185
172
57
106
55
141
21
1
188
23
44
137
58
170
82
152
28
37
191
177
121
101
173
80
76
120
140
26
132
92
104
62
93
147
190
81
42
66
127
83
133
43
156
33
187
136
99
77
>>>>>>> 319e6a0dd838f4c011751a594e43cbefd1787a6a
