29
<<<<<<< HEAD
97
=======
>>>>>>> 319e6a0dd838f4c011751a594e43cbefd1787a6a
89
177
31
200
<<<<<<< HEAD
64
199
86
23
62
56
34
188
15
16
104
61
93
47
75
76
174
103
91
150
54
132
113
157
95
125
11
6
116
134
136
78
167
178
46
52
17
51
140
4
133
162
175
90
100
127
110
198
28
48
27
193
126
121
161
77
30
=======
188
76
91
136
54
86
113
61
157
124
64
78
131
41
23
65
190
175
1
196
57
16
162
82
28
179
195
117
127
104
9
133
40
186
94
176
30
2
15
93
151
115
193
11
6
48
51
95
73
132
172
90
88
121
142
140
143
26
110
45
161
77
198
112
43
137
177
167
>>>>>>> 319e6a0dd838f4c011751a594e43cbefd1787a6a
