<<<<<<< HEAD
25
138
170
42
45
37
142
95
139
153
64
53
15
158
13
172
103
96
36
145
121
110
35
76
171
54
126
152
129
30
173
18
113
40
94
127
17
169
41
56
71
14
62
38
68
111
52
70
73
46
104
106
7
48
124
1
140
39
29
44
107
91
157
43
58
31
55
123
165
72
10
149
109
34
168
98
61
6
63
=======
170
45
42
37
95
153
53
64
158
36
145
121
76
96
54
25
129
30
173
94
142
13
71
91
41
111
176
104
52
62
70
27
106
7
67
150
172
58
46
29
3
157
123
72
98
14
31
124
40
147
39
55
99
12
120
17
144
118
168
60
161
163
56
73
43
86
80
6
61
50
131
155
19
44
5
68
>>>>>>> 319e6a0dd838f4c011751a594e43cbefd1787a6a
