<<<<<<< HEAD
93
5
129
35
40
67
22
73
33
191
79
118
55
115
37
120
103
196
34
114
121
99
132
169
43
107
179
175
95
71
65
97
100
26
87
69
139
96
4
44
184
25
142
47
1
86
66
113
130
63
160
74
171
12
176
90
18
39
45
162
147
194
144
92
=======
5
33
129
191
107
79
118
120
103
34
114
121
179
37
92
139
76
47
65
4
142
32
176
25
187
97
100
86
18
170
74
78
171
163
140
22
189
10
161
180
28
111
183
95
127
160
44
90
52
19
71
122
138
182
83
42
126
188
168
66
40
106
130
143
1
45
43
21
113
119
53
88
154
150
147
68
12
136
50
>>>>>>> 319e6a0dd838f4c011751a594e43cbefd1787a6a
