<<<<<<< HEAD
55
20
40
136
74
30
148
86
130
94
92
75
126
188
196
184
139
19
8
123
134
191
178
46
155
149
17
132
157
195
112
35
91
21
72
147
156
169
129
71
37
13
128
11
141
84
23
180
61
105
33
51
143
172
36
43
53
22
14
127
10
181
167
104
77
131
=======
20
148
30
86
184
126
91
43
139
19
46
100
23
94
157
39
195
155
35
188
129
70
14
152
178
147
9
149
55
141
143
33
146
119
116
192
165
173
172
156
93
113
17
132
199
101
117
128
61
144
69
11
22
10
197
71
115
45
194
166
36
114
31
21
32
99
47
18
167
85
92
50
177
181
131
104
13
176
88
111
135
>>>>>>> 319e6a0dd838f4c011751a594e43cbefd1787a6a
