19
<<<<<<< HEAD
118
98
88
115
91
=======
98
88
115
>>>>>>> 319e6a0dd838f4c011751a594e43cbefd1787a6a
51
16
157
73
<<<<<<< HEAD
37
31
131
117
144
17
6
124
96
67
75
26
52
59
64
68
153
103
95
120
35
155
87
147
141
27
150
41
145
158
63
79
105
29
39
110
132
2
71
82
134
104
42
22
74
90
121
135
94
139
45
56
112
66
106
40
44
69
23
151
89
25
=======
31
144
52
6
153
95
120
131
155
64
145
87
91
150
29
26
27
68
132
147
96
42
32
41
139
92
4
45
104
133
121
152
74
11
70
135
142
13
46
79
18
136
8
101
57
116
3
102
44
94
160
40
50
128
47
56
124
82
84
58
>>>>>>> 319e6a0dd838f4c011751a594e43cbefd1787a6a
