10
115
32
<<<<<<< HEAD
58
183
40
81
76
139
26
197
179
86
67
154
97
119
133
83
143
33
101
144
157
65
142
42
112
78
132
128
25
120
23
167
146
162
186
140
123
1
102
11
193
171
187
=======
40
139
81
76
26
86
67
133
97
123
101
179
154
144
78
83
45
173
120
33
162
103
80
57
82
187
150
35
>>>>>>> 319e6a0dd838f4c011751a594e43cbefd1787a6a
17
108
132
177
<<<<<<< HEAD
107
28
8
98
89
118
73
195
160
110
163
44
=======
182
148
22
28
176
186
68
142
198
183
87
111
89
118
34
143
106
7
122
167
51
1
195
119
128
94
27
61
168
114
64
>>>>>>> 319e6a0dd838f4c011751a594e43cbefd1787a6a
