70
49
22
12
<<<<<<< HEAD
164
89
163
104
87
54
56
189
3
192
190
37
88
51
5
148
=======
189
89
192
88
51
148
195
163
>>>>>>> 319e6a0dd838f4c011751a594e43cbefd1787a6a
99
17
26
128
<<<<<<< HEAD
79
116
136
176
181
94
39
18
107
60
108
29
7
133
153
127
124
123
178
73
195
28
1
11
57
82
84
81
53
21
193
33
38
194
75
198
10
132
58
160
126
152
187
172
102
32
=======
136
32
39
60
7
133
5
127
124
24
3
178
33
10
35
6
87
184
126
131
81
103
79
55
198
11
132
26
18
29
64
86
174
84
166
83
183
185
61
111
107
200
115
160
43
23
58
42
65
179
172
94
82
196
78
116
16
187
30
181
108
169
91
14
44
106
95
9
21
49
>>>>>>> 319e6a0dd838f4c011751a594e43cbefd1787a6a
