12
48
20
160
97
143
<<<<<<< HEAD
38
110
94
108
89
129
55
54
119
192
136
71
35
10
134
61
65
126
177
151
155
19
36
83
=======
129
119
192
38
126
94
135
71
61
151
108
83
59
162
>>>>>>> 319e6a0dd838f4c011751a594e43cbefd1787a6a
144
80
93
197
171
<<<<<<< HEAD
44
194
18
147
188
42
183
=======
10
36
18
136
93
127
53
>>>>>>> 319e6a0dd838f4c011751a594e43cbefd1787a6a
132
199
135
191
107
<<<<<<< HEAD
8
198
14
102
74
122
75
123
133
149
56
128
181
157
69
150
145
162
27
52
53
40
187
124
29
=======
145
77
12
198
14
43
41
55
92
183
193
8
16
47
65
79
181
122
25
175
133
32
157
153
15
187
161
75
85
106
123
3
9
7
89
134
44
114
52
142
125
163
4
194
128
46
76
29
22
1
19
>>>>>>> 319e6a0dd838f4c011751a594e43cbefd1787a6a
