79
<<<<<<< HEAD
117
1
132
41
=======
>>>>>>> 319e6a0dd838f4c011751a594e43cbefd1787a6a
71
1
171
<<<<<<< HEAD
93
58
164
87
165
102
73
146
84
161
20
26
8
14
23
163
101
49
96
200
113
179
42
100
31
112
151
52
128
45
63
2
192
70
107
29
136
173
12
36
9
48
59
129
37
185
15
127
140
137
182
149
5
80
16
167
147
43
95
160
18
162
=======
102
146
87
20
101
84
42
52
173
49
15
179
37
192
29
26
45
151
127
175
6
36
123
27
113
128
8
129
117
148
50
55
154
140
73
86
75
135
105
100
149
5
16
80
69
197
157
181
167
112
110
200
134
142
126
147
18
74
95
163
25
172
58
77
122
124
109
162
183
98
56
62
43
195
11
182
>>>>>>> 319e6a0dd838f4c011751a594e43cbefd1787a6a
