<<<<<<< HEAD
32
75
=======
>>>>>>> 319e6a0dd838f4c011751a594e43cbefd1787a6a
78
47
170
110
<<<<<<< HEAD
181
67
194
192
31
116
70
90
=======
194
116
70
31
>>>>>>> 319e6a0dd838f4c011751a594e43cbefd1787a6a
97
43
19
183
198
<<<<<<< HEAD
152
91
178
124
147
98
151
107
53
63
137
172
161
49
131
154
173
42
81
162
14
17
186
86
57
20
119
30
46
72
163
108
85
83
6
8
187
156
122
92
128
45
193
123
120
184
180
101
171
96
36
40
=======
147
63
137
53
81
131
186
184
154
85
91
46
32
102
40
122
72
80
167
75
193
30
133
120
42
166
153
171
179
41
114
174
117
191
21
160
35
37
57
65
26
199
132
182
66
20
36
83
155
169
15
8
144
109
119
54
24
127
33
146
13
92
185
73
45
189
145
96
190
115
95
52
151
>>>>>>> 319e6a0dd838f4c011751a594e43cbefd1787a6a
