20
56
95
155
94
<<<<<<< HEAD
97
136
73
86
45
76
33
=======
>>>>>>> 319e6a0dd838f4c011751a594e43cbefd1787a6a
124
111
91
156
39
134
135
<<<<<<< HEAD
7
67
99
128
104
72
142
117
121
85
150
71
28
113
92
47
116
21
49
54
57
132
133
3
100
158
34
48
114
107
10
144
151
17
25
44
77
6
130
68
50
103
=======
156
7
72
150
91
28
48
47
57
97
136
21
128
73
155
142
45
49
27
76
50
92
112
54
23
109
132
114
96
80
34
77
106
145
42
151
126
71
116
107
74
89
6
53
3
58
130
68
103
133
2
17
144
>>>>>>> 319e6a0dd838f4c011751a594e43cbefd1787a6a
141
80
40
110
<<<<<<< HEAD
82
81
145
=======
81
25
152
129
79
18
157
117
>>>>>>> 319e6a0dd838f4c011751a594e43cbefd1787a6a
