41
<<<<<<< HEAD
27
72
=======
>>>>>>> 319e6a0dd838f4c011751a594e43cbefd1787a6a
123
182
178
31
67
<<<<<<< HEAD
73
23
119
99
122
181
157
=======
178
27
72
181
157
23
>>>>>>> 319e6a0dd838f4c011751a594e43cbefd1787a6a
10
199
51
195
86
26
128
<<<<<<< HEAD
63
79
196
151
174
106
190
177
2
15
34
167
37
117
=======
119
51
79
167
174
>>>>>>> 319e6a0dd838f4c011751a594e43cbefd1787a6a
175
84
125
127
121
17
150
138
<<<<<<< HEAD
93
49
126
64
111
20
54
4
36
94
29
22
154
56
47
149
135
71
176
66
35
194
78
163
162
112
70
110
38
91
191
80
108
169
75
44
60
140
45
104
173
160
55
=======
190
2
15
84
125
121
151
34
63
70
17
163
93
54
104
53
136
44
160
114
59
29
149
42
154
92
108
71
66
78
162
22
111
115
112
110
198
168
46
38
165
16
9
68
158
62
39
153
89
139
55
185
193
91
171
64
133
118
13
129
58
161
131
180
194
>>>>>>> 319e6a0dd838f4c011751a594e43cbefd1787a6a
