162
147
170
68
<<<<<<< HEAD
29
182
87
194
106
174
95
125
179
122
54
74
94
149
37
135
137
168
1
110
116
199
78
55
138
150
153
197
101
159
21
180
24
75
69
112
141
120
152
42
80
144
99
9
14
126
191
61
4
19
175
52
28
88
23
27
71
145
22
=======
174
95
29
182
125
168
1
149
138
9
54
19
153
101
197
106
71
24
120
156
134
144
58
142
52
69
165
99
22
186
178
136
82
116
97
126
61
55
148
193
176
96
175
70
42
129
79
161
114
28
37
113
31
87
92
23
4
128
117
39
108
27
119
32
100
102
14
>>>>>>> 319e6a0dd838f4c011751a594e43cbefd1787a6a
