<<<<<<< HEAD
80
75
122
28
57
164
56
142
187
5
63
52
70
93
175
163
158
133
106
25
193
119
2
108
=======
75
57
56
175
28
163
70
158
133
2
63
>>>>>>> 319e6a0dd838f4c011751a594e43cbefd1787a6a
124
71
111
161
<<<<<<< HEAD
169
43
44
101
103
36
125
151
91
174
138
181
197
23
107
129
171
=======
108
169
101
43
181
138
79
197
174
41
127
146
>>>>>>> 319e6a0dd838f4c011751a594e43cbefd1787a6a
49
44
126
<<<<<<< HEAD
120
55
179
162
8
200
41
53
105
83
62
46
92
21
157
86
184
87
98
143
99
95
=======
179
200
195
137
135
62
95
92
121
5
18
109
58
86
22
24
81
76
19
160
59
13
34
53
162
4
134
60
61
36
47
172
178
157
69
48
8
189
104
184
23
167
40
87
171
66
46
98
143
99
112
103
>>>>>>> 319e6a0dd838f4c011751a594e43cbefd1787a6a
