<<<<<<< HEAD
136
13
114
67
17
34
68
81
83
32
143
175
44
153
167
173
59
168
117
9
65
35
31
127
=======
143
136
175
34
44
168
92
109
31
>>>>>>> 319e6a0dd838f4c011751a594e43cbefd1787a6a
3
170
72
53
89
145
92
58
<<<<<<< HEAD
45
25
146
139
120
142
105
12
87
85
109
154
1
156
155
178
125
71
37
6
113
93
42
131
74
73
96
166
160
39
15
38
100
24
8
=======
93
139
105
120
72
12
9
14
79
166
156
132
154
78
107
77
106
101
162
178
170
125
95
171
6
10
113
63
37
71
173
169
76
55
65
160
111
115
61
16
155
172
11
25
4
42
146
91
100
24
84
157
90
129
29
>>>>>>> 319e6a0dd838f4c011751a594e43cbefd1787a6a
