<<<<<<< HEAD
112
6
104
39
164
102
58
110
122
59
165
124
57
111
170
14
175
126
146
108
32
99
177
63
171
47
90
13
17
83
=======
110
39
6
111
170
146
99
17
63
104
169
126
32
47
55
>>>>>>> 319e6a0dd838f4c011751a594e43cbefd1787a6a
42
62
186
<<<<<<< HEAD
167
166
86
43
49
144
137
68
115
114
65
18
82
77
44
183
194
89
51
36
106
55
66
62
142
84
160
169
185
148
7
98
184
75
30
94
29
11
60
=======
125
94
166
49
92
160
144
183
25
132
43
114
82
191
177
172
54
68
77
12
58
44
164
73
124
57
89
145
106
180
71
108
101
2
148
36
86
95
11
10
184
128
142
182
40
33
83
67
120
7
127
113
130
136
41
1
141
100
4
135
>>>>>>> 319e6a0dd838f4c011751a594e43cbefd1787a6a
