56
<<<<<<< HEAD
158
46
195
168
78
164
19
8
84
47
149
172
31
138
101
110
137
38
146
197
167
60
35
176
166
152
126
76
190
150
54
45
49
71
39
200
3
2
100
5
25
30
51
148
192
4
42
68
163
23
181
65
175
57
107
94
10
112
53
154
63
119
142
117
17
186
41
83
92
44
85
169
194
32
=======
195
168
8
164
47
19
149
110
31
46
172
71
126
101
76
54
200
2
163
146
192
137
96
181
60
176
51
5
30
84
10
94
190
197
63
7
52
34
65
152
121
26
41
175
68
154
53
42
83
142
64
139
199
178
116
45
11
157
67
107
167
189
173
57
44
114
69
58
185
23
92
128
150
93
113
85
124
169
194
62
43
158
>>>>>>> 319e6a0dd838f4c011751a594e43cbefd1787a6a
