175
76
<<<<<<< HEAD
67
108
68
13
166
109
1
69
70
110
169
49
114
174
2
71
182
194
=======
13
37
25
49
72
>>>>>>> 319e6a0dd838f4c011751a594e43cbefd1787a6a
134
25
3
37
133
<<<<<<< HEAD
135
179
61
113
131
4
136
170
132
80
120
112
142
115
124
191
127
117
123
116
145
152
12
128
126
14
118
119
24
137
26
190
121
=======
114
113
62
132
98
89
90
91
131
115
156
124
152
112
146
127
126
120
118
101
116
96
99
104
100
142
196
117
193
174
182
119
190
191
128
123
130
121
122
>>>>>>> 319e6a0dd838f4c011751a594e43cbefd1787a6a
125
130
36
122
129
<<<<<<< HEAD
5
38
6
=======
111
110
109
108
106
107
105
176
194
>>>>>>> 319e6a0dd838f4c011751a594e43cbefd1787a6a
