<<<<<<< HEAD
12
107
96
46
84
76
8
66
122
49
15
62
167
169
171
97
176
20
178
33
93
19
60
40
145
116
35
39
24
103
90
128
118
135
132
7
139
141
44
109
6
61
52
10
98
114
166
161
172
22
=======
96
122
62
49
33
60
76
7
145
116
90
132
61
118
161
95
114
39
12
>>>>>>> 319e6a0dd838f4c011751a594e43cbefd1787a6a
138
20
172
35
166
106
<<<<<<< HEAD
130
127
57
30
25
163
143
156
80
165
2
65
54
59
147
124
155
37
5
149
173
123
120
=======
120
130
119
68
113
169
25
178
93
6
98
86
52
103
131
57
143
127
135
38
158
34
36
165
108
24
101
147
46
121
155
8
64
149
54
37
117
10
2
74
13
83
32
65
50
18
110
78
168
150
173
153
84
>>>>>>> 319e6a0dd838f4c011751a594e43cbefd1787a6a
