<<<<<<< HEAD
169
55
4
65
137
=======
4
>>>>>>> 319e6a0dd838f4c011751a594e43cbefd1787a6a
75
141
14
57
123
113
149
<<<<<<< HEAD
67
17
87
144
94
168
125
162
74
=======
87
162
>>>>>>> 319e6a0dd838f4c011751a594e43cbefd1787a6a
174
112
29
189
<<<<<<< HEAD
9
155
45
76
106
34
25
64
28
166
77
99
79
184
69
89
23
44
7
61
98
154
127
85
11
156
84
188
83
13
136
73
2
68
59
119
120
158
180
66
124
38
78
52
42
181
=======
17
55
169
76
106
155
2
64
28
23
29
44
74
7
139
113
144
68
98
72
127
94
188
9
158
125
67
89
79
82
99
180
176
48
134
73
183
51
166
42
119
92
34
61
16
124
153
62
121
85
21
52
43
170
8
30
40
47
77
>>>>>>> 319e6a0dd838f4c011751a594e43cbefd1787a6a
