<<<<<<< HEAD
48
162
26
74
169
182
82
156
58
6
87
142
75
36
30
172
159
41
62
127
8
145
154
91
=======
162
182
58
6
142
62
36
30
>>>>>>> 319e6a0dd838f4c011751a594e43cbefd1787a6a
79
28
143
39
166
144
<<<<<<< HEAD
32
42
44
19
81
22
51
25
37
121
151
197
184
173
40
194
149
16
107
35
12
138
168
53
5
181
14
4
176
126
86
171
47
140
97
=======
74
32
168
51
197
44
97
42
151
70
132
40
176
183
106
35
127
78
180
154
112
194
19
159
147
181
23
148
52
25
4
190
85
59
173
43
82
146
72
10
115
130
108
179
158
138
26
172
184
22
126
149
63
53
117
86
57
163
92
109
195
188
48
>>>>>>> 319e6a0dd838f4c011751a594e43cbefd1787a6a
