<<<<<<< HEAD
160
73
86
176
126
76
85
120
148
143
139
193
156
149
60
110
165
59
135
194
177
184
33
196
128
150
174
65
21
103
170
49
121
179
35
48
3
25
133
97
17
137
92
188
125
108
116
30
142
37
38
81
119
24
159
68
=======
143
60
86
59
139
135
177
25
137
85
78
49
133
125
97
76
30
118
56
188
122
183
108
199
121
92
98
6
54
155
150
187
47
160
74
198
170
37
124
84
68
39
146
4
106
35
114
26
168
48
53
190
176
67
81
153
21
174
93
142
>>>>>>> 319e6a0dd838f4c011751a594e43cbefd1787a6a
161
78
27
<<<<<<< HEAD
163
16
185
140
44
=======
116
185
163
172
104
62
101
196
156
>>>>>>> 319e6a0dd838f4c011751a594e43cbefd1787a6a
