4
2
9
<<<<<<< HEAD
1
6
14
3
11
19
16
8
21
13
7
26
18
12
23
=======
14
19
24
29
34
39
42
47
49
55
60
65
70
73
78
83
88
93
98
104
109
114
119
124
129
134
139
>>>>>>> 319e6a0dd838f4c011751a594e43cbefd1787a6a
48
148
199
5
105
<<<<<<< HEAD
17
22
27
=======
>>>>>>> 319e6a0dd838f4c011751a594e43cbefd1787a6a
154
10
15
28
33
20
<<<<<<< HEAD
32
25
37
38
=======
25
>>>>>>> 319e6a0dd838f4c011751a594e43cbefd1787a6a
30
45
35
53
41
40
43
<<<<<<< HEAD
46
=======
>>>>>>> 319e6a0dd838f4c011751a594e43cbefd1787a6a
50
58
63
51
56
61
66
<<<<<<< HEAD
54
71
68
76
74
=======
71
74
79
84
89
94
99
100
110
115
120
125
130
135
140
143
159
164
169
174
179
186
191
194
142
147
149
153
158
163
168
173
178
>>>>>>> 319e6a0dd838f4c011751a594e43cbefd1787a6a
