170
135
10
<<<<<<< HEAD
40
166
83
46
121
66
177
92
167
37
139
193
28
58
57
130
21
39
71
172
128
106
192
4
105
197
160
59
100
111
113
179
159
33
12
41
146
3
158
117
16
=======
166
46
66
57
167
40
28
92
21
193
172
192
4
197
160
177
179
83
159
158
90
>>>>>>> 319e6a0dd838f4c011751a594e43cbefd1787a6a
67
189
31
101
132
115
<<<<<<< HEAD
25
168
93
141
6
70
29
22
174
182
47
143
112
120
149
14
162
150
35
11
=======
39
25
101
12
113
91
65
105
59
104
14
151
109
117
149
150
181
86
>>>>>>> 319e6a0dd838f4c011751a594e43cbefd1787a6a
178
43
136
<<<<<<< HEAD
190
52
134
90
72
=======
132
103
156
137
56
76
121
53
60
35
154
68
112
120
143
199
182
157
95
168
183
11
47
163
190
133
138
15
45
72
54
89
26
>>>>>>> 319e6a0dd838f4c011751a594e43cbefd1787a6a
