101
<<<<<<< HEAD
176
139
100
34
38
83
79
187
175
169
200
111
22
48
114
144
17
7
12
45
60
62
107
33
41
97
197
168
80
53
21
63
73
6
40
132
87
68
=======
200
38
111
7
68
12
97
63
168
144
62
74
48
79
148
107
6
40
85
18
137
87
131
>>>>>>> 319e6a0dd838f4c011751a594e43cbefd1787a6a
37
169
33
73
64
117
14
28
<<<<<<< HEAD
137
156
58
36
49
178
165
154
59
95
110
56
5
134
29
177
69
=======
21
36
31
59
173
34
86
45
1
151
67
132
156
115
5
177
138
23
60
29
16
118
65
100
>>>>>>> 319e6a0dd838f4c011751a594e43cbefd1787a6a
25
89
153
143
191
<<<<<<< HEAD
99
104
88
162
74
85
190
=======
11
165
82
134
110
162
4
142
189
61
81
10
83
>>>>>>> 319e6a0dd838f4c011751a594e43cbefd1787a6a
