63
<<<<<<< HEAD
82
83
103
34
128
65
75
98
104
67
81
154
37
117
96
129
106
113
108
112
120
73
7
13
5
92
25
100
48
69
1
84
132
15
51
18
125
140
136
157
21
47
52
121
102
148
33
135
142
46
4
50
91
62
138
119
44
=======
83
82
128
75
67
98
117
106
37
113
108
73
7
81
13
57
159
48
21
148
92
142
127
4
97
25
120
40
68
147
125
80
86
44
84
138
115
118
24
95
140
65
154
11
91
119
102
155
112
101
72
51
121
146
96
93
31
109
53
>>>>>>> 319e6a0dd838f4c011751a594e43cbefd1787a6a
2
146
31
123
<<<<<<< HEAD
53
=======
79
151
99
107
>>>>>>> 319e6a0dd838f4c011751a594e43cbefd1787a6a
