16
<<<<<<< HEAD
6
83
149
114
122
27
91
5
19
165
58
158
26
72
15
12
84
106
126
121
137
174
113
13
151
53
21
55
163
74
52
62
104
44
169
14
144
97
61
7
140
82
100
4
86
79
94
67
93
54
128
36
127
102
35
40
138
65
152
8
31
85
9
=======
83
122
114
27
19
126
5
84
4
121
174
21
24
105
163
104
12
80
52
66
72
9
137
155
144
97
7
158
67
54
87
100
162
45
172
133
146
77
94
44
39
35
165
106
79
61
71
47
28
113
142
149
103
118
53
167
62
18
152
17
36
127
85
31
120
8
32
151
>>>>>>> 319e6a0dd838f4c011751a594e43cbefd1787a6a
