41
92
<<<<<<< HEAD
19
164
74
=======
>>>>>>> 319e6a0dd838f4c011751a594e43cbefd1787a6a
100
43
110
129
<<<<<<< HEAD
23
3
=======
>>>>>>> 319e6a0dd838f4c011751a594e43cbefd1787a6a
166
23
82
165
65
133
103
<<<<<<< HEAD
160
127
7
48
126
33
66
95
73
67
118
119
37
70
154
122
72
171
6
172
174
123
=======
3
19
7
33
73
118
165
37
70
154
29
72
20
172
67
>>>>>>> 319e6a0dd838f4c011751a594e43cbefd1787a6a
106
158
31
<<<<<<< HEAD
42
40
146
130
29
14
81
167
2
13
86
109
20
77
115
=======
122
40
95
119
174
56
145
68
146
90
163
133
87
77
147
115
141
151
>>>>>>> 319e6a0dd838f4c011751a594e43cbefd1787a6a
128
81
150
2
45
30
69
75
112
99
21
<<<<<<< HEAD
132
22
75
=======
111
120
167
116
22
132
125
35
47
66
>>>>>>> 319e6a0dd838f4c011751a594e43cbefd1787a6a
