103
57
104
<<<<<<< HEAD
11
58
54
105
59
60
61
62
12
172
106
107
47
108
13
109
67
196
152
180
127
65
56
184
129
134
128
135
118
64
174
181
88
69
182
132
190
126
150
70
131
191
156
125
63
130
192
31
85
71
119
37
68
144
43
145
163
139
91
186
73
154
120
136
198
80
161
121
92
122
40
53
194
=======
172
105
108
109
106
107
54
47
67
196
127
152
60
61
56
118
64
174
182
186
68
150
70
63
136
85
89
65
184
88
90
83
165
71
74
163
41
43
139
69
91
10
3
1
8
2
6
7
4
73
154
80
38
161
198
92
53
192
181
191
190
145
144
37
31
194
175
193
147
57
59
>>>>>>> 319e6a0dd838f4c011751a594e43cbefd1787a6a
