<<<<<<< HEAD
22
59
=======
>>>>>>> 319e6a0dd838f4c011751a594e43cbefd1787a6a
81
147
171
37
<<<<<<< HEAD
123
90
175
154
137
174
172
183
10
127
179
88
121
95
8
116
173
30
11
161
199
196
25
57
167
106
28
198
92
53
111
156
162
139
50
18
169
58
66
15
27
138
34
45
24
157
114
62
85
119
168
67
190
124
63
118
149
86
125
151
93
192
=======
175
123
137
183
173
174
121
11
199
154
88
172
106
92
10
24
116
111
156
18
58
51
30
66
8
152
29
148
157
102
176
76
169
47
196
114
46
140
71
170
78
59
117
67
33
190
149
185
145
139
166
168
186
179
131
86
22
143
20
124
184
54
35
100
84
3
95
39
188
>>>>>>> 319e6a0dd838f4c011751a594e43cbefd1787a6a
