<<<<<<< HEAD
147
152
143
81
13
179
115
82
45
119
134
11
135
37
14
185
3
12
127
50
36
186
162
39
176
56
77
20
167
25
156
150
164
66
33
122
31
170
155
68
166
49
129
18
64
60
177
142
165
148
30
180
163
72
15
35
34
114
109
83
54
=======
143
13
82
185
11
14
152
50
39
25
20
150
170
72
36
49
157
81
31
149
129
139
117
158
142
54
37
172
61
107
140
173
67
111
3
167
162
60
148
180
29
121
144
159
52
84
35
98
40
26
91
135
44
88
188
179
68
127
71
126
104
114
163
12
34
75
62
45
83
113
183
78
174
>>>>>>> 319e6a0dd838f4c011751a594e43cbefd1787a6a
79
