<<<<<<< HEAD
45
71
114
58
51
31
97
146
92
82
=======
146
45
82
58
>>>>>>> 319e6a0dd838f4c011751a594e43cbefd1787a6a
61
117
161
2
66
96
126
135
<<<<<<< HEAD
19
25
139
67
159
59
155
16
103
8
130
95
119
73
149
131
55
89
44
162
75
163
157
10
169
52
23
102
34
106
15
86
152
35
123
167
13
153
109
49
107
151
113
72
7
168
29
175
50
68
79
129
88
164
48
54
83
122
20
111
100
87
33
24
=======
126
159
16
59
96
119
73
103
8
102
131
123
89
162
44
157
149
88
169
155
33
92
52
23
15
60
113
24
25
152
136
72
165
20
35
111
57
27
83
34
114
54
7
150
151
109
124
174
65
153
106
95
30
120
168
66
48
19
167
140
56
79
37
85
142
170
9
128
11
70
28
78
144
69
2
>>>>>>> 319e6a0dd838f4c011751a594e43cbefd1787a6a
