<<<<<<< HEAD
42
129
121
75
110
132
60
135
114
15
122
152
76
117
145
43
6
119
36
24
118
25
70
115
12
128
138
74
30
20
58
62
85
124
13
146
156
49
102
53
131
93
100
27
139
39
155
46
56
104
94
17
65
107
18
59
140
11
150
84
40
9
134
153
5
101
19
63
47
61
=======
129
132
75
15
122
152
70
76
115
117
24
128
155
145
139
12
85
146
110
74
17
47
53
138
93
100
101
91
61
133
103
69
44
56
1
151
4
49
60
96
94
142
31
118
45
79
150
5
36
124
66
22
62
102
58
73
109
39
65
84
46
28
98
63
95
7
72
23
143
10
38
40
>>>>>>> 319e6a0dd838f4c011751a594e43cbefd1787a6a
