<<<<<<< HEAD
166
91
11
14
103
168
54
39
42
62
17
178
172
136
189
107
164
37
90
156
85
65
23
4
115
27
77
=======
91
11
54
62
17
172
14
189
156
77
178
115
>>>>>>> 319e6a0dd838f4c011751a594e43cbefd1787a6a
137
169
81
106
<<<<<<< HEAD
170
194
36
121
188
34
108
145
161
60
49
97
32
184
76
7
132
64
155
134
87
55
167
163
190
147
8
174
67
122
150
182
58
52
79
187
125
135
149
18
=======
67
121
60
184
76
174
7
85
27
64
155
65
147
144
73
127
89
52
18
58
126
32
151
42
146
136
75
49
84
164
50
79
191
160
177
198
82
200
116
125
182
130
192
193
55
15
105
150
48
24
25
8
163
181
129
185
124
23
107
159
167
40
87
59
187
140
122
190
135
95
>>>>>>> 319e6a0dd838f4c011751a594e43cbefd1787a6a
