<<<<<<< HEAD
157
57
169
84
126
72
194
144
104
159
9
141
11
185
64
3
59
75
89
154
47
189
193
156
54
=======
169
84
159
11
185
89
193
>>>>>>> 319e6a0dd838f4c011751a594e43cbefd1787a6a
198
8
142
<<<<<<< HEAD
34
58
121
38
16
94
35
63
163
131
60
108
33
99
43
71
23
29
30
52
49
81
61
6
70
37
133
100
176
101
20
146
127
112
68
173
148
117
21
25
181
=======
38
16
72
34
35
64
121
60
52
99
9
70
21
133
25
154
23
71
30
58
157
29
37
57
147
109
101
80
20
15
151
158
68
22
41
42
195
196
83
94
132
168
180
127
10
59
112
103
143
163
144
145
190
53
75
69
149
173
61
148
174
46
86
27
137
186
7
>>>>>>> 319e6a0dd838f4c011751a594e43cbefd1787a6a
