6
51
22
60
122
<<<<<<< HEAD
169
97
61
106
75
36
38
74
99
91
80
89
40
119
11
165
78
29
101
8
50
136
150
154
48
1
177
149
138
180
110
121
19
69
25
26
164
86
62
158
95
167
=======
97
119
6
169
106
165
8
61
154
48
148
101
1
177
149
99
89
13
113
38
138
180
25
59
26
29
164
40
179
31
131
62
184
167
11
74
171
192
158
86
>>>>>>> 319e6a0dd838f4c011751a594e43cbefd1787a6a
199
176
124
<<<<<<< HEAD
108
12
141
73
155
173
200
168
98
83
185
34
30
13
47
=======
157
12
36
136
105
200
5
35
151
155
141
73
98
33
133
83
173
34
87
30
27
127
>>>>>>> 319e6a0dd838f4c011751a594e43cbefd1787a6a
