<<<<<<< HEAD
90
154
104
118
179
117
103
92
153
83
142
5
175
106
=======
118
104
179
153
90
>>>>>>> 319e6a0dd838f4c011751a594e43cbefd1787a6a
137
182
68
94
174
<<<<<<< HEAD
57
157
114
51
189
75
131
46
177
87
85
4
86
110
126
198
170
105
119
67
11
168
45
140
27
178
191
181
48
134
79
3
33
66
180
69
23
50
127
72
18
161
96
63
=======
142
5
114
68
154
33
46
92
177
87
126
11
22
168
191
181
85
66
140
86
182
23
13
117
4
110
48
183
89
125
53
18
94
36
134
63
158
21
25
193
72
8
127
157
15
>>>>>>> 319e6a0dd838f4c011751a594e43cbefd1787a6a
165
50
67
52
<<<<<<< HEAD
77
100
16
166
29
197
64
124
196
=======
155
91
69
166
29
44
156
160
77
2
16
73
45
196
167
170
>>>>>>> 319e6a0dd838f4c011751a594e43cbefd1787a6a
