61
<<<<<<< HEAD
151
9
14
2
71
52
128
33
191
117
66
162
46
85
50
63
73
19
54
70
200
80
172
96
113
22
139
32
142
120
58
90
23
15
28
183
124
74
138
27
49
104
95
101
196
111
47
12
144
107
44
187
126
108
155
99
67
5
182
60
7
102
21
86
72
105
79
132
97
167
45
159
180
130
59
24
53
84
131
77
62
140
103
136
164
112
161
143
190
109
154
11
64
118
169
137
43
30
181
34
92
134
174
=======
71
128
162
46
85
191
33
172
73
19
15
28
22
139
74
32
138
70
142
152
27
171
104
140
144
187
126
155
196
72
82
47
95
101
12
44
5
102
105
108
132
159
180
77
60
94
62
153
167
190
192
6
53
56
131
11
31
185
43
40
76
193
173
103
65
198
143
69
199
109
154
92
161
134
88
168
146
29
26
189
78
38
175
119
106
160
98
9
>>>>>>> 319e6a0dd838f4c011751a594e43cbefd1787a6a
