<<<<<<< HEAD
=======
87
120
56
>>>>>>> 319e6a0dd838f4c011751a594e43cbefd1787a6a
1
16
56
69
<<<<<<< HEAD
74
87
9
63
108
120
22
166
89
105
14
200
49
104
130
197
171
136
102
198
34
106
28
48
75
44
24
88
50
153
39
78
59
154
55
177
71
148
107
113
181
93
196
132
194
84
94
12
163
167
33
191
184
170
45
42
54
180
112
77
80
6
46
135
111
86
124
165
159
151
=======
89
22
74
105
200
197
171
78
9
136
44
84
28
177
113
181
132
93
80
107
172
2
198
102
49
94
187
12
167
170
164
39
24
76
54
29
61
148
115
117
106
189
130
26
51
151
194
192
6
141
104
14
173
196
33
91
183
193
150
135
186
109
111
146
57
180
138
162
140
97
86
165
145
101
124
13
>>>>>>> 319e6a0dd838f4c011751a594e43cbefd1787a6a
