99
92
<<<<<<< HEAD
17
55
8
26
143
40
47
140
155
97
11
175
3
167
193
44
119
200
27
148
100
184
188
91
145
45
42
142
70
151
13
69
48
19
115
114
90
150
21
32
108
168
191
66
127
51
22
111
174
192
58
128
82
46
126
5
110
79
86
181
106
172
131
52
67
25
68
137
18
147
88
96
121
=======
155
26
167
100
184
8
27
40
91
145
48
44
13
90
19
21
127
111
82
181
174
128
123
119
5
42
67
126
43
68
147
18
141
166
188
69
110
25
49
108
137
131
59
134
129
20
47
194
61
33
96
192
115
55
130
116
151
114
97
35
164
175
168
187
24
169
144
158
172
86
120
62
88
153
52
>>>>>>> 319e6a0dd838f4c011751a594e43cbefd1787a6a
