36
83
<<<<<<< HEAD
121
130
103
13
124
174
19
75
84
44
56
25
48
92
109
7
64
34
189
194
154
12
16
55
57
137
162
113
60
152
10
169
74
95
31
86
144
155
30
143
125
175
177
39
166
185
81
199
170
104
129
24
17
49
195
65
134
118
193
157
8
23
117
96
=======
103
19
84
177
64
189
194
174
86
57
12
75
113
44
96
55
152
104
155
16
144
175
24
74
122
29
39
170
151
56
199
17
38
159
60
118
193
157
40
141
124
102
70
52
66
27
106
92
49
169
>>>>>>> 319e6a0dd838f4c011751a594e43cbefd1787a6a
59
31
13
143
117
87
34
43
7
137
9
132
166
105
156
136
99
<<<<<<< HEAD
58
102
156
=======
82
18
77
149
178
130
23
134
58
>>>>>>> 319e6a0dd838f4c011751a594e43cbefd1787a6a
107
148
120
<<<<<<< HEAD
105
=======
148
88
125
>>>>>>> 319e6a0dd838f4c011751a594e43cbefd1787a6a
