168
<<<<<<< HEAD
137
7
99
97
88
179
23
184
59
123
136
107
11
114
79
93
134
135
3
163
117
165
31
187
111
153
51
2
32
54
118
21
141
108
53
151
=======
136
7
97
184
11
123
134
117
54
79
31
153
21
141
108
>>>>>>> 319e6a0dd838f4c011751a594e43cbefd1787a6a
5
63
187
43
<<<<<<< HEAD
4
24
41
113
195
65
127
142
44
30
78
152
192
28
144
46
90
69
180
98
193
75
17
87
42
100
133
25
=======
154
82
98
186
113
118
139
78
40
69
183
44
53
30
51
45
25
37
1
68
149
162
46
28
90
107
32
198
92
180
176
2
193
22
167
84
127
75
165
23
133
87
130
67
151
41
35
155
192
14
124
42
159
38
100
197
62
34
128
142
>>>>>>> 319e6a0dd838f4c011751a594e43cbefd1787a6a
