75
106
40
105
<<<<<<< HEAD
106
109
21
94
8
25
57
158
59
14
125
121
162
142
11
130
43
61
89
138
137
168
187
107
1
6
16
178
74
22
108
23
192
193
200
80
85
86
26
87
111
135
100
38
51
60
183
198
93
146
28
36
199
181
77
124
71
13
120
72
34
54
82
114
5
126
17
152
=======
130
8
25
14
125
43
57
138
142
22
23
36
59
121
193
186
74
171
108
85
72
17
137
170
169
60
133
80
53
86
28
199
107
158
19
102
88
100
146
2
84
122
54
98
34
136
94
152
95
50
200
12
97
52
123
29
67
31
56
124
13
128
35
149
82
198
132
92
46
>>>>>>> 319e6a0dd838f4c011751a594e43cbefd1787a6a
