62
<<<<<<< HEAD
43
10
53
13
82
86
121
128
64
6
132
60
111
47
136
25
113
129
69
23
15
61
=======
53
128
6
10
47
136
23
8
69
129
>>>>>>> 319e6a0dd838f4c011751a594e43cbefd1787a6a
81
94
46
<<<<<<< HEAD
105
71
134
38
49
67
120
139
148
28
116
127
29
52
27
19
5
73
58
57
117
77
101
3
7
91
8
99
32
56
35
20
79
44
93
140
118
110
75
50
137
89
=======
134
38
147
67
82
33
148
116
127
111
101
52
72
43
27
86
1
132
5
130
138
29
7
13
113
31
91
20
57
94
125
120
44
98
77
110
19
117
93
45
137
97
55
92
22
18
50
90
103
9
12
85
58
>>>>>>> 319e6a0dd838f4c011751a594e43cbefd1787a6a
