<<<<<<< HEAD
23
174
58
82
151
65
113
133
=======
82
113
>>>>>>> 319e6a0dd838f4c011751a594e43cbefd1787a6a
91
133
165
75
<<<<<<< HEAD
12
165
182
112
168
=======
65
182
112
25
>>>>>>> 319e6a0dd838f4c011751a594e43cbefd1787a6a
47
141
88
195
<<<<<<< HEAD
109
9
143
42
10
98
154
25
173
178
76
86
21
193
102
22
57
150
5
123
167
101
60
139
141
78
16
170
175
74
18
46
180
164
149
157
67
140
118
162
186
=======
60
10
154
122
118
86
9
125
157
143
176
186
139
109
175
84
188
173
50
62
13
44
58
180
190
46
164
95
148
90
162
131
78
178
37
130
29
14
167
183
146
26
199
23
197
101
16
193
102
100
140
116
74
121
67
147
6
>>>>>>> 319e6a0dd838f4c011751a594e43cbefd1787a6a
