<<<<<<< HEAD
56
18
22
141
86
52
82
118
12
29
152
=======
52
82
>>>>>>> 319e6a0dd838f4c011751a594e43cbefd1787a6a
42
184
22
120
45
<<<<<<< HEAD
53
28
121
103
128
37
17
36
123
43
173
72
77
=======
128
36
123
43
>>>>>>> 319e6a0dd838f4c011751a594e43cbefd1787a6a
97
85
41
<<<<<<< HEAD
138
177
88
35
143
62
20
54
116
63
151
81
127
76
19
134
5
51
107
139
1
126
159
98
3
79
74
122
174
188
91
16
101
170
34
=======
79
77
26
143
59
132
16
118
130
127
53
51
180
173
62
91
76
98
63
94
160
40
126
148
153
176
37
135
138
74
75
50
167
39
107
9
136
152
122
78
134
181
84
55
4
25
32
20
2
87
188
174
186
139
101
1
112
170
34
144
8
166
65
140
18
121
>>>>>>> 319e6a0dd838f4c011751a594e43cbefd1787a6a
