10
166
151
60
200
<<<<<<< HEAD
103
1
105
199
41
85
150
96
109
88
196
181
190
40
61
42
129
192
187
17
28
179
89
32
74
164
38
67
115
49
191
133
124
167
58
165
108
82
6
195
19
20
149
84
95
157
3
29
160
53
45
99
111
5
52
127
138
7
107
135
97
156
=======
85
150
105
96
196
40
199
190
179
53
19
141
38
28
49
149
167
109
125
192
100
14
195
132
15
20
41
84
103
46
93
197
164
22
160
162
131
95
133
45
140
27
108
172
129
6
110
91
67
88
151
138
165
191
5
127
111
7
64
76
126
123
184
97
156
29
12
113
2
89
>>>>>>> 319e6a0dd838f4c011751a594e43cbefd1787a6a
