<<<<<<< HEAD
50
31
158
143
8
148
100
32
141
162
11
66
36
51
127
28
49
118
1
62
17
111
5
75
46
52
13
48
105
82
43
173
146
7
23
80
34
57
140
64
3
22
137
124
39
35
109
18
106
68
156
104
87
21
149
65
134
95
119
12
67
53
42
117
157
=======
158
143
100
141
51
127
66
28
32
11
118
62
43
17
111
124
13
48
146
35
57
7
23
105
34
2
63
93
49
90
14
137
73
33
1
46
110
68
38
104
140
21
65
39
129
9
4
102
117
134
133
86
67
96
95
26
64
136
45
171
159
142
80
83
53
89
>>>>>>> 319e6a0dd838f4c011751a594e43cbefd1787a6a
84
121
167
157
85
<<<<<<< HEAD
101
167
=======
174
101
92
91
22
173
>>>>>>> 319e6a0dd838f4c011751a594e43cbefd1787a6a
