26
41
194
55
<<<<<<< HEAD
91
20
123
34
50
148
8
19
9
147
11
166
143
115
144
43
4
87
187
159
52
81
96
129
199
158
6
161
105
65
136
64
195
172
93
193
27
46
61
140
192
113
38
176
177
39
44
184
68
89
22
146
127
154
72
97
88
16
128
51
170
35
131
198
=======
26
20
91
50
8
19
43
143
136
6
4
144
199
46
159
9
16
61
52
123
172
122
187
140
129
37
15
65
113
38
176
39
44
89
74
170
27
181
17
82
146
177
58
191
68
63
127
96
135
86
97
130
72
147
81
79
200
157
154
75
88
64
22
131
35
120
23
66
156
105
166
>>>>>>> 319e6a0dd838f4c011751a594e43cbefd1787a6a
