<<<<<<< HEAD
124
189
155
198
199
115
8
167
42
196
95
151
130
52
62
40
72
31
77
48
185
131
164
18
28
68
176
200
186
142
76
46
98
12
122
118
182
84
64
74
75
79
165
175
25
71
159
168
1
179
171
94
23
145
7
80
34
44
90
107
138
161
50
119
29
53
=======
115
185
8
151
42
52
165
167
179
7
31
23
40
77
168
48
72
28
176
86
196
200
186
131
46
12
122
96
64
111
76
37
29
175
25
173
104
85
26
1
95
119
170
150
159
62
116
18
56
160
79
182
152
90
34
93
80
142
82
63
53
61
192
109
83
193
>>>>>>> 319e6a0dd838f4c011751a594e43cbefd1787a6a
