<<<<<<< HEAD
88
30
174
188
=======
174
>>>>>>> 319e6a0dd838f4c011751a594e43cbefd1787a6a
93
16
63
77
31
<<<<<<< HEAD
72
152
120
119
79
28
190
24
127
105
129
189
172
78
87
86
82
20
154
27
38
43
56
66
2
36
71
48
138
167
11
46
162
1
55
6
49
85
133
135
125
8
186
81
47
106
50
163
19
187
165
89
112
=======
28
105
24
189
56
20
127
38
150
2
36
71
171
101
48
82
99
108
138
167
183
113
70
107
11
162
79
4
55
126
115
6
5
81
137
104
112
114
76
8
152
49
160
94
143
130
120
87
106
121
88
125
154
43
40
90
23
186
163
47
50
35
187
165
73
54
>>>>>>> 319e6a0dd838f4c011751a594e43cbefd1787a6a
