77
<<<<<<< HEAD
54
195
149
72
173
132
90
107
139
20
138
3
76
37
=======
149
173
72
132
54
107
37
138
164
>>>>>>> 319e6a0dd838f4c011751a594e43cbefd1787a6a
48
165
175
163
38
114
146
164
44
<<<<<<< HEAD
151
=======
>>>>>>> 319e6a0dd838f4c011751a594e43cbefd1787a6a
14
65
12
103
<<<<<<< HEAD
21
=======
182
21
3
>>>>>>> 319e6a0dd838f4c011751a594e43cbefd1787a6a
66
86
139
18
69
58
22
174
108
<<<<<<< HEAD
143
10
180
161
71
69
24
170
110
118
141
45
147
167
26
58
41
128
162
112
29
182
183
62
159
27
169
39
17
127
152
144
4
95
109
70
186
5
120
=======
24
19
110
141
193
100
178
151
143
162
83
115
130
159
39
111
155
179
27
170
41
147
94
154
2
5
62
127
10
112
102
152
200
76
4
123
133
153
161
12
128
183
109
126
95
191
129
101
190
32
105
>>>>>>> 319e6a0dd838f4c011751a594e43cbefd1787a6a
