64
26
118
43
<<<<<<< HEAD
6
114
35
135
136
45
52
129
58
145
31
102
53
134
5
144
104
143
93
19
79
24
155
181
133
110
98
108
91
23
67
156
158
119
4
138
92
167
186
85
150
90
1
192
50
60
77
165
195
51
89
111
97
140
76
=======
35
114
135
129
102
104
155
91
6
52
5
23
192
144
85
181
67
92
76
98
150
156
132
187
158
37
167
4
108
90
45
30
51
162
16
110
122
77
136
86
109
133
60
200
140
83
50
31
19
125
12
115
127
24
169
195
>>>>>>> 319e6a0dd838f4c011751a594e43cbefd1787a6a
154
89
82
33
164
130
<<<<<<< HEAD
59
117
162
132
182
199
=======
159
189
199
53
131
>>>>>>> 319e6a0dd838f4c011751a594e43cbefd1787a6a
