<<<<<<< HEAD
163
74
=======
>>>>>>> 319e6a0dd838f4c011751a594e43cbefd1787a6a
165
28
41
51
80
95
98
34
149
24
11
166
45
38
<<<<<<< HEAD
32
142
144
76
102
42
64
105
17
141
124
66
143
59
91
2
122
106
115
110
5
129
128
70
148
55
73
75
71
46
151
159
86
7
127
161
99
31
67
21
123
167
136
16
140
8
88
79
12
150
72
65
101
162
137
36
170
61
=======
95
142
24
76
102
42
21
64
105
124
2
129
34
55
123
78
71
46
59
61
151
36
127
5
67
75
115
167
121
140
104
66
83
14
88
119
32
99
69
29
11
137
111
54
120
43
101
44
146
148
17
106
86
26
12
49
41
35
91
72
65
90
156
133
170
87
145
112
113
68
20
1
139
149
141
>>>>>>> 319e6a0dd838f4c011751a594e43cbefd1787a6a
