<<<<<<< HEAD
157
7
29
193
37
155
82
136
160
177
121
130
191
111
14
89
172
101
13
55
142
=======
136
37
191
111
177
82
7
172
34
29
101
47
>>>>>>> 319e6a0dd838f4c011751a594e43cbefd1787a6a
152
84
134
42
96
98
122
57
46
195
187
129
<<<<<<< HEAD
110
124
81
75
190
168
61
50
102
18
165
35
128
68
20
76
185
170
186
10
34
69
166
192
135
145
179
62
183
94
39
115
5
73
167
45
91
189
162
=======
75
155
168
131
102
18
68
30
20
22
89
32
185
6
166
178
154
104
145
110
134
15
62
59
143
187
192
54
77
73
88
179
189
94
135
137
160
10
28
91
173
161
158
99
41
109
183
153
19
5
162
83
60
117
40
164
132
14
>>>>>>> 319e6a0dd838f4c011751a594e43cbefd1787a6a
