<<<<<<< HEAD
107
122
71
26
195
10
65
199
191
136
197
51
40
158
59
181
105
77
62
76
17
31
109
19
75
48
118
113
143
125
162
147
98
97
90
57
173
170
89
8
12
63
110
179
92
35
99
53
20
87
70
56
144
103
3
150
133
116
100
177
9
176
196
131
138
=======
122
136
181
105
76
65
17
118
195
98
8
75
173
97
178
12
63
179
180
62
132
20
35
83
101
111
19
22
131
123
26
31
99
127
56
94
59
37
103
125
194
200
139
96
189
149
133
119
7
73
191
3
135
198
138
79
32
112
15
53
117
87
48
110
14
13
71
142
144
18
166
156
185
196
55
175
>>>>>>> 319e6a0dd838f4c011751a594e43cbefd1787a6a
