<<<<<<< HEAD
33
60
44
97
70
99
123
125
91
117
152
24
150
144
10
89
61
22
74
57
115
34
98
65
46
124
151
142
69
48
15
21
26
32
35
71
50
82
108
135
16
36
76
7
37
102
87
113
30
140
19
38
72
84
=======
60
97
123
150
57
46
44
50
99
125
152
29
69
32
71
7
61
22
53
37
24
31
87
113
140
39
19
6
65
72
77
103
130
34
16
63
28
38
70
67
>>>>>>> 319e6a0dd838f4c011751a594e43cbefd1787a6a
9
129
17
<<<<<<< HEAD
28
110
62
137
56
100
29
=======
40
30
26
20
82
62
74
21
42
108
56
25
135
68
83
109
136
96
33
>>>>>>> 319e6a0dd838f4c011751a594e43cbefd1787a6a
