<<<<<<< HEAD
15
84
59
66
172
119
47
67
76
90
98
116
135
141
46
3
184
31
51
145
113
54
108
2
70
81
8
148
62
143
80
21
118
105
155
134
126
123
142
151
34
41
87
107
20
97
186
52
106
104
159
161
132
73
7
1
169
23
74
95
152
160
139
17
28
22
100
43
111
4
58
=======
84
172
62
47
76
90
141
145
80
98
3
67
54
113
152
108
2
8
163
174
97
155
134
138
123
107
96
70
21
41
87
20
186
52
7
46
169
34
35
162
63
77
135
95
23
112
122
159
180
102
104
94
115
111
14
127
129
71
27
143
100
147
4
17
81
139
74
53
75
5
58
175
72
>>>>>>> 319e6a0dd838f4c011751a594e43cbefd1787a6a
