<<<<<<< HEAD
=======
144
>>>>>>> 319e6a0dd838f4c011751a594e43cbefd1787a6a
9
13
144
57
<<<<<<< HEAD
183
185
102
1
142
149
16
38
99
191
50
8
15
75
64
133
6
47
59
132
41
20
151
118
187
100
49
26
82
103
105
60
157
179
98
155
186
152
106
36
74
131
84
197
17
87
136
123
119
176
68
135
33
93
79
71
22
42
31
125
181
141
=======
142
16
183
99
191
38
149
59
8
151
176
118
100
106
60
141
131
157
37
5
67
163
47
186
26
84
74
140
17
42
19
21
115
89
12
111
55
146
196
104
87
2
15
174
82
64
125
4
103
138
24
20
113
179
79
128
28
22
44
177
75
182
33
101
181
107
161
198
148
127
>>>>>>> 319e6a0dd838f4c011751a594e43cbefd1787a6a
