158
<<<<<<< HEAD
164
188
90
174
18
17
97
47
14
30
105
67
23
133
60
54
42
91
166
148
126
21
80
12
70
161
169
156
36
139
16
25
199
62
113
183
7
103
79
191
136
8
138
2
22
87
127
83
32
168
131
43
89
46
64
194
101
141
4
38
10
65
149
76
147
1
123
179
=======
90
17
97
47
67
133
174
42
126
38
21
166
66
12
105
191
180
190
36
25
62
29
188
125
171
59
183
136
77
23
151
79
2
87
172
127
160
43
131
18
4
7
194
35
139
114
65
168
32
113
161
128
184
16
86
101
37
64
197
198
149
81
89
182
76
163
147
1
123
175
179
193
135
115
60
165
>>>>>>> 319e6a0dd838f4c011751a594e43cbefd1787a6a
