60
111
<<<<<<< HEAD
102
27
113
179
132
104
159
142
185
37
85
76
123
170
45
40
20
121
128
73
160
10
66
12
34
172
183
191
127
167
101
192
77
173
144
129
47
119
16
5
36
149
108
131
79
141
178
89
189
184
120
199
=======
179
132
159
113
142
170
45
40
167
173
123
129
186
47
160
37
199
5
183
36
192
184
69
74
73
16
79
76
133
101
92
89
99
54
112
119
161
138
67
38
135
51
81
150
29
180
19
28
100
197
189
13
182
>>>>>>> 319e6a0dd838f4c011751a594e43cbefd1787a6a
117
191
131
11
66
8
21
<<<<<<< HEAD
112
157
180
65
69
91
51
175
59
19
100
30
46
62
115
50
8
=======
87
151
46
91
127
4
168
106
65
86
97
32
128
>>>>>>> 319e6a0dd838f4c011751a594e43cbefd1787a6a
