<<<<<<< HEAD
7
=======
>>>>>>> 319e6a0dd838f4c011751a594e43cbefd1787a6a
12
73
124
89
123
152
<<<<<<< HEAD
22
138
186
105
53
58
121
148
145
21
31
38
72
96
80
119
166
173
184
17
149
93
170
29
106
68
176
187
60
162
132
88
35
163
172
81
177
11
128
48
2
157
74
144
67
140
8
147
39
10
158
69
16
102
28
30
43
14
6
15
143
101
66
169
70
108
171
155
24
71
159
77
=======
53
145
186
31
80
121
72
21
58
149
29
106
176
39
169
60
8
162
141
128
174
59
132
187
70
88
11
48
139
124
24
38
155
157
7
110
67
184
74
35
160
158
57
86
83
69
64
84
166
28
30
18
43
2
66
87
136
16
114
171
148
14
71
181
91
122
161
100
40
77
42
4
163
95
81
>>>>>>> 319e6a0dd838f4c011751a594e43cbefd1787a6a
