<<<<<<< HEAD
86
93
80
168
40
137
49
150
90
104
158
44
178
25
3
67
152
159
55
127
15
115
164
63
69
76
97
114
100
72
155
16
176
14
82
101
162
79
132
34
165
143
125
32
173
51
=======
40
80
49
55
152
127
168
63
15
90
44
69
100
117
72
99
155
14
164
34
173
158
>>>>>>> 319e6a0dd838f4c011751a594e43cbefd1787a6a
175
117
189
<<<<<<< HEAD
169
133
99
91
95
129
=======
129
57
131
174
162
82
122
>>>>>>> 319e6a0dd838f4c011751a594e43cbefd1787a6a
149
87
84
134
32
114
46
143
101
23
73
148
59
<<<<<<< HEAD
111
146
88
139
4
160
131
136
141
66
84
=======
170
36
139
11
65
93
154
182
167
61
160
133
145
89
41
128
184
4
54
136
66
96
156
104
>>>>>>> 319e6a0dd838f4c011751a594e43cbefd1787a6a
