80
<<<<<<< HEAD
123
115
116
33
=======
>>>>>>> 319e6a0dd838f4c011751a594e43cbefd1787a6a
110
200
147
129
<<<<<<< HEAD
182
175
5
79
38
188
163
55
41
=======
>>>>>>> 319e6a0dd838f4c011751a594e43cbefd1787a6a
161
5
166
<<<<<<< HEAD
20
=======
163
>>>>>>> 319e6a0dd838f4c011751a594e43cbefd1787a6a
167
46
182
79
20
118
11
<<<<<<< HEAD
152
108
145
95
139
37
143
=======
139
108
200
147
143
131
>>>>>>> 319e6a0dd838f4c011751a594e43cbefd1787a6a
164
44
107
58
91
65
122
<<<<<<< HEAD
67
49
10
48
59
134
52
105
131
137
100
168
32
86
78
3
83
111
121
191
72
7
27
2
197
140
194
43
=======
87
83
10
134
119
155
48
78
121
195
115
35
18
59
113
54
55
152
7
193
168
135
197
92
186
196
150
174
178
40
126
13
157
191
145
33
140
58
26
12
53
2
44
60
93
141
194
165
199
64
>>>>>>> 319e6a0dd838f4c011751a594e43cbefd1787a6a
