11
12
<<<<<<< HEAD
25
=======
>>>>>>> 319e6a0dd838f4c011751a594e43cbefd1787a6a
139
164
62
111
105
188
<<<<<<< HEAD
168
44
100
51
87
135
40
=======
93
100
87
>>>>>>> 319e6a0dd838f4c011751a594e43cbefd1787a6a
155
28
115
71
68
63
<<<<<<< HEAD
138
9
182
114
143
177
145
184
101
127
159
131
171
83
17
134
93
90
103
38
26
24
133
59
57
49
144
157
33
35
82
85
10
107
123
187
95
124
120
140
151
172
176
141
47
167
128
92
45
132
=======
159
83
9
134
113
114
40
103
133
184
177
71
51
143
10
123
157
48
171
69
43
107
187
89
79
110
104
3
33
95
130
105
38
137
17
120
56
55
129
176
162
90
141
26
101
172
165
45
82
128
65
81
178
152
170
58
185
94
42
>>>>>>> 319e6a0dd838f4c011751a594e43cbefd1787a6a
