<<<<<<< HEAD
12
177
165
23
70
126
48
130
179
29
107
85
99
103
46
11
108
59
159
164
=======
177
48
12
130
179
85
23
99
150
107
108
103
>>>>>>> 319e6a0dd838f4c011751a594e43cbefd1787a6a
15
26
22
27
<<<<<<< HEAD
52
34
150
9
71
18
7
86
113
49
90
77
131
168
145
50
51
144
1
141
53
41
87
149
2
39
92
65
111
137
160
98
94
174
127
162
119
115
67
=======
119
9
53
90
164
168
51
45
22
52
82
162
145
50
64
73
7
144
95
87
25
35
175
135
148
112
111
65
167
13
17
36
118
178
127
100
161
71
83
67
29
93
94
77
34
92
101
155
46
1
2
102
114
149
31
20
43
110
78
86
>>>>>>> 319e6a0dd838f4c011751a594e43cbefd1787a6a
