<<<<<<< HEAD
11
13
16
147
138
64
20
198
67
157
24
163
112
139
190
156
200
154
99
119
115
75
193
114
30
63
6
=======
138
64
20
11
112
13
139
200
154
30
190
>>>>>>> 319e6a0dd838f4c011751a594e43cbefd1787a6a
184
113
104
21
152
<<<<<<< HEAD
191
66
77
175
44
146
189
182
121
104
84
35
26
102
133
21
15
45
54
38
71
113
78
4
142
22
106
72
136
46
108
89
14
83
80
=======
175
189
121
191
6
1
35
67
163
133
45
140
54
156
119
31
26
109
38
159
179
77
61
76
126
44
142
23
5
149
72
74
193
136
17
108
89
14
169
97
69
>>>>>>> 319e6a0dd838f4c011751a594e43cbefd1787a6a
28
29
60
188
157
177
85
143
106
22
114
122
34
137
102
10
132
<<<<<<< HEAD
153
8
100
=======
80
199
153
40
71
>>>>>>> 319e6a0dd838f4c011751a594e43cbefd1787a6a
