<<<<<<< HEAD
121
1
81
2
5
12
32
153
61
156
128
127
3
4
6
45
7
49
150
93
102
52
117
175
8
106
182
13
136
169
118
148
139
9
10
107
11
187
154
132
192
14
191
130
15
16
166
17
131
188
129
186
113
44
18
180
19
48
20
110
183
21
134
120
144
91
197
62
124
135
22
185
177
112
28
=======
81
12
5
49
61
32
156
128
127
150
102
175
182
169
118
148
154
132
107
191
130
188
186
166
131
129
183
139
134
144
180
177
153
164
135
110
120
185
197
124
112
161
176
198
157
152
123
106
173
171
190
160
147
159
158
136
184
111
109
121
151
179
45
>>>>>>> 319e6a0dd838f4c011751a594e43cbefd1787a6a
