14
172
162
<<<<<<< HEAD
58
17
163
159
182
173
18
20
127
43
79
=======
159
138
>>>>>>> 319e6a0dd838f4c011751a594e43cbefd1787a6a
1
127
145
<<<<<<< HEAD
153
138
149
136
49
131
133
92
21
170
59
15
76
66
165
53
35
3
65
119
111
120
45
108
169
185
31
114
50
62
158
121
140
151
91
128
23
123
73
175
57
48
77
174
142
61
54
126
22
116
166
96
85
=======
17
149
179
92
66
20
153
165
53
35
65
108
21
119
49
114
50
16
136
51
164
158
47
123
71
23
76
42
11
73
57
48
39
166
5
78
43
139
103
19
77
91
146
175
25
168
61
85
170
128
177
79
121
82
126
183
7
22
106
26
137
88
155
157
140
>>>>>>> 319e6a0dd838f4c011751a594e43cbefd1787a6a
