<<<<<<< HEAD
17
=======
>>>>>>> 319e6a0dd838f4c011751a594e43cbefd1787a6a
33
6
<<<<<<< HEAD
8
18
35
34
53
54
171
200
1
24
91
2
63
3
80
81
26
39
90
82
11
12
121
189
95
7
104
59
188
60
128
157
20
143
144
155
62
28
126
98
57
105
122
124
65
119
74
83
48
75
15
13
32
120
127
4
109
73
130
190
175
96
153
23
176
25
21
5
77
193
162
165
191
46
192
194
72
123
71
38
111
=======
24
91
90
189
60
128
46
47
62
23
59
104
88
126
25
119
120
127
129
61
188
40
26
41
73
190
44
93
165
166
22
143
144
63
54
175
82
80
176
81
29
53
171
145
146
154
169
170
13
174
20
98
8
125
105
74
192
77
149
83
123
39
191
150
5
70
194
193
72
71
159
158
92
76
>>>>>>> 319e6a0dd838f4c011751a594e43cbefd1787a6a
