95
<<<<<<< HEAD
86
1
71
89
98
33
138
82
156
72
27
152
12
73
92
120
47
149
91
22
125
35
105
102
107
38
146
43
46
74
4
58
100
159
=======
33
82
73
12
46
1
120
31
67
39
6
156
99
43
80
47
2
58
119
74
38
98
>>>>>>> 319e6a0dd838f4c011751a594e43cbefd1787a6a
83
161
111
60
9
36
108
77
<<<<<<< HEAD
164
129
31
39
67
84
134
101
119
66
113
50
96
147
28
10
81
110
23
104
144
79
62
108
130
3
=======
85
4
8
22
164
116
55
157
97
87
71
139
101
66
35
19
113
27
114
84
52
11
134
16
111
51
92
75
7
72
26
131
115
158
57
56
10
81
130
110
48
126
68
127
106
162
118
61
17
18
>>>>>>> 319e6a0dd838f4c011751a594e43cbefd1787a6a
