<<<<<<< HEAD
158
51
54
67
22
41
143
169
148
153
12
88
87
85
136
28
55
79
125
57
80
110
46
72
114
24
13
89
111
48
60
42
64
23
141
83
171
25
140
35
163
2
179
1
183
33
59
103
121
180
150
109
15
75
86
45
144
170
112
174
167
146
47
62
159
=======
51
41
88
85
143
57
114
12
169
48
80
110
13
150
121
52
1
55
183
25
149
70
109
45
43
14
147
167
2
24
73
4
138
126
103
61
136
108
178
29
173
146
182
154
26
102
31
39
33
141
123
144
46
62
122
15
79
164
129
59
179
56
72
40
75
161
157
47
8
49
159
42
>>>>>>> 319e6a0dd838f4c011751a594e43cbefd1787a6a
