53
<<<<<<< HEAD
27
180
137
131
73
4
160
163
18
29
66
44
189
47
98
54
103
156
142
75
105
7
100
147
89
118
21
183
136
138
146
62
200
61
101
83
97
26
12
64
68
80
30
86
121
148
90
55
174
14
176
117
71
60
141
134
172
154
57
140
116
104
94
88
159
=======
137
44
98
7
97
62
54
141
156
142
75
105
160
14
89
136
117
27
130
64
138
146
200
61
100
101
68
99
18
86
55
43
115
149
176
36
83
112
76
4
60
139
38
120
197
45
183
134
40
125
71
175
195
159
73
124
31
154
85
88
57
181
172
80
170
167
140
116
104
196
29
>>>>>>> 319e6a0dd838f4c011751a594e43cbefd1787a6a
