27
<<<<<<< HEAD
83
51
162
108
102
84
176
95
141
103
88
177
175
5
170
136
7
130
71
63
166
128
120
172
150
159
16
47
145
53
160
147
25
57
119
101
44
23
109
97
61
67
15
126
77
26
78
146
73
82
65
148
129
45
127
143
80
153
=======
162
51
108
176
95
57
5
63
172
150
175
159
147
132
101
36
23
16
97
126
133
160
14
123
26
158
148
60
86
136
55
115
82
94
139
143
20
102
71
122
47
89
130
128
153
15
77
61
>>>>>>> 319e6a0dd838f4c011751a594e43cbefd1787a6a
54
69
129
161
118
17
134
105
65
34
25
30
58
<<<<<<< HEAD
18
178
144
125
2
32
69
=======
157
141
19
4
73
178
181
103
144
18
125
32
2
135
151
24
117
80
177
>>>>>>> 319e6a0dd838f4c011751a594e43cbefd1787a6a
