<<<<<<< HEAD
172
48
1
139
4
108
2
72
17
55
175
36
5
165
119
151
9
181
21
149
176
140
62
112
6
90
92
179
114
11
185
135
182
3
14
123
86
122
32
157
199
194
159
187
=======
139
172
175
48
165
181
149
104
176
112
108
185
90
150
179
114
158
135
133
189
123
182
157
198
122
155
199
159
195
194
148
>>>>>>> 319e6a0dd838f4c011751a594e43cbefd1787a6a
197
168
133
192
<<<<<<< HEAD
40
41
61
177
7
111
196
167
15
12
89
69
148
155
171
18
153
=======
187
177
168
167
145
130
128
164
125
127
160
171
131
116
115
169
109
119
72
4
>>>>>>> 319e6a0dd838f4c011751a594e43cbefd1787a6a
