<<<<<<< HEAD
11
=======
>>>>>>> 319e6a0dd838f4c011751a594e43cbefd1787a6a
86
132
51
<<<<<<< HEAD
37
87
3
90
102
26
43
145
170
8
77
74
58
95
153
140
129
35
2
4
20
104
97
67
105
166
65
66
17
154
117
71
69
122
139
46
110
85
134
83
88
171
128
44
59
141
62
151
150
76
108
98
142
172
70
60
91
178
16
55
118
100
36
53
157
111
92
22
72
179
=======
87
90
102
43
74
140
2
71
35
4
97
105
20
17
154
151
65
85
42
157
59
141
67
98
134
83
104
172
44
33
178
6
55
99
174
75
91
16
11
50
110
45
114
171
121
180
163
88
118
117
76
12
46
100
18
60
62
69
128
113
109
53
111
22
168
136
94
175
106
34
64
31
>>>>>>> 319e6a0dd838f4c011751a594e43cbefd1787a6a
