<<<<<<< HEAD
51
198
135
122
130
1
71
117
100
108
110
126
137
41
44
89
65
68
66
14
50
158
63
70
24
132
82
174
52
193
21
106
3
180
55
47
170
80
148
189
59
156
159
142
62
103
199
147
18
54
11
25
118
151
30
45
120
141
53
32
95
9
157
114
196
98
8
77
109
161
=======
122
71
126
130
108
41
137
65
50
44
158
106
47
175
189
196
127
193
156
157
68
166
95
168
118
14
16
120
84
58
92
114
138
8
11
67
167
3
96
52
32
66
169
98
56
55
161
154
9
39
102
135
61
30
74
148
59
142
63
141
34
38
152
54
180
131
70
121
77
184
115
4
93
28
80
1
>>>>>>> 319e6a0dd838f4c011751a594e43cbefd1787a6a
