68
48
<<<<<<< HEAD
29
109
118
134
136
119
18
81
142
22
151
127
87
31
101
=======
109
81
142
22
101
87
>>>>>>> 319e6a0dd838f4c011751a594e43cbefd1787a6a
21
70
44
17
38
131
60
<<<<<<< HEAD
92
15
55
107
86
14
93
69
20
106
54
124
58
52
75
128
150
79
57
99
63
159
46
116
35
123
84
141
85
90
115
133
30
32
56
47
64
6
50
72
97
=======
127
15
14
35
97
119
157
20
69
115
52
9
72
111
124
23
7
44
128
122
90
57
106
86
37
120
46
71
19
5
33
84
132
99
30
114
151
18
91
161
117
145
88
79
156
32
103
149
82
80
2
6
123
56
100
47
153
40
50
43
152
89
139
75
>>>>>>> 319e6a0dd838f4c011751a594e43cbefd1787a6a
