<<<<<<< HEAD
25
143
88
8
131
116
17
68
126
19
=======
88
68
8
25
>>>>>>> 319e6a0dd838f4c011751a594e43cbefd1787a6a
124
156
125
31
<<<<<<< HEAD
18
71
61
56
119
142
141
109
91
35
60
73
127
147
23
140
99
149
21
36
161
6
113
158
132
152
57
16
2
32
115
9
4
27
63
66
54
87
112
=======
142
91
140
147
87
16
32
129
6
21
2
111
158
149
56
107
132
151
38
131
145
71
150
78
117
20
109
4
65
113
35
101
159
133
63
84
5
14
115
90
154
57
67
152
12
9
54
148
138
>>>>>>> 319e6a0dd838f4c011751a594e43cbefd1787a6a
146
29
39
<<<<<<< HEAD
59
77
=======
160
52
112
34
46
153
79
>>>>>>> 319e6a0dd838f4c011751a594e43cbefd1787a6a
