<<<<<<< HEAD
89
185
113
38
36
115
70
140
164
34
150
80
107
102
147
9
16
60
=======
185
113
89
70
164
34
>>>>>>> 319e6a0dd838f4c011751a594e43cbefd1787a6a
182
31
11
132
146
44
<<<<<<< HEAD
133
152
75
48
176
74
15
171
100
93
41
7
118
196
81
183
131
124
154
106
32
59
67
20
169
160
72
194
47
172
120
78
3
54
116
=======
115
147
176
196
171
93
41
110
48
17
189
187
15
118
11
157
30
87
19
124
106
88
72
90
71
172
59
57
31
131
180
54
74
167
142
194
61
28
16
133
107
9
117
108
98
5
85
153
134
18
152
79
2
53
169
21
55
120
>>>>>>> 319e6a0dd838f4c011751a594e43cbefd1787a6a
13
186
101
129
<<<<<<< HEAD
189
149
110
=======
63
149
24
4
158
>>>>>>> 319e6a0dd838f4c011751a594e43cbefd1787a6a
