<<<<<<< HEAD
12
9
14
150
148
170
73
135
28
197
188
136
138
146
153
66
124
131
125
43
132
107
26
139
154
62
162
109
198
181
33
37
123
30
77
118
178
116
167
165
133
40
69
185
127
53
20
113
194
117
177
=======
148
73
12
9
170
197
14
153
131
125
62
139
162
135
198
165
69
154
178
136
30
133
40
87
185
53
194
142
11
166
146
>>>>>>> 319e6a0dd838f4c011751a594e43cbefd1787a6a
7
161
173
10
158
164
2
83
35
192
90
<<<<<<< HEAD
97
152
98
72
142
29
75
31
34
=======
78
43
33
100
192
17
3
188
116
15
61
82
70
177
97
172
32
171
98
123
94
106
92
77
152
181
161
4
118
49
86
158
2
151
10
72
52
91
183
50
103
179
25
39
127
>>>>>>> 319e6a0dd838f4c011751a594e43cbefd1787a6a
