55
<<<<<<< HEAD
149
22
185
148
167
126
82
168
171
70
146
193
45
54
108
154
93
7
159
86
46
91
129
144
71
161
2
89
100
28
=======
148
126
168
45
159
71
108
167
86
193
161
54
28
104
36
59
>>>>>>> 319e6a0dd838f4c011751a594e43cbefd1787a6a
182
104
58
47
84
186
<<<<<<< HEAD
79
4
36
137
48
122
112
189
152
173
138
18
121
158
60
132
95
34
68
147
20
111
96
125
81
38
59
188
21
87
11
109
3
39
118
200
106
197
164
166
=======
137
47
48
75
11
43
125
22
129
122
144
112
189
152
121
173
102
185
118
132
96
177
195
147
25
141
187
39
87
41
29
20
101
14
196
111
32
69
90
179
166
165
16
79
106
200
3
127
34
72
135
163
174
199
198
44
23
24
134
21
100
149
>>>>>>> 319e6a0dd838f4c011751a594e43cbefd1787a6a
