2
95
162
41
97
65
136
36
25
38
99
5
53
42
139
109
13
20
125
77
10
119
74
28
82
84
11
52
122
48
133
90
137
58
106
70
64
15
135
118
40
120
73
124
33
54
19
89
149
147
24
23
67
93
26
108
102
103
68
143
30
34
71
44
111
141
94
132
63
43
47
129
46
105
49
50
55
56
96
57
151
78
60
61
88
66
128
114
69
72
100
123
80
157
75
130
86
81
116
87
115
104
146
121
107
92
91
159
127
112
101
110
138
131
158
152
165
126
154
153
113
148
156
160
117
144
161
155
145
142
150
134
163
140
164
98
170
83
76
85
62
79
166
51
59
167
172
45
35
37
32
171
39
