<<<<<<< HEAD
30
138
78
154
49
118
16
50
5
42
=======
138
49
16
>>>>>>> 319e6a0dd838f4c011751a594e43cbefd1787a6a
109
52
57
70
117
<<<<<<< HEAD
130
140
146
128
175
142
10
131
32
119
155
22
72
64
12
163
96
23
58
95
99
165
36
62
56
171
144
25
39
108
143
54
97
89
148
157
31
162
98
4
63
68
123
40
73
120
83
88
177
105
172
134
59
47
159
48
=======
118
142
50
146
175
128
70
155
72
95
54
98
12
172
56
94
97
157
4
6
36
119
147
68
123
166
120
178
110
105
165
148
96
53
60
159
24
158
39
107
112
139
73
63
58
37
47
59
86
62
140
48
88
173
52
93
145
115
19
14
127
177
69
124
92
164
>>>>>>> 319e6a0dd838f4c011751a594e43cbefd1787a6a
100
51
160
7
38
<<<<<<< HEAD
=======
91
55
30
>>>>>>> 319e6a0dd838f4c011751a594e43cbefd1787a6a
