43
<<<<<<< HEAD
17
12
14
187
56
97
90
18
=======
12
14
187
17
97
90
>>>>>>> 319e6a0dd838f4c011751a594e43cbefd1787a6a
62
132
30
120
<<<<<<< HEAD
39
96
164
94
52
70
141
38
144
19
27
195
154
29
102
188
172
88
78
20
148
47
46
111
15
199
162
23
100
64
=======
96
164
94
29
102
18
27
188
144
55
88
199
>>>>>>> 319e6a0dd838f4c011751a594e43cbefd1787a6a
165
154
28
162
25
141
123
<<<<<<< HEAD
54
67
143
55
191
6
21
76
92
135
53
184
110
3
84
8
171
185
2
83
91
35
104
116
=======
171
31
143
163
195
54
128
142
148
105
184
100
84
170
33
63
8
83
53
39
47
37
103
191
67
110
193
66
104
182
78
15
87
1
116
189
127
175
34
>>>>>>> 319e6a0dd838f4c011751a594e43cbefd1787a6a
