159
18
<<<<<<< HEAD
164
104
13
89
33
67
53
38
30
91
125
122
58
34
166
40
135
90
174
22
32
49
111
14
158
114
130
124
142
15
120
3
148
163
199
186
138
115
41
62
24
69
11
31
72
71
66
10
5
182
82
152
87
61
154
47
165
180
143
161
46
102
153
97
200
23
26
146
132
=======
104
13
122
40
135
174
53
22
148
33
14
32
66
158
143
130
186
49
166
115
47
199
163
41
61
154
105
120
67
162
62
59
121
193
64
11
72
142
24
75
10
153
119
191
9
118
5
182
82
85
99
73
196
190
46
50
165
90
69
102
97
161
139
200
23
42
170
146
160
150
34
>>>>>>> 319e6a0dd838f4c011751a594e43cbefd1787a6a
