<<<<<<< HEAD
55
118
50
164
91
110
181
51
8
=======
118
181
51
>>>>>>> 319e6a0dd838f4c011751a594e43cbefd1787a6a
57
149
151
136
<<<<<<< HEAD
=======
91
>>>>>>> 319e6a0dd838f4c011751a594e43cbefd1787a6a
115
68
7
108
<<<<<<< HEAD
193
101
158
32
24
42
30
41
147
174
31
184
182
56
117
54
49
22
102
1
140
33
34
124
52
3
76
89
162
139
66
70
195
103
5
17
144
177
179
128
169
200
67
120
191
155
113
122
45
138
188
=======
50
42
101
182
117
24
8
198
140
33
194
188
141
195
43
172
169
66
177
134
174
17
200
54
3
165
52
34
72
49
96
120
187
93
191
184
167
6
102
103
78
147
5
98
149
1
21
155
40
113
45
53
162
89
178
94
>>>>>>> 319e6a0dd838f4c011751a594e43cbefd1787a6a
59
105
62
168
58
137
142
76
32
