95
97
<<<<<<< HEAD
108
100
162
68
155
136
96
33
22
120
161
16
94
35
191
17
58
169
137
50
105
15
82
160
151
36
=======
100
68
22
96
94
82
17
151
120
81
167
>>>>>>> 319e6a0dd838f4c011751a594e43cbefd1787a6a
176
168
196
13
<<<<<<< HEAD
172
12
180
90
184
52
69
19
182
192
73
54
4
167
38
5
14
23
18
37
25
106
135
47
171
126
127
78
157
45
72
118
179
194
76
2
85
81
6
=======
161
85
180
90
6
192
155
72
46
196
50
37
44
101
16
117
140
106
36
188
135
93
19
162
123
52
11
32
112
145
126
87
29
159
113
171
78
12
54
194
132
38
80
118
4
98
157
45
28
2
179
76
21
195
119
150
79
144
62
24
143
124
>>>>>>> 319e6a0dd838f4c011751a594e43cbefd1787a6a
