157
6
41
103
<<<<<<< HEAD
115
12
94
50
105
81
123
84
64
42
141
113
146
132
104
124
48
167
62
168
135
122
138
58
51
92
56
129
44
118
153
9
164
142
43
166
16
35
11
162
90
82
158
159
38
136
114
161
127
10
102
155
69
130
20
154
46
99
137
117
165
=======
123
6
84
64
141
62
167
124
51
118
138
44
58
56
38
94
132
90
35
28
92
82
67
114
135
159
165
60
129
25
122
121
102
43
41
142
17
98
158
1
18
128
10
70
116
99
113
85
156
172
127
26
130
171
24
69
20
154
137
109
15
32
73
168
>>>>>>> 319e6a0dd838f4c011751a594e43cbefd1787a6a
170
