89
61
28
<<<<<<< HEAD
89
61
9
195
123
152
49
11
64
170
184
6
168
75
129
119
141
196
10
85
8
107
111
41
88
59
137
94
=======
184
64
85
195
8
107
75
88
196
193
>>>>>>> 319e6a0dd838f4c011751a594e43cbefd1787a6a
53
134
96
<<<<<<< HEAD
26
133
15
13
160
40
55
100
62
124
30
122
181
193
135
29
134
146
99
7
155
56
72
22
71
60
44
73
166
82
25
63
23
105
70
35
106
48
33
190
57
126
=======
13
6
160
46
122
94
135
146
132
105
25
55
34
23
22
147
74
11
41
100
182
113
79
99
131
30
49
101
188
32
56
106
3
68
60
166
82
93
33
57
16
7
130
70
165
168
19
194
72
37
20
150
48
169
158
126
118
148
59
>>>>>>> 319e6a0dd838f4c011751a594e43cbefd1787a6a
