<<<<<<< HEAD
=======
107
>>>>>>> 319e6a0dd838f4c011751a594e43cbefd1787a6a
26
8
34
22
47
71
88
<<<<<<< HEAD
107
124
158
45
43
59
60
128
143
162
134
73
151
92
141
69
114
70
142
16
14
144
147
33
91
166
101
29
126
2
163
12
154
84
46
89
118
48
184
27
13
113
167
178
140
123
135
161
=======
59
45
124
60
8
143
162
158
134
70
140
126
47
142
141
29
2
152
104
123
154
84
46
128
171
167
168
>>>>>>> 319e6a0dd838f4c011751a594e43cbefd1787a6a
95
133
161
147
139
6
<<<<<<< HEAD
106
152
177
169
137
127
149
80
115
=======
174
94
89
137
159
127
>>>>>>> 319e6a0dd838f4c011751a594e43cbefd1787a6a
32
102
178
13
135
149
181
31
64
145
117
164
129
71
163
175
<<<<<<< HEAD
74
117
131
136
104
28
58
4
109
=======
42
130
109
14
91
33
38
144
177
122
115
19
131
74
62
172
28
3
37
87
>>>>>>> 319e6a0dd838f4c011751a594e43cbefd1787a6a
