6
67
76
<<<<<<< HEAD
172
83
136
53
132
36
149
107
126
9
35
159
28
45
69
99
21
15
87
26
108
123
140
137
153
22
117
150
174
48
103
14
125
64
42
29
17
122
13
62
61
88
142
131
79
77
93
173
=======
53
132
35
15
140
99
117
87
137
108
150
69
9
29
17
64
61
22
36
83
147
122
125
23
26
82
107
142
131
169
159
139
98
46
95
>>>>>>> 319e6a0dd838f4c011751a594e43cbefd1787a6a
71
109
50
146
<<<<<<< HEAD
34
106
165
156
41
25
43
116
16
23
97
139
39
2
7
143
30
50
=======
56
106
145
2
165
129
111
48
41
156
171
115
34
11
173
97
79
163
39
16
43
70
128
42
152
101
155
123
>>>>>>> 319e6a0dd838f4c011751a594e43cbefd1787a6a
