125
76
<<<<<<< HEAD
185
46
20
=======
>>>>>>> 319e6a0dd838f4c011751a594e43cbefd1787a6a
147
20
144
149
35
<<<<<<< HEAD
162
159
57
67
140
30
189
168
176
24
91
131
44
93
193
195
123
180
103
52
145
152
66
32
79
70
75
87
112
122
28
198
54
148
158
94
109
127
124
36
173
71
3
110
16
165
188
113
106
160
25
50
72
118
119
135
130
26
39
150
42
143
5
=======
176
131
140
44
52
50
152
40
145
70
127
72
93
168
123
104
16
155
80
87
189
134
60
75
130
124
3
151
169
113
42
156
26
136
143
101
107
128
24
96
115
175
150
191
39
109
86
174
184
199
88
186
30
90
190
11
173
28
31
21
65
34
92
56
10
139
54
165
5
180
49
112
141
78
25
121
126
7
>>>>>>> 319e6a0dd838f4c011751a594e43cbefd1787a6a
