34
143
51
178
<<<<<<< HEAD
132
171
192
6
64
39
65
177
8
86
19
106
163
53
133
48
195
71
60
154
63
166
66
114
31
118
175
113
95
156
22
101
116
57
=======
65
171
125
86
132
60
106
133
194
31
113
147
152
18
149
146
4
63
88
101
116
57
177
>>>>>>> 319e6a0dd838f4c011751a594e43cbefd1787a6a
15
111
189
42
24
134
120
<<<<<<< HEAD
73
125
2
160
56
122
84
139
75
55
52
59
93
17
103
159
27
147
194
=======
92
84
136
62
108
166
70
175
41
121
61
55
145
17
172
109
176
25
26
59
68
30
23
130
139
3
47
179
83
37
52
44
46
195
190
159
33
148
32
93
69
157
85
129
27
126
8
122
>>>>>>> 319e6a0dd838f4c011751a594e43cbefd1787a6a
