<<<<<<< HEAD
131
190
22
31
84
34
111
73
5
100
60
10
140
176
50
147
29
183
110
92
37
49
125
87
160
172
141
149
41
146
81
144
150
15
119
193
30
82
32
33
181
114
106
126
164
28
47
143
161
116
70
89
165
58
158
18
65
6
180
79
135
45
24
75
108
169
94
85
185
12
74
43
39
99
21
86
7
16
51
66
162
53
2
36
19
156
129
189
11
93
14
48
136
112
142
77
153
103
152
137
197
62
54
=======
84
60
10
140
29
183
87
160
37
41
107
146
150
31
82
93
106
34
14
35
147
144
161
50
188
90
158
57
135
165
187
94
65
43
153
181
21
110
184
7
194
58
53
6
111
100
189
169
127
129
48
49
11
99
88
70
76
108
156
2
51
168
173
137
77
39
152
12
142
8
192
136
36
19
132
125
134
>>>>>>> 319e6a0dd838f4c011751a594e43cbefd1787a6a
91
186
122
<<<<<<< HEAD
1
52
96
151
196
163
139
130
71
123
120
20
171
107
198
26
35
80
105
=======
27
1
68
17
177
130
141
67
52
96
174
139
69
163
80
105
123
13
171
154
44
157
199
26
85
138
46
191
61
133
42
101
148
182
179
4
63
56
113
9
>>>>>>> 319e6a0dd838f4c011751a594e43cbefd1787a6a
