<<<<<<< HEAD
51
=======
>>>>>>> 319e6a0dd838f4c011751a594e43cbefd1787a6a
100
127
148
<<<<<<< HEAD
41
37
174
147
23
173
169
32
137
38
68
164
108
8
129
134
87
158
30
144
73
52
62
109
1
76
170
26
10
63
122
120
102
82
70
83
39
91
118
28
54
18
98
64
34
136
57
89
12
65
166
171
47
135
5
155
29
103
60
78
112
165
130
=======
81
32
174
169
38
164
1
120
87
144
73
62
92
109
130
170
59
88
111
26
45
158
54
63
122
102
101
39
125
173
20
118
10
83
76
93
35
12
145
171
29
18
154
140
98
16
142
95
49
160
117
115
78
80
34
103
56
112
123
71
64
53
50
60
156
66
>>>>>>> 319e6a0dd838f4c011751a594e43cbefd1787a6a
