<<<<<<< HEAD
154
44
149
89
170
152
116
95
139
108
196
46
103
=======
89
170
116
44
95
139
154
196
46
>>>>>>> 319e6a0dd838f4c011751a594e43cbefd1787a6a
52
200
65
177
43
176
150
171
12
153
<<<<<<< HEAD
199
145
141
10
86
93
195
22
140
166
66
28
80
63
187
178
127
179
73
118
15
58
2
147
77
91
105
167
6
180
32
76
132
182
188
56
106
158
9
138
31
137
17
19
79
25
=======
10
93
140
66
80
127
43
179
28
81
122
187
149
19
73
2
97
9
32
31
76
192
166
56
161
180
6
79
198
99
106
163
120
164
165
195
17
67
138
151
105
36
117
200
158
11
77
137
34
159
33
111
136
90
186
172
108
152
>>>>>>> 319e6a0dd838f4c011751a594e43cbefd1787a6a
