49
<<<<<<< HEAD
66
63
131
43
10
15
108
48
178
113
120
154
12
164
155
156
103
151
167
33
54
124
14
76
142
73
111
75
157
53
100
126
72
21
4
122
117
64
105
84
65
165
32
144
67
1
58
160
115
116
94
163
44
114
17
95
42
31
46
92
34
112
179
147
18
140
=======
113
120
48
12
167
54
15
124
155
103
142
75
114
100
111
76
18
84
126
72
21
117
174
10
64
65
43
50
164
32
6
67
106
178
157
118
170
160
74
151
122
175
33
5
94
34
163
144
73
119
44
31
46
17
92
179
130
123
82
60
47
29
27
140
35
101
138
>>>>>>> 319e6a0dd838f4c011751a594e43cbefd1787a6a
41
