<<<<<<< HEAD
47
12
22
81
189
157
102
28
83
131
169
51
167
90
6
196
109
185
36
175
4
19
25
70
92
153
74
120
187
99
122
1
20
98
150
67
66
101
197
145
94
130
3
123
69
40
151
15
78
198
2
136
72
155
52
30
147
87
43
103
177
156
141
159
57
143
68
59
184
144
148
97
63
79
42
104
146
=======
12
102
81
131
169
4
175
19
70
3
149
1
122
185
187
150
167
139
66
59
94
130
20
161
99
41
93
77
151
121
109
78
30
147
145
96
113
153
119
177
16
88
174
129
126
5
182
75
6
135
176
181
186
146
108
156
87
101
92
48
141
159
47
37
40
144
68
189
28
54
128
143
155
184
10
103
57
148
18
200
63
79
11
42
21
56
>>>>>>> 319e6a0dd838f4c011751a594e43cbefd1787a6a
