2
<<<<<<< HEAD
66
78
154
91
92
120
42
176
192
=======
154
66
42
91
151
>>>>>>> 319e6a0dd838f4c011751a594e43cbefd1787a6a
90
67
121
52
<<<<<<< HEAD
148
33
149
151
129
189
146
162
178
7
104
161
40
116
82
145
15
107
22
155
184
29
102
137
144
88
147
26
=======
189
192
120
146
178
7
40
184
29
155
82
103
145
161
162
15
>>>>>>> 319e6a0dd838f4c011751a594e43cbefd1787a6a
21
185
19
128
<<<<<<< HEAD
6
117
8
118
73
16
59
98
141
119
27
32
159
84
76
190
173
158
34
17
50
171
51
126
3
99
187
87
89
97
75
131
109
138
=======
137
73
32
12
6
76
107
46
149
18
17
86
49
84
158
134
182
59
88
8
147
102
56
34
119
140
39
160
187
173
51
193
117
138
26
180
159
9
38
109
50
171
87
157
99
5
72
71
143
70
43
>>>>>>> 319e6a0dd838f4c011751a594e43cbefd1787a6a
