<<<<<<< HEAD
33
121
163
74
52
139
59
128
111
183
62
17
7
69
133
95
86
14
89
124
77
130
138
131
159
43
85
115
151
187
29
105
78
18
40
182
155
11
82
136
160
8
58
1
13
49
171
51
80
178
42
23
28
50
30
70
185
20
75
110
118
35
179
37
100
148
102
158
150
99
107
147
134
=======
74
33
128
7
59
17
95
89
133
138
151
159
78
155
11
183
18
58
185
187
13
179
171
147
70
80
82
160
178
60
157
124
184
182
28
52
166
75
30
118
85
112
19
110
169
55
181
21
44
14
145
132
26
100
105
101
37
148
50
84
97
102
136
158
51
99
2
25
156
24
107
114
142
134
68
116
79
43
>>>>>>> 319e6a0dd838f4c011751a594e43cbefd1787a6a
