186
138
200
112
180
47
161
151
130
49
116
197
94
101
147
156
39
182
10
70
98
78
3
42
51
7
84
91
8
155
20
99
36
178
77
59
71
127
61
23
79
95
176
195
6
149
198
62
121
5
18
134
169
192
124
122
119
56
128
164
153
33
48
100
46
170
166
76
82
26
24
92
114
135
183
13
117
4
30
90
16
12
167
21
11
143
57
54
72
152
38
173
104
187
174
15
191
19
181
87
25
109
126
34
157
58
53
107
63
189
108
185
133
52
159
179
89
81
27
93
37
168
188
177
194
2
111
125
144
148
64
106
86
141
55
65
190
66
184
165
103
68
41
154
73
146
123
102
