83
186
<<<<<<< HEAD
26
193
131
70
93
184
151
140
62
169
1
183
3
188
4
22
57
156
111
82
68
158
103
8
2
175
117
159
125
94
19
105
190
109
29
25
167
174
38
6
122
72
108
21
181
168
195
134
124
44
198
32
34
194
55
96
41
106
172
112
136
137
77
=======
131
184
70
62
1
26
3
4
188
22
156
111
103
25
108
159
44
29
35
109
125
38
117
6
132
76
21
181
180
152
168
146
31
99
33
63
154
134
105
54
176
198
85
53
161
174
12
190
14
124
19
18
43
106
141
175
127
187
166
94
81
77
128
55
32
56
172
118
98
148
41
136
>>>>>>> 319e6a0dd838f4c011751a594e43cbefd1787a6a
