<<<<<<< HEAD
100
145
180
158
125
60
89
68
199
75
17
171
96
78
3
154
113
144
62
197
45
41
179
164
56
161
174
36
146
162
88
137
111
52
74
57
190
147
108
5
127
54
106
114
150
61
177
152
104
12
184
79
51
115
67
87
2
7
4
63
21
76
=======
199
60
17
171
144
78
179
197
68
145
45
113
88
108
12
200
46
52
36
5
150
57
177
192
153
91
166
31
185
130
59
77
143
64
51
152
67
94
103
151
115
3
28
66
20
87
63
101
56
149
79
62
4
73
74
32
23
8
167
111
109
83
41
21
26
184
7
98
44
18
170
48
76
27
158
>>>>>>> 319e6a0dd838f4c011751a594e43cbefd1787a6a
