22
149
<<<<<<< HEAD
154
173
161
11
88
14
70
45
62
24
67
41
158
61
43
12
58
30
46
127
38
106
47
124
37
184
110
71
132
25
185
199
109
194
163
182
104
157
181
36
79
186
87
94
31
116
151
113
86
80
96
54
68
168
117
15
3
49
183
20
108
126
122
100
6
146
143
197
78
19
72
=======
173
45
62
14
161
41
158
43
154
61
58
30
127
183
106
47
37
168
132
185
95
194
113
107
193
80
72
78
87
164
143
44
79
46
146
60
182
70
188
171
76
8
139
88
100
5
128
19
175
7
172
18
138
69
97
6
31
167
101
116
83
192
36
54
15
68
131
109
123
129
189
49
40
142
178
91
56
104
>>>>>>> 319e6a0dd838f4c011751a594e43cbefd1787a6a
