19
<<<<<<< HEAD
21
76
200
70
131
100
165
173
4
115
145
101
57
121
144
195
152
156
44
190
47
143
171
80
37
31
193
14
41
140
178
149
27
172
177
186
97
136
133
11
139
198
163
138
124
157
118
43
34
126
129
113
158
199
127
45
168
90
184
162
=======
200
173
144
195
4
152
44
126
198
193
37
199
63
131
14
140
97
138
103
175
166
30
160
143
177
133
36
61
124
34
117
58
185
56
93
41
141
115
109
163
91
96
123
28
154
145
157
108
168
150
111
136
94
186
159
74
11
43
38
49
190
3
184
62
10
181
158
18
161
162
40
156
>>>>>>> 319e6a0dd838f4c011751a594e43cbefd1787a6a
