<<<<<<< HEAD
14
106
20
39
103
153
=======
103
>>>>>>> 319e6a0dd838f4c011751a594e43cbefd1787a6a
126
53
<<<<<<< HEAD
72
28
127
45
162
115
50
78
26
10
156
70
90
149
107
93
187
85
74
51
69
48
84
80
179
139
114
104
181
160
66
29
101
12
6
170
117
56
166
184
36
34
3
190
81
44
1
147
151
89
7
158
91
75
94
54
55
155
105
22
=======
45
162
20
50
85
107
115
28
48
84
69
14
80
39
66
166
117
34
181
148
190
6
81
184
58
67
177
1
94
21
15
178
91
12
89
7
90
137
86
99
13
125
145
60
26
44
121
131
78
83
151
36
75
136
93
100
9
147
158
16
101
160
4
54
40
55
59
105
22
57
128
118
70
>>>>>>> 319e6a0dd838f4c011751a594e43cbefd1787a6a
