55
<<<<<<< HEAD
6
149
58
26
99
88
=======
149
99
58
>>>>>>> 319e6a0dd838f4c011751a594e43cbefd1787a6a
164
26
6
83
<<<<<<< HEAD
106
63
166
3
95
126
94
36
93
167
8
48
115
59
150
61
33
91
56
131
142
12
60
47
116
25
38
110
174
119
154
71
96
65
77
124
70
76
87
175
155
15
135
42
18
169
98
161
129
41
49
52
134
35
172
100
73
81
127
111
=======
48
95
3
94
93
126
59
33
174
87
96
98
110
175
131
28
134
52
15
76
35
53
47
4
19
150
74
133
113
46
154
169
43
60
88
135
130
129
16
12
71
23
138
90
159
50
172
155
54
85
127
38
168
42
167
41
36
146
24
82
27
158
62
151
122
73
132
>>>>>>> 319e6a0dd838f4c011751a594e43cbefd1787a6a
