127
<<<<<<< HEAD
26
10
12
191
61
13
120
102
110
50
166
126
159
39
161
43
197
130
155
2
195
146
154
27
135
147
158
157
15
72
123
100
33
162
175
64
172
170
194
79
198
6
9
28
48
67
73
88
163
128
200
153
129
96
109
22
44
53
136
124
59
116
178
86
82
17
183
91
106
151
177
95
143
174
38
90
112
=======
10
120
191
61
12
110
157
126
161
27
39
147
158
198
102
6
194
88
184
38
52
91
121
181
200
174
13
162
122
100
129
99
128
146
48
64
78
44
182
70
55
136
84
116
31
9
43
123
178
3
169
86
85
50
59
4
170
17
57
67
71
183
15
106
96
32
179
23
25
16
138
66
90
29
151
152
65
95
187
172
82
130
>>>>>>> 319e6a0dd838f4c011751a594e43cbefd1787a6a
