<<<<<<< HEAD
1
9
111
72
78
51
73
147
189
2
117
3
38
98
194
4
151
5
88
6
37
21
7
61
108
139
124
58
130
8
24
92
182
125
45
63
174
=======
111
147
72
151
88
108
38
139
61
58
174
37
182
73
>>>>>>> 319e6a0dd838f4c011751a594e43cbefd1787a6a
158
10
74
<<<<<<< HEAD
39
28
62
11
95
96
91
82
12
13
166
187
93
14
15
122
79
114
168
46
55
116
138
193
16
94
128
143
17
65
131
136
43
26
32
=======
124
28
96
6
63
91
51
82
125
79
143
189
138
62
168
43
95
130
10
32
56
131
9
98
117
145
93
55
166
181
65
47
26
176
149
94
165
71
92
45
3
99
156
194
25
31
46
1
193
48
160
122
136
24
59
22
155
110
78
76
102
80
140
103
7
172
116
>>>>>>> 319e6a0dd838f4c011751a594e43cbefd1787a6a
