<<<<<<< HEAD
121
160
89
54
92
98
44
20
42
18
149
22
109
105
115
73
94
110
68
118
158
162
99
56
=======
98
92
20
105
99
160
125
>>>>>>> 319e6a0dd838f4c011751a594e43cbefd1787a6a
153
5
119
106
<<<<<<< HEAD
124
114
125
26
156
9
53
66
67
62
141
142
101
86
11
63
132
16
12
38
79
25
116
17
77
134
151
58
52
157
87
1
111
65
43
97
84
47
15
139
=======
55
156
26
101
66
67
141
42
109
118
86
5
94
12
62
8
121
116
43
9
6
134
11
135
45
96
18
151
79
152
124
132
130
50
25
53
52
68
31
36
39
58
77
80
111
63
157
87
163
162
65
107
3
1
38
97
2
103
84
73
47
15
139
49
54
>>>>>>> 319e6a0dd838f4c011751a594e43cbefd1787a6a
