<<<<<<< HEAD
70
60
91
33
10
177
89
148
178
128
48
158
99
24
44
61
198
126
22
97
15
108
116
46
65
35
112
163
115
69
135
36
169
157
32
172
84
71
26
7
149
74
37
34
100
57
47
183
82
190
3
114
154
98
193
139
21
127
171
4
142
50
76
109
87
9
=======
60
177
148
158
198
126
97
108
57
46
44
50
164
116
102
163
99
189
29
157
69
32
172
71
121
7
61
22
118
137
149
153
178
37
154
24
132
101
135
127
130
161
87
39
19
159
111
134
65
188
72
146
113
16
28
38
183
199
181
9
17
40
169
142
62
21
195
136
193
56
42
124
74
33
>>>>>>> 319e6a0dd838f4c011751a594e43cbefd1787a6a
