53
<<<<<<< HEAD
44
58
50
82
178
106
108
54
90
145
113
79
127
190
180
9
199
118
67
117
188
74
95
172
174
122
22
27
98
103
29
104
143
132
105
186
35
1
147
111
126
164
119
77
12
183
161
81
7
152
196
64
102
123
13
21
14
159
115
=======
58
178
106
145
44
108
190
74
143
103
29
104
132
77
27
164
115
196
174
97
119
7
123
121
146
95
98
151
144
100
118
112
36
186
199
>>>>>>> 319e6a0dd838f4c011751a594e43cbefd1787a6a
136
176
<<<<<<< HEAD
100
48
171
36
71
30
114
97
120
70
121
=======
39
141
25
117
142
92
22
172
8
82
124
184
170
140
17
89
113
149
52
76
177
139
35
191
68
162
192
197
48
147
99
28
181
194
90
>>>>>>> 319e6a0dd838f4c011751a594e43cbefd1787a6a
