<<<<<<< HEAD
153
71
63
64
67
140
122
171
170
164
106
2
116
61
70
172
6
16
21
69
96
11
133
129
159
155
93
162
76
22
47
128
137
88
99
118
51
50
135
82
72
89
154
165
94
124
43
36
130
77
56
117
19
114
152
163
58
53
98
142
35
125
104
42
95
146
23
30
100
75
65
5
=======
122
64
2
70
171
69
16
11
155
106
47
93
22
42
128
88
104
6
163
67
118
21
51
50
133
135
43
1
72
117
53
146
15
89
114
58
34
152
85
137
123
130
134
71
95
26
145
60
4
10
57
32
23
29
142
45
73
121
87
27
80
147
65
132
36
76
>>>>>>> 319e6a0dd838f4c011751a594e43cbefd1787a6a
