<<<<<<< HEAD
132
63
104
165
164
86
98
=======
104
164
138
>>>>>>> 319e6a0dd838f4c011751a594e43cbefd1787a6a
149
59
180
65
35
75
<<<<<<< HEAD
66
78
179
69
185
20
39
166
147
138
5
169
176
77
14
106
42
7
105
46
122
70
128
31
183
4
16
159
8
93
110
153
130
44
167
43
102
152
58
54
61
151
97
118
145
81
141
127
41
143
113
158
=======
35
128
78
70
69
185
20
54
106
7
46
31
159
98
130
152
200
122
44
58
48
179
167
65
15
93
151
147
66
109
97
186
124
191
86
1
72
176
43
145
39
4
165
141
16
41
21
166
198
12
102
27
14
143
100
127
195
135
61
111
>>>>>>> 319e6a0dd838f4c011751a594e43cbefd1787a6a
99
56
<<<<<<< HEAD
177
=======
142
33
157
>>>>>>> 319e6a0dd838f4c011751a594e43cbefd1787a6a
