200
2
1
125
61
49
3
4
5
6
183
109
79
50
51
29
7
8
106
11
9
10
17
20
113
24
176
12
28
198
133
35
56
13
83
81
75
122
129
14
15
41
155
38
95
90
40
42
62
130
123
153
80
100
16
18
19
114
105
94
21
55
102
22
66
185
119
124
149
128
156
171
196
173
179
23
25
178
165
26
180
43
44
85
58
82
45
27
30
73
31
111
32
52
141
112
182
60
48
64
99
190
36
33
138
69
193
166
34
72
96
37
39
126
117
46
148
188
47
74
115
53
54
151
86
197
57
161
136
65
59
87
108
63
93
150
131
101
134
121
168
67
167
110
68
140
159
70
152
177
71
158
154
76
84
89
92
77
132
97
78
184
98
169
142
175
88
116
174
118
91
157
143
145
194
147
181
107
162
127
103
104
163
164
186
187
137
120
191
135
139
144
172
160
146
189
170
195
192
199
