2
<<<<<<< HEAD
122
=======
>>>>>>> 319e6a0dd838f4c011751a594e43cbefd1787a6a
142
98
180
41
54
<<<<<<< HEAD
65
27
129
90
86
158
185
103
156
21
3
100
15
145
130
53
6
49
89
188
58
52
93
128
138
191
139
110
174
60
19
11
62
161
75
67
164
113
189
125
22
163
169
94
150
119
33
118
5
181
155
1
186
66
195
38
183
81
37
162
171
59
146
14
45
105
190
39
=======
98
27
129
3
86
180
21
15
53
89
93
58
62
163
174
161
75
67
128
100
24
103
191
164
189
49
150
198
181
19
26
176
1
125
88
90
188
148
30
119
11
4
156
184
33
12
186
113
197
66
25
81
157
162
154
155
60
179
22
122
183
38
82
47
190
45
96
135
50
32
80
6
>>>>>>> 319e6a0dd838f4c011751a594e43cbefd1787a6a
