168
173
<<<<<<< HEAD
143
98
116
45
34
195
53
33
196
67
186
=======
34
196
>>>>>>> 319e6a0dd838f4c011751a594e43cbefd1787a6a
164
79
22
65
<<<<<<< HEAD
23
56
94
9
104
20
40
108
120
58
64
182
130
191
76
181
48
28
32
39
188
71
167
137
87
149
175
192
88
100
36
52
132
169
61
105
74
25
155
128
49
106
91
55
96
66
50
157
62
80
90
83
1
27
35
10
123
144
126
=======
56
94
9
20
182
40
28
32
104
130
52
188
71
64
137
83
181
156
117
186
149
191
80
192
100
61
82
169
25
128
190
74
106
55
78
105
36
45
161
88
127
4
39
140
14
176
50
159
123
97
144
44
95
157
155
120
162
58
17
49
35
98
151
142
163
6
96
27
66
158
150
146
19
124
46
>>>>>>> 319e6a0dd838f4c011751a594e43cbefd1787a6a
