15
<<<<<<< HEAD
120
85
145
57
40
171
46
8
87
73
194
=======
40
>>>>>>> 319e6a0dd838f4c011751a594e43cbefd1787a6a
144
34
139
<<<<<<< HEAD
196
62
37
147
24
172
28
156
122
126
1
14
38
157
27
160
186
97
94
64
75
83
25
30
35
113
3
61
121
118
41
136
124
154
110
11
53
149
176
164
168
132
16
6
32
112
133
50
140
2
152
18
76
=======
172
196
73
62
194
37
46
126
160
64
149
157
3
97
132
118
75
35
70
113
77
130
98
121
21
50
17
32
131
127
61
29
114
161
136
67
187
154
200
14
53
96
176
108
76
28
146
49
89
178
94
87
164
186
156
199
162
18
171
6
152
173
124
2
25
191
100
51
16
92
30
44
174
31
38
>>>>>>> 319e6a0dd838f4c011751a594e43cbefd1787a6a
