<<<<<<< HEAD
71
29
72
103
43
52
173
127
57
12
97
68
2
=======
29
72
103
173
57
97
12
>>>>>>> 319e6a0dd838f4c011751a594e43cbefd1787a6a
160
27
63
65
<<<<<<< HEAD
152
3
134
168
190
30
7
93
107
135
130
91
158
32
69
34
125
81
10
50
94
138
141
64
113
123
74
59
195
42
120
133
187
38
15
155
76
180
5
11
45
142
67
92
20
184
186
40
157
60
139
131
56
109
166
191
181
104
61
100
=======
134
74
107
52
138
190
195
123
152
30
42
68
127
168
50
2
59
10
7
11
142
67
184
38
32
71
157
40
69
131
34
94
56
135
191
104
180
45
61
178
3
116
155
147
49
196
64
188
5
125
55
20
139
25
8
66
197
136
60
144
175
84
145
90
44
154
183
109
151
120
181
163
146
100
63
80
177
93
113
>>>>>>> 319e6a0dd838f4c011751a594e43cbefd1787a6a
