64
<<<<<<< HEAD
112
43
153
83
23
125
=======
153
83
125
43
>>>>>>> 319e6a0dd838f4c011751a594e43cbefd1787a6a
178
31
110
<<<<<<< HEAD
165
=======
166
128
78
>>>>>>> 319e6a0dd838f4c011751a594e43cbefd1787a6a
193
165
189
<<<<<<< HEAD
16
155
48
117
120
152
137
198
128
168
166
=======
>>>>>>> 319e6a0dd838f4c011751a594e43cbefd1787a6a
53
5
78
80
<<<<<<< HEAD
175
146
51
29
129
9
148
186
199
173
121
17
180
10
14
95
140
85
37
197
127
66
132
35
59
69
89
92
91
170
52
99
26
71
135
188
63
28
36
87
144
183
21
124
50
113
46
139
20
=======
117
51
9
23
148
17
14
175
95
186
146
127
181
50
182
111
66
59
105
180
54
170
92
16
26
160
52
41
35
73
91
102
48
10
62
63
5
88
84
85
28
13
179
144
77
198
133
142
152
87
71
36
20
120
96
89
124
38
21
134
139
197
109
76
151
44
199
>>>>>>> 319e6a0dd838f4c011751a594e43cbefd1787a6a
