4
150
143
6
114
119
10
7
14
11
117
24
28
20
40
27
118
49
51
107
52
55
57
23
60
65
53
56
63
91
69
121
76
81
72
97
135
105
96
110
126
125
146
78
95
130
183
190
106
113
141
103
131
87
157
149
165
151
166
153
148
184
156
182
170
152
158
1
120
161
88
187
163
164
171
77
31
176
79
111
179
68
86
144
193
21
189
89
192
8
22
198
46
54
173
2
5
9
123
160
16
25
3
64
74
196
180
159
58
138
142
139
145
174
181
26
82
93
200
41
17
13
44
137
45
36
37
19
38
84
50
132
39
43
30
47
186
35
195
169
80
48
12
70
83
85
59
33
116
178
61
124
128
67
73
140
134
168
90
92
177
199
175
42
66
34
155
191
162
194
188
15
32
62
154
75
101
104
108
115
98
136
71
129
185
29
122
99
18
147
100
112
94
197
109
133
102
127
167
172
