<<<<<<< HEAD
7
73
144
188
116
14
64
174
194
=======
64
194
73
>>>>>>> 319e6a0dd838f4c011751a594e43cbefd1787a6a
190
78
5
76
93
<<<<<<< HEAD
85
67
100
58
143
21
86
198
141
118
115
101
120
8
155
178
197
97
193
119
165
81
136
66
37
51
186
53
18
109
6
61
16
35
167
83
55
187
=======
76
85
174
101
100
143
154
116
21
157
8
81
51
186
141
155
178
53
181
16
29
>>>>>>> 319e6a0dd838f4c011751a594e43cbefd1787a6a
189
32
126
82
44
166
<<<<<<< HEAD
=======
67
61
120
125
97
94
136
176
46
114
>>>>>>> 319e6a0dd838f4c011751a594e43cbefd1787a6a
175
94
106
88
23
<<<<<<< HEAD
181
154
140
54
138
191
19
168
108
29
49
172
199
157
107
176
40
121
=======
35
138
193
11
108
172
75
31
119
177
140
109
187
40
56
123
107
173
70
10
49
142
4
129
135
163
36
>>>>>>> 319e6a0dd838f4c011751a594e43cbefd1787a6a
