<<<<<<< HEAD
20
5
108
28
101
=======
108
28
5
>>>>>>> 319e6a0dd838f4c011751a594e43cbefd1787a6a
96
53
132
41
57
64
<<<<<<< HEAD
92
131
69
10
85
63
110
119
102
135
139
52
115
19
97
120
117
46
18
76
91
105
95
59
43
47
89
31
68
107
51
93
113
143
26
86
2
44
65
50
74
128
27
78
67
7
34
22
83
21
6
104
116
=======
119
63
110
131
115
69
19
95
143
31
105
68
93
107
47
146
140
113
86
1
37
114
81
27
10
138
74
78
2
51
66
44
18
132
142
106
134
3
109
30
85
38
58
35
76
36
90
6
122
124
11
54
56
87
117
52
>>>>>>> 319e6a0dd838f4c011751a594e43cbefd1787a6a
