<<<<<<< HEAD
1
=======
>>>>>>> 319e6a0dd838f4c011751a594e43cbefd1787a6a
4
2
6
9
<<<<<<< HEAD
3
8
11
14
7
19
16
12
13
17
21
18
23
28
33
48
22
=======
14
19
24
29
34
39
42
47
49
55
60
65
70
73
78
83
88
93
98
104
109
114
119
124
129
134
139
48
>>>>>>> 319e6a0dd838f4c011751a594e43cbefd1787a6a
148
5
27
32
105
<<<<<<< HEAD
37
45
=======
>>>>>>> 319e6a0dd838f4c011751a594e43cbefd1787a6a
10
53
15
38
41
58
46
63
20
<<<<<<< HEAD
54
59
=======
>>>>>>> 319e6a0dd838f4c011751a594e43cbefd1787a6a
25
30
64
35
<<<<<<< HEAD
69
72
68
40
76
81
=======
40
43
50
51
56
61
66
71
74
79
84
89
94
99
100
110
115
120
125
130
135
140
143
142
147
149
1
6
11
16
21
26
31
36
44
52
>>>>>>> 319e6a0dd838f4c011751a594e43cbefd1787a6a
