<<<<<<< HEAD
1
138
18
82
135
105
54
136
112
3
8
117
44
58
145
72
80
37
130
56
101
126
66
68
134
77
34
15
148
79
100
52
91
141
62
118
125
113
67
49
30
103
36
104
69
60
24
133
129
71
147
150
142
=======
105
136
3
134
66
58
112
15
44
37
72
130
8
81
132
145
52
91
10
95
125
60
109
67
13
62
12
104
63
>>>>>>> 319e6a0dd838f4c011751a594e43cbefd1787a6a
73
148
97
149
<<<<<<< HEAD
40
137
75
107
140
78
4
10
63
81
=======
83
103
92
82
68
139
113
141
59
33
9
6
32
137
101
75
118
108
16
116
126
34
143
147
19
129
22
20
4
107
110
29
122
25
50
142
17
38
>>>>>>> 319e6a0dd838f4c011751a594e43cbefd1787a6a
