<<<<<<< HEAD
10
37
109
59
20
120
22
45
55
131
110
6
=======
59
55
22
74
>>>>>>> 319e6a0dd838f4c011751a594e43cbefd1787a6a
145
77
146
33
121
35
131
51
<<<<<<< HEAD
36
52
34
9
24
47
84
85
74
75
13
46
136
98
114
54
42
19
32
105
17
115
125
132
31
137
58
126
61
78
38
11
79
116
133
14
16
113
28
95
141
3
108
44
7
39
118
139
=======
115
109
52
9
6
42
84
85
105
75
32
17
61
125
113
39
47
132
137
114
129
141
81
13
133
50
2
27
54
98
14
16
79
124
89
49
123
112
20
95
128
31
29
12
64
116
103
15
43
25
122
68
71
118
117
40
83
97
18
130
48
33
>>>>>>> 319e6a0dd838f4c011751a594e43cbefd1787a6a
