<<<<<<< HEAD
97
10
141
9
60
61
62
13
105
29
43
53
124
54
119
133
90
72
1
=======
10
141
22
29
124
119
90
>>>>>>> 319e6a0dd838f4c011751a594e43cbefd1787a6a
71
22
85
89
<<<<<<< HEAD
35
81
130
138
77
26
28
49
63
6
15
87
145
128
143
45
8
24
19
144
150
12
79
134
56
118
116
21
84
66
113
140
34
5
65
101
86
94
32
31
41
=======
130
138
77
1
26
28
49
8
6
24
79
32
76
56
81
144
48
149
68
62
128
70
20
73
132
109
66
61
19
69
44
87
113
34
101
145
107
21
31
92
85
63
45
50
84
58
75
59
47
17
2
18
143
150
125
115
55
133
>>>>>>> 319e6a0dd838f4c011751a594e43cbefd1787a6a
