<<<<<<< HEAD
88
28
75
42
100
29
43
55
107
3
4
10
37
38
51
69
=======
75
55
3
93
38
51
107
>>>>>>> 319e6a0dd838f4c011751a594e43cbefd1787a6a
63
93
87
<<<<<<< HEAD
32
126
5
112
103
106
82
9
49
102
53
25
33
78
113
116
89
123
118
77
117
15
85
68
79
59
57
13
2
31
=======
42
10
126
112
82
53
106
9
49
32
26
116
89
113
7
29
88
91
15
117
57
>>>>>>> 319e6a0dd838f4c011751a594e43cbefd1787a6a
39
115
5
35
59
1
<<<<<<< HEAD
86
26
18
83
81
48
92
101
94
=======
121
123
31
18
4
68
125
14
25
46
77
6
101
109
52
40
2
48
79
36
56
>>>>>>> 319e6a0dd838f4c011751a594e43cbefd1787a6a
17
60
86
37
71
54
58
105
41
<<<<<<< HEAD
21
7
80
45
35
=======
44
97
84
78
>>>>>>> 319e6a0dd838f4c011751a594e43cbefd1787a6a
