<<<<<<< HEAD
11
32
147
51
52
119
85
22
25
139
33
16
105
93
83
7
84
62
13
67
104
12
40
10
60
36
64
41
65
76
96
30
94
130
112
48
115
43
3
89
126
101
82
100
70
75
63
19
50
143
142
54
15
102
66
61
24
4
37
26
5
59
44
29
78
117
17
18
137
53
116
114
111
=======
147
51
119
139
93
83
30
65
7
62
96
112
102
48
101
100
19
50
138
150
125
11
70
15
24
26
107
5
59
1
99
133
42
55
74
3
94
113
141
134
49
122
9
61
39
76
114
145
14
46
111
90
117
91
17
128
57
47
78
72
120
18
58
88
92
142
137
53
45
28
54
68
121
116
63
4
143
84
60
115
36
79
140
118
98
>>>>>>> 319e6a0dd838f4c011751a594e43cbefd1787a6a
