<<<<<<< HEAD
114
145
43
3
65
13
34
103
109
52
115
5
51
79
102
68
94
104
8
61
122
110
90
62
20
148
48
17
96
70
46
14
10
133
28
7
19
30
147
42
38
22
29
56
142
47
69
36
82
134
58
149
83
50
138
54
97
=======
3
5
65
13
52
115
90
133
20
29
58
38
17
28
36
79
70
10
128
129
19
30
16
86
103
42
107
7
56
134
6
14
94
69
83
54
76
98
43
97
50
110
64
26
105
22
116
142
135
55
72
138
118
141
145
99
>>>>>>> 319e6a0dd838f4c011751a594e43cbefd1787a6a
125
21
123
<<<<<<< HEAD
55
117
128
=======
35
132
2
117
85
25
84
>>>>>>> 319e6a0dd838f4c011751a594e43cbefd1787a6a
