34
<<<<<<< HEAD
6
39
53
8
48
60
65
86
143
31
51
132
122
106
64
133
71
52
19
66
114
95
113
125
147
63
118
22
134
111
15
4
17
101
42
62
121
116
109
137
146
73
18
2
92
149
20
33
56
75
57
55
120
84
41
83
139
59
103
148
88
=======
143
51
65
125
132
86
60
106
133
113
31
147
18
149
146
4
63
88
101
116
57
15
24
134
120
92
84
136
108
62
70
41
121
61
55
145
17
109
25
26
68
59
30
23
130
5
139
3
47
83
37
90
44
46
22
20
52
137
33
32
148
>>>>>>> 319e6a0dd838f4c011751a594e43cbefd1787a6a
93
69
85
129
27
<<<<<<< HEAD
90
85
129
130
=======
58
115
126
8
122
>>>>>>> 319e6a0dd838f4c011751a594e43cbefd1787a6a
