29
<<<<<<< HEAD
81
138
=======
>>>>>>> 319e6a0dd838f4c011751a594e43cbefd1787a6a
55
59
45
2
<<<<<<< HEAD
60
=======
>>>>>>> 319e6a0dd838f4c011751a594e43cbefd1787a6a
62
5
63
<<<<<<< HEAD
126
14
17
78
86
70
104
30
47
=======
86
104
14
>>>>>>> 319e6a0dd838f4c011751a594e43cbefd1787a6a
119
44
101
65
<<<<<<< HEAD
133
1
27
54
136
144
43
118
33
110
92
122
113
130
40
71
146
22
148
150
88
12
90
77
124
28
61
8
69
18
82
120
107
72
64
94
68
53
4
98
25
21
=======
43
27
92
30
133
136
122
22
150
137
4
78
125
88
114
90
28
82
23
25
47
69
26
33
138
145
81
54
8
118
141
18
148
70
46
131
74
75
72
98
87
107
83
57
31
64
94
68
11
116
15
79
19
124
>>>>>>> 319e6a0dd838f4c011751a594e43cbefd1787a6a
