84
118
138
8
49
<<<<<<< HEAD
77
63
47
9
14
54
=======
63
47
>>>>>>> 319e6a0dd838f4c011751a594e43cbefd1787a6a
60
124
98
81
46
139
34
<<<<<<< HEAD
112
17
106
101
148
130
1
12
10
35
141
56
16
79
82
135
70
87
146
94
104
117
90
65
53
57
129
91
58
119
45
145
48
=======
101
16
9
111
104
117
12
39
22
87
89
53
146
23
73
129
57
82
1
112
135
141
133
58
106
54
45
>>>>>>> 319e6a0dd838f4c011751a594e43cbefd1787a6a
15
150
6
99
13
75
<<<<<<< HEAD
107
62
21
=======
130
11
>>>>>>> 319e6a0dd838f4c011751a594e43cbefd1787a6a
27
62
52
119
42
<<<<<<< HEAD
33
123
6
44
83
78
97
74
39
67
85
111
=======
142
115
123
83
55
79
4
97
107
140
92
147
78
74
85
80
105
29
36
143
18
96
>>>>>>> 319e6a0dd838f4c011751a594e43cbefd1787a6a
