<<<<<<< HEAD
20
78
42
111
107
124
143
126
58
67
88
41
39
85
83
136
94
130
52
84
22
14
89
12
21
92
139
131
97
118
53
8
80
43
61
33
16
122
34
149
144
76
104
129
48
66
2
77
110
38
116
70
108
109
51
50
102
146
32
28
6
18
4
128
47
36
=======
107
126
67
88
111
85
41
83
8
136
43
124
84
143
14
12
2
130
57
21
128
92
131
53
105
114
33
16
97
76
119
118
113
104
10
66
48
110
70
77
108
51
32
61
50
36
89
142
141
27
94
135
28
20
103
139
79
47
4
109
74
54
150
9
45
68
1
123
3
125
133
144
102
>>>>>>> 319e6a0dd838f4c011751a594e43cbefd1787a6a
