53
140
<<<<<<< HEAD
42
26
21
99
144
9
138
120
71
87
74
68
79
124
109
123
113
=======
53
21
144
87
109
68
>>>>>>> 319e6a0dd838f4c011751a594e43cbefd1787a6a
104
64
120
143
<<<<<<< HEAD
51
18
116
70
73
49
29
54
82
34
16
33
6
103
126
47
43
101
84
145
4
94
28
52
97
23
88
83
121
72
63
2
136
=======
116
70
73
54
33
113
47
51
66
43
121
122
61
101
40
23
9
18
49
17
94
99
134
63
30
103
90
93
42
89
>>>>>>> 319e6a0dd838f4c011751a594e43cbefd1787a6a
22
57
55
<<<<<<< HEAD
146
12
100
31
69
17
132
66
122
=======
46
138
77
16
100
145
2
56
35
39
130
102
36
52
75
78
31
69
127
50
3
>>>>>>> 319e6a0dd838f4c011751a594e43cbefd1787a6a
