<<<<<<< HEAD
3
83
8
147
13
30
75
135
14
25
16
21
74
46
134
34
15
69
23
50
92
93
138
82
59
64
68
80
4
99
81
87
90
60
111
117
86
7
96
55
121
88
10
20
106
48
114
108
116
53
58
63
107
125
37
137
126
73
127
57
19
72
145
131
77
54
61
149
1
29
49
76
38
120
118
129
65
104
97
18
47
98
105
31
41
17
89
6
130
56
62
32
109
150
28
103
141
22
122
136
35
146
24
27
12
66
71
95
119
78
102
140
26
124
70
52
67
79
40
11
128
84
132
139
2
5
36
100
115
45
85
91
148
=======
83
134
135
69
93
8
23
82
60
111
117
59
147
64
75
74
46
92
55
7
88
48
53
37
73
86
72
77
149
120
80
127
97
108
57
131
30
116
47
63
145
15
50
98
105
17
65
87
89
150
19
99
68
126
103
121
137
25
106
54
28
138
61
136
90
146
32
12
29
78
119
4
124
31
130
24
58
34
109
104
52
13
6
11
38
141
56
122
70
3
79
16
84
132
26
118
35
95
85
22
45
40
>>>>>>> 319e6a0dd838f4c011751a594e43cbefd1787a6a
94
128
133
<<<<<<< HEAD
112
43
39
42
51
123
=======
114
67
112
91
100
39
36
142
10
20
71
125
>>>>>>> 319e6a0dd838f4c011751a594e43cbefd1787a6a
44
142
9
<<<<<<< HEAD
143
110
113
101
33
144
=======
49
143
140
27
41
18
96
5
1
115
110
102
113
148
43
129
123
107
14
144
21
42
66
81
139
51
62
33
76
2
101
>>>>>>> 319e6a0dd838f4c011751a594e43cbefd1787a6a
