33
<<<<<<< HEAD
103
76
91
70
113
46
63
80
97
93
99
119
36
29
135
54
53
136
74
62
=======
70
74
99
135
54
62
28
18
103
>>>>>>> 319e6a0dd838f4c011751a594e43cbefd1787a6a
100
148
132
146
10
9
44
75
128
37
<<<<<<< HEAD
138
146
47
18
116
78
102
140
86
28
79
98
129
4
110
94
45
8
22
27
120
59
107
139
122
83
16
6
5
144
64
42
96
=======
47
136
92
66
27
86
64
75
105
150
36
58
138
45
148
39
93
85
49
53
110
22
50
79
120
71
42
139
102
78
106
46
111
83
3
107
43
24
16
145
11
6
12
5
144
130
112
35
97
29
>>>>>>> 319e6a0dd838f4c011751a594e43cbefd1787a6a
