<<<<<<< HEAD
76
34
107
3
59
22
38
19
119
110
33
67
89
16
53
111
127
88
138
49
114
63
87
32
78
108
62
60
80
29
21
143
134
142
72
44
2
93
94
30
141
136
145
82
86
147
65
31
11
148
=======
34
3
67
134
82
62
38
26
94
29
118
63
60
130
22
32
143
84
72
144
86
68
93
31
9
140
78
141
131
125
123
12
83
122
119
112
128
11
145
120
70
48
54
136
109
16
101
103
45
56
99
65
>>>>>>> 319e6a0dd838f4c011751a594e43cbefd1787a6a
4
21
30
142
80
74
147
108
105
<<<<<<< HEAD
118
75
149
121
=======
17
40
100
75
135
>>>>>>> 319e6a0dd838f4c011751a594e43cbefd1787a6a
113
81
71
