<<<<<<< HEAD
31
108
150
18
23
=======
>>>>>>> 319e6a0dd838f4c011751a594e43cbefd1787a6a
58
92
75
42
<<<<<<< HEAD
144
68
67
71
148
17
50
54
84
39
96
57
62
52
145
119
142
85
55
53
141
83
49
47
149
138
45
105
101
107
115
37
103
48
110
117
127
126
27
38
35
77
32
94
143
16
116
95
26
30
72
24
106
1
=======
68
18
142
148
62
119
96
110
52
94
85
83
1
30
35
84
149
144
114
135
99
138
132
103
134
107
88
47
53
101
13
37
40
129
115
145
9
5
2
126
50
86
76
32
3
127
91
67
39
31
48
55
16
146
89
12
27
116
95
143
44
72
123
64
61
112
81
125
106
26
>>>>>>> 319e6a0dd838f4c011751a594e43cbefd1787a6a
