84
<<<<<<< HEAD
47
108
=======
>>>>>>> 319e6a0dd838f4c011751a594e43cbefd1787a6a
41
75
46
113
66
21
<<<<<<< HEAD
26
13
87
73
117
69
112
85
80
29
64
35
40
67
77
39
105
74
10
60
76
101
98
48
53
49
25
83
50
62
6
114
70
118
72
91
23
100
115
16
104
44
12
96
65
31
19
27
58
55
33
45
37
54
=======
47
13
87
26
117
85
40
29
96
67
74
62
114
54
112
48
70
43
60
9
101
23
66
77
100
104
44
31
12
15
82
59
72
53
107
39
73
19
76
78
36
89
93
52
18
10
55
97
119
45
27
33
92
120
2
7
90
34
37
69
>>>>>>> 319e6a0dd838f4c011751a594e43cbefd1787a6a
