26
94
<<<<<<< HEAD
36
51
5
110
111
138
140
134
8
133
146
10
144
65
25
53
109
86
126
123
83
31
14
48
56
9
32
58
=======
110
111
5
140
134
133
8
65
48
109
126
25
>>>>>>> 319e6a0dd838f4c011751a594e43cbefd1787a6a
72
66
50
88
<<<<<<< HEAD
97
68
60
28
91
106
137
81
43
87
104
64
125
27
67
96
62
95
99
131
89
143
6
23
113
103
38
82
118
107
119
74
122
98
117
148
35
54
15
108
37
45
61
20
75
3
70
101
1
71
41
124
4
92
130
145
102
7
121
=======
146
97
68
50
137
31
43
106
87
64
27
96
14
28
62
91
99
67
89
23
130
82
149
107
15
70
51
144
2
20
10
75
86
129
135
41
138
42
35
58
1
76
141
84
108
78
122
9
45
83
40
71
74
113
142
119
92
150
145
6
136
123
38
32
52
69
102
121
13
>>>>>>> 319e6a0dd838f4c011751a594e43cbefd1787a6a
34
60
114
79
<<<<<<< HEAD
85
11
139
47
49
=======
124
29
49
11
17
21
59
12
128
63
147
120
4
>>>>>>> 319e6a0dd838f4c011751a594e43cbefd1787a6a
