<<<<<<< HEAD
89
33
29
121
68
144
40
54
76
73
26
3
45
150
48
145
85
31
41
119
82
72
14
36
93
47
61
99
133
56
52
104
107
65
91
23
4
132
129
21
98
28
7
118
100
2
38
116
109
131
35
44
122
8
1
143
130
57
126
113
125
115
136
20
90
32
97
50
22
63
11
80
27
110
138
=======
40
54
150
73
76
72
31
3
82
14
61
85
68
56
57
33
41
52
91
23
5
138
109
148
4
21
133
28
119
93
22
116
99
8
44
29
48
62
97
25
117
126
98
125
123
134
66
131
128
129
145
38
6
106
127
39
115
35
49
50
7
90
11
27
95
124
118
77
17
79
113
96
100
143
>>>>>>> 319e6a0dd838f4c011751a594e43cbefd1787a6a
