17
106
<<<<<<< HEAD
28
118
45
124
60
108
12
125
115
24
97
59
13
71
116
10
39
93
54
132
140
73
99
90
23
=======
124
108
60
45
118
125
132
140
24
59
>>>>>>> 319e6a0dd838f4c011751a594e43cbefd1787a6a
121
131
83
<<<<<<< HEAD
22
128
53
42
82
25
89
91
31
63
62
18
=======
28
128
117
53
23
61
37
25
42
149
18
73
65
68
>>>>>>> 319e6a0dd838f4c011751a594e43cbefd1787a6a
129
63
19
50
69
94
35
66
70
147
<<<<<<< HEAD
102
84
136
109
8
107
43
37
7
139
88
70
110
48
34
117
46
=======
122
82
84
136
9
43
26
15
92
36
40
22
67
7
141
89
139
62
20
102
107
88
119
110
46
34
75
109
44
91
>>>>>>> 319e6a0dd838f4c011751a594e43cbefd1787a6a
