<<<<<<< HEAD
4
114
=======
>>>>>>> 319e6a0dd838f4c011751a594e43cbefd1787a6a
54
88
10
103
<<<<<<< HEAD
101
94
50
76
59
62
=======
>>>>>>> 319e6a0dd838f4c011751a594e43cbefd1787a6a
121
83
17
<<<<<<< HEAD
51
99
=======
83
76
58
>>>>>>> 319e6a0dd838f4c011751a594e43cbefd1787a6a
45
61
82
77
<<<<<<< HEAD
116
58
2
6
37
34
87
52
11
18
14
30
112
85
35
119
49
3
100
105
74
26
113
42
75
29
60
98
40
72
47
33
126
125
95
96
15
24
63
70
84
56
122
25
19
91
=======
59
101
88
6
10
52
14
120
87
85
51
35
11
105
9
26
92
113
119
29
99
62
74
33
126
4
112
125
75
95
19
25
47
124
78
31
3
116
21
91
70
49
24
102
23
122
71
32
96
13
104
90
28
56
43
44
27
108
48
63
18
>>>>>>> 319e6a0dd838f4c011751a594e43cbefd1787a6a
