<<<<<<< HEAD
33
60
44
97
91
115
137
124
133
148
122
140
70
131
99
24
57
126
123
61
22
74
102
125
65
46
128
144
147
118
116
146
130
138
107
134
10
34
98
21
69
35
50
26
89
71
76
82
16
32
105
139
7
37
114
100
19
30
28
38
72
40
9
17
48
87
15
121
141
62
56
42
73
=======
60
140
133
144
148
97
125
131
57
46
44
50
134
121
99
29
128
147
69
32
71
7
116
61
22
105
37
24
100
114
31
39
19
6
104
65
72
77
34
16
63
28
38
70
67
9
17
40
30
26
20
82
83
62
74
21
42
96
56
25
73
68
14
66
150
43
33
>>>>>>> 319e6a0dd838f4c011751a594e43cbefd1787a6a
