38
<<<<<<< HEAD
27
61
92
84
29
28
134
58
56
121
119
17
51
49
141
68
7
13
44
101
45
36
123
111
30
75
96
110
108
37
48
83
90
22
144
12
1
72
4
145
112
81
16
3
34
118
91
95
132
131
41
46
149
20
25
10
148
125
80
94
105
115
47
18
150
59
64
129
=======
61
29
27
119
141
13
44
111
45
123
36
51
37
105
48
83
1
145
64
60
59
18
81
125
129
118
109
132
11
142
144
77
50
108
112
3
28
56
7
70
121
99
134
131
104
57
95
107
147
20
102
106
25
87
10
72
98
4
85
91
100
47
41
65
67
143
31
116
122
14
71
126
127
115
>>>>>>> 319e6a0dd838f4c011751a594e43cbefd1787a6a
