<<<<<<< HEAD
11
56
45
128
64
21
96
86
44
133
114
143
37
141
135
3
38
85
57
66
104
132
121
125
28
140
8
83
120
79
80
145
139
9
14
30
=======
133
11
132
66
56
96
28
83
8
32
135
85
140
45
114
9
21
57
79
14
38
139
30
122
64
>>>>>>> 319e6a0dd838f4c011751a594e43cbefd1787a6a
5
33
1
<<<<<<< HEAD
134
32
102
27
68
40
43
81
144
91
26
71
108
122
53
103
93
35
22
110
60
116
72
52
105
=======
104
52
39
102
88
91
71
147
80
26
37
22
105
108
43
110
94
95
97
74
144
134
54
143
19
49
116
72
50
4
136
65
12
77
24
2
106
>>>>>>> 319e6a0dd838f4c011751a594e43cbefd1787a6a
