<<<<<<< HEAD
37
18
71
127
90
141
144
102
=======
71
127
18
141
144
81
>>>>>>> 319e6a0dd838f4c011751a594e43cbefd1787a6a
47
69
97
<<<<<<< HEAD
140
120
113
92
9
29
81
3
123
61
83
55
108
33
74
116
35
16
146
51
111
137
128
69
66
132
134
23
56
42
121
62
36
103
12
87
86
145
68
30
109
46
136
118
5
32
84
19
65
98
138
131
24
2
26
73
=======
113
29
121
108
9
74
116
146
111
16
128
56
134
62
33
39
36
140
48
92
35
87
86
145
119
30
88
40
90
41
112
2
136
49
52
68
32
103
109
110
125
129
66
12
58
132
42
84
19
82
77
51
26
83
104
98
24
138
131
>>>>>>> 319e6a0dd838f4c011751a594e43cbefd1787a6a
20
39
105
<<<<<<< HEAD
78
13
48
=======
28
85
43
93
79
123
137
>>>>>>> 319e6a0dd838f4c011751a594e43cbefd1787a6a
