<<<<<<< HEAD
130
8
=======
>>>>>>> 319e6a0dd838f4c011751a594e43cbefd1787a6a
106
79
128
145
141
118
115
55
20
<<<<<<< HEAD
150
66
68
125
102
5
111
112
64
23
101
143
22
114
9
24
126
99
59
16
2
140
109
127
92
43
=======
55
130
118
79
5
66
101
24
140
99
111
127
43
108
91
23
>>>>>>> 319e6a0dd838f4c011751a594e43cbefd1787a6a
120
45
138
137
<<<<<<< HEAD
91
134
17
129
10
89
96
36
=======
>>>>>>> 319e6a0dd838f4c011751a594e43cbefd1787a6a
63
148
125
129
13
<<<<<<< HEAD
78
147
26
47
69
75
44
85
76
32
52
108
58
15
82
144
11
53
=======
64
78
36
90
147
26
59
126
114
44
27
76
52
150
141
105
145
72
2
17
89
104
132
109
134
33
35
51
81
69
12
122
82
18
46
144
11
4
71
133
6
93
75
>>>>>>> 319e6a0dd838f4c011751a594e43cbefd1787a6a
