<<<<<<< HEAD
127
99
26
39
=======
>>>>>>> 319e6a0dd838f4c011751a594e43cbefd1787a6a
50
81
63
80
<<<<<<< HEAD
118
33
24
73
43
94
91
68
31
149
130
29
42
60
3
132
113
102
66
116
77
21
97
32
=======
39
118
33
24
94
31
130
3
97
30
26
127
143
>>>>>>> 319e6a0dd838f4c011751a594e43cbefd1787a6a
52
150
67
<<<<<<< HEAD
64
57
62
147
112
70
14
28
56
30
69
136
12
92
126
59
55
8
139
46
35
140
143
51
34
=======
11
84
55
64
88
102
112
105
56
45
18
144
120
125
106
124
132
136
8
92
139
1
149
86
69
76
147
77
66
101
28
137
12
128
4
46
119
51
53
82
48
>>>>>>> 319e6a0dd838f4c011751a594e43cbefd1787a6a
