<<<<<<< HEAD
12
87
125
70
49
=======
>>>>>>> 319e6a0dd838f4c011751a594e43cbefd1787a6a
50
60
31
135
<<<<<<< HEAD
10
142
=======
49
107
10
>>>>>>> 319e6a0dd838f4c011751a594e43cbefd1787a6a
24
107
85
108
15
72
93
<<<<<<< HEAD
16
26
=======
>>>>>>> 319e6a0dd838f4c011751a594e43cbefd1787a6a
95
38
41
22
130
<<<<<<< HEAD
38
139
118
52
143
63
84
111
17
82
43
6
64
120
112
89
67
74
48
83
124
97
30
149
132
133
4
76
101
90
79
5
144
45
41
=======
143
82
43
64
148
5
48
84
80
72
67
139
30
36
132
113
75
91
47
17
133
110
104
18
62
124
6
127
94
76
121
34
120
74
70
141
118
102
101
123
27
58
83
131
81
86
92
53
51
90
79
45
28
>>>>>>> 319e6a0dd838f4c011751a594e43cbefd1787a6a
