<<<<<<< HEAD
104
113
109
89
124
123
120
71
20
103
94
35
27
5
131
84
135
99
58
19
25
50
82
59
37
110
132
107
141
65
67
80
92
77
81
86
90
118
66
52
100
72
55
137
4
93
126
28
129
23
63
117
33
95
88
11
133
3
73
68
69
76
83
40
138
149
34
36
=======
124
120
35
84
19
89
107
109
141
65
20
114
67
80
77
135
126
137
118
112
33
132
90
15
59
116
142
93
92
23
37
131
53
50
101
60
110
95
14
113
45
117
100
52
94
133
2
9
70
68
139
145
3
72
21
69
4
32
51
76
129
49
88
62
138
46
79
40
149
144
146
34
38
81
>>>>>>> 319e6a0dd838f4c011751a594e43cbefd1787a6a
