<<<<<<< HEAD
8
16
126
36
75
104
51
3
44
19
115
32
22
43
=======
16
75
43
44
51
19
32
22
115
27
18
>>>>>>> 319e6a0dd838f4c011751a594e43cbefd1787a6a
49
78
27
118
91
21
<<<<<<< HEAD
30
6
103
95
65
110
25
47
61
67
62
18
=======
61
103
95
62
131
>>>>>>> 319e6a0dd838f4c011751a594e43cbefd1787a6a
125
119
107
129
132
<<<<<<< HEAD
83
12
52
9
107
57
33
134
133
97
2
88
15
70
129
20
42
17
1
24
=======
17
9
64
63
84
133
15
37
78
25
87
20
35
134
54
126
12
90
74
42
24
67
>>>>>>> 319e6a0dd838f4c011751a594e43cbefd1787a6a
26
1
3
106
52
33
69
130
117
<<<<<<< HEAD
108
60
68
130
120
99
113
31
=======
60
68
113
99
66
4
127
28
108
2
>>>>>>> 319e6a0dd838f4c011751a594e43cbefd1787a6a
