<<<<<<< HEAD
50
11
31
100
8
66
36
=======
100
>>>>>>> 319e6a0dd838f4c011751a594e43cbefd1787a6a
51
66
28
32
<<<<<<< HEAD
5
49
52
118
1
43
109
62
17
111
46
105
13
=======
11
118
62
43
17
111
124
13
48
35
57
>>>>>>> 319e6a0dd838f4c011751a594e43cbefd1787a6a
7
75
48
23
105
34
<<<<<<< HEAD
57
93
82
3
22
18
106
119
14
12
80
73
68
42
124
35
108
72
87
53
117
104
74
21
64
116
39
95
65
63
=======
2
63
93
49
90
14
73
33
1
46
110
68
38
104
21
65
39
9
4
102
88
117
86
67
96
95
>>>>>>> 319e6a0dd838f4c011751a594e43cbefd1787a6a
26
64
45
59
22
80
83
79
91
53
89
84
<<<<<<< HEAD
2
123
85
4
97
101
121
=======
121
92
25
85
101
20
78
44
29
94
87
>>>>>>> 319e6a0dd838f4c011751a594e43cbefd1787a6a
