<<<<<<< HEAD
140
52
39
3
78
82
57
84
142
49
88
112
79
130
106
5
117
15
99
33
65
148
47
126
1
35
44
59
103
134
36
135
60
118
105
46
67
74
115
30
9
72
127
77
147
23
25
85
121
13
91
101
11
24
145
32
102
7
90
64
107
97
87
51
123
81
34
20
93
136
131
40
54
42
=======
82
57
84
49
88
79
117
106
130
99
33
65
47
126
20
1
46
30
115
67
59
9
132
72
147
53
52
60
13
44
101
50
36
25
68
118
134
42
41
85
10
23
116
11
18
4
74
145
32
109
61
123
131
90
127
77
144
86
107
97
94
102
133
71
64
137
55
6
92
141
143
40
28
73
81
83
22
62
111
16
>>>>>>> 319e6a0dd838f4c011751a594e43cbefd1787a6a
