<<<<<<< HEAD
1
2
23
132
3
106
88
62
114
=======
23
132
62
>>>>>>> 319e6a0dd838f4c011751a594e43cbefd1787a6a
67
5
29
145
<<<<<<< HEAD
4
39
139
51
90
97
6
7
9
96
8
146
10
11
12
13
59
143
40
55
79
14
91
101
82
110
129
15
117
141
63
125
92
135
24
56
118
16
27
17
107
142
42
57
140
18
19
20
77
76
21
=======
88
139
97
29
9
39
90
143
55
79
91
101
82
11
110
141
63
92
24
2
51
118
146
27
129
140
40
50
70
49
121
104
56
32
64
25
122
138
75
126
34
115
8
105
133
26
148
16
45
86
103
116
120
6
5
4
114
58
136
38
106
20
17
36
52
119
69
142
124
125
127
117
>>>>>>> 319e6a0dd838f4c011751a594e43cbefd1787a6a
