85
<<<<<<< HEAD
43
100
134
80
67
30
8
83
45
70
108
1
54
26
29
77
55
57
136
28
147
65
10
86
101
90
124
12
111
103
150
37
68
16
4
82
9
116
18
128
33
20
113
6
102
71
117
63
24
129
79
50
118
22
2
14
48
125
139
95
31
112
7
91
107
5
=======
134
67
70
54
28
29
10
16
77
136
125
83
101
48
63
107
68
113
95
24
1
116
79
18
117
65
26
21
50
46
112
52
91
140
109
132
55
33
86
32
6
5
58
128
87
43
123
104
13
82
60
124
38
56
150
7
108
51
139
31
148
84
36
88
78
126
4
>>>>>>> 319e6a0dd838f4c011751a594e43cbefd1787a6a
