29
124
35
95
119
<<<<<<< HEAD
120
134
23
54
103
137
51
112
105
56
11
73
19
96
30
91
5
81
48
69
90
128
138
111
101
118
97
98
49
61
115
32
133
45
109
100
129
41
113
1
53
50
63
62
136
8
12
89
39
68
37
72
58
67
=======
134
35
23
137
112
120
118
56
96
5
97
53
111
95
32
49
81
37
100
59
12
108
90
75
41
101
62
147
116
121
128
40
63
19
65
139
8
6
66
16
86
110
71
85
104
138
125
39
51
38
>>>>>>> 319e6a0dd838f4c011751a594e43cbefd1787a6a
27
61
45
70
80
123
109
58
26
<<<<<<< HEAD
86
70
143
=======
89
143
52
130
22
46
79
136
67
>>>>>>> 319e6a0dd838f4c011751a594e43cbefd1787a6a
