<<<<<<< HEAD
138
142
63
139
1
148
67
7
=======
148
63
33
>>>>>>> 319e6a0dd838f4c011751a594e43cbefd1787a6a
29
33
86
<<<<<<< HEAD
42
113
37
52
22
91
30
81
=======
113
4
>>>>>>> 319e6a0dd838f4c011751a594e43cbefd1787a6a
45
40
4
59
101
125
78
<<<<<<< HEAD
6
87
149
102
64
117
66
97
57
=======
102
6
7
17
53
43
91
100
128
>>>>>>> 319e6a0dd838f4c011751a594e43cbefd1787a6a
62
56
27
50
<<<<<<< HEAD
94
119
77
121
41
17
55
92
143
19
133
127
44
126
99
145
112
24
=======
121
87
111
138
77
127
117
81
24
2
80
142
105
126
12
38
145
82
104
66
19
52
55
89
96
134
133
48
95
>>>>>>> 319e6a0dd838f4c011751a594e43cbefd1787a6a
18
11
99
110
143
118
112
36
<<<<<<< HEAD
28
=======
72
140
51
131
120
22
>>>>>>> 319e6a0dd838f4c011751a594e43cbefd1787a6a
