120
58
<<<<<<< HEAD
104
=======
>>>>>>> 319e6a0dd838f4c011751a594e43cbefd1787a6a
130
33
1
<<<<<<< HEAD
64
86
117
34
88
85
12
118
91
50
14
28
3
115
47
80
42
129
128
81
43
51
68
108
54
110
62
146
143
26
123
35
65
111
103
23
87
31
18
150
41
74
96
39
93
147
83
4
102
125
124
37
32
95
5
=======
117
34
104
88
64
85
118
86
50
124
3
47
14
128
110
143
11
72
149
87
150
93
65
119
146
94
99
51
147
19
115
79
75
31
41
45
98
15
54
26
28
8
108
4
39
113
81
80
148
12
62
125
33
70
69
37
7
6
84
59
73
>>>>>>> 319e6a0dd838f4c011751a594e43cbefd1787a6a
