10
<<<<<<< HEAD
48
117
22
33
20
42
46
118
1
88
=======
118
>>>>>>> 319e6a0dd838f4c011751a594e43cbefd1787a6a
86
93
121
78
<<<<<<< HEAD
129
66
110
31
105
37
56
67
3
4
11
54
43
8
26
18
74
140
145
122
29
35
68
17
120
111
107
51
14
128
52
21
81
102
44
82
92
27
12
95
96
75
114
100
59
97
13
28
16
124
38
=======
4
67
42
3
20
66
11
8
18
122
14
128
52
19
26
2
137
148
25
81
64
23
102
93
6
82
114
92
33
94
84
106
150
46
111
76
27
110
35
109
98
57
44
89
29
41
138
95
107
75
9
100
96
49
22
131
69
40
24
13
83
113
149
63
16
77
38
62
134
>>>>>>> 319e6a0dd838f4c011751a594e43cbefd1787a6a
