<<<<<<< HEAD
6
75
38
17
148
113
10
23
150
147
=======
113
>>>>>>> 319e6a0dd838f4c011751a594e43cbefd1787a6a
74
48
91
<<<<<<< HEAD
58
=======
38
116
10
148
>>>>>>> 319e6a0dd838f4c011751a594e43cbefd1787a6a
1
116
126
132
61
104
<<<<<<< HEAD
79
69
27
136
60
45
28
40
127
62
66
90
5
39
36
89
31
80
76
128
11
63
2
102
115
134
19
122
123
59
52
101
135
99
125
65
7
139
87
51
121
12
4
8
=======
27
123
60
45
62
5
66
36
63
52
25
134
133
96
28
58
135
17
125
80
132
146
35
42
7
51
128
65
115
49
79
19
139
4
109
40
136
15
78
54
47
18
59
67
56
137
99
21
141
149
95
144
31
>>>>>>> 319e6a0dd838f4c011751a594e43cbefd1787a6a
