<<<<<<< HEAD
50
95
102
60
=======
102
>>>>>>> 319e6a0dd838f4c011751a594e43cbefd1787a6a
6
38
12
78
<<<<<<< HEAD
49
118
52
93
77
83
56
=======
83
77
>>>>>>> 319e6a0dd838f4c011751a594e43cbefd1787a6a
1
42
106
90
<<<<<<< HEAD
114
88
82
51
89
57
91
27
98
32
73
108
13
96
94
112
33
103
72
4
40
87
107
105
28
117
68
111
7
113
46
47
92
43
34
71
44
=======
95
40
114
56
51
89
57
27
98
49
9
73
108
96
105
4
117
93
92
24
34
18
44
112
79
91
>>>>>>> 319e6a0dd838f4c011751a594e43cbefd1787a6a
3
15
121
9
62
<<<<<<< HEAD
64
84
41
=======
25
64
84
68
20
55
70
41
28
74
47
88
32
111
124
30
>>>>>>> 319e6a0dd838f4c011751a594e43cbefd1787a6a
99
70
35
<<<<<<< HEAD
11
24
=======
39
5
119
29
87
107
33
118
>>>>>>> 319e6a0dd838f4c011751a594e43cbefd1787a6a
