<<<<<<< HEAD
71
123
6
129
9
66
85
57
29
146
43
97
83
125
102
104
18
130
8
70
101
20
94
77
121
117
39
53
19
92
1
126
=======
129
66
43
9
83
125
102
97
117
94
18
39
126
77
36
121
112
35
92
122
19
140
48
100
88
107
149
34
45
87
95
26
98
54
31
49
79
91
53
74
27
16
76
28
>>>>>>> 319e6a0dd838f4c011751a594e43cbefd1787a6a
78
139
123
119
109
65
63
115
108
132
69
96
64
32
133
21
116
113
140
112
84
<<<<<<< HEAD
35
12
54
124
63
122
48
14
88
69
133
127
87
45
139
13
120
119
109
41
91
58
96
72
50
28
59
60
=======
14
75
147
47
13
72
120
>>>>>>> 319e6a0dd838f4c011751a594e43cbefd1787a6a
