20
<<<<<<< HEAD
106
25
18
44
119
103
82
64
16
111
2
63
95
9
77
60
90
28
32
105
48
81
100
98
115
52
118
47
80
27
39
124
96
34
101
24
110
3
21
55
67
51
104
29
11
59
33
72
70
125
10
91
112
12
22
71
45
43
61
15
83
69
76
7
117
35
85
84
=======
18
106
82
103
64
111
95
9
60
90
63
105
100
115
52
80
51
34
112
25
101
98
3
28
11
119
42
48
33
55
125
29
59
116
83
10
15
110
24
76
69
79
44
14
30
71
12
89
91
75
16
113
22
50
104
41
45
7
117
85
53
35
62
58
88
123
17
54
>>>>>>> 319e6a0dd838f4c011751a594e43cbefd1787a6a
