<<<<<<< HEAD
44
134
20
115
131
141
120
113
39
101
37
83
111
124
133
109
92
66
47
59
30
107
58
91
127
12
150
57
149
11
53
54
86
100
97
45
105
147
148
24
60
87
138
64
88
129
108
17
128
2
145
61
144
116
4
85
78
33
94
119
1
56
22
=======
115
113
37
111
109
100
12
30
150
149
105
31
104
107
148
54
13
48
2
8
24
101
38
87
17
88
57
64
137
133
25
18
7
131
36
140
42
47
129
61
122
68
147
20
119
91
128
139
85
81
45
60
145
127
53
110
94
19
80
56
143
15
23
6
123
3
125
138
>>>>>>> 319e6a0dd838f4c011751a594e43cbefd1787a6a
