<<<<<<< HEAD
52
81
91
117
73
88
102
7
124
=======
79
7
>>>>>>> 319e6a0dd838f4c011751a594e43cbefd1787a6a
67
61
109
<<<<<<< HEAD
100
4
37
33
45
77
98
146
89
104
137
97
34
95
80
59
125
75
79
65
107
78
138
120
127
103
26
48
43
54
114
148
108
133
149
145
66
128
82
123
143
60
134
68
36
53
44
126
118
27
105
115
19
144
136
113
9
=======
91
34
100
133
97
45
104
75
138
107
36
120
61
127
103
77
26
65
30
137
60
114
113
82
102
134
18
118
149
44
63
106
72
128
140
16
123
54
10
43
32
23
11
148
33
81
146
88
126
19
145
47
130
27
105
136
144
142
17
115
6
50
24
131
53
>>>>>>> 319e6a0dd838f4c011751a594e43cbefd1787a6a
