<<<<<<< HEAD
81
48
40
51
34
78
7
52
122
1
41
140
73
80
63
98
134
69
47
108
65
87
=======
51
34
1
7
122
63
98
114
69
25
73
65
>>>>>>> 319e6a0dd838f4c011751a594e43cbefd1787a6a
20
41
87
134
67
21
<<<<<<< HEAD
59
49
92
22
84
88
131
8
25
89
58
100
31
94
82
104
35
71
28
46
10
68
114
75
4
29
=======
92
86
8
29
48
89
19
42
31
83
58
96
94
82
104
11
107
75
27
>>>>>>> 319e6a0dd838f4c011751a594e43cbefd1787a6a
91
121
141
93
<<<<<<< HEAD
77
37
14
125
116
90
61
=======
129
71
55
38
12
49
100
10
39
53
14
74
130
64
68
77
125
132
61
116
90
66
36
24
>>>>>>> 319e6a0dd838f4c011751a594e43cbefd1787a6a
