<<<<<<< HEAD
109
4
69
89
10
141
67
138
81
6
31
112
41
115
103
2
123
54
118
12
38
48
80
98
137
147
142
33
65
44
52
43
11
23
135
7
58
26
8
148
114
130
121
61
136
16
111
45
5
91
149
=======
67
89
112
69
109
141
115
6
2
41
48
31
12
38
80
147
137
52
10
58
65
92
139
8
61
148
124
121
94
28
128
73
130
107
16
45
39
4
91
136
149
18
14
116
88
27
>>>>>>> 319e6a0dd838f4c011751a594e43cbefd1787a6a
15
27
78
51
107
74
84
17
<<<<<<< HEAD
131
24
60
66
116
19
87
76
113
34
14
132
=======
84
131
19
87
113
122
144
34
56
117
>>>>>>> 319e6a0dd838f4c011751a594e43cbefd1787a6a
77
129
106
<<<<<<< HEAD
139
95
126
97
63
3
68
=======
59
143
53
>>>>>>> 319e6a0dd838f4c011751a594e43cbefd1787a6a
145
60
47
126
72
<<<<<<< HEAD
110
37
20
105
59
28
=======
63
110
105
37
64
100
134
127
104
22
50
66
114
>>>>>>> 319e6a0dd838f4c011751a594e43cbefd1787a6a
