<<<<<<< HEAD
100
140
44
148
114
=======
140
44
114
148
>>>>>>> 319e6a0dd838f4c011751a594e43cbefd1787a6a
149
150
22
125
52
141
<<<<<<< HEAD
94
131
60
33
32
110
146
132
58
11
120
92
103
123
144
24
87
75
59
107
51
45
29
48
83
70
37
14
21
121
3
66
50
20
57
102
77
112
49
42
106
67
9
15
97
133
122
136
143
109
78
85
119
=======
33
144
94
146
120
75
132
24
107
3
51
123
21
121
102
130
77
96
112
53
59
36
74
70
58
20
82
60
76
67
61
83
135
17
73
97
37
66
46
50
106
57
143
12
113
25
9
138
134
5
35
56
93
109
118
31
126
48
>>>>>>> 319e6a0dd838f4c011751a594e43cbefd1787a6a
