39
59
132
50
17
<<<<<<< HEAD
94
78
97
103
119
32
16
45
64
142
87
68
60
66
95
123
57
93
33
108
101
120
10
136
137
4
74
134
35
40
61
46
88
117
148
3
96
125
111
36
38
69
79
25
85
13
20
127
146
72
28
70
48
121
110
112
81
55
92
9
99
140
65
22
80
84
=======
78
142
32
97
123
136
57
108
101
13
4
119
87
103
110
117
88
3
60
134
96
111
61
26
113
38
25
93
125
127
2
137
100
20
95
74
40
15
37
131
120
148
118
94
70
144
64
69
121
81
28
45
52
149
10
79
146
65
1
27
84
5
128
29
139
129
150
91
112
>>>>>>> 319e6a0dd838f4c011751a594e43cbefd1787a6a
