<<<<<<< HEAD
34
65
=======
>>>>>>> 319e6a0dd838f4c011751a594e43cbefd1787a6a
1
70
77
142
<<<<<<< HEAD
4
51
95
50
143
80
141
24
28
107
6
33
52
106
59
148
103
84
60
104
30
56
149
18
137
29
31
88
87
140
17
73
72
38
71
22
14
16
49
76
146
81
41
42
47
78
119
99
138
43
150
79
3
54
64
19
13
=======
28
143
4
107
106
80
24
59
103
84
60
33
6
30
88
138
99
87
141
78
15
145
148
110
8
136
146
119
9
123
41
53
147
72
13
14
17
65
7
46
38
125
49
21
47
105
16
150
76
27
122
113
79
12
19
54
36
44
42
52
>>>>>>> 319e6a0dd838f4c011751a594e43cbefd1787a6a
