<<<<<<< HEAD
17
7
148
69
66
70
80
128
138
74
141
76
136
115
23
53
42
94
56
62
75
134
31
137
97
83
86
82
35
77
96
99
48
40
117
39
100
61
106
118
22
33
29
120
5
73
54
=======
148
17
70
128
80
76
75
134
82
77
29
106
35
96
56
99
117
33
>>>>>>> 319e6a0dd838f4c011751a594e43cbefd1787a6a
131
103
1
<<<<<<< HEAD
37
78
111
59
44
63
150
45
122
12
10
145
126
9
13
46
92
108
15
43
129
103
132
32
113
18
67
139
34
107
58
28
49
109
116
47
98
2
142
6
124
149
50
79
85
14
52
93
90
81
102
119
104
112
24
72
38
55
130
87
27
11
147
101
30
16
144
110
125
26
=======
107
122
37
94
83
40
45
150
53
12
10
126
119
111
66
115
145
50
137
61
9
55
13
108
125
23
47
43
136
116
42
31
38
63
24
7
32
46
22
59
113
139
92
73
34
58
28
143
60
98
2
149
102
14
109
19
8
6
52
62
5
93
142
91
68
57
112
144
41
84
11
3
114
146
20
97
36
51
90
140
123
4
133
88
21
71
135
110
64
121
65
89
95
118
>>>>>>> 319e6a0dd838f4c011751a594e43cbefd1787a6a
