<<<<<<< HEAD
74
66
33
12
88
58
13
112
51
121
28
98
3
69
78
86
145
75
140
144
92
67
35
142
107
32
148
124
44
45
54
82
127
135
2
95
=======
88
74
51
69
78
112
58
67
12
107
35
32
148
124
135
72
>>>>>>> 319e6a0dd838f4c011751a594e43cbefd1787a6a
73
54
138
46
<<<<<<< HEAD
14
21
83
55
43
62
119
136
77
24
8
129
96
130
146
81
131
39
47
71
1
143
56
134
=======
8
139
33
3
16
55
142
82
130
136
140
70
109
94
24
64
119
146
9
129
104
45
76
86
62
50
83
106
17
118
2
96
133
21
63
38
71
102
143
47
42
56
31
122
115
134
25
108
29
60
127
>>>>>>> 319e6a0dd838f4c011751a594e43cbefd1787a6a
