131
<<<<<<< HEAD
150
=======
>>>>>>> 319e6a0dd838f4c011751a594e43cbefd1787a6a
98
50
10
52
<<<<<<< HEAD
86
133
107
142
132
47
16
76
53
49
115
26
101
46
66
43
80
60
97
3
58
122
143
5
11
8
85
84
69
79
55
13
68
137
77
72
36
29
83
110
89
126
39
104
119
117
148
99
111
12
64
18
74
120
23
124
78
106
141
22
114
96
130
=======
142
47
143
115
150
122
85
84
43
133
74
79
69
68
60
97
46
11
59
77
72
36
104
148
121
5
106
26
16
124
89
78
87
8
93
128
81
103
35
127
61
95
22
55
102
90
63
4
76
88
14
27
120
70
42
129
149
18
99
17
135
39
6
116
144
130
20
54
114
>>>>>>> 319e6a0dd838f4c011751a594e43cbefd1787a6a
