125
<<<<<<< HEAD
4
48
139
72
82
7
=======
>>>>>>> 319e6a0dd838f4c011751a594e43cbefd1787a6a
11
105
140
98
<<<<<<< HEAD
74
40
100
126
55
30
108
129
111
42
115
36
144
142
73
54
132
22
133
53
28
61
138
113
59
34
120
69
46
91
93
109
103
50
114
147
97
117
116
104
20
89
145
35
23
27
135
118
134
33
24
96
137
2
49
71
21
3
99
60
=======
55
7
100
30
42
36
144
142
53
108
129
69
103
61
133
132
115
138
73
4
93
72
40
120
126
113
59
34
114
50
104
135
118
86
141
128
89
46
122
107
17
25
15
94
39
83
16
127
33
134
49
71
22
31
58
3
136
80
35
18
137
24
51
19
147
146
9
38
124
67
48
>>>>>>> 319e6a0dd838f4c011751a594e43cbefd1787a6a
