<<<<<<< HEAD
60
19
58
3
6
9
137
62
24
33
91
17
36
41
99
56
120
4
21
82
35
122
129
103
46
117
131
20
=======
19
9
6
91
60
82
35
21
36
137
122
4
129
>>>>>>> 319e6a0dd838f4c011751a594e43cbefd1787a6a
57
31
86
<<<<<<< HEAD
109
83
138
123
2
71
10
47
15
25
84
28
133
96
14
74
119
54
100
49
139
106
108
121
105
68
30
135
76
107
23
45
110
118
94
85
38
=======
83
123
33
15
10
84
45
25
46
106
110
133
71
72
97
66
85
107
14
42
56
74
99
118
49
64
2
96
119
68
54
7
126
121
100
114
108
103
138
105
43
12
136
90
135
76
8
11
65
38
113
59
70
124
22
>>>>>>> 319e6a0dd838f4c011751a594e43cbefd1787a6a
37
