57
106
<<<<<<< HEAD
90
117
86
5
139
131
12
111
92
118
64
17
55
71
51
7
53
140
80
103
135
98
23
95
116
41
27
25
35
128
31
107
45
97
16
85
63
50
148
=======
117
139
131
12
55
51
7
27
23
84
25
98
90
107
38
45
16
19
50
>>>>>>> 319e6a0dd838f4c011751a594e43cbefd1787a6a
96
68
<<<<<<< HEAD
33
137
52
34
127
30
58
146
84
88
114
120
4
65
125
74
112
75
47
60
134
32
38
15
=======
125
120
30
77
41
26
17
127
93
140
33
1
31
123
52
146
35
141
116
18
6
111
65
53
67
130
63
97
4
34
43
58
136
119
75
13
60
100
32
134
20
87
39
22
142
103
>>>>>>> 319e6a0dd838f4c011751a594e43cbefd1787a6a
