<<<<<<< HEAD
61
11
109
30
47
106
29
134
135
15
104
93
56
59
65
85
122
101
116
133
128
74
35
111
149
119
113
26
7
136
75
118
32
43
126
8
127
33
53
6
54
25
115
124
46
81
28
31
97
45
52
147
103
91
123
19
49
60
12
100
73
86
82
63
37
87
79
117
90
96
=======
30
11
47
29
134
135
104
59
75
15
116
133
32
126
31
8
26
119
54
25
7
49
96
6
35
97
65
33
132
127
149
52
147
103
123
91
62
21
145
107
112
13
63
100
43
76
101
118
108
94
142
148
66
67
144
37
64
89
2
90
42
150
117
17
51
141
41
60
111
>>>>>>> 319e6a0dd838f4c011751a594e43cbefd1787a6a
