47
<<<<<<< HEAD
80
9
61
111
16
22
23
63
27
28
33
34
18
143
124
53
125
120
67
65
114
56
25
39
82
74
85
102
113
130
88
91
135
13
107
15
92
133
116
11
83
138
97
140
89
12
38
68
122
59
4
98
31
104
14
24
30
112
3
8
141
=======
61
63
125
67
111
65
18
124
120
114
39
74
113
54
13
92
116
11
107
15
122
31
48
89
83
59
104
78
10
8
>>>>>>> 319e6a0dd838f4c011751a594e43cbefd1787a6a
62
5
144
<<<<<<< HEAD
108
60
86
36
123
21
41
128
66
45
35
69
46
142
64
=======
37
94
60
86
2
69
75
35
66
45
23
138
52
93
117
142
6
14
115
121
55
46
53
58
4
88
26
84
100
70
85
27
135
72
87
109
>>>>>>> 319e6a0dd838f4c011751a594e43cbefd1787a6a
