<<<<<<< HEAD
67
10
4
45
74
36
108
50
103
85
59
98
24
46
68
124
101
120
93
62
37
122
94
72
42
63
83
115
9
51
1
121
117
105
26
65
27
111
81
29
43
44
39
57
48
109
20
112
73
100
113
3
92
=======
103
85
74
59
24
46
68
98
27
122
93
115
9
117
120
54
101
1
111
8
81
118
35
75
29
18
14
57
31
108
4
100
97
12
107
3
39
88
71
83
87
43
>>>>>>> 319e6a0dd838f4c011751a594e43cbefd1787a6a
52
62
16
<<<<<<< HEAD
118
89
60
11
25
55
=======
121
32
104
94
11
44
89
55
25
76
30
82
99
91
22
66
61
23
53
>>>>>>> 319e6a0dd838f4c011751a594e43cbefd1787a6a
