<<<<<<< HEAD
64
120
69
8
26
34
137
32
43
134
102
56
11
12
131
109
36
41
127
23
97
49
20
87
44
1
95
79
51
48
53
93
108
73
61
2
129
63
30
103
80
132
22
59
111
70
38
6
33
14
55
17
50
126
136
115
98
27
138
124
78
106
52
135
46
82
67
92
45
133
68
117
=======
26
34
43
32
102
131
137
41
87
20
79
97
80
73
51
44
33
61
135
134
93
64
63
46
1
22
59
49
111
70
121
136
12
38
106
90
14
55
95
113
53
31
50
17
2
126
27
129
92
120
104
123
52
25
98
11
89
115
54
124
99
19
138
45
3
82
78
15
47
8
67
>>>>>>> 319e6a0dd838f4c011751a594e43cbefd1787a6a
