20
<<<<<<< HEAD
7
113
115
24
143
102
60
70
84
138
14
101
54
62
149
34
4
31
1
36
=======
115
138
14
54
149
113
7
150
>>>>>>> 319e6a0dd838f4c011751a594e43cbefd1787a6a
137
52
91
<<<<<<< HEAD
105
96
92
131
142
150
130
118
120
15
99
126
112
119
40
41
121
=======
24
105
139
119
60
76
36
130
92
126
34
18
84
15
41
122
16
99
52
17
33
121
62
98
110
>>>>>>> 319e6a0dd838f4c011751a594e43cbefd1787a6a
80
127
29
58
<<<<<<< HEAD
97
18
87
117
72
32
5
129
23
59
107
26
57
106
75
76
37
68
33
=======
120
117
26
108
19
142
51
30
40
21
101
112
118
87
28
59
57
81
37
73
106
75
68
133
111
136
67
4
>>>>>>> 319e6a0dd838f4c011751a594e43cbefd1787a6a
