<<<<<<< HEAD
56
1
46
112
66
74
93
65
108
48
102
79
95
31
19
38
52
124
59
64
133
107
127
14
99
70
33
104
123
117
43
71
41
23
32
2
22
119
9
121
54
18
28
98
21
58
42
61
87
115
34
136
73
49
67
10
=======
112
56
48
102
123
107
14
70
93
31
33
117
127
52
32
99
74
61
119
66
30
96
46
85
9
54
15
129
82
98
58
26
40
6
44
121
22
75
95
55
113
79
42
25
28
34
118
104
71
43
69
90
4
59
27
50
21
18
23
35
131
38
136
49
>>>>>>> 319e6a0dd838f4c011751a594e43cbefd1787a6a
72
16
15
125
<<<<<<< HEAD
126
114
=======
20
114
126
100
12
115
16
64
>>>>>>> 319e6a0dd838f4c011751a594e43cbefd1787a6a
