<<<<<<< HEAD
87
118
141
90
124
104
150
69
12
11
115
68
19
97
95
=======
124
87
150
95
11
>>>>>>> 319e6a0dd838f4c011751a594e43cbefd1787a6a
74
2
54
51
6
15
143
<<<<<<< HEAD
18
21
62
147
56
=======
141
>>>>>>> 319e6a0dd838f4c011751a594e43cbefd1787a6a
122
21
61
<<<<<<< HEAD
66
120
28
109
39
79
57
111
73
117
24
127
37
5
44
110
8
112
103
34
26
23
113
14
92
31
55
7
=======
118
28
79
39
15
23
112
147
117
8
34
120
72
38
12
2
83
62
40
16
66
14
19
97
18
55
77
>>>>>>> 319e6a0dd838f4c011751a594e43cbefd1787a6a
70
85
25
94
108
35
105
<<<<<<< HEAD
98
20
94
93
107
=======
106
64
65
115
76
53
56
100
92
68
110
20
30
33
140
17
119
107
88
125
109
>>>>>>> 319e6a0dd838f4c011751a594e43cbefd1787a6a
