61
49
<<<<<<< HEAD
5
57
8
119
21
13
39
46
91
75
118
86
109
68
20
120
78
90
107
37
26
29
62
45
111
89
42
27
116
87
67
9
22
96
117
41
82
65
51
63
112
110
23
44
115
=======
119
8
21
13
75
86
39
68
27
78
90
26
62
45
81
73
87
91
89
117
116
55
65
112
9
37
32
118
>>>>>>> 319e6a0dd838f4c011751a594e43cbefd1787a6a
69
59
72
97
33
93
<<<<<<< HEAD
77
84
92
17
66
47
19
40
70
=======
41
77
110
51
98
82
34
19
42
94
23
30
66
96
10
63
5
72
44
47
54
12
2
84
43
40
48
83
56
60
107
>>>>>>> 319e6a0dd838f4c011751a594e43cbefd1787a6a
