<<<<<<< HEAD
23
31
14
54
32
96
97
22
149
21
75
87
100
16
131
76
116
139
137
48
118
123
17
148
42
86
150
102
6
81
73
84
88
128
59
20
67
5
=======
32
149
23
100
21
76
118
123
29
137
148
102
64
6
73
86
75
>>>>>>> 319e6a0dd838f4c011751a594e43cbefd1787a6a
136
24
101
<<<<<<< HEAD
29
41
53
51
110
65
134
52
127
13
70
3
66
=======
>>>>>>> 319e6a0dd838f4c011751a594e43cbefd1787a6a
45
22
80
<<<<<<< HEAD
114
144
15
64
113
71
78
77
94
36
120
98
146
132
105
121
=======
94
115
53
144
51
41
110
7
52
3
11
5
13
114
60
59
127
113
85
77
95
88
71
122
128
14
49
117
42
36
119
116
134
78
33
120
70
2
26
112
72
74
150
81
8
44
98
121
111
126
106
146
>>>>>>> 319e6a0dd838f4c011751a594e43cbefd1787a6a
124
57
37
