97
<<<<<<< HEAD
120
30
88
31
99
93
2
72
44
115
3
70
=======
88
31
120
115
72
93
30
70
2
>>>>>>> 319e6a0dd838f4c011751a594e43cbefd1787a6a
8
10
128
137
<<<<<<< HEAD
36
18
62
38
89
23
17
50
106
73
113
134
83
64
15
74
59
119
25
76
=======
89
17
113
15
74
18
23
25
106
119
77
80
83
>>>>>>> 319e6a0dd838f4c011751a594e43cbefd1787a6a
104
91
79
4
35
110
<<<<<<< HEAD
77
129
9
14
114
12
79
80
28
53
91
32
135
35
75
4
55
121
58
69
133
141
130
65
6
96
127
26
117
86
=======
39
32
6
27
81
73
38
67
36
127
76
143
65
59
58
114
50
134
139
112
105
51
85
94
117
34
24
7
29
68
63
136
33
5
21
56
>>>>>>> 319e6a0dd838f4c011751a594e43cbefd1787a6a
