<<<<<<< HEAD
33
30
135
8
61
79
110
86
38
141
54
32
68
145
45
114
24
48
124
90
71
27
15
74
83
34
75
106
142
107
147
13
40
64
126
43
60
127
5
109
94
131
99
51
118
101
47
92
35
81
87
117
73
56
25
132
137
=======
86
32
8
145
110
45
114
124
27
75
40
34
107
118
64
73
26
43
60
84
61
89
54
104
127
115
98
149
5
69
131
109
126
101
20
38
10
47
144
23
87
50
135
57
82
74
15
68
83
44
81
16
93
132
120
29
117
>>>>>>> 319e6a0dd838f4c011751a594e43cbefd1787a6a
148
134
9
<<<<<<< HEAD
59
=======
7
2
>>>>>>> 319e6a0dd838f4c011751a594e43cbefd1787a6a
