<<<<<<< HEAD
10
1
2
3
13
4
20
25
5
6
7
40
42
8
9
11
48
51
55
57
59
65
70
12
14
76
77
78
16
15
17
89
95
100
105
115
18
19
120
=======
1
4
6
7
9
11
12
14
16
17
19
>>>>>>> 319e6a0dd838f4c011751a594e43cbefd1787a6a
21
123
22
<<<<<<< HEAD
23
=======
>>>>>>> 319e6a0dd838f4c011751a594e43cbefd1787a6a
24
26
135
27
<<<<<<< HEAD
145
28
146
148
=======
>>>>>>> 319e6a0dd838f4c011751a594e43cbefd1787a6a
29
31
32
34
36
37
39
41
42
44
46
47
49
51
52
54
56
57
59
61
62
64
66
67
69
71
72
74
76
77
79
81
82
84
86
87
89
91
92
94
96
97
99
101
102
104
106
107
109
111
112
114
116
117
119
121
122
124
126
127
129
131
132
134
136
137
139
141
142
144
146
147
149
<<<<<<< HEAD
147
=======
148
150
143
138
>>>>>>> 319e6a0dd838f4c011751a594e43cbefd1787a6a
