115
<<<<<<< HEAD
105
63
66
42
78
71
43
9
77
38
32
124
11
34
73
49
68
99
72
57
95
45
117
84
22
59
13
6
54
36
79
25
98
121
20
37
24
90
85
26
106
=======
78
63
71
11
34
68
99
43
32
49
117
77
13
57
44
59
22
79
98
76
90
7
6
15
85
20
37
26
84
53
2
35
>>>>>>> 319e6a0dd838f4c011751a594e43cbefd1787a6a
28
70
108
<<<<<<< HEAD
33
35
=======
9
>>>>>>> 319e6a0dd838f4c011751a594e43cbefd1787a6a
12
4
67
<<<<<<< HEAD
3
94
5
96
114
81
23
101
17
=======
74
111
101
5
27
81
92
114
118
17
104
96
126
30
29
121
>>>>>>> 319e6a0dd838f4c011751a594e43cbefd1787a6a
