50
<<<<<<< HEAD
76
98
40
106
26
10
66
111
62
80
115
56
95
27
28
32
117
6
25
110
107
101
139
5
8
142
59
9
135
92
39
91
71
87
20
145
19
119
4
47
11
58
37
31
73
55
60
75
114
132
79
68
13
93
123
44
=======
40
26
10
111
66
95
27
28
142
110
58
32
8
59
9
77
34
87
56
20
78
4
37
96
38
6
91
31
68
33
132
92
93
99
139
148
141
5
136
44
144
>>>>>>> 319e6a0dd838f4c011751a594e43cbefd1787a6a
30
85
128
112
114
14
25
104
57
80
121
<<<<<<< HEAD
82
131
21
90
51
104
34
=======
64
41
55
73
82
116
3
21
90
129
72
97
118
70
107
145
39
106
>>>>>>> 319e6a0dd838f4c011751a594e43cbefd1787a6a
