122
<<<<<<< HEAD
71
65
107
26
10
136
59
51
105
62
40
98
76
8
12
77
31
109
17
20
75
113
=======
136
105
76
65
17
>>>>>>> 319e6a0dd838f4c011751a594e43cbefd1787a6a
118
98
8
75
97
<<<<<<< HEAD
143
116
9
131
132
19
48
147
63
125
89
111
=======
12
63
62
132
20
>>>>>>> 319e6a0dd838f4c011751a594e43cbefd1787a6a
35
83
101
111
19
22
<<<<<<< HEAD
90
57
123
92
70
99
110
150
56
103
138
100
133
53
64
91
73
108
55
69
87
144
24
83
101
114
3
29
142
15
=======
131
123
29
26
31
99
127
56
94
59
37
103
125
139
96
149
133
119
7
73
3
135
91
138
79
32
112
15
53
117
87
48
110
14
13
71
67
89
142
144
18
39
145
55
16
69
93
148
108
>>>>>>> 319e6a0dd838f4c011751a594e43cbefd1787a6a
