29
<<<<<<< HEAD
79
103
148
78
6
92
147
77
150
149
119
55
88
43
11
90
109
44
57
129
75
36
66
136
108
133
131
146
61
45
89
97
7
125
130
30
3
144
63
135
27
51
114
93
67
1
120
87
127
12
37
50
14
111
32
134
117
72
69
74
106
23
123
121
58
16
112
73
107
115
76
71
65
102
28
59
40
=======
103
78
119
90
109
129
146
61
89
75
114
125
144
130
120
131
73
12
3
6
14
58
1
63
96
111
51
117
40
87
106
7
27
44
33
65
18
121
79
93
107
128
112
39
76
49
55
23
115
64
72
5
43
143
71
16
126
37
84
118
95
25
48
9
35
59
10
85
140
42
41
147
149
150
>>>>>>> 319e6a0dd838f4c011751a594e43cbefd1787a6a
