96
<<<<<<< HEAD
143
77
121
19
94
137
24
43
125
54
103
2
40
111
131
117
13
8
3
85
30
68
142
12
22
32
148
6
126
41
86
108
138
133
128
113
25
124
18
102
87
67
81
17
98
89
14
130
20
10
135
129
58
84
80
=======
121
43
125
111
24
40
8
3
30
108
103
148
54
67
133
32
13
25
128
143
113
94
91
68
89
20
98
142
48
141
129
66
135
59
73
41
45
118
102
144
84
39
11
44
22
16
18
21
1
10
>>>>>>> 319e6a0dd838f4c011751a594e43cbefd1787a6a
90
17
139
49
9
<<<<<<< HEAD
29
109
101
105
145
=======
130
106
29
127
109
101
100
33
124
>>>>>>> 319e6a0dd838f4c011751a594e43cbefd1787a6a
