75
49
30
130
<<<<<<< HEAD
34
94
150
53
60
78
74
69
110
=======
53
34
78
>>>>>>> 319e6a0dd838f4c011751a594e43cbefd1787a6a
80
60
39
57
<<<<<<< HEAD
43
137
118
=======
90
30
31
>>>>>>> 319e6a0dd838f4c011751a594e43cbefd1787a6a
51
117
85
125
84
31
50
52
3
90
122
93
91
<<<<<<< HEAD
6
=======
24
118
>>>>>>> 319e6a0dd838f4c011751a594e43cbefd1787a6a
98
94
45
116
24
141
<<<<<<< HEAD
13
66
72
149
88
19
142
41
26
115
36
46
65
138
146
123
35
87
18
136
54
=======
133
66
136
6
72
44
149
13
85
113
41
115
65
69
138
36
146
131
116
35
87
50
>>>>>>> 319e6a0dd838f4c011751a594e43cbefd1787a6a
21
49
11
101
88
96
54
55
46
111
73
102
<<<<<<< HEAD
145
64
132
92
113
104
=======
64
139
92
132
140
104
22
119
142
84
>>>>>>> 319e6a0dd838f4c011751a594e43cbefd1787a6a
