115
138
<<<<<<< HEAD
100
148
14
60
142
81
10
125
33
88
61
37
22
77
15
8
23
94
6
135
=======
148
60
81
77
37
8
10
>>>>>>> 319e6a0dd838f4c011751a594e43cbefd1787a6a
127
120
71
56
45
<<<<<<< HEAD
85
121
87
24
106
122
130
118
131
12
93
105
18
147
3
103
107
58
82
20
128
145
63
90
129
112
32
30
83
36
2
86
69
=======
88
106
118
36
56
89
61
130
70
50
32
131
94
48
105
122
140
107
53
25
82
20
87
63
121
150
34
111
99
30
86
31
146
92
18
147
103
74
129
9
84
83
96
116
69
134
52
128
133
79
38
58
23
120
15
>>>>>>> 319e6a0dd838f4c011751a594e43cbefd1787a6a
