<<<<<<< HEAD
1
15
33
147
113
136
34
81
71
=======
81
>>>>>>> 319e6a0dd838f4c011751a594e43cbefd1787a6a
18
122
55
53
<<<<<<< HEAD
135
124
75
49
80
50
58
93
96
23
36
137
90
74
91
70
16
12
73
142
6
102
10
38
4
35
41
22
31
61
95
114
126
140
146
21
134
86
52
32
59
150
110
72
42
=======
34
70
33
75
93
80
90
126
74
56
40
61
111
63
8
49
31
50
2
6
19
48
112
114
37
147
54
46
58
38
72
64
124
120
9
142
77
91
137
35
59
36
21
95
146
52
32
99
150
66
17
109
127
105
118
128
83
139
82
30
67
102
>>>>>>> 319e6a0dd838f4c011751a594e43cbefd1787a6a
