106
<<<<<<< HEAD
10
74
68
34
143
71
120
51
4
135
136
33
145
60
77
79
59
28
90
132
53
72
133
56
1
139
52
62
127
122
92
100
41
11
64
97
126
98
85
150
12
35
115
14
54
96
147
111
76
86
128
6
57
55
39
118
121
144
50
82
15
20
110
=======
60
33
1
145
4
28
132
90
56
53
147
103
122
84
43
100
39
17
55
41
135
64
133
126
52
32
115
59
139
101
8
14
62
51
87
57
10
140
128
12
143
96
98
42
72
92
150
134
124
86
137
113
66
136
118
121
125
5
15
40
116
144
50
82
110
27
9
45
54
>>>>>>> 319e6a0dd838f4c011751a594e43cbefd1787a6a
