<<<<<<< HEAD
10
=======
96
>>>>>>> 319e6a0dd838f4c011751a594e43cbefd1787a6a
46
96
51
<<<<<<< HEAD
49
86
109
44
122
13
16
62
124
4
28
111
70
80
66
39
17
26
54
11
=======
86
109
13
44
10
124
16
70
62
80
28
>>>>>>> 319e6a0dd838f4c011751a594e43cbefd1787a6a
83
47
50
98
114
<<<<<<< HEAD
45
101
35
82
7
42
94
85
91
106
3
56
63
116
48
57
59
55
123
115
90
53
99
78
64
79
=======
85
50
90
35
56
59
123
11
60
99
115
39
64
26
63
94
118
116
74
55
93
107
>>>>>>> 319e6a0dd838f4c011751a594e43cbefd1787a6a
84
100
119
<<<<<<< HEAD
65
9
60
38
121
81
74
75
71
22
27
34
=======
15
48
103
17
42
54
92
65
57
95
8
87
52
81
38
121
77
75
27
22
45
100
110
34
69
>>>>>>> 319e6a0dd838f4c011751a594e43cbefd1787a6a
