<<<<<<< HEAD
33
93
19
54
63
103
=======
93
33
>>>>>>> 319e6a0dd838f4c011751a594e43cbefd1787a6a
57
82
34
69
10
<<<<<<< HEAD
64
61
105
67
12
55
46
50
76
101
38
27
88
20
59
90
108
106
22
11
107
42
65
21
86
44
8
53
3
75
36
118
72
116
16
2
7
5
66
125
98
68
28
85
48
25
122
99
74
32
6
24
=======
105
12
46
76
88
106
20
42
21
8
29
22
74
11
3
24
114
58
64
15
97
108
60
101
36
54
1
118
102
49
7
53
62
2
116
16
30
112
27
103
107
5
66
72
125
26
25
85
68
32
51
41
94
79
113
>>>>>>> 319e6a0dd838f4c011751a594e43cbefd1787a6a
