110
<<<<<<< HEAD
122
69
75
44
48
139
141
150
19
106
124
63
83
1
20
119
136
15
4
13
42
62
147
98
72
84
117
23
66
96
14
123
118
81
113
31
94
82
28
10
37
135
43
131
18
5
71
105
86
140
114
146
77
112
41
36
143
=======
75
44
69
141
124
119
1
13
62
147
106
77
19
98
66
118
14
123
48
81
145
45
94
7
107
37
4
85
87
136
70
84
83
20
113
97
11
125
31
79
59
117
140
112
127
23
58
143
137
88
>>>>>>> 319e6a0dd838f4c011751a594e43cbefd1787a6a
149
50
108
116
57
146
148
39
<<<<<<< HEAD
144
99
97
125
=======
18
41
102
104
99
53
144
3
138
115
15
>>>>>>> 319e6a0dd838f4c011751a594e43cbefd1787a6a
