<<<<<<< HEAD
24
139
97
34
43
3
47
125
20
115
37
45
=======
97
47
125
115
>>>>>>> 319e6a0dd838f4c011751a594e43cbefd1787a6a
48
86
96
55
107
69
<<<<<<< HEAD
141
46
71
134
78
49
54
14
44
11
102
50
131
51
=======
71
134
78
54
131
102
95
>>>>>>> 319e6a0dd838f4c011751a594e43cbefd1787a6a
110
17
146
<<<<<<< HEAD
52
29
53
56
57
58
38
59
=======
45
>>>>>>> 319e6a0dd838f4c011751a594e43cbefd1787a6a
124
60
74
<<<<<<< HEAD
66
112
61
111
62
36
63
122
64
6
95
65
42
67
40
114
68
70
12
=======
59
66
49
111
108
122
60
114
136
>>>>>>> 319e6a0dd838f4c011751a594e43cbefd1787a6a
109
147
10
72
73
138
127
104
<<<<<<< HEAD
75
76
98
32
13
140
33
25
77
41
79
80
101
2
85
81
21
83
22
133
1
82
128
108
142
=======
98
58
94
101
138
50
90
85
57
143
103
70
83
133
129
128
142
145
>>>>>>> 319e6a0dd838f4c011751a594e43cbefd1787a6a
93
63
52
79
68
148
73
130
<<<<<<< HEAD
100
148
89
26
91
84
90
7
87
4
113
116
105
88
132
92
94
149
123
16
99
103
106
129
8
18
30
23
119
144
39
35
117
31
118
145
126
135
143
27
136
150
121
19
120
5
137
28
9
15
=======
24
149
141
81
137
100
89
61
80
56
118
65
77
42
91
34
64
140
116
92
82
105
88
46
113
84
72
26
132
51
43
123
119
44
62
117
112
135
53
87
106
99
126
120
19
41
67
144
75
3
76
25
6
14
17
21
12
5
1
38
22
36
11
10
23
13
121
2
33
30
39
4
18
31
150
27
28
9
15
35
16
8
7
32
40
139
29
20
37
>>>>>>> 319e6a0dd838f4c011751a594e43cbefd1787a6a
