91
<<<<<<< HEAD
12
141
62
121
42
8
11
107
16
131
72
37
6
97
45
149
101
46
53
135
35
143
63
98
15
86
124
83
49
31
9
111
104
129
13
94
133
93
57
26
85
139
138
17
118
36
7
80
96
119
117
5
123
14
24
41
147
58
48
136
146
108
4
77
68
32
73
=======
121
49
46
15
139
86
31
13
98
57
94
93
124
11
26
138
122
133
17
123
37
60
38
14
118
85
149
104
59
134
32
35
114
77
8
145
80
27
56
136
95
6
126
117
131
45
112
43
127
3
7
96
125
41
146
68
4
5
73
105
34
64
10
65
39
36
23
78
143
>>>>>>> 319e6a0dd838f4c011751a594e43cbefd1787a6a
