<<<<<<< HEAD
117
23
39
28
41
78
25
54
37
98
134
50
=======
23
134
100
>>>>>>> 319e6a0dd838f4c011751a594e43cbefd1787a6a
138
111
<<<<<<< HEAD
76
100
105
113
55
107
44
45
51
147
56
135
83
115
128
12
108
122
81
17
143
69
118
14
62
33
74
36
102
20
123
32
29
57
125
91
148
1
126
7
8
106
149
87
10
82
60
70
103
80
97
=======
116
37
76
115
113
56
50
147
143
83
25
118
136
126
28
57
14
95
91
127
145
148
7
62
98
55
109
20
105
38
106
32
97
128
89
71
117
22
51
108
141
12
1
58
144
42
82
146
3
110
119
46
103
131
63
6
114
34
27
>>>>>>> 319e6a0dd838f4c011751a594e43cbefd1787a6a
