71
72
<<<<<<< HEAD
51
49
2
1
65
34
73
11
47
39
60
83
86
61
96
35
58
82
37
43
101
68
63
9
15
93
32
67
46
40
13
=======
49
1
83
51
86
61
37
63
82
60
58
43
52
>>>>>>> 319e6a0dd838f4c011751a594e43cbefd1787a6a
91
62
27
35
41
<<<<<<< HEAD
69
84
99
102
6
106
27
74
48
52
78
10
62
12
90
50
100
26
92
45
42
25
85
28
98
81
57
87
=======
26
93
94
44
67
13
99
74
68
106
48
78
40
73
84
11
6
12
69
32
33
50
95
18
87
19
10
21
45
90
15
36
28
42
77
98
97
17
22
89
103
104
55
3
75
46
>>>>>>> 319e6a0dd838f4c011751a594e43cbefd1787a6a
