<<<<<<< HEAD
3
139
35
83
137
5
107
91
85
12
34
103
49
93
120
1
95
126
20
129
135
16
130
128
58
132
41
119
123
86
55
118
124
149
115
6
77
47
43
28
131
146
25
76
2
80
36
134
98
127
89
96
142
125
46
31
33
53
38
64
100
65
23
67
39
=======
139
85
5
137
35
12
34
49
135
128
93
129
126
132
55
77
140
33
124
83
119
112
67
58
116
80
96
130
65
53
3
46
95
75
149
28
11
2
56
45
37
43
121
14
23
42
94
8
98
71
105
122
127
100
25
134
136
>>>>>>> 319e6a0dd838f4c011751a594e43cbefd1787a6a
117
78
102
123
144
99
<<<<<<< HEAD
136
=======
111
148
82
48
32
22
20
>>>>>>> 319e6a0dd838f4c011751a594e43cbefd1787a6a
