72
<<<<<<< HEAD
103
47
22
65
86
29
78
66
99
80
146
110
98
148
37
69
100
2
=======
65
78
103
90
146
86
110
70
148
29
37
43
>>>>>>> 319e6a0dd838f4c011751a594e43cbefd1787a6a
83
137
18
<<<<<<< HEAD
89
74
15
128
90
126
94
70
39
63
68
109
97
92
117
106
138
43
140
21
17
67
134
61
87
116
133
5
55
11
93
38
3
27
49
105
150
144
16
88
119
46
53
115
62
137
12
127
=======
126
62
94
80
63
116
68
138
17
40
67
106
2
21
104
55
5
134
113
3
66
142
27
79
49
39
150
16
114
74
71
77
98
92
1
22
119
28
112
135
12
46
24
115
41
9
42
51
73
38
>>>>>>> 319e6a0dd838f4c011751a594e43cbefd1787a6a
