19
<<<<<<< HEAD
15
53
63
36
121
=======
53
63
121
143
>>>>>>> 319e6a0dd838f4c011751a594e43cbefd1787a6a
105
102
28
<<<<<<< HEAD
89
96
13
4
137
109
128
99
143
142
64
11
81
97
9
77
114
111
40
115
24
108
65
147
26
7
27
129
107
10
62
84
85
88
93
37
58
52
136
60
23
29
21
61
118
91
134
123
148
117
113
130
22
2
150
72
50
92
74
=======
142
102
36
64
81
120
147
114
11
91
27
40
128
129
85
123
37
97
4
111
108
65
115
52
71
23
96
7
116
43
29
9
61
136
109
33
98
79
93
1
56
118
24
41
148
117
130
126
134
132
92
55
22
150
146
2
51
83
141
45
88
13
>>>>>>> 319e6a0dd838f4c011751a594e43cbefd1787a6a
