101
<<<<<<< HEAD
2
120
89
3
29
38
85
=======
120
89
>>>>>>> 319e6a0dd838f4c011751a594e43cbefd1787a6a
18
38
16
<<<<<<< HEAD
20
59
134
88
30
76
10
15
129
51
61
69
50
37
111
62
126
113
70
128
31
116
118
46
86
106
21
14
56
47
36
33
52
110
119
6
27
146
32
1
9
72
45
4
125
112
98
81
139
28
132
71
5
140
84
48
=======
59
134
15
129
76
61
37
50
113
51
29
20
31
116
42
86
14
150
54
13
1
112
30
123
27
102
136
43
46
21
17
25
32
73
139
60
107
98
121
72
110
106
142
128
56
114
74
126
53
52
132
65
144
94
6
131
78
4
149
140
122
119
48
19
79
>>>>>>> 319e6a0dd838f4c011751a594e43cbefd1787a6a
