<<<<<<< HEAD
75
109
103
50
102
5
146
116
88
17
94
114
63
20
137
97
128
12
37
141
113
66
107
91
105
38
64
136
92
42
47
110
135
16
89
132
34
79
21
138
40
13
56
3
86
139
53
28
106
80
60
59
10
=======
50
146
116
17
37
20
12
91
141
113
107
92
132
42
56
40
21
63
86
135
47
89
129
34
119
53
123
144
59
3
49
6
28
10
88
94
>>>>>>> 319e6a0dd838f4c011751a594e43cbefd1787a6a
69
137
111
<<<<<<< HEAD
112
87
115
54
57
51
124
35
24
=======
79
112
101
103
114
105
48
39
131
122
97
117
85
138
80
115
82
77
95
54
23
106
100
41
43
142
35
96
15
19
78
>>>>>>> 319e6a0dd838f4c011751a594e43cbefd1787a6a
