<<<<<<< HEAD
110
95
25
53
42
127
3
2
101
125
28
147
96
133
134
31
4
103
115
35
26
140
41
51
87
18
=======
2
147
96
133
103
140
51
125
31
35
110
28
130
64
>>>>>>> 319e6a0dd838f4c011751a594e43cbefd1787a6a
146
33
23
<<<<<<< HEAD
126
106
64
104
92
52
20
84
=======
104
92
>>>>>>> 319e6a0dd838f4c011751a594e43cbefd1787a6a
32
38
129
55
123
<<<<<<< HEAD
128
94
130
19
63
48
5
72
80
39
49
37
17
108
112
1
22
62
81
99
120
36
113
121
43
85
91
21
138
=======
5
42
39
16
52
94
80
1
22
41
144
4
89
135
93
73
84
7
137
15
126
26
18
120
90
25
148
67
57
138
72
101
62
113
102
134
131
109
136
50
34
82
36
30
68
13
21
79
88
99
6
115
>>>>>>> 319e6a0dd838f4c011751a594e43cbefd1787a6a
