<<<<<<< HEAD
29
62
146
143
48
53
4
78
139
55
105
138
114
34
36
58
76
40
142
104
99
12
38
35
127
116
46
47
70
67
106
126
68
107
88
63
130
91
128
89
111
74
32
27
1
59
60
145
5
64
96
100
84
43
=======
62
29
146
4
114
105
36
139
142
138
126
104
67
70
107
47
143
91
35
43
128
45
89
2
55
23
46
113
27
60
98
54
123
111
64
51
7
127
31
96
>>>>>>> 319e6a0dd838f4c011751a594e43cbefd1787a6a
49
85
106
88
84
129
8
<<<<<<< HEAD
65
83
45
98
14
=======
1
92
132
93
25
135
14
20
125
133
18
13
83
102
57
17
148
34
>>>>>>> 319e6a0dd838f4c011751a594e43cbefd1787a6a
