20
<<<<<<< HEAD
88
42
15
24
99
114
50
28
30
34
11
119
67
117
105
148
142
27
72
55
135
=======
87
88
99
42
50
28
24
105
55
114
67
>>>>>>> 319e6a0dd838f4c011751a594e43cbefd1787a6a
92
59
98
35
76
<<<<<<< HEAD
131
32
49
75
126
93
127
60
64
57
95
118
136
43
1
132
110
70
46
41
51
150
139
62
125
58
144
80
9
149
3
56
86
116
133
29
=======
72
49
41
94
117
126
56
74
139
32
34
60
35
95
85
1
70
109
58
103
3
108
148
19
63
83
138
47
116
135
9
118
132
53
125
97
122
45
43
12
115
129
39
26
111
8
145
123
38
133
84
29
82
101
4
120
128
65
>>>>>>> 319e6a0dd838f4c011751a594e43cbefd1787a6a
