<<<<<<< HEAD
125
=======
>>>>>>> 319e6a0dd838f4c011751a594e43cbefd1787a6a
128
9
124
<<<<<<< HEAD
24
132
54
26
41
46
3
18
50
102
=======
125
24
18
64
50
>>>>>>> 319e6a0dd838f4c011751a594e43cbefd1787a6a
45
64
23
74
56
<<<<<<< HEAD
87
116
99
118
35
22
59
10
110
63
83
117
31
103
28
96
62
16
43
84
25
4
106
30
127
17
126
75
72
107
80
94
78
19
105
90
47
52
97
129
42
123
81
32
=======
3
116
19
10
63
83
84
9
132
14
99
117
46
103
62
115
25
30
59
74
55
86
127
119
28
126
4
31
35
67
75
66
13
17
78
53
80
113
98
105
97
47
60
52
42
32
129
106
26
2
120
39
49
>>>>>>> 319e6a0dd838f4c011751a594e43cbefd1787a6a
