<<<<<<< HEAD
70
60
91
148
10
126
99
24
89
97
128
48
15
61
35
22
33
44
116
112
108
65
46
115
36
69
32
71
135
26
74
34
111
57
121
82
127
84
98
130
7
16
149
146
21
37
100
132
113
50
47
142
3
87
19
114
76
=======
60
148
126
97
108
57
46
44
50
116
102
99
29
69
32
71
121
7
61
22
149
118
137
37
24
101
132
135
127
130
31
87
39
19
111
6
134
65
>>>>>>> 319e6a0dd838f4c011751a594e43cbefd1787a6a
72
146
34
113
16
63
28
38
104
9
<<<<<<< HEAD
139
17
109
28
107
=======
17
40
30
142
144
62
136
145
21
42
124
119
56
25
68
74
83
112
33
>>>>>>> 319e6a0dd838f4c011751a594e43cbefd1787a6a
