<<<<<<< HEAD
77
29
41
107
130
135
43
81
=======
130
43
>>>>>>> 319e6a0dd838f4c011751a594e43cbefd1787a6a
70
44
4
102
105
14
113
35
<<<<<<< HEAD
60
8
69
71
=======
113
69
44
>>>>>>> 319e6a0dd838f4c011751a594e43cbefd1787a6a
131
34
10
100
85
<<<<<<< HEAD
18
32
27
47
122
6
19
128
76
30
=======
47
34
77
122
58
18
>>>>>>> 319e6a0dd838f4c011751a594e43cbefd1787a6a
52
129
125
73
<<<<<<< HEAD
3
79
55
98
133
56
28
42
61
78
88
58
51
96
72
36
5
112
82
23
9
25
63
136
37
2
108
15
101
68
=======
42
61
105
25
98
87
13
80
50
82
23
9
19
136
118
128
26
28
71
83
54
110
114
41
88
36
120
38
72
93
45
84
53
132
68
89
101
124
59
49
32
>>>>>>> 319e6a0dd838f4c011751a594e43cbefd1787a6a
