109
62
98
<<<<<<< HEAD
126
100
=======
>>>>>>> 319e6a0dd838f4c011751a594e43cbefd1787a6a
11
27
143
90
<<<<<<< HEAD
124
120
50
40
129
144
6
64
60
88
117
30
139
71
116
135
80
150
44
4
9
147
137
91
86
107
2
37
57
47
54
108
99
67
63
85
=======
120
50
147
60
107
117
80
144
54
40
150
30
44
86
2
138
37
6
126
125
100
17
130
57
>>>>>>> 319e6a0dd838f4c011751a594e43cbefd1787a6a
105
12
115
25
88
106
<<<<<<< HEAD
68
79
148
132
65
45
33
52
81
61
70
73
=======
129
96
85
26
148
93
132
142
68
65
111
131
47
1
52
58
97
33
70
16
42
122
81
102
128
99
>>>>>>> 319e6a0dd838f4c011751a594e43cbefd1787a6a
