90
32
48
<<<<<<< HEAD
14
12
7
103
54
71
27
9
116
62
76
52
113
19
57
65
34
91
13
=======
7
27
52
9
54
76
113
34
65
>>>>>>> 319e6a0dd838f4c011751a594e43cbefd1787a6a
75
67
97
47
<<<<<<< HEAD
50
96
105
118
89
99
79
38
44
114
5
100
64
61
28
30
69
85
101
31
112
81
41
104
33
109
21
46
82
3
16
45
55
4
56
=======
14
50
19
89
44
64
63
98
100
68
85
99
101
102
70
117
111
80
56
116
13
49
79
81
61
12
69
21
5
73
91
62
59
42
77
67
33
104
30
46
92
82
55
16
72
22
115
107
57
>>>>>>> 319e6a0dd838f4c011751a594e43cbefd1787a6a
