19
104
88
98
115
<<<<<<< HEAD
91
6
37
51
109
110
118
131
117
96
144
75
16
17
112
31
124
26
73
52
95
=======
51
16
17
112
73
31
144
52
6
95
120
131
64
145
>>>>>>> 319e6a0dd838f4c011751a594e43cbefd1787a6a
87
91
150
<<<<<<< HEAD
27
=======
26
>>>>>>> 319e6a0dd838f4c011751a594e43cbefd1787a6a
29
67
68
<<<<<<< HEAD
59
103
120
132
41
18
147
35
42
32
63
92
4
45
135
141
145
39
121
46
2
79
94
70
64
101
40
134
116
102
44
47
56
=======
27
132
147
96
42
104
32
41
139
92
4
45
133
121
74
109
11
70
142
135
13
46
79
111
18
108
136
8
101
57
116
102
44
94
40
50
128
47
56
124
82
105
84
>>>>>>> 319e6a0dd838f4c011751a594e43cbefd1787a6a
