<<<<<<< HEAD
11
91
=======
>>>>>>> 319e6a0dd838f4c011751a594e43cbefd1787a6a
46
57
49
55
12
111
<<<<<<< HEAD
1
122
30
32
144
34
113
146
77
131
64
137
124
16
94
71
112
120
119
114
80
76
25
130
5
62
39
90
20
78
108
66
95
99
136
53
142
22
79
58
7
68
42
134
106
45
65
83
=======
146
64
77
62
137
122
16
119
112
39
55
30
114
144
78
106
95
66
42
136
131
134
68
48
83
65
>>>>>>> 319e6a0dd838f4c011751a594e43cbefd1787a6a
135
48
4
<<<<<<< HEAD
72
139
87
23
128
47
97
56
115
=======
150
120
140
116
145
45
104
97
29
138
35
124
123
113
2
56
130
72
5
96
139
108
51
28
101
82
59
148
37
89
17
118
47
31
102
24
121
126
27
13
69
147
98
75
>>>>>>> 319e6a0dd838f4c011751a594e43cbefd1787a6a
