<<<<<<< HEAD
8
111
62
49
135
129
75
70
99
128
40
50
22
13
92
97
131
41
123
17
34
96
145
79
6
1
14
148
56
48
104
87
51
132
144
106
81
52
36
35
143
73
64
127
20
91
118
110
38
133
67
93
114
16
7
109
5
78
45
66
27
33
23
63
119
85
84
139
=======
75
70
128
92
97
34
145
129
56
143
17
8
87
81
13
48
35
50
73
99
51
14
52
20
36
1
42
148
33
104
25
47
138
27
22
61
144
95
112
110
127
132
3
19
63
117
58
49
29
45
136
37
64
84
109
91
82
150
123
54
139
23
46
5
140
89
133
119
38
85
44
>>>>>>> 319e6a0dd838f4c011751a594e43cbefd1787a6a
146
149
30
57
83
71
114
