10
<<<<<<< HEAD
21
35
121
5
24
111
147
45
74
86
70
113
33
106
=======
35
121
24
86
5
33
>>>>>>> 319e6a0dd838f4c011751a594e43cbefd1787a6a
75
55
77
52
115
<<<<<<< HEAD
43
132
14
=======
132
27
99
128
>>>>>>> 319e6a0dd838f4c011751a594e43cbefd1787a6a
110
138
128
30
25
32
26
142
<<<<<<< HEAD
144
67
112
91
81
17
27
64
49
38
54
130
71
44
99
79
82
23
28
34
22
135
6
116
134
103
1
18
80
37
129
31
=======
32
14
81
52
116
21
109
106
147
130
113
34
47
22
3
104
28
42
111
39
57
83
26
70
134
25
144
41
71
93
74
96
38
36
2
135
91
129
82
46
7
44
56
120
103
80
122
76
141
>>>>>>> 319e6a0dd838f4c011751a594e43cbefd1787a6a
