100
<<<<<<< HEAD
12
7
150
139
85
106
123
13
145
109
10
135
78
126
75
141
88
28
20
40
119
53
115
140
76
47
108
121
71
21
67
103
99
22
102
33
24
29
27
73
91
16
51
64
86
11
65
55
43
63
122
128
147
94
96
52
97
129
4
42
5
149
14
79
48
87
84
112
58
=======
139
85
106
78
141
88
13
47
119
108
12
21
123
103
102
29
27
33
43
63
122
67
129
50
73
126
4
28
48
94
5
149
62
46
51
36
65
11
96
35
112
71
52
9
148
150
38
109
14
79
132
16
7
140
111
92
128
81
97
72
45
68
124
89
87
80
90
84
30
114
41
1
31
>>>>>>> 319e6a0dd838f4c011751a594e43cbefd1787a6a
