<<<<<<< HEAD
43
68
39
=======
>>>>>>> 319e6a0dd838f4c011751a594e43cbefd1787a6a
35
93
87
16
71
<<<<<<< HEAD
85
49
=======
49
85
>>>>>>> 319e6a0dd838f4c011751a594e43cbefd1787a6a
37
19
<<<<<<< HEAD
83
82
18
67
26
25
7
32
89
4
45
53
21
77
27
44
51
101
17
95
86
70
81
1
52
46
9
38
100
50
47
57
92
79
40
69
66
102
63
62
80
28
29
59
88
=======
7
25
77
27
92
101
9
53
95
86
87
81
82
50
14
60
79
61
96
3
66
23
44
45
52
46
41
2
59
63
83
21
51
4
17
32
89
91
78
31
94
102
36
6
76
88
28
34
24
73
54
56
15
47
>>>>>>> 319e6a0dd838f4c011751a594e43cbefd1787a6a
