<<<<<<< HEAD
106
90
107
=======
>>>>>>> 319e6a0dd838f4c011751a594e43cbefd1787a6a
144
128
64
133
<<<<<<< HEAD
143
108
92
100
87
71
119
61
45
73
111
22
51
103
114
95
54
67
137
81
129
53
75
52
1
112
79
15
130
56
19
105
29
140
63
82
85
33
113
27
17
25
104
145
77
115
109
132
50
66
134
14
97
136
46
41
8
55
4
=======
107
87
71
108
45
114
75
19
54
67
137
100
50
132
112
79
130
61
105
140
104
95
145
37
115
36
9
125
4
41
70
119
129
74
106
60
15
56
91
14
136
8
101
76
73
77
97
89
18
57
25
118
90
3
1
141
49
72
78
142
39
92
>>>>>>> 319e6a0dd838f4c011751a594e43cbefd1787a6a
