<<<<<<< HEAD
44
42
12
66
67
114
36
101
131
14
21
9
47
147
11
115
53
106
116
124
59
103
63
16
61
2
95
89
98
133
81
86
57
48
122
20
26
137
17
=======
42
67
114
9
47
115
36
2
14
21
101
63
98
44
86
136
107
95
69
>>>>>>> 319e6a0dd838f4c011751a594e43cbefd1787a6a
148
130
141
<<<<<<< HEAD
97
64
136
33
65
34
38
138
13
74
90
28
100
=======
116
40
88
61
43
102
33
138
12
110
59
91
140
60
137
50
41
64
97
119
27
90
79
16
122
28
>>>>>>> 319e6a0dd838f4c011751a594e43cbefd1787a6a
123
111
20
124
3
87
32
93
145
38
15
76
<<<<<<< HEAD
58
69
73
107
130
43
55
91
=======
134
100
72
73
58
7
37
52
129
139
53
>>>>>>> 319e6a0dd838f4c011751a594e43cbefd1787a6a
