110
112
<<<<<<< HEAD
3
36
38
70
113
4
147
2
46
9
10
71
32
19
29
35
141
125
41
85
12
5
56
53
25
122
28
13
24
111
134
45
114
22
142
8
16
20
80
124
65
140
18
11
99
17
76
7
100
54
55
15
23
149
30
26
27
31
128
104
37
116
133
115
121
39
14
144
73
77
148
48
138
21
72
6
93
74
103
86
34
102
33
117
105
=======
113
147
46
35
4
141
1
3
38
125
41
85
53
32
122
111
70
68
134
114
36
80
99
73
149
140
76
128
71
56
133
104
105
121
144
45
77
43
103
106
115
102
108
86
148
138
137
98
116
93
131
142
89
135
91
123
118
84
139
117
143
120
126
130
119
132
129
136
124
100
65
10
>>>>>>> 319e6a0dd838f4c011751a594e43cbefd1787a6a
