<<<<<<< HEAD
144
2
6
3
4
12
5
16
18
20
1
25
27
7
8
=======
1
144
7
9
11
13
15
17
19
21
23
25
27
29
31
>>>>>>> 319e6a0dd838f4c011751a594e43cbefd1787a6a
33
9
37
39
<<<<<<< HEAD
10
11
45
47
13
51
53
14
15
59
17
63
65
67
19
21
73
22
77
23
24
26
85
87
28
91
29
95
97
30
101
31
105
32
34
111
35
115
117
36
38
40
125
41
42
43
44
46
48
49
50
143
52
=======
41
43
45
47
49
51
53
55
57
59
61
63
65
67
69
71
73
75
77
79
81
83
85
87
89
91
93
95
97
99
101
103
105
107
109
111
113
115
117
119
121
123
125
127
129
131
133
135
137
139
141
143
142
>>>>>>> 319e6a0dd838f4c011751a594e43cbefd1787a6a
