<<<<<<< HEAD
30
4
56
57
66
108
127
73
45
103
97
149
40
116
70
68
44
67
51
29
26
6
5
=======
56
103
149
116
29
140
45
59
>>>>>>> 319e6a0dd838f4c011751a594e43cbefd1787a6a
91
111
19
69
<<<<<<< HEAD
113
59
110
99
140
121
53
150
138
9
13
148
39
=======
19
99
53
148
110
41
>>>>>>> 319e6a0dd838f4c011751a594e43cbefd1787a6a
37
82
85
60
101
<<<<<<< HEAD
141
142
145
64
42
83
41
119
49
16
25
90
2
17
36
54
3
88
80
118
112
74
130
24
146
125
133
117
27
132
124
=======
39
142
13
145
49
36
133
150
98
17
88
85
63
9
42
4
28
125
128
67
40
70
58
20
23
44
66
138
25
60
80
141
139
83
5
144
74
54
43
16
81
117
26
27
65
90
24
112
131
122
132
22
82
104
147
115
72
73
>>>>>>> 319e6a0dd838f4c011751a594e43cbefd1787a6a
