<<<<<<< HEAD
28
53
68
144
66
118
60
75
100
22
119
142
122
82
31
11
41
36
137
20
47
98
88
95
115
92
72
33
93
120
48
83
67
78
135
139
109
86
133
9
91
46
12
56
19
61
55
4
10
141
148
7
99
149
128
104
42
126
40
21
77
79
=======
53
68
144
60
98
47
22
142
11
139
72
33
67
61
31
135
99
118
133
9
88
120
74
87
20
56
119
78
86
95
19
55
82
48
146
26
75
69
141
109
93
127
91
138
27
134
104
122
83
77
10
130
16
65
115
34
148
149
147
52
7
>>>>>>> 319e6a0dd838f4c011751a594e43cbefd1787a6a
131
136
110
<<<<<<< HEAD
2
105
140
=======
63
35
28
>>>>>>> 319e6a0dd838f4c011751a594e43cbefd1787a6a
