<<<<<<< HEAD
60
91
105
5
137
9
11
7
116
19
=======
105
>>>>>>> 319e6a0dd838f4c011751a594e43cbefd1787a6a
10
134
30
<<<<<<< HEAD
103
39
87
85
58
74
54
47
94
36
80
109
111
62
110
66
102
84
20
33
15
17
127
82
112
63
101
41
23
18
118
65
45
117
88
57
69
=======
47
7
110
36
111
101
66
102
84
69
17
35
109
82
112
130
48
13
39
129
83
63
1
133
80
103
20
18
67
37
51
45
117
49
33
92
107
87
76
43
23
>>>>>>> 319e6a0dd838f4c011751a594e43cbefd1787a6a
144
127
26
41
9
139
131
<<<<<<< HEAD
83
98
86
99
96
93
8
42
125
=======
98
25
58
132
75
88
93
96
8
42
125
115
14
>>>>>>> 319e6a0dd838f4c011751a594e43cbefd1787a6a
