41
92
<<<<<<< HEAD
22
8
44
21
52
24
82
63
131
126
34
58
36
69
111
30
70
127
105
68
=======
82
52
63
53
69
44
>>>>>>> 319e6a0dd838f4c011751a594e43cbefd1787a6a
130
123
9
32
58
113
<<<<<<< HEAD
53
57
76
100
78
26
47
79
4
124
89
37
42
13
51
67
64
110
133
88
35
59
116
5
81
112
117
95
46
7
135
16
77
66
107
132
102
109
121
114
=======
76
68
57
36
4
124
123
37
127
89
42
85
16
13
67
88
96
47
8
134
9
22
40
81
34
54
112
121
117
26
73
56
100
51
14
110
79
5
104
24
74
27
7
17
97
90
66
107
84
125
132
102
109
71
23
19
>>>>>>> 319e6a0dd838f4c011751a594e43cbefd1787a6a
