51
<<<<<<< HEAD
99
114
111
104
139
28
75
44
33
105
124
48
23
80
42
94
137
49
86
10
135
115
77
120
147
30
146
19
21
27
38
25
102
88
140
6
136
17
79
68
72
14
108
148
1
36
40
98
8
3
149
12
126
73
22
116
63
13
37
45
24
101
35
103
29
65
=======
111
139
75
124
99
23
48
49
28
33
94
86
147
68
88
108
114
72
136
140
79
27
36
22
32
17
125
80
25
8
63
85
105
19
66
55
47
2
37
4
96
134
34
77
73
102
24
3
148
103
44
60
98
40
14
13
35
101
56
109
29
91
65
132
131
100
41
6
>>>>>>> 319e6a0dd838f4c011751a594e43cbefd1787a6a
