<<<<<<< HEAD
54
57
89
37
102
87
81
=======
>>>>>>> 319e6a0dd838f4c011751a594e43cbefd1787a6a
5
62
7
55
<<<<<<< HEAD
64
39
14
43
32
17
53
24
38
23
58
68
82
47
92
49
1
88
20
15
108
106
34
13
70
36
98
67
75
71
109
84
3
29
51
35
107
16
66
103
63
50
74
21
78
101
94
48
85
100
95
22
65
25
31
83
105
104
30
=======
14
24
68
15
92
53
20
17
58
36
67
49
71
82
107
95
11
63
51
16
47
26
79
27
52
97
54
32
78
70
48
106
34
3
66
109
103
33
76
75
96
31
25
19
101
50
12
21
104
22
105
8
30
9
91
93
2
41
99
13
86
>>>>>>> 319e6a0dd838f4c011751a594e43cbefd1787a6a
