<<<<<<< HEAD
72
50
39
71
64
46
63
59
73
4
126
41
130
117
122
12
11
35
26
=======
50
71
63
73
46
41
130
>>>>>>> 319e6a0dd838f4c011751a594e43cbefd1787a6a
94
27
128
6
20
8
104
<<<<<<< HEAD
=======
56
>>>>>>> 319e6a0dd838f4c011751a594e43cbefd1787a6a
137
20
116
<<<<<<< HEAD
3
131
32
142
108
138
149
7
30
19
96
53
66
91
150
25
140
76
86
56
145
38
106
93
133
69
102
110
125
118
54
75
134
9
67
18
2
=======
128
105
32
66
33
150
119
140
144
126
4
115
30
23
38
84
78
113
106
143
112
77
133
122
42
149
25
11
96
118
43
131
31
52
76
67
141
142
75
68
121
82
18
129
136
69
109
62
61
39
138
117
>>>>>>> 319e6a0dd838f4c011751a594e43cbefd1787a6a
