<<<<<<< HEAD
90
37
7
140
68
35
116
43
112
63
48
=======
7
140
68
116
63
112
>>>>>>> 319e6a0dd838f4c011751a594e43cbefd1787a6a
65
43
135
<<<<<<< HEAD
14
86
87
103
99
105
101
84
20
19
26
41
137
146
60
38
69
122
40
67
53
96
23
4
98
59
12
129
142
92
21
3
1
126
74
115
114
75
141
143
119
136
16
29
89
13
78
10
55
73
32
66
39
125
34
147
30
=======
35
84
20
105
40
26
101
87
103
69
38
122
99
137
90
67
4
54
41
98
142
130
12
129
143
94
108
21
136
110
32
31
77
18
74
114
10
75
92
72
148
56
13
76
1
73
66
46
39
52
150
106
96
127
71
113
79
100
83
51
53
37
>>>>>>> 319e6a0dd838f4c011751a594e43cbefd1787a6a
