26
7
<<<<<<< HEAD
1
44
18
15
122
28
75
61
69
23
71
60
97
51
119
22
106
33
57
43
102
53
74
63
136
138
66
111
31
148
39
101
100
149
24
129
46
81
108
86
2
50
76
91
47
58
125
17
112
143
62
134
113
68
104
=======
44
60
122
28
23
18
97
57
119
46
106
69
71
108
61
53
115
37
112
63
148
39
101
22
100
149
81
47
138
11
125
59
129
17
20
102
131
62
50
74
66
33
68
86
58
104
136
105
77
84
>>>>>>> 319e6a0dd838f4c011751a594e43cbefd1787a6a
65
77
80
127
<<<<<<< HEAD
79
11
78
=======
134
143
>>>>>>> 319e6a0dd838f4c011751a594e43cbefd1787a6a
9
98
96
<<<<<<< HEAD
83
98
150
8
130
=======
133
83
124
21
79
38
141
130
30
135
>>>>>>> 319e6a0dd838f4c011751a594e43cbefd1787a6a
