<<<<<<< HEAD
19
37
51
81
42
11
65
68
108
4
27
5
75
7
24
95
105
8
29
137
73
87
131
97
66
106
109
79
39
3
2
15
30
127
28
111
38
16
61
138
1
72
54
133
70
114
128
86
=======
37
81
27
5
137
30
42
109
24
28
93
15
133
70
79
26
118
95
19
117
105
29
25
10
73
50
97
58
122
39
16
53
101
76
131
80
13
8
31
35
98
38
107
61
72
71
41
127
114
138
1
66
128
>>>>>>> 319e6a0dd838f4c011751a594e43cbefd1787a6a
52
86
110
<<<<<<< HEAD
12
26
58
23
76
93
91
90
82
104
118
129
115
33
41
62
=======
23
90
91
82
4
104
115
33
135
96
132
44
99
51
106
108
>>>>>>> 319e6a0dd838f4c011751a594e43cbefd1787a6a
