130
<<<<<<< HEAD
111
80
20
74
29
103
92
128
25
43
90
22
123
50
=======
103
29
128
92
50
22
42
105
24
>>>>>>> 319e6a0dd838f4c011751a594e43cbefd1787a6a
18
42
28
<<<<<<< HEAD
94
84
105
85
93
133
4
63
107
88
64
148
62
24
86
48
33
144
131
150
58
47
34
12
96
41
110
51
15
149
95
21
87
67
72
125
46
6
109
116
119
108
36
55
138
145
65
115
10
=======
148
20
94
85
67
47
63
58
62
12
33
110
95
21
96
145
45
87
55
60
100
99
120
89
88
35
115
133
125
15
123
57
83
17
38
73
3
48
43
26
104
71
108
49
44
41
86
144
149
72
119
13
14
36
109
138
101
7
46
19
>>>>>>> 319e6a0dd838f4c011751a594e43cbefd1787a6a
