38
2
110
104
35
51
71
92
139
<<<<<<< HEAD
16
149
67
53
76
60
106
141
33
52
126
111
112
148
97
62
130
131
146
10
87
125
=======
51
60
16
126
111
146
106
125
131
130
76
>>>>>>> 319e6a0dd838f4c011751a594e43cbefd1787a6a
26
113
134
132
84
<<<<<<< HEAD
=======
71
148
24
107
>>>>>>> 319e6a0dd838f4c011751a594e43cbefd1787a6a
5
127
52
34
<<<<<<< HEAD
114
73
41
29
30
55
137
13
117
37
50
14
144
63
27
47
31
121
103
118
24
129
44
9
=======
73
29
83
55
15
120
22
119
133
98
64
113
37
13
3
10
142
62
66
2
144
103
116
27
9
30
129
88
69
100
112
114
90
140
150
31
118
44
39
81
128
32
65
96
18
121
>>>>>>> 319e6a0dd838f4c011751a594e43cbefd1787a6a
