135
99
119
98
79
<<<<<<< HEAD
18
72
115
121
=======
>>>>>>> 319e6a0dd838f4c011751a594e43cbefd1787a6a
36
133
33
90
140
70
114
<<<<<<< HEAD
95
73
1
=======
140
95
73
>>>>>>> 319e6a0dd838f4c011751a594e43cbefd1787a6a
38
14
18
108
126
<<<<<<< HEAD
34
78
63
106
146
16
57
55
26
83
84
41
24
23
2
138
25
141
145
93
19
11
101
=======
2
57
26
31
41
129
138
139
65
141
94
1
88
87
>>>>>>> 319e6a0dd838f4c011751a594e43cbefd1787a6a
66
78
109
102
92
142
<<<<<<< HEAD
20
3
108
30
94
103
82
92
58
6
89
29
31
69
96
53
49
9
137
=======
3
93
105
16
11
42
23
30
40
117
148
104
6
100
46
82
103
50
131
89
29
19
76
58
136
74
12
17
49
134
9
137
27
75
>>>>>>> 319e6a0dd838f4c011751a594e43cbefd1787a6a
