<<<<<<< HEAD
57
103
5
61
96
23
121
32
82
40
=======
61
23
40
32
>>>>>>> 319e6a0dd838f4c011751a594e43cbefd1787a6a
58
9
80
75
<<<<<<< HEAD
11
118
46
38
16
29
28
80
111
67
66
74
33
89
72
54
53
105
42
97
43
31
51
56
30
81
15
83
114
8
88
39
116
4
78
86
100
95
113
115
60
71
84
63
14
68
69
87
=======
118
46
16
78
28
30
81
11
53
89
111
114
42
116
51
64
1
96
4
56
68
74
83
113
24
82
31
38
67
37
100
65
33
107
105
115
117
71
55
102
90
21
52
17
3
84
63
69
14
73
79
43
5
>>>>>>> 319e6a0dd838f4c011751a594e43cbefd1787a6a
