81
<<<<<<< HEAD
88
62
61
94
102
122
80
131
115
138
89
118
60
=======
102
62
88
122
80
89
115
118
>>>>>>> 319e6a0dd838f4c011751a594e43cbefd1787a6a
48
36
47
113
<<<<<<< HEAD
11
28
21
114
69
43
53
139
58
68
84
116
39
134
90
54
65
67
82
23
35
92
133
106
66
42
119
125
10
25
49
78
70
46
109
104
50
76
79
121
108
=======
131
43
54
125
53
58
116
23
22
78
123
35
92
28
106
79
65
119
141
5
7
72
2
110
108
70
12
39
114
66
61
142
100
76
25
13
10
57
38
6
127
112
31
128
111
77
>>>>>>> 319e6a0dd838f4c011751a594e43cbefd1787a6a
