<<<<<<< HEAD
21
1
2
3
4
39
143
121
80
123
117
122
49
26
56
78
27
145
120
135
50
33
60
5
6
61
81
118
148
62
104
82
144
147
7
150
79
8
9
10
124
140
11
18
12
83
13
19
14
136
149
115
20
15
23
16
25
139
138
17
22
24
28
29
30
31
146
32
119
71
111
=======
33
26
21
18
121
19
25
32
24
117
122
145
120
20
23
118
22
17
27
143
80
31
148
62
78
82
37
135
123
81
144
40
83
41
79
136
42
65
43
71
44
56
147
60
61
139
76
96
115
55
66
49
52
72
138
124
116
51
74
85
84
114
146
50
77
130
140
142
149
119
129
126
141
127
125
150
107
134
137
86
73
104
>>>>>>> 319e6a0dd838f4c011751a594e43cbefd1787a6a
