4
41
63
16
24
<<<<<<< HEAD
13
121
20
143
39
8
14
102
101
132
2
97
7
107
18
77
85
19
79
59
33
=======
39
85
107
99
79
118
57
>>>>>>> 319e6a0dd838f4c011751a594e43cbefd1787a6a
108
86
60
70
44
<<<<<<< HEAD
17
57
115
52
15
73
131
3
66
95
61
28
49
86
5
50
144
118
122
9
99
31
6
119
42
113
11
21
=======
115
52
121
66
78
49
50
42
104
77
144
98
122
105
112
83
33
119
82
75
29
41
61
101
11
141
25
120
48
91
73
59
97
117
95
113
106
21
31
12
20
96
10
62
64
17
13
>>>>>>> 319e6a0dd838f4c011751a594e43cbefd1787a6a
