35
<<<<<<< HEAD
135
20
62
30
105
88
59
2
46
17
74
115
106
98
124
43
37
129
39
85
95
28
31
56
94
104
36
55
33
47
92
138
32
71
63
49
78
114
52
75
100
91
127
3
110
61
112
67
101
109
5
107
29
70
99
53
97
133
18
16
12
79
9
40
119
118
126
73
134
140
137
=======
30
105
46
106
98
37
39
85
99
56
97
17
104
138
78
71
52
63
133
91
112
92
49
13
28
88
132
101
47
43
40
32
90
89
110
134
5
58
29
60
45
70
16
84
18
50
137
83
79
73
31
77
68
119
109
131
116
12
122
130
21
142
41
6
102
>>>>>>> 319e6a0dd838f4c011751a594e43cbefd1787a6a
