141
124
<<<<<<< HEAD
55
146
101
74
43
135
49
=======
73
146
49
67
101
>>>>>>> 319e6a0dd838f4c011751a594e43cbefd1787a6a
89
53
73
114
<<<<<<< HEAD
145
80
118
82
64
92
26
128
95
96
67
41
50
147
52
86
35
62
5
63
9
126
70
23
133
110
29
132
40
57
51
17
2
61
138
14
32
18
140
7
107
3
149
36
60
150
1
28
37
87
129
105
117
111
47
24
38
100
75
21
116
68
=======
80
82
128
26
90
96
86
62
138
126
110
15
9
40
36
133
60
51
134
61
92
103
117
14
83
136
31
50
6
52
32
145
57
35
16
69
18
147
95
23
33
7
140
100
17
111
129
74
24
150
58
87
68
1
3
38
37
75
116
142
91
105
98
79
88
81
>>>>>>> 319e6a0dd838f4c011751a594e43cbefd1787a6a
