22
53
8
<<<<<<< HEAD
43
32
36
148
147
34
24
97
82
50
73
101
115
40
74
14
98
72
135
150
6
51
68
10
12
11
13
66
137
20
1
25
64
141
65
17
109
35
9
=======
22
14
51
43
32
82
34
73
115
74
40
98
135
128
68
10
11
66
137
13
25
65
1
29
64
109
>>>>>>> 319e6a0dd838f4c011751a594e43cbefd1787a6a
126
38
30
107
<<<<<<< HEAD
117
127
23
77
71
16
27
90
100
=======
112
61
146
101
75
100
23
95
63
77
5
16
70
4
>>>>>>> 319e6a0dd838f4c011751a594e43cbefd1787a6a
48
145
60
78
124
111
5
139
<<<<<<< HEAD
39
4
146
21
70
=======
143
142
93
57
132
44
140
105
71
141
>>>>>>> 319e6a0dd838f4c011751a594e43cbefd1787a6a
