<<<<<<< HEAD
44
42
119
62
3
55
130
70
144
27
135
122
40
74
91
10
50
73
58
15
93
66
127
31
98
19
4
118
126
21
67
18
51
72
9
150
147
110
14
99
29
90
68
41
85
7
116
120
63
121
80
123
45
128
148
134
38
137
86
87
92
25
132
89
53
34
11
=======
119
62
130
3
144
55
27
126
74
73
127
4
118
67
134
86
18
91
15
34
99
29
14
90
41
85
52
54
148
93
121
110
25
16
46
43
79
149
81
51
72
59
10
135
48
77
92
87
30
132
45
143
22
9
89
123
82
63
128
1
117
146
31
76
5
138
136
37
20
78
>>>>>>> 319e6a0dd838f4c011751a594e43cbefd1787a6a
