80
120
141
20
64
11
<<<<<<< HEAD
119
41
93
95
86
89
15
72
73
116
133
135
149
115
6
=======
95
116
115
133
15
149
72
73
>>>>>>> 319e6a0dd838f4c011751a594e43cbefd1787a6a
98
19
117
43
<<<<<<< HEAD
12
124
42
114
101
27
109
136
60
65
24
45
50
=======
45
>>>>>>> 319e6a0dd838f4c011751a594e43cbefd1787a6a
126
58
134
76
19
148
<<<<<<< HEAD
68
91
46
81
138
28
110
31
70
57
=======
36
50
58
138
71
54
32
129
>>>>>>> 319e6a0dd838f4c011751a594e43cbefd1787a6a
84
66
40
110
2
41
12
14
<<<<<<< HEAD
140
71
10
56
94
146
17
49
106
85
61
36
4
=======
78
57
10
69
83
9
94
48
134
127
34
52
47
87
140
88
28
99
68
124
146
119
30
60
106
125
56
81
85
49
26
103
4
61
51
5
65
>>>>>>> 319e6a0dd838f4c011751a594e43cbefd1787a6a
