<<<<<<< HEAD
17
=======
>>>>>>> 319e6a0dd838f4c011751a594e43cbefd1787a6a
68
148
19
88
<<<<<<< HEAD
36
94
98
132
=======
69
19
40
17
>>>>>>> 319e6a0dd838f4c011751a594e43cbefd1787a6a
103
38
<<<<<<< HEAD
69
40
97
66
89
39
67
120
136
100
125
30
28
2
11
52
29
82
15
47
84
63
86
134
54
91
71
7
102
35
3
122
5
127
117
105
72
26
121
99
83
145
114
8
33
95
74
48
46
76
21
62
=======
2
136
97
100
30
28
8
133
127
71
7
99
91
115
98
122
137
3
77
132
72
50
39
52
84
54
14
124
29
128
47
41
125
55
11
36
114
74
86
26
61
135
10
46
25
62
111
76
34
33
32
107
15
139
>>>>>>> 319e6a0dd838f4c011751a594e43cbefd1787a6a
