<<<<<<< HEAD
42
9
1
46
123
130
80
41
101
18
50
113
62
135
90
64
52
47
34
69
51
142
15
128
105
147
61
11
121
36
146
127
88
=======
9
80
101
113
50
47
51
105
146
99
69
41
64
135
121
36
>>>>>>> 319e6a0dd838f4c011751a594e43cbefd1787a6a
28
93
137
125
<<<<<<< HEAD
94
33
84
67
89
148
99
96
3
139
4
133
48
60
116
27
39
131
2
7
43
12
79
106
117
6
143
35
55
20
=======
2
42
94
1
48
19
84
61
98
17
67
148
60
27
43
108
16
104
53
58
21
119
110
33
86
120
55
130
144
137
139
97
116
73
66
111
7
92
143
49
12
10
138
136
45
30
147
76
132
128
>>>>>>> 319e6a0dd838f4c011751a594e43cbefd1787a6a
