<<<<<<< HEAD
16
41
107
34
124
43
23
95
78
13
30
38
=======
41
95
16
13
>>>>>>> 319e6a0dd838f4c011751a594e43cbefd1787a6a
92
117
75
29
98
2
82
<<<<<<< HEAD
84
127
21
4
=======
107
66
38
>>>>>>> 319e6a0dd838f4c011751a594e43cbefd1787a6a
71
62
114
10
<<<<<<< HEAD
=======
4
127
>>>>>>> 319e6a0dd838f4c011751a594e43cbefd1787a6a
123
90
89
39
8
<<<<<<< HEAD
76
116
85
66
104
48
119
118
132
63
80
105
1
15
18
101
17
44
24
9
49
67
131
91
6
103
11
=======
75
49
84
48
77
117
63
17
15
105
131
24
31
62
26
46
76
30
78
33
87
47
9
120
101
119
126
27
83
18
42
>>>>>>> 319e6a0dd838f4c011751a594e43cbefd1787a6a
79
51
129
100
1
94
<<<<<<< HEAD
=======
132
11
64
6
116
122
96
37
58
3
69
56
43
>>>>>>> 319e6a0dd838f4c011751a594e43cbefd1787a6a
