<<<<<<< HEAD
92
=======
>>>>>>> 319e6a0dd838f4c011751a594e43cbefd1787a6a
91
137
110
<<<<<<< HEAD
124
20
11
72
29
6
138
103
52
96
141
42
83
109
134
28
74
19
113
58
95
148
126
117
24
59
139
34
30
136
77
37
119
128
71
108
101
81
26
116
5
142
60
14
143
21
150
132
121
66
62
115
3
22
15
=======
72
141
96
109
83
11
52
148
28
117
19
59
116
20
77
37
140
128
135
15
34
3
68
1
101
24
5
47
14
29
21
30
2
42
99
143
66
75
146
105
62
86
145
>>>>>>> 319e6a0dd838f4c011751a594e43cbefd1787a6a
48
102
26
23
53
108
74
150
95
16
67
123
115
85
80
107
<<<<<<< HEAD
68
9
39
=======
64
7
111
55
32
119
>>>>>>> 319e6a0dd838f4c011751a594e43cbefd1787a6a
