<<<<<<< HEAD
110
16
140
32
25
130
129
100
137
98
41
10
39
34
108
28
117
66
68
102
139
48
88
116
8
127
122
71
35
145
83
126
13
12
149
63
112
74
93
75
7
148
52
92
17
123
2
57
37
96
79
144
81
91
50
9
119
36
38
19
113
94
133
24
65
106
128
120
105
47
53
=======
130
140
129
66
139
100
116
117
127
83
63
126
10
39
25
13
16
109
48
12
52
7
145
74
97
142
122
17
108
105
57
96
149
21
86
80
93
91
50
73
106
84
144
14
123
112
20
36
119
134
137
113
150
133
1
76
128
114
26
94
45
64
42
33
43
24
53
120
125
5
146
103
>>>>>>> 319e6a0dd838f4c011751a594e43cbefd1787a6a
