<<<<<<< HEAD
76
100
73
99
40
1
41
2
64
3
65
4
5
63
98
66
6
74
9
75
101
67
62
8
7
10
11
12
13
14
68
92
91
15
50
42
61
16
43
37
36
17
18
19
69
34
96
51
52
53
60
20
=======
5
9
40
8
41
7
1
6
64
63
65
62
66
61
67
60
68
59
69
42
58
70
15
72
57
71
>>>>>>> 319e6a0dd838f4c011751a594e43cbefd1787a6a
21
22
73
23
<<<<<<< HEAD
70
24
72
54
55
59
95
71
56
57
26
27
28
89
58
35
25
90
97
=======
56
14
26
20
74
55
89
91
96
99
43
90
24
54
75
12
80
86
97
4
27
>>>>>>> 319e6a0dd838f4c011751a594e43cbefd1787a6a
30
95
98
92
33
<<<<<<< HEAD
80
86
29
94
=======
37
76
19
53
31
93
>>>>>>> 319e6a0dd838f4c011751a594e43cbefd1787a6a
39
28
13
36
25
94
29
32
<<<<<<< HEAD
44
31
47
38
46
81
93
48
=======
47
52
34
48
35
81
>>>>>>> 319e6a0dd838f4c011751a594e43cbefd1787a6a
49
51
38
87
<<<<<<< HEAD
83
77
78
79
88
=======
17
11
88
82
3
16
83
50
>>>>>>> 319e6a0dd838f4c011751a594e43cbefd1787a6a
84
10
18
2
85
<<<<<<< HEAD
=======
100
44
79
78
45
101
77
46
>>>>>>> 319e6a0dd838f4c011751a594e43cbefd1787a6a
