<<<<<<< HEAD
8
64
51
54
76
144
=======
64
76
144
8
>>>>>>> 319e6a0dd838f4c011751a594e43cbefd1787a6a
28
43
149
79
<<<<<<< HEAD
127
109
97
95
117
121
126
24
123
7
73
125
131
25
=======
121
126
7
73
123
125
149
>>>>>>> 319e6a0dd838f4c011751a594e43cbefd1787a6a
34
54
109
127
83
39
37
136
33
70
<<<<<<< HEAD
98
139
69
80
42
4
=======
131
42
120
>>>>>>> 319e6a0dd838f4c011751a594e43cbefd1787a6a
35
48
17
91
<<<<<<< HEAD
138
84
101
108
1
111
115
2
61
107
87
92
100
60
113
90
5
15
12
130
22
103
71
122
93
94
66
150
53
48
142
=======
1
4
49
67
2
41
32
44
62
116
147
3
14
61
92
110
60
105
5
26
128
71
106
150
63
20
23
36
38
19
31
9
111
146
66
138
122
136
45
15
59
90
94
142
137
56
95
12
134
>>>>>>> 319e6a0dd838f4c011751a594e43cbefd1787a6a
