76
<<<<<<< HEAD
62
100
=======
>>>>>>> 319e6a0dd838f4c011751a594e43cbefd1787a6a
92
103
83
9
31
38
116
<<<<<<< HEAD
102
64
42
54
110
111
43
80
55
78
120
89
93
65
21
101
69
84
52
112
97
68
77
73
49
16
75
91
41
85
50
39
58
114
22
14
70
115
19
24
=======
110
42
78
120
89
9
65
21
52
27
97
84
109
77
73
16
75
111
53
31
105
114
14
55
23
48
>>>>>>> 319e6a0dd838f4c011751a594e43cbefd1787a6a
86
87
15
18
33
<<<<<<< HEAD
56
27
98
63
60
107
88
=======
22
15
5
49
39
85
98
58
50
56
8
106
24
117
4
17
59
99
70
90
74
118
107
6
18
7
57
82
93
62
>>>>>>> 319e6a0dd838f4c011751a594e43cbefd1787a6a
