35
<<<<<<< HEAD
6
38
88
54
20
14
=======
>>>>>>> 319e6a0dd838f4c011751a594e43cbefd1787a6a
64
5
18
81
107
<<<<<<< HEAD
90
72
71
11
112
104
34
74
44
7
45
36
46
61
115
103
42
65
19
29
48
43
84
79
75
69
10
117
39
89
21
82
24
83
27
53
95
91
40
3
63
97
96
76
28
58
92
8
49
12
=======
104
46
72
45
103
117
115
82
48
19
74
21
69
24
27
91
40
28
112
3
101
63
99
10
80
18
59
58
65
22
105
54
73
43
90
111
95
13
44
39
114
52
85
83
78
67
50
49
4
30
33
87
47
113
51
23
16
84
>>>>>>> 319e6a0dd838f4c011751a594e43cbefd1787a6a
