<<<<<<< HEAD
77
1
28
14
10
24
34
64
21
57
81
22
25
40
89
5
67
52
144
83
13
73
142
149
126
87
95
3
68
104
49
124
134
148
63
140
54
46
127
85
65
44
26
19
38
66
62
86
58
60
41
114
15
139
23
100
7
117
4
17
111
39
33
150
118
106
84
105
6
143
47
=======
1
89
57
21
81
142
67
28
5
126
77
64
63
83
87
95
10
14
134
124
148
25
65
24
26
127
66
62
48
58
41
140
139
23
7
33
2
93
39
103
3
85
86
17
111
8
104
82
47
53
13
72
46
123
49
109
106
117
100
61
118
6
27
146
37
97
80
125
88
94
121
>>>>>>> 319e6a0dd838f4c011751a594e43cbefd1787a6a
