127
<<<<<<< HEAD
91
25
143
113
88
37
66
24
57
65
96
54
62
71
84
102
46
98
87
97
73
1
131
93
86
18
10
67
104
100
69
17
42
49
110
120
82
63
40
116
55
109
43
139
149
27
144
48
11
=======
143
88
66
24
65
62
84
86
131
18
37
67
100
69
93
46
42
49
29
98
77
113
142
112
40
1
43
114
11
124
72
95
136
68
111
144
73
>>>>>>> 319e6a0dd838f4c011751a594e43cbefd1787a6a
9
61
22
129
51
<<<<<<< HEAD
135
2
47
44
77
79
80
85
103
107
=======
116
140
64
2
34
97
33
70
56
22
44
103
57
141
3
>>>>>>> 319e6a0dd838f4c011751a594e43cbefd1787a6a
132
80
92
59
89
4
107
125
85
26
