47
15
<<<<<<< HEAD
120
115
7
99
89
25
60
73
37
78
56
110
81
43
87
10
55
95
101
34
130
=======
7
99
60
25
110
101
95
133
104
>>>>>>> 319e6a0dd838f4c011751a594e43cbefd1787a6a
27
83
53
139
104
61
<<<<<<< HEAD
91
21
4
62
133
74
42
45
28
20
13
106
105
54
26
140
3
36
71
114
1
96
70
118
132
98
66
121
63
52
57
69
50
6
102
11
116
32
72
=======
26
4
89
42
105
45
53
5
14
136
33
78
62
28
3
91
34
139
114
70
13
38
12
63
103
59
20
52
57
69
125
32
50
79
29
44
18
118
119
2
135
72
8
36
66
67
132
11
6
127
65
94
39
130
64
140
71
40
73
>>>>>>> 319e6a0dd838f4c011751a594e43cbefd1787a6a
