<<<<<<< HEAD
7
99
62
74
76
4
89
10
107
23
43
144
97
60
17
120
106
147
27
34
123
65
9
67
79
121
134
145
110
19
135
105
140
117
18
88
100
6
31
143
37
46
87
16
132
45
64
5
122
69
129
93
131
66
71
8
58
92
53
115
33
72
68
139
52
98
=======
76
89
4
62
10
107
23
97
106
99
43
79
17
134
147
123
65
67
120
144
121
145
98
110
56
18
37
16
53
6
64
140
150
8
47
35
131
75
24
19
58
71
113
82
146
109
129
115
118
141
111
5
29
93
46
132
36
72
122
55
83
136
52
2
137
133
25
68
15
92
34
>>>>>>> 319e6a0dd838f4c011751a594e43cbefd1787a6a
