45
<<<<<<< HEAD
118
122
129
83
71
124
51
91
90
=======
122
129
83
124
>>>>>>> 319e6a0dd838f4c011751a594e43cbefd1787a6a
92
74
33
<<<<<<< HEAD
13
126
59
88
4
36
120
60
135
116
37
107
50
144
127
61
78
8
128
44
82
93
141
94
81
139
68
104
138
75
26
143
25
87
69
11
6
57
38
96
=======
135
107
72
61
78
90
104
59
89
50
6
127
44
106
82
126
81
139
37
136
76
138
25
27
144
64
75
80
87
69
143
40
142
74
133
96
43
57
28
68
116
41
70
38
134
>>>>>>> 319e6a0dd838f4c011751a594e43cbefd1787a6a
5
72
142
79
86
115
<<<<<<< HEAD
24
27
85
17
=======
48
125
79
85
17
35
114
65
102
103
20
58
88
>>>>>>> 319e6a0dd838f4c011751a594e43cbefd1787a6a
