<<<<<<< HEAD
56
76
27
92
28
63
116
30
33
31
58
82
113
34
117
4
91
6
62
9
84
13
51
71
26
59
57
81
46
55
16
10
32
96
87
35
60
68
119
78
45
80
7
2
75
112
115
94
44
38
=======
76
63
33
58
82
6
31
62
35
4
59
86
9
71
10
46
116
27
34
96
111
81
108
110
56
57
55
119
3
78
84
17
7
2
91
47
75
79
13
68
45
87
115
90
94
50
44
>>>>>>> 319e6a0dd838f4c011751a594e43cbefd1787a6a
69
89
83
73
<<<<<<< HEAD
42
72
=======
48
42
>>>>>>> 319e6a0dd838f4c011751a594e43cbefd1787a6a
61
67
41
49
<<<<<<< HEAD
48
86
=======
72
38
18
95
114
26
>>>>>>> 319e6a0dd838f4c011751a594e43cbefd1787a6a
