104
79
<<<<<<< HEAD
113
52
86
85
46
129
9
108
123
149
45
90
37
64
93
3
41
150
76
25
56
44
50
5
77
99
83
119
105
36
136
78
67
23
69
144
137
106
33
148
21
14
29
84
107
61
73
140
40
22
10
1
122
55
66
138
58
95
127
24
60
34
145
116
19
117
=======
129
108
149
113
9
86
45
46
37
52
76
50
123
64
41
42
5
83
136
144
69
106
147
137
29
84
66
93
107
44
3
40
1
103
11
39
122
73
134
148
22
75
95
14
117
62
18
124
98
141
34
58
130
127
24
60
19
57
120
12
88
92
112
102
67
90
104
>>>>>>> 319e6a0dd838f4c011751a594e43cbefd1787a6a
