<<<<<<< HEAD
80
83
42
10
58
25
102
115
139
138
32
27
104
143
44
9
8
26
94
73
49
=======
42
58
25
143
80
46
27
102
9
87
73
>>>>>>> 319e6a0dd838f4c011751a594e43cbefd1787a6a
71
20
51
45
<<<<<<< HEAD
46
11
135
120
24
5
96
97
65
85
3
87
36
105
34
37
14
4
56
103
35
67
114
81
126
99
116
123
77
119
69
125
132
55
95
7
109
144
=======
65
135
57
94
5
85
11
136
83
8
70
86
47
123
130
119
69
4
59
138
128
68
26
103
39
14
67
142
89
147
120
125
72
97
77
34
40
41
53
21
7
55
95
19
105
33
100
106
109
144
134
31
145
104
>>>>>>> 319e6a0dd838f4c011751a594e43cbefd1787a6a
