114
<<<<<<< HEAD
97
42
47
35
71
113
98
80
28
58
60
101
6
81
121
123
3
17
37
117
44
76
54
120
57
33
102
4
68
74
48
5
72
110
82
69
13
41
30
86
94
93
11
112
106
25
63
108
9
49
14
26
40
88
73
32
85
=======
98
60
101
17
113
72
76
6
3
44
54
120
81
102
117
74
86
110
112
84
82
106
93
4
62
85
16
78
35
47
115
108
119
123
45
28
65
69
58
9
71
50
73
68
25
>>>>>>> 319e6a0dd838f4c011751a594e43cbefd1787a6a
27
33
97
121
11
55
<<<<<<< HEAD
119
70
=======
30
63
13
107
49
14
88
70
103
52
56
24
41
10
37
>>>>>>> 319e6a0dd838f4c011751a594e43cbefd1787a6a
