99
100
101
<<<<<<< HEAD
1
102
2
103
3
4
5
6
7
=======
102
103
>>>>>>> 319e6a0dd838f4c011751a594e43cbefd1787a6a
104
105
106
107
8
9
10
108
11
109
<<<<<<< HEAD
12
110
13
111
112
113
14
15
114
16
115
17
18
116
19
117
20
21
=======
110
111
112
113
114
115
116
117
>>>>>>> 319e6a0dd838f4c011751a594e43cbefd1787a6a
118
119
120
121
<<<<<<< HEAD
22
23
122
24
25
=======
122
>>>>>>> 319e6a0dd838f4c011751a594e43cbefd1787a6a
123
124
125
126
127
128
129
130
<<<<<<< HEAD
26
27
98
28
29
97
30
31
96
32
33
34
35
95
94
36
37
38
39
40
93
41
42
43
44
=======
98
97
96
95
94
93
>>>>>>> 319e6a0dd838f4c011751a594e43cbefd1787a6a
92
45
91
90
89
88
87
46
86
85
84
47
48
83
82
49
81
50
51
80
52
53
79
<<<<<<< HEAD
54
55
78
56
77
57
76
75
58
59
60
=======
78
77
76
75
>>>>>>> 319e6a0dd838f4c011751a594e43cbefd1787a6a
74
73
72
71
70
<<<<<<< HEAD
61
62
63
64
69
65
66
68
67
=======
69
68
67
66
65
64
63
62
61
60
59
58
57
56
55
54
53
52
51
50
49
48
47
46
45
44
43
42
41
40
39
38
37
36
35
34
33
32
31
30
29
28
27
26
25
24
23
22
21
20
19
18
17
16
15
14
13
12
11
10
9
8
7
6
5
4
3
2
1
>>>>>>> 319e6a0dd838f4c011751a594e43cbefd1787a6a
