<<<<<<< HEAD
55
129
14
92
140
3
34
21
150
135
73
7
146
121
=======
129
150
135
7
146
55
73
>>>>>>> 319e6a0dd838f4c011751a594e43cbefd1787a6a
128
65
5
66
<<<<<<< HEAD
38
137
114
132
46
70
72
50
29
78
91
=======
121
29
137
38
50
114
102
>>>>>>> 319e6a0dd838f4c011751a594e43cbefd1787a6a
12
60
102
62
101
56
<<<<<<< HEAD
127
115
131
95
113
63
36
143
24
25
116
104
86
43
136
19
48
130
141
59
89
15
35
81
105
149
82
40
41
120
112
37
54
118
47
=======
21
14
131
72
78
115
36
24
25
116
63
104
86
19
113
70
140
48
54
81
95
34
105
37
60
119
17
122
77
91
85
145
2
40
8
47
3
53
23
92
100
112
130
125
41
118
134
27
141
18
144
120
>>>>>>> 319e6a0dd838f4c011751a594e43cbefd1787a6a
