<<<<<<< HEAD
70
60
97
99
24
61
22
33
135
142
57
44
46
65
29
69
147
106
149
58
26
77
71
32
117
82
16
7
148
122
74
145
37
87
91
114
30
102
119
139
38
150
121
72
34
40
138
19
115
=======
60
147
97
114
57
46
44
50
99
29
69
32
71
7
61
22
53
37
24
31
87
39
8
19
6
65
72
77
34
16
63
28
38
70
67
>>>>>>> 319e6a0dd838f4c011751a594e43cbefd1787a6a
9
108
17
<<<<<<< HEAD
62
98
28
42
21
107
130
56
124
25
127
120
134
=======
40
30
26
20
82
83
73
62
74
21
42
96
56
25
14
68
66
86
92
43
76
33
106
>>>>>>> 319e6a0dd838f4c011751a594e43cbefd1787a6a
