<<<<<<< HEAD
88
5
35
6
124
16
83
2
54
132
20
118
122
12
60
87
107
47
28
39
77
19
9
112
30
100
49
117
130
84
134
=======
5
35
118
132
122
47
107
30
28
60
117
87
39
9
50
63
88
84
123
78
>>>>>>> 319e6a0dd838f4c011751a594e43cbefd1787a6a
48
3
52
27
<<<<<<< HEAD
32
125
63
41
113
18
66
64
135
26
57
62
73
24
21
50
14
37
1
4
120
11
55
131
70
17
53
=======
56
125
113
64
108
89
6
12
68
36
31
130
3
17
111
55
19
52
129
18
24
1
79
102
83
29
15
11
2
74
>>>>>>> 319e6a0dd838f4c011751a594e43cbefd1787a6a
33
100
45
<<<<<<< HEAD
=======
112
21
26
131
105
40
80
116
51
91
67
38
119
49
124
>>>>>>> 319e6a0dd838f4c011751a594e43cbefd1787a6a
