<<<<<<< HEAD
1
72
138
130
73
2
112
=======
72
138
73
>>>>>>> 319e6a0dd838f4c011751a594e43cbefd1787a6a
85
134
25
<<<<<<< HEAD
3
97
4
102
139
122
5
108
87
=======
87
130
74
37
86
60
134
139
>>>>>>> 319e6a0dd838f4c011751a594e43cbefd1787a6a
107
86
124
129
<<<<<<< HEAD
6
7
135
140
8
104
9
126
147
10
13
11
111
12
91
14
90
89
37
92
49
15
127
106
74
103
16
115
17
18
96
24
26
36
109
110
38
48
50
19
20
105
51
21
101
100
95
99
98
93
52
=======
104
126
135
147
140
128
111
91
108
131
102
90
144
92
145
89
103
106
143
96
149
110
93
105
150
109
88
95
94
101
99
100
97
98
142
84
141
148
146
137
136
133
132
83
80
82
127
79
81
125
78
123
119
49
124
122
>>>>>>> 319e6a0dd838f4c011751a594e43cbefd1787a6a
