6
61
<<<<<<< HEAD
104
120
117
7
132
2
=======
120
>>>>>>> 319e6a0dd838f4c011751a594e43cbefd1787a6a
136
35
22
<<<<<<< HEAD
137
87
34
79
20
110
89
32
67
124
83
138
13
99
130
84
101
108
21
75
96
42
93
33
111
119
66
23
50
57
28
78
56
47
134
9
70
29
72
71
39
131
43
4
109
19
51
54
100
5
128
14
=======
87
34
67
130
89
108
42
13
75
101
23
111
128
7
21
99
78
14
28
110
60
138
93
31
29
40
72
137
104
81
56
68
115
96
53
84
47
134
124
4
27
129
132
131
116
57
19
114
39
50
70
52
71
62
36
109
63
113
54
5
16
49
38
48
>>>>>>> 319e6a0dd838f4c011751a594e43cbefd1787a6a
