56
146
87
61
116
14
54
19
114
53
96
37
81
<<<<<<< HEAD
112
118
41
86
99
13
27
71
115
126
74
80
138
125
143
117
70
135
113
132
83
142
55
133
29
78
137
92
2
131
140
90
73
50
25
6
103
127
36
95
75
93
18
139
48
17
85
147
136
148
65
=======
41
56
125
86
13
116
2
80
70
117
37
105
97
92
115
137
23
149
131
33
71
50
94
90
99
25
63
51
114
6
95
118
121
75
140
10
55
45
35
18
78
127
139
120
103
7
96
36
17
106
122
54
107
136
48
>>>>>>> 319e6a0dd838f4c011751a594e43cbefd1787a6a
108
109
9
8
128
85
144
5
147
129
1
134
102
27
83
19
