<<<<<<< HEAD
139
22
35
52
58
98
53
96
9
111
93
76
150
136
12
148
95
132
31
72
=======
22
98
52
96
9
53
93
76
95
31
>>>>>>> 319e6a0dd838f4c011751a594e43cbefd1787a6a
67
60
110
27
29
<<<<<<< HEAD
73
133
80
121
87
83
11
37
112
24
138
99
74
30
4
91
129
2
124
23
125
62
108
=======
129
110
58
133
5
83
35
45
121
64
24
74
4
111
2
>>>>>>> 319e6a0dd838f4c011751a594e43cbefd1787a6a
1
99
18
37
137
<<<<<<< HEAD
13
28
49
36
142
63
97
16
7
109
130
68
61
59
5
107
42
70
122
=======
30
60
28
91
112
73
49
36
44
12
63
92
138
134
16
90
42
10
68
39
125
124
122
109
19
61
65
143
123
59
127
70
21
128
142
72
23
>>>>>>> 319e6a0dd838f4c011751a594e43cbefd1787a6a
