<<<<<<< HEAD
5
25
41
=======
>>>>>>> 319e6a0dd838f4c011751a594e43cbefd1787a6a
73
135
9
120
111
<<<<<<< HEAD
132
26
138
128
143
11
=======
5
132
>>>>>>> 319e6a0dd838f4c011751a594e43cbefd1787a6a
147
140
43
<<<<<<< HEAD
49
129
19
101
98
110
104
14
4
36
122
46
134
88
144
77
61
20
95
114
42
65
123
13
32
68
64
81
78
137
119
97
16
18
146
24
58
107
103
56
6
45
90
79
40
93
126
94
44
127
=======
138
140
14
128
49
122
4
19
77
101
144
11
20
114
95
78
65
141
24
93
70
137
127
23
120
58
42
25
121
107
146
133
3
38
45
94
46
6
105
74
32
69
115
53
56
110
28
100
22
118
44
37
34
>>>>>>> 319e6a0dd838f4c011751a594e43cbefd1787a6a
7
47
1
89
<<<<<<< HEAD
37
39
47
=======
40
39
126
72
55
12
130
68
>>>>>>> 319e6a0dd838f4c011751a594e43cbefd1787a6a
