<<<<<<< HEAD
134
126
79
140
32
1
=======
100
1
106
68
>>>>>>> 319e6a0dd838f4c011751a594e43cbefd1787a6a
26
100
106
68
71
<<<<<<< HEAD
118
150
13
130
47
143
145
123
43
104
108
3
99
125
31
127
121
48
38
53
77
94
81
131
8
142
45
128
93
129
146
110
122
58
27
22
87
144
2
14
42
95
133
116
148
89
105
75
17
65
136
137
28
33
141
92
96
50
139
46
18
=======
13
104
130
47
123
129
3
94
145
43
38
81
22
131
2
77
143
142
93
18
58
108
146
125
133
78
110
99
122
53
62
87
52
88
85
59
121
117
140
31
14
95
148
144
69
30
17
37
63
112
49
15
33
54
35
111
39
102
98
20
>>>>>>> 319e6a0dd838f4c011751a594e43cbefd1787a6a
