<<<<<<< HEAD
25
114
33
35
21
92
122
58
73
98
55
102
104
23
7
76
133
100
86
17
41
150
149
13
112
148
=======
35
92
122
98
73
55
25
104
7
133
86
76
17
>>>>>>> 319e6a0dd838f4c011751a594e43cbefd1787a6a
82
13
38
<<<<<<< HEAD
130
53
87
134
40
129
12
93
110
45
50
10
56
74
117
1
96
69
15
95
135
89
124
34
61
54
26
132
88
49
70
11
121
60
39
115
125
101
141
97
144
66
142
85
31
=======
87
134
40
12
93
45
29
129
111
14
56
130
96
3
102
69
95
115
135
89
142
10
100
26
112
132
24
70
60
123
141
147
148
150
34
109
49
88
1
50
11
39
144
106
15
81
79
91
66
85
2
84
126
8
149
>>>>>>> 319e6a0dd838f4c011751a594e43cbefd1787a6a
