16
62
<<<<<<< HEAD
129
119
123
114
90
3
74
125
29
60
40
122
22
77
19
101
4
93
105
67
64
69
28
32
24
72
112
82
126
15
118
85
70
84
130
45
=======
16
129
123
29
125
3
40
19
32
77
72
103
112
82
126
28
85
>>>>>>> 319e6a0dd838f4c011751a594e43cbefd1787a6a
104
91
18
<<<<<<< HEAD
33
53
21
8
7
68
50
34
109
14
102
107
91
27
26
135
65
138
132
76
12
103
47
124
116
9
=======
84
21
68
114
122
83
130
57
115
64
98
105
14
44
1
107
102
35
27
5
135
46
73
87
101
49
138
50
34
95
128
26
116
59
124
43
131
52
140
39
>>>>>>> 319e6a0dd838f4c011751a594e43cbefd1787a6a
