<<<<<<< HEAD
43
17
93
16
33
64
124
73
=======
16
64
>>>>>>> 319e6a0dd838f4c011751a594e43cbefd1787a6a
26
33
119
<<<<<<< HEAD
49
91
38
66
146
144
39
120
90
82
88
107
18
133
97
41
116
11
29
99
105
24
5
121
47
85
50
56
87
148
13
112
72
101
46
31
57
98
20
140
77
68
95
149
21
35
104
92
78
45
109
130
129
=======
146
120
18
116
88
148
5
99
47
87
97
115
91
31
63
61
72
23
98
145
83
105
77
53
42
142
7
149
51
21
76
56
140
35
138
75
121
141
12
65
112
45
43
85
124
13
104
134
71
20
130
28
80
129
8
100
15
81
34
48
68
107
>>>>>>> 319e6a0dd838f4c011751a594e43cbefd1787a6a
