<<<<<<< HEAD
39
140
76
74
40
82
4
129
25
30
38
11
84
113
9
1
19
101
136
13
80
142
54
45
107
17
66
48
132
57
63
105
46
90
133
99
69
75
124
89
29
62
146
144
102
35
110
7
117
16
14
32
10
21
95
96
122
103
37
67
78
18
85
134
24
120
88
87
72
50
=======
30
84
90
4
57
62
136
21
80
142
54
67
17
48
132
102
63
124
78
46
94
18
38
39
139
112
96
122
12
143
146
144
104
110
7
117
32
16
14
130
138
95
88
145
70
74
37
103
50
113
47
126
9
134
41
11
29
1
127
43
81
85
87
20
10
72
24
15
93
128
44
65
115
64
26
>>>>>>> 319e6a0dd838f4c011751a594e43cbefd1787a6a
