<<<<<<< HEAD
54
58
18
143
87
106
48
104
135
49
150
117
102
114
10
61
133
71
136
69
30
38
7
=======
18
48
135
49
117
102
61
71
136
69
>>>>>>> 319e6a0dd838f4c011751a594e43cbefd1787a6a
42
65
8
<<<<<<< HEAD
126
21
32
39
140
145
=======
145
85
101
>>>>>>> 319e6a0dd838f4c011751a594e43cbefd1787a6a
24
32
109
<<<<<<< HEAD
13
=======
150
>>>>>>> 319e6a0dd838f4c011751a594e43cbefd1787a6a
137
81
119
47
<<<<<<< HEAD
75
40
91
28
25
5
29
85
103
125
56
4
99
86
80
122
44
94
1
128
74
101
51
=======
52
128
91
22
125
114
149
36
144
99
41
30
33
86
130
106
28
110
53
1
13
10
80
56
63
70
92
89
94
21
88
142
78
108
146
57
105
64
74
16
121
147
46
50
27
>>>>>>> 319e6a0dd838f4c011751a594e43cbefd1787a6a
