105
126
132
27
25
147
<<<<<<< HEAD
43
45
34
145
80
69
146
70
93
143
22
77
95
82
8
89
66
36
136
58
81
116
114
113
18
63
15
67
106
109
130
98
12
121
124
111
135
117
140
75
74
107
141
29
24
19
2
128
139
100
46
44
131
56
=======
93
70
22
34
43
63
146
136
72
121
98
40
143
56
131
76
65
15
31
30
135
113
48
119
29
74
5
117
80
4
141
95
62
111
133
24
89
82
99
60
75
92
68
61
71
44
104
108
78
116
130
2
55
120
81
46
144
16
28
1
148
14
90
64
10
51
112
110
73
140
>>>>>>> 319e6a0dd838f4c011751a594e43cbefd1787a6a
