81
<<<<<<< HEAD
23
43
86
4
78
115
126
6
118
53
13
5
54
129
138
44
112
30
128
116
42
85
72
130
142
108
76
139
17
10
63
35
68
150
18
48
21
94
19
106
27
98
147
117
121
100
25
40
71
62
107
11
15
119
34
135
84
133
149
87
91
143
47
14
46
123
12
=======
78
115
53
129
138
72
13
19
5
44
27
112
76
68
100
118
17
123
98
88
10
21
94
79
12
39
54
147
119
25
89
71
132
61
6
142
11
107
87
48
99
4
128
82
30
34
31
143
109
106
117
15
122
18
148
14
7
67
56
75
96
70
36
2
144
103
137
26
145
74
63
>>>>>>> 319e6a0dd838f4c011751a594e43cbefd1787a6a
