<<<<<<< HEAD
134
111
12
64
142
=======
111
142
64
>>>>>>> 319e6a0dd838f4c011751a594e43cbefd1787a6a
150
29
74
28
<<<<<<< HEAD
52
34
31
17
4
22
39
44
132
98
118
84
140
137
108
96
133
146
47
88
19
=======
98
118
140
133
108
17
88
38
83
>>>>>>> 319e6a0dd838f4c011751a594e43cbefd1787a6a
20
38
71
<<<<<<< HEAD
48
67
16
49
50
46
33
63
5
101
76
7
97
8
83
90
141
57
91
41
21
66
93
125
113
65
42
143
35
=======
67
66
33
19
130
42
76
109
7
13
73
91
84
29
63
30
11
22
134
135
43
57
131
32
78
25
26
146
100
101
34
103
4
47
124
132
112
141
21
97
90
143
70
113
122
149
59
114
125
>>>>>>> 319e6a0dd838f4c011751a594e43cbefd1787a6a
