<<<<<<< HEAD
7
62
96
34
54
92
98
105
60
145
149
16
70
75
115
118
42
129
5
144
36
95
93
122
69
90
32
49
120
63
74
61
31
89
78
17
108
67
12
141
76
72
9
139
116
29
55
53
114
14
112
132
134
13
19
77
23
131
143
138
124
85
35
=======
105
54
92
98
34
7
70
16
118
63
36
31
95
149
120
108
78
90
67
144
141
68
89
76
72
41
116
29
55
82
14
1
2
79
42
103
112
111
134
38
124
148
13
101
60
23
114
19
47
94
85
53
28
59
58
135
113
52
37
83
10
27
80
147
129
139
17
77
73
18
102
6
>>>>>>> 319e6a0dd838f4c011751a594e43cbefd1787a6a
57
131
48
<<<<<<< HEAD
102
41
=======
106
50
24
110
56
138
>>>>>>> 319e6a0dd838f4c011751a594e43cbefd1787a6a
