33
<<<<<<< HEAD
61
102
24
136
30
42
123
82
18
63
28
26
76
36
89
131
4
=======
24
82
61
89
18
36
131
136
>>>>>>> 319e6a0dd838f4c011751a594e43cbefd1787a6a
124
77
71
<<<<<<< HEAD
43
70
68
110
104
79
66
84
108
45
83
55
2
127
13
78
99
20
98
52
62
101
122
15
=======
28
75
110
83
84
128
55
52
127
123
79
47
54
120
8
14
73
108
15
139
102
121
53
37
109
85
45
78
50
6
>>>>>>> 319e6a0dd838f4c011751a594e43cbefd1787a6a
111
30
72
103
<<<<<<< HEAD
80
31
14
75
119
27
120
64
40
112
88
29
47
10
=======
31
46
22
27
13
92
138
20
81
87
17
58
60
119
51
112
88
29
140
65
>>>>>>> 319e6a0dd838f4c011751a594e43cbefd1787a6a
