17
<<<<<<< HEAD
58
133
19
47
125
8
54
141
55
89
132
60
78
135
87
71
118
20
36
126
106
145
32
22
39
136
109
127
49
142
3
34
57
69
114
129
116
130
100
76
2
107
9
81
14
95
25
138
104
26
80
86
43
97
27
51
144
24
108
110
77
140
121
137
16
48
72
33
70
91
=======
133
19
125
89
132
126
127
142
32
135
69
58
34
87
57
141
106
54
107
114
76
51
36
116
100
22
25
72
16
21
55
82
104
78
2
118
80
30
26
139
121
75
86
43
49
102
110
124
140
27
137
50
144
128
9
138
24
99
5
68
48
90
45
91
143
>>>>>>> 319e6a0dd838f4c011751a594e43cbefd1787a6a
