<<<<<<< HEAD
36
34
122
30
85
81
87
76
53
29
141
113
27
58
146
3
132
95
15
145
37
90
57
8
89
112
114
108
45
129
80
47
123
39
23
97
44
110
117
4
11
31
33
130
67
94
60
125
109
2
56
49
61
16
71
136
115
35
91
68
150
92
54
137
5
55
107
104
24
=======
85
81
34
122
27
3
53
95
145
90
146
57
132
8
36
141
80
44
15
39
117
123
76
89
33
94
148
46
49
23
25
112
61
70
97
55
37
109
29
91
103
66
79
2
22
143
149
119
87
5
129
11
4
125
31
147
43
54
77
71
92
150
38
1
134
88
101
40
83
13
>>>>>>> 319e6a0dd838f4c011751a594e43cbefd1787a6a
