14
70
1
84
<<<<<<< HEAD
78
114
140
2
90
107
26
133
3
34
4
87
=======
90
107
133
>>>>>>> 319e6a0dd838f4c011751a594e43cbefd1787a6a
135
75
5
138
147
6
71
117
8
13
27
10
31
36
91
57
64
<<<<<<< HEAD
12
=======
>>>>>>> 319e6a0dd838f4c011751a594e43cbefd1787a6a
89
110
143
<<<<<<< HEAD
136
52
74
15
44
100
20
103
66
16
121
67
17
141
61
112
144
145
60
21
25
=======
44
52
74
100
103
121
141
144
145
1
>>>>>>> 319e6a0dd838f4c011751a594e43cbefd1787a6a
49
51
50
<<<<<<< HEAD
77
35
125
54
62
79
39
42
80
83
85
137
104
118
48
109
7
120
55
146
124
116
38
93
73
65
150
18
29
46
122
81
88
96
40
97
37
119
59
128
45
148
134
58
130
72
115
28
102
139
142
47
43
132
32
33
11
98
111
95
86
127
9
69
92
19
53
99
=======
51
54
79
80
83
85
118
62
81
93
97
104
116
128
16
21
28
43
48
58
120
124
6
17
33
98
111
150
2
86
88
149
42
55
95
45
119
35
47
115
146
73
5
39
72
148
46
134
142
139
25
92
19
>>>>>>> 319e6a0dd838f4c011751a594e43cbefd1787a6a
23
94
22
149
126
68
76
129
<<<<<<< HEAD
82
56
123
113
24
131
101
41
108
30
106
63
105
=======
15
123
8
131
24
108
41
53
12
105
63
10
30
106
113
101
99
56
130
4
132
82
69
102
22
9
127
96
59
32
38
94
65
3
11
78
40
117
37
137
29
18
122
109
60
20
26
114
125
71
7
87
77
112
91
75
66
61
34
140
67
>>>>>>> 319e6a0dd838f4c011751a594e43cbefd1787a6a
