87
143
<<<<<<< HEAD
24
126
31
38
39
45
=======
>>>>>>> 319e6a0dd838f4c011751a594e43cbefd1787a6a
46
97
57
102
30
<<<<<<< HEAD
135
17
86
132
115
118
50
133
104
53
120
64
40
65
88
76
54
51
25
92
14
8
34
116
83
122
49
111
33
71
19
73
28
58
12
100
108
146
66
21
79
23
94
9
3
44
15
43
93
98
52
128
13
42
137
=======
31
57
122
24
86
40
65
118
111
49
88
39
108
51
100
116
25
79
71
132
43
15
58
91
21
87
60
83
101
146
92
3
38
19
98
115
20
145
54
97
14
139
137
128
133
45
104
23
67
93
119
110
150
66
73
62
4
42
13
140
59
77
89
107
99
>>>>>>> 319e6a0dd838f4c011751a594e43cbefd1787a6a
