<<<<<<< HEAD
52
3
72
21
39
46
111
1
92
62
33
81
16
43
99
32
108
15
18
59
106
64
42
74
4
67
55
56
28
20
48
8
6
70
88
14
69
53
112
75
80
89
30
60
23
27
38
97
36
84
76
78
54
96
=======
3
72
111
81
64
62
42
67
28
53
108
20
8
43
6
70
33
89
54
61
14
91
75
112
4
59
80
79
55
39
2
92
18
48
1
84
88
16
38
76
78
36
47
41
103
82
51
57
25
>>>>>>> 319e6a0dd838f4c011751a594e43cbefd1787a6a
63
61
17
<<<<<<< HEAD
101
47
82
109
94
87
19
49
110
=======
23
13
24
109
40
65
110
19
93
31
26
104
34
83
66
>>>>>>> 319e6a0dd838f4c011751a594e43cbefd1787a6a
