89
<<<<<<< HEAD
67
81
47
90
106
59
42
13
27
110
123
126
104
79
76
119
69
133
24
114
91
88
19
61
100
143
84
29
55
2
48
60
116
137
74
105
150
73
141
118
7
86
103
51
115
127
92
130
41
32
25
132
40
134
12
21
49
140
138
131
121
112
145
35
78
128
45
46
8
10
82
=======
27
79
76
119
13
69
104
19
123
88
61
29
115
133
100
24
73
141
137
143
145
41
90
128
86
106
127
107
82
32
40
2
134
12
103
110
142
114
35
116
146
51
131
91
136
80
48
66
8
25
70
36
135
124
33
18
37
15
121
5
94
108
20
87
83
43
53
118
>>>>>>> 319e6a0dd838f4c011751a594e43cbefd1787a6a
