9
<<<<<<< HEAD
66
90
7
16
135
67
119
76
42
29
5
32
118
25
139
31
148
57
49
146
14
147
73
19
92
82
124
52
126
123
45
17
8
3
60
138
70
33
59
140
99
20
39
15
84
127
122
61
86
6
64
94
58
78
102
28
63
88
96
120
55
2
35
50
74
111
83
=======
16
119
135
76
118
31
148
8
49
92
52
48
88
147
85
7
124
17
14
10
138
35
99
116
33
146
39
139
149
84
1
82
127
61
106
6
64
103
126
40
15
73
58
90
140
28
55
96
122
145
25
45
120
114
32
18
91
41
78
111
83
110
131
44
144
60
19
>>>>>>> 319e6a0dd838f4c011751a594e43cbefd1787a6a
