<<<<<<< HEAD
69
144
96
67
65
100
116
126
13
62
27
4
=======
96
126
144
>>>>>>> 319e6a0dd838f4c011751a594e43cbefd1787a6a
35
116
18
<<<<<<< HEAD
64
113
1
125
110
30
138
118
130
53
75
=======
113
30
>>>>>>> 319e6a0dd838f4c011751a594e43cbefd1787a6a
11
80
125
130
118
110
2
<<<<<<< HEAD
58
66
149
82
23
148
99
93
81
131
45
48
136
12
135
50
39
16
101
68
91
59
61
51
44
88
32
123
37
70
54
129
5
74
97
28
102
49
117
111
142
78
=======
23
37
131
93
4
62
88
136
19
24
65
27
16
98
101
42
61
49
34
91
79
81
9
108
104
105
25
70
1
117
89
48
142
97
78
74
54
128
148
135
137
55
107
83
63
111
102
77
3
56
10
127
86
94
134
72
22
13
>>>>>>> 319e6a0dd838f4c011751a594e43cbefd1787a6a
