<<<<<<< HEAD
14
=======
>>>>>>> 319e6a0dd838f4c011751a594e43cbefd1787a6a
87
121
70
6
<<<<<<< HEAD
42
98
143
43
38
93
125
131
74
117
52
149
=======
43
125
117
52
>>>>>>> 319e6a0dd838f4c011751a594e43cbefd1787a6a
137
22
54
11
30
<<<<<<< HEAD
5
80
53
124
94
15
113
45
127
142
103
51
78
122
96
120
101
105
23
115
2
134
28
109
140
82
62
18
60
39
84
133
=======
142
51
23
15
78
5
45
122
134
120
127
28
109
124
140
113
39
>>>>>>> 319e6a0dd838f4c011751a594e43cbefd1787a6a
106
2
138
89
<<<<<<< HEAD
47
55
118
116
102
132
126
86
59
68
8
91
72
138
61
49
144
=======
69
67
98
38
102
63
60
96
44
116
34
91
55
132
75
84
139
82
105
86
49
145
112
119
95
47
53
94
115
18
62
149
123
8
59
68
24
11
100
27
32
64
13
126
>>>>>>> 319e6a0dd838f4c011751a594e43cbefd1787a6a
