<<<<<<< HEAD
1
3
2
4
5
139
53
140
6
7
54
129
130
8
13
14
9
15
55
56
143
10
16
11
17
12
18
144
57
145
23
19
20
146
21
24
58
22
147
25
148
43
44
45
26
46
47
149
150
133
48
27
134
33
28
135
29
34
136
35
36
37
38
30
39
=======
53
54
55
56
57
58
43
44
45
46
47
48
139
140
129
130
33
34
35
36
37
38
119
120
103
104
105
106
107
108
109
110
93
94
95
96
97
98
99
100
83
84
85
86
87
88
89
90
113
114
115
116
117
118
123
124
125
126
127
128
73
74
75
76
77
78
79
80
133
134
135
136
>>>>>>> 319e6a0dd838f4c011751a594e43cbefd1787a6a
137
40
49
138
<<<<<<< HEAD
31
119
120
123
103
104
32
41
50
124
105
106
125
107
42
59
108
126
127
51
52
60
109
128
61
63
62
64
=======
143
144
145
146
147
148
149
150
23
24
25
26
27
28
63
64
65
66
67
68
69
70
59
60
13
14
15
16
17
18
49
50
39
40
142
132
122
112
102
29
30
92
82
3
4
5
6
7
8
19
>>>>>>> 319e6a0dd838f4c011751a594e43cbefd1787a6a
