<<<<<<< HEAD
130
111
125
146
119
92
87
76
82
67
61
6
127
132
31
=======
125
119
76
132
146
>>>>>>> 319e6a0dd838f4c011751a594e43cbefd1787a6a
89
19
24
96
<<<<<<< HEAD
27
97
56
103
29
43
90
44
144
37
53
149
145
117
85
64
115
126
131
75
77
1
128
74
99
28
93
136
=======
56
44
117
43
24
6
144
149
126
85
53
115
37
105
2
4
64
131
5
65
1
128
87
99
78
112
93
>>>>>>> 319e6a0dd838f4c011751a594e43cbefd1787a6a
80
130
31
114
<<<<<<< HEAD
68
137
141
49
58
21
134
101
48
4
34
26
129
102
147
9
51
7
=======
15
141
27
90
11
94
14
47
77
134
110
46
38
33
98
147
36
66
58
63
34
8
7
75
17
22
118
82
>>>>>>> 319e6a0dd838f4c011751a594e43cbefd1787a6a
