<<<<<<< HEAD
133
57
46
4
104
63
92
97
61
114
80
87
52
113
101
23
43
69
29
79
40
44
130
85
119
49
36
103
7
67
102
42
2
14
22
127
86
131
109
47
68
5
30
18
83
51
8
105
122
15
32
65
90
134
34
123
6
31
84
10
25
74
45
9
55
116
50
72
107
111
17
112
94
124
110
88
56
126
58
21
54
129
27
121
62
64
93
60
99
37
125
11
75
77
98
118
1
108
117
82
91
3
=======
92
63
80
57
101
69
79
85
40
29
7
44
52
103
31
43
42
2
104
5
87
30
133
46
18
23
127
134
10
90
65
34
119
122
45
74
54
75
131
72
25
22
111
109
126
67
12
14
13
97
51
124
62
123
116
94
49
110
1
58
56
50
17
112
4
9
32
107
129
21
27
60
53
88
68
64
99
11
77
98
125
108
81
78
41
96
117
82
38
115
>>>>>>> 319e6a0dd838f4c011751a594e43cbefd1787a6a
132
12
24
19
35
<<<<<<< HEAD
41
115
71
100
38
96
95
53
39
73
33
13
=======
16
89
66
24
100
70
91
120
37
93
135
105
26
106
128
73
118
20
95
48
33
59
3
83
>>>>>>> 319e6a0dd838f4c011751a594e43cbefd1787a6a
