<<<<<<< HEAD
9
56
26
106
90
83
45
137
27
69
100
1
53
42
=======
137
45
29
1
27
>>>>>>> 319e6a0dd838f4c011751a594e43cbefd1787a6a
99
63
92
12
105
111
<<<<<<< HEAD
132
110
48
102
30
4
6
35
11
71
97
18
31
29
128
54
65
93
77
61
66
82
126
3
58
140
130
24
143
142
81
95
117
136
51
124
46
76
104
89
38
123
70
122
14
113
125
36
108
131
=======
18
110
97
48
11
128
77
9
113
56
122
47
132
53
82
39
42
6
130
81
66
117
35
69
2
60
24
136
41
87
64
112
46
54
38
100
51
142
19
126
104
123
129
143
3
141
14
125
108
36
131
140
23
114
57
4
61
>>>>>>> 319e6a0dd838f4c011751a594e43cbefd1787a6a
