<<<<<<< HEAD
46
140
55
22
6
61
99
=======
140
6
99
27
>>>>>>> 319e6a0dd838f4c011751a594e43cbefd1787a6a
26
27
59
<<<<<<< HEAD
84
146
97
37
128
117
114
139
63
62
141
108
4
66
105
71
136
20
80
60
50
75
132
10
64
13
30
106
24
119
82
126
131
137
19
124
87
36
52
109
83
93
107
130
88
76
111
9
121
40
57
120
34
86
90
=======
97
37
128
114
141
61
105
71
80
108
88
22
50
46
132
10
64
135
134
107
20
24
63
136
124
62
87
36
84
52
109
72
60
51
78
74
38
1
122
101
130
43
13
19
76
126
2
68
121
34
86
31
67
120
90
144
125
42
>>>>>>> 319e6a0dd838f4c011751a594e43cbefd1787a6a
