140
<<<<<<< HEAD
114
3
78
70
50
12
113
121
126
124
76
27
72
42
66
92
56
122
58
80
60
25
131
143
64
149
59
120
65
69
34
8
74
67
96
21
68
77
118
116
89
31
38
28
119
53
15
129
33
1
139
97
40
32
87
22
49
115
123
48
104
24
112
52
54
=======
12
126
120
124
76
60
42
92
3
70
56
25
89
146
143
8
68
21
116
65
113
114
51
58
28
77
104
115
123
129
98
106
50
141
138
96
31
6
82
122
22
44
139
34
40
35
48
130
11
149
84
119
121
27
33
112
32
23
24
29
45
142
101
37
55
71
26
107
69
>>>>>>> 319e6a0dd838f4c011751a594e43cbefd1787a6a
