<<<<<<< HEAD
117
42
98
64
139
3
141
77
=======
42
3
82
92
>>>>>>> 319e6a0dd838f4c011751a594e43cbefd1787a6a
85
33
23
<<<<<<< HEAD
71
82
92
144
39
90
18
126
143
73
14
93
99
104
=======
141
33
90
104
18
143
43
14
99
93
>>>>>>> 319e6a0dd838f4c011751a594e43cbefd1787a6a
115
29
1
28
30
<<<<<<< HEAD
36
63
91
133
43
132
=======
11
132
103
118
36
28
21
7
>>>>>>> 319e6a0dd838f4c011751a594e43cbefd1787a6a
81
77
17
<<<<<<< HEAD
38
76
129
118
142
11
125
45
69
74
37
24
83
41
56
86
121
60
52
137
109
2
131
146
103
44
34
68
84
=======
80
107
48
126
129
69
76
59
37
41
24
64
116
137
102
119
31
63
58
1
66
79
145
113
52
44
60
135
32
8
147
56
101
109
71
29
>>>>>>> 319e6a0dd838f4c011751a594e43cbefd1787a6a
