<<<<<<< HEAD
10
132
2
142
3
93
4
5
40
86
6
7
8
118
26
59
18
20
130
133
9
38
49
101
42
70
90
114
139
145
25
23
1
48
76
24
14
95
129
27
62
69
29
73
97
50
74
75
131
108
30
146
150
106
83
36
138
99
125
11
65
34
47
89
56
63
107
120
110
58
71
37
46
123
=======
40
2
86
59
26
133
118
18
130
70
38
145
23
114
76
90
24
14
132
93
27
74
108
30
83
135
110
60
42
34
16
129
123
95
120
61
69
43
134
48
36
125
55
150
21
11
96
142
92
148
80
102
29
20
138
56
71
58
37
127
32
131
65
107
47
100
63
104
115
109
98
>>>>>>> 319e6a0dd838f4c011751a594e43cbefd1787a6a
