<<<<<<< HEAD
41
149
=======
>>>>>>> 319e6a0dd838f4c011751a594e43cbefd1787a6a
73
11
63
<<<<<<< HEAD
12
130
23
121
15
5
108
126
141
36
18
81
65
124
71
50
76
3
111
60
146
45
79
13
17
32
62
117
143
147
135
55
53
20
30
129
107
106
59
102
120
54
74
8
52
144
91
28
61
93
6
131
4
109
132
=======
130
76
11
23
18
146
3
60
61
45
121
55
119
13
132
65
143
36
68
147
34
80
93
106
4
17
12
135
53
107
21
52
108
90
30
46
25
79
71
129
125
138
69
74
144
77
20
75
141
32
62
91
54
70
102
82
29
59
6
10
35
150
92
1
109
115
101
24
>>>>>>> 319e6a0dd838f4c011751a594e43cbefd1787a6a
