<<<<<<< HEAD
12
149
100
54
95
139
64
105
37
137
42
138
122
82
141
49
5
119
134
150
135
113
102
41
57
77
6
109
130
81
69
30
71
19
26
110
131
46
99
7
62
23
128
88
40
70
107
121
29
44
72
24
75
146
94
147
47
32
129
136
61
=======
95
54
113
64
141
119
135
107
57
71
5
109
139
19
7
23
59
29
121
81
110
102
116
144
126
137
51
56
44
150
82
146
86
39
34
118
40
88
20
76
91
112
99
129
43
105
75
100
72
49
60
6
61
18
16
32
117
45
149
24
87
38
84
92
52
93
77
122
>>>>>>> 319e6a0dd838f4c011751a594e43cbefd1787a6a
