68
48
132
118
41
<<<<<<< HEAD
96
70
25
67
119
16
14
89
1
53
100
3
52
117
130
59
6
98
7
84
78
35
33
110
60
62
4
30
111
65
8
99
114
107
19
29
95
9
2
106
86
75
45
105
56
80
15
123
125
85
108
90
87
24
=======
16
14
89
3
60
98
6
67
35
62
25
111
52
96
117
1
65
29
46
130
30
33
95
86
7
24
76
92
26
12
31
2
90
19
108
80
125
85
21
75
5
134
105
135
133
44
>>>>>>> 319e6a0dd838f4c011751a594e43cbefd1787a6a
102
81
58
<<<<<<< HEAD
121
=======
120
34
77
47
83
119
129
>>>>>>> 319e6a0dd838f4c011751a594e43cbefd1787a6a
