<<<<<<< HEAD
2
33
16
89
13
41
82
124
81
130
149
32
127
142
107
=======
41
>>>>>>> 319e6a0dd838f4c011751a594e43cbefd1787a6a
147
123
116
14
85
145
18
97
113
9
<<<<<<< HEAD
79
75
54
137
135
22
48
30
65
55
72
59
150
49
131
62
108
148
53
138
83
96
121
102
144
61
70
143
98
90
43
7
134
52
76
88
=======
59
116
150
148
67
14
30
138
54
29
22
102
96
135
23
62
74
32
64
90
75
37
121
117
89
144
77
70
143
26
99
21
83
126
66
15
35
11
124
7
136
1
6
122
130
137
25
18
39
98
134
45
76
24
104
8
27
36
141
58
13
>>>>>>> 319e6a0dd838f4c011751a594e43cbefd1787a6a
