<<<<<<< HEAD
87
9
34
120
40
147
69
100
149
62
109
27
104
121
133
7
63
30
10
60
129
50
35
84
12
73
16
19
91
108
136
126
125
11
4
148
24
67
21
51
99
150
68
95
111
72
115
78
90
53
1
41
85
48
135
70
59
132
14
43
6
64
80
124
102
141
110
61
3
=======
120
69
40
62
34
30
149
7
121
84
12
141
100
136
104
80
148
10
27
21
75
35
3
11
111
33
126
93
85
139
9
22
39
66
24
41
1
48
143
92
129
29
109
58
108
107
150
4
70
42
19
132
95
86
91
90
6
124
99
2
37
64
28
82
61
98
83
146
15
144
>>>>>>> 319e6a0dd838f4c011751a594e43cbefd1787a6a
