73
64
<<<<<<< HEAD
88
120
102
96
38
54
42
58
9
125
106
27
35
135
99
=======
125
99
96
102
88
135
>>>>>>> 319e6a0dd838f4c011751a594e43cbefd1787a6a
47
103
63
122
<<<<<<< HEAD
12
124
52
36
55
34
128
48
104
119
130
76
85
=======
128
48
104
116
12
27
130
>>>>>>> 319e6a0dd838f4c011751a594e43cbefd1787a6a
18
105
87
111
<<<<<<< HEAD
115
13
118
20
51
1
67
114
31
121
116
117
110
94
134
69
72
71
80
22
14
98
=======
79
85
106
113
1
67
49
80
22
10
40
75
13
2
>>>>>>> 319e6a0dd838f4c011751a594e43cbefd1787a6a
8
39
69
83
65
<<<<<<< HEAD
91
45
16
30
=======
134
51
4
3
108
76
81
77
90
57
117
19
91
45
33
30
15
16
127
23
46
118
114
>>>>>>> 319e6a0dd838f4c011751a594e43cbefd1787a6a
