71
<<<<<<< HEAD
42
109
29
103
27
33
124
50
116
59
76
102
114
52
55
127
18
41
57
84
101
149
=======
29
124
50
76
27
55
133
18
52
140
>>>>>>> 319e6a0dd838f4c011751a594e43cbefd1787a6a
83
40
148
<<<<<<< HEAD
105
89
43
3
150
113
7
8
21
86
56
100
108
133
65
34
2
110
119
118
24
99
146
32
47
30
85
75
94
68
136
140
38
111
117
4
72
58
122
=======
127
150
126
59
114
118
24
4
32
134
75
43
146
8
73
85
79
110
111
120
109
6
95
72
48
60
101
68
21
129
77
44
33
112
64
45
99
47
70
131
2
34
74
138
28
1
104
144
90
87
46
96
102
>>>>>>> 319e6a0dd838f4c011751a594e43cbefd1787a6a
