146
<<<<<<< HEAD
5
53
11
10
100
39
136
96
31
138
90
103
89
=======
11
39
136
96
103
>>>>>>> 319e6a0dd838f4c011751a594e43cbefd1787a6a
93
143
44
131
67
<<<<<<< HEAD
29
57
9
120
61
140
13
18
111
22
51
102
=======
71
90
29
57
111
31
1
22
13
120
>>>>>>> 319e6a0dd838f4c011751a594e43cbefd1787a6a
17
71
97
115
<<<<<<< HEAD
79
49
127
126
32
16
64
119
124
88
14
72
147
137
59
108
76
20
=======
64
118
134
34
114
150
124
51
106
14
37
33
42
43
15
72
9
63
59
>>>>>>> 319e6a0dd838f4c011751a594e43cbefd1787a6a
148
55
23
74
<<<<<<< HEAD
112
27
21
54
70
141
91
47
15
=======
117
16
20
60
69
52
102
10
79
137
68
27
132
84
141
105
76
116
91
36
95
94
47
4
61
>>>>>>> 319e6a0dd838f4c011751a594e43cbefd1787a6a
