<<<<<<< HEAD
23
=======
116
>>>>>>> 319e6a0dd838f4c011751a594e43cbefd1787a6a
43
88
109
148
74
116
63
78
145
16
51
<<<<<<< HEAD
9
29
21
101
17
110
93
104
96
140
15
127
27
50
14
65
131
45
84
10
4
112
95
143
56
115
66
57
28
3
20
26
75
139
31
48
68
82
89
128
130
105
22
141
125
97
111
35
42
13
67
=======
21
17
110
79
109
96
84
65
14
112
95
23
140
62
66
3
108
20
27
30
45
60
75
40
88
142
93
127
48
70
125
33
68
130
115
89
126
150
63
44
73
106
147
6
128
92
26
52
97
139
76
146
111
13
99
113
35
37
67
72
90
118
105
>>>>>>> 319e6a0dd838f4c011751a594e43cbefd1787a6a
