87
118
<<<<<<< HEAD
83
127
98
128
135
32
108
16
63
134
132
120
92
89
12
60
123
124
129
70
21
42
28
15
71
59
150
61
85
19
82
79
44
65
141
72
126
90
8
10
97
75
102
1
51
145
67
100
112
56
26
81
=======
127
98
32
89
135
63
12
61
132
16
70
79
44
129
10
126
150
14
120
51
85
123
100
25
60
108
59
64
33
56
39
115
114
144
34
23
95
147
88
143
134
92
142
145
102
18
26
146
5
112
139
97
81
103
67
>>>>>>> 319e6a0dd838f4c011751a594e43cbefd1787a6a
125
119
77
<<<<<<< HEAD
62
29
68
=======
40
82
37
121
71
75
>>>>>>> 319e6a0dd838f4c011751a594e43cbefd1787a6a
