<<<<<<< HEAD
25
=======
>>>>>>> 319e6a0dd838f4c011751a594e43cbefd1787a6a
104
25
110
21
<<<<<<< HEAD
140
13
122
17
31
=======
122
>>>>>>> 319e6a0dd838f4c011751a594e43cbefd1787a6a
124
13
81
66
<<<<<<< HEAD
118
8
4
30
128
147
18
49
102
64
137
35
132
6
12
92
93
36
34
95
67
100
148
16
98
120
54
111
9
40
53
70
129
24
51
7
82
76
89
5
97
47
116
126
109
41
20
45
43
136
91
143
125
78
48
73
145
=======
31
4
30
140
128
147
64
148
137
95
7
16
123
18
100
98
130
53
35
70
65
51
38
41
82
76
116
34
54
136
45
115
109
94
114
24
36
118
129
86
12
135
105
150
112
33
84
91
144
43
126
2
85
97
23
125
6
10
27
57
102
52
14
20
89
8
>>>>>>> 319e6a0dd838f4c011751a594e43cbefd1787a6a
