37
58
<<<<<<< HEAD
116
64
143
46
10
17
128
141
124
1
6
71
41
34
109
122
15
59
23
147
52
54
67
33
=======
64
143
10
17
141
124
23
15
33
97
118
6
89
112
>>>>>>> 319e6a0dd838f4c011751a594e43cbefd1787a6a
61
16
51
73
<<<<<<< HEAD
22
144
5
110
21
140
60
120
35
9
85
135
131
40
150
138
136
94
117
112
14
19
29
92
96
118
97
68
44
90
130
25
47
119
105
89
139
100
=======
44
22
52
110
135
35
1
131
8
37
50
150
138
53
120
94
46
129
134
100
65
117
96
24
121
95
68
32
76
85
30
54
40
4
90
38
119
11
130
25
79
72
18
114
26
136
>>>>>>> 319e6a0dd838f4c011751a594e43cbefd1787a6a
