<<<<<<< HEAD
33
44
70
60
91
97
123
117
57
46
50
10
74
89
99
125
24
115
34
61
98
48
15
124
22
65
69
21
32
71
26
35
7
36
37
76
87
84
=======
60
97
123
57
46
44
50
99
125
29
69
32
71
7
61
22
53
37
24
31
87
>>>>>>> 319e6a0dd838f4c011751a594e43cbefd1787a6a
113
39
19
<<<<<<< HEAD
110
72
82
108
100
126
102
16
28
30
38
40
=======
6
65
72
77
103
34
16
63
28
38
70
67
>>>>>>> 319e6a0dd838f4c011751a594e43cbefd1787a6a
9
47
17
<<<<<<< HEAD
3
29
4
8
53
62
96
=======
40
30
26
20
82
108
62
74
21
42
83
109
56
25
96
68
122
73
14
92
33
>>>>>>> 319e6a0dd838f4c011751a594e43cbefd1787a6a
