17
88
<<<<<<< HEAD
57
19
24
78
81
31
37
113
2
44
38
84
101
75
30
36
90
73
82
106
99
34
40
79
39
98
104
110
69
27
50
64
20
33
22
61
11
53
112
71
8
1
23
=======
81
37
31
24
38
75
30
101
36
27
99
28
113
95
104
33
112
1
19
34
23
54
67
41
>>>>>>> 319e6a0dd838f4c011751a594e43cbefd1787a6a
86
58
76
15
6
82
51
<<<<<<< HEAD
35
85
63
15
97
52
56
=======
2
45
98
7
39
53
71
50
8
80
44
61
35
63
52
14
11
>>>>>>> 319e6a0dd838f4c011751a594e43cbefd1787a6a
10
89
5
56
89
32
29
100
<<<<<<< HEAD
32
60
68
=======
68
60
46
114
105
21
64
69
73
>>>>>>> 319e6a0dd838f4c011751a594e43cbefd1787a6a
