126
<<<<<<< HEAD
146
117
134
147
60
77
24
115
84
4
127
26
67
130
95
97
33
79
82
6
98
7
14
30
103
65
44
137
37
27
58
47
25
122
102
75
90
72
10
121
42
111
76
133
36
5
96
85
69
124
135
41
83
119
9
16
31
99
45
56
32
87
40
39
118
112
=======
115
77
84
72
33
4
82
98
103
10
14
97
65
79
44
42
112
25
127
40
122
102
31
90
89
58
76
37
47
5
85
107
123
83
26
32
53
64
69
124
20
74
2
8
30
146
117
108
94
80
9
87
7
147
22
132
15
133
3
104
99
101
62
144
51
23
111
56
>>>>>>> 319e6a0dd838f4c011751a594e43cbefd1787a6a
