<<<<<<< HEAD
123
12
68
72
76
82
113
132
25
2
81
78
11
59
50
80
118
107
5
1
14
110
79
21
52
30
85
100
9
92
63
115
86
121
88
41
124
=======
68
132
113
11
59
76
9
118
78
5
21
123
88
86
43
121
>>>>>>> 319e6a0dd838f4c011751a594e43cbefd1787a6a
58
115
65
<<<<<<< HEAD
90
49
125
47
87
45
33
36
127
51
56
71
98
102
43
116
130
34
55
97
94
99
=======
130
29
1
93
30
49
62
131
125
127
82
109
18
70
33
110
15
63
46
100
42
116
10
4
107
19
16
95
39
45
80
87
98
117
85
126
73
91
99
55
75
97
84
44
27
37
>>>>>>> 319e6a0dd838f4c011751a594e43cbefd1787a6a
