150
<<<<<<< HEAD
84
83
28
60
85
59
95
50
91
18
26
81
127
131
137
77
9
4
104
40
116
122
79
67
125
101
24
132
133
57
11
17
70
48
148
136
74
=======
85
50
18
131
26
9
24
132
104
125
70
17
62
>>>>>>> 319e6a0dd838f4c011751a594e43cbefd1787a6a
117
77
33
<<<<<<< HEAD
114
21
89
123
78
119
93
13
8
112
110
20
62
37
68
106
19
88
145
130
102
76
44
=======
142
136
137
114
52
58
101
89
148
123
133
147
106
128
105
19
72
65
47
84
93
8
92
64
66
118
37
119
57
135
61
40
78
100
12
98
13
76
88
145
116
130
2
56
36
20
102
49
94
11
127
>>>>>>> 319e6a0dd838f4c011751a594e43cbefd1787a6a
