<<<<<<< HEAD
24
=======
>>>>>>> 319e6a0dd838f4c011751a594e43cbefd1787a6a
145
44
48
108
61
<<<<<<< HEAD
3
144
132
38
114
34
41
91
57
54
125
60
112
46
134
63
139
16
22
102
53
143
135
123
75
133
55
=======
38
114
41
144
34
57
54
24
91
112
139
7
49
>>>>>>> 319e6a0dd838f4c011751a594e43cbefd1787a6a
32
3
65
84
<<<<<<< HEAD
111
7
69
49
85
4
31
59
88
17
126
36
97
98
65
119
96
146
147
110
1
10
106
116
62
47
15
124
89
113
142
72
12
141
=======
46
12
135
111
69
75
59
68
31
63
4
36
85
16
27
97
1
53
21
113
149
142
121
78
23
15
13
30
146
122
126
76
44
11
99
96
100
80
62
106
110
136
89
101
82
72
141
95
79
117
132
>>>>>>> 319e6a0dd838f4c011751a594e43cbefd1787a6a
