<<<<<<< HEAD
101
20
=======
>>>>>>> 319e6a0dd838f4c011751a594e43cbefd1787a6a
42
57
112
<<<<<<< HEAD
44
43
37
38
79
102
95
103
65
93
108
55
46
74
39
85
105
23
72
33
82
71
107
64
77
16
7
19
110
86
61
75
51
91
49
21
47
58
109
22
70
78
80
89
62
28
32
60
106
76
53
6
9
=======
93
39
102
85
20
23
43
79
91
44
64
77
94
103
63
16
17
61
71
9
74
12
7
86
3
36
54
11
49
52
21
15
65
33
82
78
55
10
18
38
66
109
58
62
87
92
80
60
81
97
31
100
53
6
83
25
99
96
90
47
>>>>>>> 319e6a0dd838f4c011751a594e43cbefd1787a6a
