63
<<<<<<< HEAD
99
100
114
26
73
85
60
6
44
132
130
32
2
134
94
102
95
142
107
148
143
55
105
45
115
34
129
138
101
90
64
144
146
93
3
15
30
5
=======
114
73
102
95
94
32
2
6
121
99
81
137
148
85
143
103
55
70
138
101
90
93
15
>>>>>>> 319e6a0dd838f4c011751a594e43cbefd1787a6a
92
70
125
49
<<<<<<< HEAD
141
12
59
67
79
104
35
17
50
121
19
68
87
103
82
47
108
48
137
110
86
126
33
=======
19
141
11
34
136
30
12
41
21
59
100
67
123
64
3
79
4
134
35
69
26
17
68
53
45
50
142
72
87
122
5
24
108
82
150
84
28
40
48
86
110
33
58
126
66
43
119
135
>>>>>>> 319e6a0dd838f4c011751a594e43cbefd1787a6a
