<<<<<<< HEAD
99
96
59
44
136
39
=======
44
>>>>>>> 319e6a0dd838f4c011751a594e43cbefd1787a6a
119
64
128
110
<<<<<<< HEAD
19
133
131
30
53
57
79
2
127
100
78
120
90
23
63
80
15
89
37
34
=======
79
120
2
90
39
89
67
34
30
>>>>>>> 319e6a0dd838f4c011751a594e43cbefd1787a6a
112
59
123
22
<<<<<<< HEAD
26
67
27
95
66
84
8
18
106
107
47
55
31
103
16
125
62
12
46
25
117
92
104
111
142
72
71
126
97
54
48
140
91
=======
66
97
13
84
88
38
95
136
18
92
103
12
46
40
133
113
107
117
43
71
104
101
100
57
116
63
80
28
31
62
142
140
27
50
124
33
45
82
132
60
58
125
61
75
83
41
65
>>>>>>> 319e6a0dd838f4c011751a594e43cbefd1787a6a
