<<<<<<< HEAD
13
36
14
80
66
55
94
119
25
19
106
28
53
58
67
11
4
5
97
16
46
93
1
34
76
56
49
=======
36
13
14
66
119
19
5
53
97
93
16
34
>>>>>>> 319e6a0dd838f4c011751a594e43cbefd1787a6a
63
96
84
58
56
89
121
11
21
17
91
82
24
<<<<<<< HEAD
17
12
113
123
30
72
91
41
69
7
60
83
45
=======
22
55
100
43
87
118
7
107
2
83
>>>>>>> 319e6a0dd838f4c011751a594e43cbefd1787a6a
77
88
<<<<<<< HEAD
86
71
114
44
111
107
9
103
27
43
99
52
20
120
=======
49
86
111
99
106
9
42
20
120
105
8
31
37
75
95
76
98
92
67
110
51
108
>>>>>>> 319e6a0dd838f4c011751a594e43cbefd1787a6a
